#
# A fatal error has been detected by the Java Runtime Environment:
#
#  EXCEPTION_ACCESS_VIOLATION (0xc0000005) at pc=0x00007ffc1b722cc5, pid=13576, tid=5420
#
# JRE version: Java(TM) SE Runtime Environment (17.0.9+11) (build 17.0.9+11-LTS-201)
# Java VM: Java HotSpot(TM) 64-Bit Server VM (17.0.9+11-LTS-201, mixed mode, sharing, tiered, compressed oops, compressed class ptrs, g1 gc, windows-amd64)
# Problematic frame:
# V  [jvm.dll+0x562cc5]
#
# No core dump will be written. Minidumps are not enabled by default on client versions of Windows
#
# If you would like to submit a bug report, please visit:
#   https://bugreport.java.com/bugreport/crash.jsp
#

---------------  S U M M A R Y ------------

Command Line: -XX:+ShowCodeDetailsInExceptionMessages com.example.activate.ActivateApplication

Host: Intel(R) Core(TM) i7-10510U CPU @ 1.80GHz, 8 cores, 15G,  Windows 11 , 64 bit Build 22621 (10.0.22621.3672)
Time: Fri Jun 14 11:30:27 2024 Hora de verano romance elapsed time: 23.780280 seconds (0d 0h 0m 23s)

---------------  T H R E A D  ---------------

Current thread (0x0000016efc8d05f0):  JavaThread "C2 CompilerThread1" daemon [_thread_in_native, id=5420, stack(0x0000003cd9900000,0x0000003cd9a00000)]


Current CompileTask:
C2:  23780 7732   !   4       java.net.URL::<init> (543 bytes)

Stack: [0x0000003cd9900000,0x0000003cd9a00000],  sp=0x0000003cd99fb560,  free space=1005k
Native frames: (J=compiled Java code, j=interpreted, Vv=VM code, C=native code)
V  [jvm.dll+0x562cc5]
V  [jvm.dll+0x32ca30]
V  [jvm.dll+0x32be9a]
V  [jvm.dll+0x21812f]
V  [jvm.dll+0x217561]
V  [jvm.dll+0x1a3bc0]
V  [jvm.dll+0x2272de]
V  [jvm.dll+0x22548b]
V  [jvm.dll+0x78f58c]
V  [jvm.dll+0x78998a]
V  [jvm.dll+0x677875]
C  [ucrtbase.dll+0x29333]
C  [KERNEL32.DLL+0x1257d]
C  [ntdll.dll+0x5af28]


siginfo: EXCEPTION_ACCESS_VIOLATION (0xc0000005), reading address 0x0000016effafabc0


Register to memory mapping:

RIP=0x00007ffc1b722cc5 jvm.dll
RAX=0x0000003cd99fbb00 is pointing into the stack for thread: 0x0000016efc8d05f0
RBX=0x0000016ef93743c0 points into unknown readable memory: 0x00007ffc1ba82c30 | 30 2c a8 1b fc 7f 00 00
RCX=0x0000016effafab98 is an unknown value
RDX=0x0000016ef7b54200 points into unknown readable memory: 0x0000000006d00000 | 00 00 d0 06 00 00 00 00
RSP=0x0000003cd99fb560 is pointing into the stack for thread: 0x0000016efc8d05f0
RBP=0x0 is NULL
RSI=0x0000000000000008 is an unknown value
RDI=0x0000003cd99fb8c0 is pointing into the stack for thread: 0x0000016efc8d05f0
R8 =0x0000016efc16b100 points into unknown readable memory: 0x0000000c00000017 | 17 00 00 00 0c 00 00 00
R9 =0x0000003cd99fb5c0 is pointing into the stack for thread: 0x0000016efc8d05f0
R10=0x00007ffc1bcca868 jvm.dll
R11=0x0000003cd99fb558 is pointing into the stack for thread: 0x0000016efc8d05f0
R12=0x0000000000000001 is an unknown value
R13=0x0000016efc16b100 points into unknown readable memory: 0x0000000c00000017 | 17 00 00 00 0c 00 00 00
R14=0x0000000000000001 is an unknown value
R15=0x0000016ef79139f0 points into unknown readable memory: 0x0000000300000003 | 03 00 00 00 03 00 00 00


Registers:
RAX=0x0000003cd99fbb00, RBX=0x0000016ef93743c0, RCX=0x0000016effafab98, RDX=0x0000016ef7b54200
RSP=0x0000003cd99fb560, RBP=0x0000000000000000, RSI=0x0000000000000008, RDI=0x0000003cd99fb8c0
R8 =0x0000016efc16b100, R9 =0x0000003cd99fb5c0, R10=0x00007ffc1bcca868, R11=0x0000003cd99fb558
R12=0x0000000000000001, R13=0x0000016efc16b100, R14=0x0000000000000001, R15=0x0000016ef79139f0
RIP=0x00007ffc1b722cc5, EFLAGS=0x0000000000010202

Top of Stack: (sp=0x0000003cd99fb560)
0x0000003cd99fb560:   0000000000000220 0000016ef93743c0
0x0000003cd99fb570:   0000016ef79139f0 0000016ef93743c0
0x0000003cd99fb580:   0000016efcdd0a40 0000016efc16b100
0x0000003cd99fb590:   0000000000000008 0000016ef2a53070
0x0000003cd99fb5a0:   0000016ef822b660 000000000014da20
0x0000003cd99fb5b0:   0000016ef822b6b0 0000016ef8233648
0x0000003cd99fb5c0:   0000016e00000020 0000016efb0b5840
0x0000003cd99fb5d0:   0000000000000020 0000016ef2a53070
0x0000003cd99fb5e0:   00000000000d9da0 0000016efcf32180
0x0000003cd99fb5f0:   0000000000000000 0000016efcf32190
0x0000003cd99fb600:   00000000000003d8 0000003cd99fbb00
0x0000003cd99fb610:   0000016efcf32568 0000003cd99fb730
0x0000003cd99fb620:   00000000000013cf 00007ffc1b4eca30
0x0000003cd99fb630:   0000003c00000048 0000003c00000001
0x0000003cd99fb640:   0000016ef93743c0 0000016efcdd0a70
0x0000003cd99fb650:   000000007fffff01 0000000000000400 

Instructions: (pc=0x00007ffc1b722cc5)
0x00007ffc1b722bc5:   48 08 8b 34 91 85 f6 74 5c 49 8b 47 08 8b ce 48
0x00007ffc1b722bd5:   c1 e9 08 8b de 4c 8b 04 c8 4d 3b c2 75 14 8b d6
0x00007ffc1b722be5:   49 8b cf e8 93 47 e0 ff 4c 8b c0 4c 8d 15 71 7c
0x00007ffc1b722bf5:   5a 00 0f b6 cb ba 01 00 00 00 48 c1 eb 06 80 e1
0x00007ffc1b722c05:   3f 83 e3 03 48 d3 e2 49 8b 0c d8 48 8b c1 48 0b
0x00007ffc1b722c15:   c2 49 89 04 d8 48 8b 9c 24 e0 00 00 00 48 85 ca
0x00007ffc1b722c25:   75 03 41 ff 07 49 8b 45 08 48 8b ce 48 c1 e9 08
0x00007ffc1b722c35:   4c 8b ce 49 c1 e9 06 41 b8 01 00 00 00 41 83 e1
0x00007ffc1b722c45:   03 48 8b 14 c8 40 0f b6 ce 80 e1 3f 49 d3 e0 49
0x00007ffc1b722c55:   8b c0 4a 8b 0c ca 48 f7 d0 48 23 c1 4a 89 04 ca
0x00007ffc1b722c65:   49 85 c8 74 04 41 ff 4d 00 85 ed 0f 85 2c ff ff
0x00007ffc1b722c75:   ff 48 8b cb 41 bc 01 00 00 00 e8 8c de bb ff 41
0x00007ffc1b722c85:   3b c4 0f 86 04 02 00 00 0f 1f 00 83 7b 18 00 76
0x00007ffc1b722c95:   09 48 8b 43 20 48 8b 08 eb 02 33 c9 41 8b c4 4c
0x00007ffc1b722ca5:   8d 4c 24 60 48 8d 34 c5 00 00 00 00 4d 8b c5 48
0x00007ffc1b722cb5:   8b 41 08 48 89 74 24 30 48 8b 0c 30 48 8b 47 40
0x00007ffc1b722cc5:   8b 51 28 48 8b 48 78 48 8b 2c d1 48 8b cf 48 8b
0x00007ffc1b722cd5:   d5 e8 95 f6 ff ff 45 8b fe 45 85 f6 0f 84 96 01
0x00007ffc1b722ce5:   00 00 4c 8b 6c 24 20 0f 1f 40 00 41 8d 47 ff 44
0x00007ffc1b722cf5:   8b f8 3b 43 18 73 0c 8b c8 48 8b 43 20 48 8b 04
0x00007ffc1b722d05:   c8 eb 02 33 c0 44 3b 60 18 0f 83 53 01 00 00 48
0x00007ffc1b722d15:   8b 40 08 48 8b 0c 30 48 8b 47 48 48 63 51 28 48
0x00007ffc1b722d25:   8b 48 08 8b 45 4c ff c8 44 8b 34 91 41 8b d6 48
0x00007ffc1b722d35:   8d 0c 80 48 c1 e1 05 48 03 4f 10 e8 9b b7 c5 ff
0x00007ffc1b722d45:   84 c0 0f 84 1a 01 00 00 44 8b 5d 4c 45 8b ce 49
0x00007ffc1b722d55:   c1 e9 08 45 8b c6 49 c1 e8 06 41 83 e0 03 41 8d
0x00007ffc1b722d65:   43 ff 48 8d 0c 80 8b d8 48 8b 47 20 48 c1 e1 05
0x00007ffc1b722d75:   48 8b 54 01 08 41 0f b6 c6 24 3f 0f b6 c8 4a 8b
0x00007ffc1b722d85:   14 ca 4a 8b 04 c2 48 0f a3 c8 0f 82 ca 00 00 00
0x00007ffc1b722d95:   48 8b 47 28 48 83 3c d8 00 75 48 41 8b c3 c1 e8
0x00007ffc1b722da5:   05 3b 44 24 60 73 3c 8b c8 41 83 e3 1f 48 8b 44
0x00007ffc1b722db5:   24 68 8b 0c 88 44 0f a3 d9 73 28 48 8b 5f 38 8b 


Stack slot to memory mapping:
stack at sp + 0 slots: 0x0000000000000220 is an unknown value
stack at sp + 1 slots: 0x0000016ef93743c0 points into unknown readable memory: 0x00007ffc1ba82c30 | 30 2c a8 1b fc 7f 00 00
stack at sp + 2 slots: 0x0000016ef79139f0 points into unknown readable memory: 0x0000000300000003 | 03 00 00 00 03 00 00 00
stack at sp + 3 slots: 0x0000016ef93743c0 points into unknown readable memory: 0x00007ffc1ba82c30 | 30 2c a8 1b fc 7f 00 00
stack at sp + 4 slots: 0x0000016efcdd0a40 points into unknown readable memory: 0x0000016efc8d05f0 | f0 05 8d fc 6e 01 00 00
stack at sp + 5 slots: 0x0000016efc16b100 points into unknown readable memory: 0x0000000c00000017 | 17 00 00 00 0c 00 00 00
stack at sp + 6 slots: 0x0000000000000008 is an unknown value
stack at sp + 7 slots: 0x0000016ef2a53070 points into unknown readable memory: 0x00000d6100000006 | 06 00 00 00 61 0d 00 00


---------------  P R O C E S S  ---------------

Threads class SMR info:
_java_thread_list=0x0000016efd6c39e0, length=32, elements={
0x0000016ef2086000, 0x0000016ef20889d0, 0x0000016ef209f030, 0x0000016ef209f900,
0x0000016ef20a01d0, 0x0000016ef20a2ab0, 0x0000016ef20a7c70, 0x0000016ef21e8140,
0x0000016ef21e8a50, 0x0000016ef2308010, 0x0000016ef2318b50, 0x0000016ef95c3550,
0x0000016ef95c2110, 0x0000016ef95c4ea0, 0x0000016ef95c2620, 0x0000016ef95c3a60,
0x0000016ef95c2b30, 0x0000016ef95c4480, 0x0000016efc95f810, 0x0000016efc95c060,
0x0000016efc960230, 0x0000016efc961160, 0x0000016efc95dec0, 0x0000016efc95fd20,
0x0000016efc962ab0, 0x0000016efc95ca80, 0x0000016efc9639e0, 0x0000016efc95cf90,
0x0000016efc95c570, 0x0000016efc9634d0, 0x0000016efc95d4a0, 0x0000016efc8d05f0
}

Java Threads: ( => current thread )
  0x0000016ef2086000 JavaThread "Reference Handler" daemon [_thread_blocked, id=21088, stack(0x0000003cd8d00000,0x0000003cd8e00000)]
  0x0000016ef20889d0 JavaThread "Finalizer" daemon [_thread_blocked, id=288, stack(0x0000003cd8e00000,0x0000003cd8f00000)]
  0x0000016ef209f030 JavaThread "Signal Dispatcher" daemon [_thread_blocked, id=23396, stack(0x0000003cd8f00000,0x0000003cd9000000)]
  0x0000016ef209f900 JavaThread "Attach Listener" daemon [_thread_blocked, id=24144, stack(0x0000003cd9000000,0x0000003cd9100000)]
  0x0000016ef20a01d0 JavaThread "Service Thread" daemon [_thread_blocked, id=20488, stack(0x0000003cd9100000,0x0000003cd9200000)]
  0x0000016ef20a2ab0 JavaThread "Monitor Deflation Thread" daemon [_thread_blocked, id=7992, stack(0x0000003cd9200000,0x0000003cd9300000)]
  0x0000016ef20a7c70 JavaThread "C2 CompilerThread0" daemon [_thread_blocked, id=16128, stack(0x0000003cd9300000,0x0000003cd9400000)]
  0x0000016ef21e8140 JavaThread "C1 CompilerThread0" daemon [_thread_blocked, id=11428, stack(0x0000003cd9400000,0x0000003cd9500000)]
  0x0000016ef21e8a50 JavaThread "Sweeper thread" daemon [_thread_blocked, id=22172, stack(0x0000003cd9500000,0x0000003cd9600000)]
  0x0000016ef2308010 JavaThread "Notification Thread" daemon [_thread_blocked, id=18760, stack(0x0000003cd9600000,0x0000003cd9700000)]
  0x0000016ef2318b50 JavaThread "Common-Cleaner" daemon [_thread_blocked, id=15572, stack(0x0000003cd9800000,0x0000003cd9900000)]
  0x0000016ef95c3550 JavaThread "Catalina-utility-1" [_thread_blocked, id=10060, stack(0x0000003cda500000,0x0000003cda600000)]
  0x0000016ef95c2110 JavaThread "Catalina-utility-2" [_thread_blocked, id=22744, stack(0x0000003cda600000,0x0000003cda700000)]
  0x0000016ef95c4ea0 JavaThread "container-0" [_thread_blocked, id=13716, stack(0x0000003cda700000,0x0000003cda800000)]
  0x0000016ef95c2620 JavaThread "mysql-cj-abandoned-connection-cleanup" daemon [_thread_blocked, id=22516, stack(0x0000003cda800000,0x0000003cda900000)]
  0x0000016ef95c3a60 JavaThread "HikariPool-1 housekeeper" daemon [_thread_blocked, id=21100, stack(0x0000003cda400000,0x0000003cda500000)]
  0x0000016ef95c2b30 JavaThread "File Watcher" daemon [_thread_blocked, id=10172, stack(0x0000003cdac00000,0x0000003cdad00000)]
  0x0000016ef95c4480 JavaThread "Live Reload Server" daemon [_thread_in_native, id=8316, stack(0x0000003cdad00000,0x0000003cdae00000)]
  0x0000016efc95f810 JavaThread "http-nio-9000-exec-1" daemon [_thread_blocked, id=19188, stack(0x0000003cdae00000,0x0000003cdaf00000)]
  0x0000016efc95c060 JavaThread "http-nio-9000-exec-2" daemon [_thread_blocked, id=8456, stack(0x0000003cdaf00000,0x0000003cdb000000)]
  0x0000016efc960230 JavaThread "http-nio-9000-exec-3" daemon [_thread_blocked, id=16796, stack(0x0000003cdb000000,0x0000003cdb100000)]
  0x0000016efc961160 JavaThread "http-nio-9000-exec-4" daemon [_thread_blocked, id=10236, stack(0x0000003cdb100000,0x0000003cdb200000)]
  0x0000016efc95dec0 JavaThread "http-nio-9000-exec-5" daemon [_thread_blocked, id=8724, stack(0x0000003cdb200000,0x0000003cdb300000)]
  0x0000016efc95fd20 JavaThread "http-nio-9000-exec-6" daemon [_thread_blocked, id=22752, stack(0x0000003cdb300000,0x0000003cdb400000)]
  0x0000016efc962ab0 JavaThread "http-nio-9000-exec-7" daemon [_thread_blocked, id=17276, stack(0x0000003cdb400000,0x0000003cdb500000)]
  0x0000016efc95ca80 JavaThread "http-nio-9000-exec-8" daemon [_thread_blocked, id=8864, stack(0x0000003cdb500000,0x0000003cdb600000)]
  0x0000016efc9639e0 JavaThread "http-nio-9000-exec-9" daemon [_thread_blocked, id=18692, stack(0x0000003cdb600000,0x0000003cdb700000)]
  0x0000016efc95cf90 JavaThread "http-nio-9000-exec-10" daemon [_thread_blocked, id=3148, stack(0x0000003cdb700000,0x0000003cdb800000)]
  0x0000016efc95c570 JavaThread "http-nio-9000-Poller" daemon [_thread_in_native, id=17068, stack(0x0000003cdb800000,0x0000003cdb900000)]
  0x0000016efc9634d0 JavaThread "http-nio-9000-Acceptor" daemon [_thread_in_native, id=1380, stack(0x0000003cdb900000,0x0000003cdba00000)]
  0x0000016efc95d4a0 JavaThread "DestroyJavaVM" [_thread_blocked, id=11080, stack(0x0000003cd8600000,0x0000003cd8700000)]
=>0x0000016efc8d05f0 JavaThread "C2 CompilerThread1" daemon [_thread_in_native, id=5420, stack(0x0000003cd9900000,0x0000003cd9a00000)]

Other Threads:
  0x0000016ef2081650 VMThread "VM Thread" [stack: 0x0000003cd8c00000,0x0000003cd8d00000] [id=6864]
  0x0000016ef2310d20 WatcherThread [stack: 0x0000003cd9700000,0x0000003cd9800000] [id=10132]
  0x0000016ecf46de70 GCTaskThread "GC Thread#0" [stack: 0x0000003cd8700000,0x0000003cd8800000] [id=4908]
  0x0000016ef2b14890 GCTaskThread "GC Thread#1" [stack: 0x0000003cd9d00000,0x0000003cd9e00000] [id=14828]
  0x0000016ef2b14b50 GCTaskThread "GC Thread#2" [stack: 0x0000003cd9e00000,0x0000003cd9f00000] [id=5144]
  0x0000016ef2b14e10 GCTaskThread "GC Thread#3" [stack: 0x0000003cd9f00000,0x0000003cda000000] [id=18980]
  0x0000016ef70b5f80 GCTaskThread "GC Thread#4" [stack: 0x0000003cda000000,0x0000003cda100000] [id=4068]
  0x0000016ef70b6240 GCTaskThread "GC Thread#5" [stack: 0x0000003cda100000,0x0000003cda200000] [id=15800]
  0x0000016ef75b0b50 GCTaskThread "GC Thread#6" [stack: 0x0000003cda200000,0x0000003cda300000] [id=1776]
  0x0000016ef75b0e10 GCTaskThread "GC Thread#7" [stack: 0x0000003cda300000,0x0000003cda400000] [id=18688]
  0x0000016ecf47f9e0 ConcurrentGCThread "G1 Main Marker" [stack: 0x0000003cd8800000,0x0000003cd8900000] [id=15488]
  0x0000016ecf4802f0 ConcurrentGCThread "G1 Conc#0" [stack: 0x0000003cd8900000,0x0000003cd8a00000] [id=19196]
  0x0000016ef763f750 ConcurrentGCThread "G1 Conc#1" [stack: 0x0000003cd9a00000,0x0000003cd9b00000] [id=12116]
  0x0000016ecf4aeb70 ConcurrentGCThread "G1 Refine#0" [stack: 0x0000003cd8a00000,0x0000003cd8b00000] [id=15820]
  0x0000016ef1f3c920 ConcurrentGCThread "G1 Service" [stack: 0x0000003cd8b00000,0x0000003cd8c00000] [id=9048]

Threads with active compile tasks:
C2 CompilerThread1    23924 7732   !   4       java.net.URL::<init> (543 bytes)

VM state: not at safepoint (normal execution)

VM Mutex/Monitor currently owned by a thread: None

Heap address: 0x0000000702e00000, size: 4050 MB, Compressed Oops mode: Zero based, Oop shift amount: 3

CDS archive(s) mapped at: [0x0000016e80000000-0x0000016e80bd0000-0x0000016e80bd0000), size 12386304, SharedBaseAddress: 0x0000016e80000000, ArchiveRelocationMode: 1.
Compressed class space mapped at: 0x0000016e81000000-0x0000016ec1000000, reserved size: 1073741824
Narrow klass base: 0x0000016e80000000, Narrow klass shift: 0, Narrow klass range: 0x100000000

GC Precious Log:
 CPUs: 8 total, 8 available
 Memory: 16193M
 Large Page Support: Disabled
 NUMA Support: Disabled
 Compressed Oops: Enabled (Zero based)
 Heap Region Size: 2M
 Heap Min Capacity: 8M
 Heap Initial Capacity: 254M
 Heap Max Capacity: 4050M
 Pre-touch: Disabled
 Parallel Workers: 8
 Concurrent Workers: 2
 Concurrent Refinement Workers: 8
 Periodic GC: Disabled

Heap:
 garbage-first heap   total 79872K, used 42735K [0x0000000702e00000, 0x0000000800000000)
  region size 2048K, 6 young (12288K), 2 survivors (4096K)
 Metaspace       used 77690K, committed 78272K, reserved 1179648K
  class space    used 10771K, committed 11008K, reserved 1048576K

Heap Regions: E=young(eden), S=young(survivor), O=old, HS=humongous(starts), HC=humongous(continues), CS=collection set, F=free, OA=open archive, CA=closed archive, TAMS=top-at-mark-start (previous, next)
|   0|0x0000000702e00000, 0x0000000703000000, 0x0000000703000000|100%| O|  |TAMS 0x0000000703000000, 0x0000000702e00000| Untracked 
|   1|0x0000000703000000, 0x0000000703200000, 0x0000000703200000|100%| O|  |TAMS 0x0000000703200000, 0x0000000703000000| Untracked 
|   2|0x0000000703200000, 0x0000000703400000, 0x0000000703400000|100%| O|  |TAMS 0x0000000703400000, 0x0000000703200000| Untracked 
|   3|0x0000000703400000, 0x0000000703600000, 0x0000000703600000|100%| O|  |TAMS 0x0000000703600000, 0x0000000703400000| Untracked 
|   4|0x0000000703600000, 0x0000000703800000, 0x0000000703800000|100%| O|  |TAMS 0x0000000703800000, 0x0000000703600000| Untracked 
|   5|0x0000000703800000, 0x0000000703a00000, 0x0000000703a00000|100%| O|  |TAMS 0x0000000703a00000, 0x0000000703800000| Complete 
|   6|0x0000000703a00000, 0x0000000703c00000, 0x0000000703c00000|100%| O|  |TAMS 0x0000000703c00000, 0x0000000703a00000| Untracked 
|   7|0x0000000703c00000, 0x0000000703e00000, 0x0000000703e00000|100%| O|  |TAMS 0x0000000703e00000, 0x0000000703c00000| Untracked 
|   8|0x0000000703e00000, 0x0000000704000000, 0x0000000704000000|100%| O|  |TAMS 0x0000000704000000, 0x0000000703e00000| Untracked 
|   9|0x0000000704000000, 0x0000000704200000, 0x0000000704200000|100%| O|  |TAMS 0x0000000704200000, 0x0000000704000000| Untracked 
|  10|0x0000000704200000, 0x0000000704400000, 0x0000000704400000|100%| O|  |TAMS 0x0000000704400000, 0x0000000704200000| Untracked 
|  11|0x0000000704400000, 0x0000000704600000, 0x0000000704600000|100%| O|  |TAMS 0x0000000704600000, 0x0000000704400000| Untracked 
|  12|0x0000000704600000, 0x0000000704800000, 0x0000000704800000|100%| O|  |TAMS 0x0000000704800000, 0x0000000704600000| Untracked 
|  13|0x0000000704800000, 0x0000000704a00000, 0x0000000704a00000|100%| O|  |TAMS 0x0000000704a00000, 0x0000000704800000| Untracked 
|  14|0x0000000704a00000, 0x0000000704c00000, 0x0000000704c00000|100%| O|  |TAMS 0x0000000704c00000, 0x0000000704a00000| Untracked 
|  15|0x0000000704c00000, 0x0000000704e00000, 0x0000000704e00000|100%| O|  |TAMS 0x0000000704e00000, 0x0000000704c00000| Untracked 
|  16|0x0000000704e00000, 0x0000000704e77400, 0x0000000705000000| 23%| O|  |TAMS 0x0000000704e77400, 0x0000000704e00000| Untracked 
|  17|0x0000000705000000, 0x0000000705000000, 0x0000000705200000|  0%| F|  |TAMS 0x0000000705000000, 0x0000000705000000| Untracked 
|  18|0x0000000705200000, 0x0000000705200000, 0x0000000705400000|  0%| F|  |TAMS 0x0000000705200000, 0x0000000705200000| Untracked 
|  19|0x0000000705400000, 0x0000000705400000, 0x0000000705600000|  0%| F|  |TAMS 0x0000000705400000, 0x0000000705400000| Untracked 
|  20|0x0000000705600000, 0x0000000705600000, 0x0000000705800000|  0%| F|  |TAMS 0x0000000705600000, 0x0000000705600000| Untracked 
|  21|0x0000000705800000, 0x00000007059448e0, 0x0000000705a00000| 63%| S|CS|TAMS 0x0000000705800000, 0x0000000705800000| Complete 
|  22|0x0000000705a00000, 0x0000000705c00000, 0x0000000705c00000|100%| S|CS|TAMS 0x0000000705a00000, 0x0000000705a00000| Complete 
|  23|0x0000000705c00000, 0x0000000705c00000, 0x0000000705e00000|  0%| F|  |TAMS 0x0000000705c00000, 0x0000000705c00000| Untracked 
|  24|0x0000000705e00000, 0x0000000705e00000, 0x0000000706000000|  0%| F|  |TAMS 0x0000000705e00000, 0x0000000705e00000| Untracked 
|  25|0x0000000706000000, 0x0000000706000000, 0x0000000706200000|  0%| F|  |TAMS 0x0000000706000000, 0x0000000706000000| Untracked 
|  26|0x0000000706200000, 0x0000000706200000, 0x0000000706400000|  0%| F|  |TAMS 0x0000000706200000, 0x0000000706200000| Untracked 
|  27|0x0000000706400000, 0x0000000706400000, 0x0000000706600000|  0%| F|  |TAMS 0x0000000706400000, 0x0000000706400000| Untracked 
|  28|0x0000000706600000, 0x0000000706600000, 0x0000000706800000|  0%| F|  |TAMS 0x0000000706600000, 0x0000000706600000| Untracked 
|  29|0x0000000706800000, 0x0000000706800000, 0x0000000706a00000|  0%| F|  |TAMS 0x0000000706800000, 0x0000000706800000| Untracked 
|  30|0x0000000706a00000, 0x0000000706a00000, 0x0000000706c00000|  0%| F|  |TAMS 0x0000000706a00000, 0x0000000706a00000| Untracked 
|  31|0x0000000706c00000, 0x0000000706c00000, 0x0000000706e00000|  0%| F|  |TAMS 0x0000000706c00000, 0x0000000706c00000| Untracked 
|  32|0x0000000706e00000, 0x0000000706e00000, 0x0000000707000000|  0%| F|  |TAMS 0x0000000706e00000, 0x0000000706e00000| Untracked 
|  33|0x0000000707000000, 0x0000000707000000, 0x0000000707200000|  0%| F|  |TAMS 0x0000000707000000, 0x0000000707000000| Untracked 
| 116|0x0000000711600000, 0x0000000711600000, 0x0000000711800000|  0%| F|  |TAMS 0x0000000711600000, 0x0000000711600000| Untracked 
| 117|0x0000000711800000, 0x00000007118455a8, 0x0000000711a00000| 13%| E|  |TAMS 0x0000000711800000, 0x0000000711800000| Complete 
| 118|0x0000000711a00000, 0x0000000711c00000, 0x0000000711c00000|100%| E|CS|TAMS 0x0000000711a00000, 0x0000000711a00000| Complete 
| 119|0x0000000711c00000, 0x0000000711e00000, 0x0000000711e00000|100%| E|CS|TAMS 0x0000000711c00000, 0x0000000711c00000| Complete 
| 126|0x0000000712a00000, 0x0000000712c00000, 0x0000000712c00000|100%| E|CS|TAMS 0x0000000712a00000, 0x0000000712a00000| Complete 

Card table byte_map: [0x0000016ee67a0000,0x0000016ee6f90000] _byte_map_base: 0x0000016ee2f89000

Marking Bits (Prev, Next): (CMBitMap*) 0x0000016ecf46f3e0, (CMBitMap*) 0x0000016ecf46f3a0
 Prev Bits: [0x0000016eeb6d0000, 0x0000016eef618000)
 Next Bits: [0x0000016ee7780000, 0x0000016eeb6c8000)

Polling page: 0x0000016ecebb0000

Metaspace:

Usage:
  Non-class:     65.35 MB used.
      Class:     10.52 MB used.
       Both:     75.87 MB used.

Virtual space:
  Non-class space:      128.00 MB reserved,      65.69 MB ( 51%) committed,  2 nodes.
      Class space:        1.00 GB reserved,      10.75 MB (  1%) committed,  1 nodes.
             Both:        1.12 GB reserved,      76.44 MB (  7%) committed. 

Chunk freelists:
   Non-Class:  14.36 MB
       Class:  5.19 MB
        Both:  19.55 MB

MaxMetaspaceSize: unlimited
CompressedClassSpaceSize: 1.00 GB
Initial GC threshold: 21.00 MB
Current GC threshold: 126.88 MB
CDS: on
MetaspaceReclaimPolicy: balanced
 - commit_granule_bytes: 65536.
 - commit_granule_words: 8192.
 - virtual_space_node_default_size: 8388608.
 - enlarge_chunks_in_place: 1.
 - new_chunks_are_fully_committed: 0.
 - uncommit_free_chunks: 1.
 - use_allocation_guard: 0.
 - handle_deallocations: 1.


Internal statistics:

num_allocs_failed_limit: 12.
num_arena_births: 834.
num_arena_deaths: 0.
num_vsnodes_births: 3.
num_vsnodes_deaths: 0.
num_space_committed: 1223.
num_space_uncommitted: 0.
num_chunks_returned_to_freelist: 12.
num_chunks_taken_from_freelist: 3588.
num_chunk_merges: 12.
num_chunk_splits: 2626.
num_chunks_enlarged: 2064.
num_inconsistent_stats: 0.

CodeHeap 'non-profiled nmethods': size=120000Kb used=5455Kb max_used=5455Kb free=114544Kb
 bounds [0x0000016ede750000, 0x0000016edecb0000, 0x0000016ee5c80000]
CodeHeap 'profiled nmethods': size=120000Kb used=13863Kb max_used=13863Kb free=106136Kb
 bounds [0x0000016ed6c80000, 0x0000016ed7a10000, 0x0000016ede1b0000]
CodeHeap 'non-nmethods': size=5760Kb used=1393Kb max_used=1547Kb free=4366Kb
 bounds [0x0000016ede1b0000, 0x0000016ede420000, 0x0000016ede750000]
 total_blobs=7879 nmethods=7145 adapters=645
 compilation: enabled
              stopped_count=0, restarted_count=0
 full_count=0

Compilation events (20 events):
Event: 20.876 Thread 0x0000016ef21e8140 7766       3       org.unbescape.html.HtmlEscapeSymbols$Reference::<init> (7 bytes)
Event: 20.877 Thread 0x0000016ef20a7c70 7768       4       java.lang.StringLatin1::toChars (16 bytes)
Event: 20.877 Thread 0x0000016efc8d1b30 nmethod 7708% 0x0000016edec6c510 code [0x0000016edec6c6a0, 0x0000016edec6cab8]
Event: 20.877 Thread 0x0000016ef21e8140 nmethod 7766 0x0000016ed7989790 code [0x0000016ed7989980, 0x0000016ed7989e18]
Event: 20.877 Thread 0x0000016ef21e8140 7767       3       org.unbescape.html.HtmlEscapeSymbols$Reference::<init> (18 bytes)
Event: 20.878 Thread 0x0000016ef21e8140 nmethod 7767 0x0000016ed798a010 code [0x0000016ed798a1e0, 0x0000016ed798a618]
Event: 20.879 Thread 0x0000016ef20a7c70 nmethod 7768 0x0000016edec6cc90 code [0x0000016edec6ce20, 0x0000016edec6cfd8]
Event: 20.885 Thread 0x0000016ef21e8140 7769       3       java.util.TimSort::gallopLeft (335 bytes)
Event: 20.885 Thread 0x0000016efc8d1b30 7771       4       org.unbescape.html.HtmlEscapeSymbols$1::compare (13 bytes)
Event: 20.886 Thread 0x0000016ef20a7c70 7772       4       org.unbescape.html.HtmlEscapeSymbols::access$300 (8 bytes)
Event: 20.886 Thread 0x0000016ef21e8140 nmethod 7769 0x0000016ed798a790 code [0x0000016ed798a9c0, 0x0000016ed798b4d8]
Event: 20.886 Thread 0x0000016ef21e8140 7770       3       java.util.TimSort::ensureCapacity (77 bytes)
Event: 20.887 Thread 0x0000016ef21e8140 nmethod 7770 0x0000016ed798b890 code [0x0000016ed798ba80, 0x0000016ed798c068]
Event: 20.888 Thread 0x0000016efc8d1b30 nmethod 7771 0x0000016edec6d090 code [0x0000016edec6d220, 0x0000016edec6d348]
Event: 20.888 Thread 0x0000016efc8d1b30 7773       4       org.unbescape.html.HtmlEscapeSymbols::compare (132 bytes)
Event: 20.895 Thread 0x0000016ef20a7c70 nmethod 7772 0x0000016edec6d490 code [0x0000016edec6d620, 0x0000016edec6d8d8]
Event: 20.898 Thread 0x0000016efc8d1b30 nmethod 7773 0x0000016edec6db10 code [0x0000016edec6dca0, 0x0000016edec6df58]
Event: 20.899 Thread 0x0000016ef21e8140 7774 %     3       org.unbescape.html.HtmlEscapeSymbols::<init> @ 366 (637 bytes)
Event: 20.904 Thread 0x0000016ef21e8140 nmethod 7774% 0x0000016ed798c290 code [0x0000016ed798c8c0, 0x0000016ed79906f8]
Event: 20.904 Thread 0x0000016ef21e8140 7775       3       org.unbescape.html.HtmlEscapeSymbols::<init> (637 bytes)

GC Heap History (20 events):
Event: 9.540 GC heap before
{Heap before GC invocations=15 (full 0):
 garbage-first heap   total 61440K, used 44915K [0x0000000702e00000, 0x0000000800000000)
  region size 2048K, 13 young (26624K), 2 survivors (4096K)
 Metaspace       used 59947K, committed 60416K, reserved 1114112K
  class space    used 8150K, committed 8384K, reserved 1048576K
}
Event: 9.545 GC heap after
{Heap after GC invocations=16 (full 0):
 garbage-first heap   total 61440K, used 25603K [0x0000000702e00000, 0x0000000800000000)
  region size 2048K, 1 young (2048K), 1 survivors (2048K)
 Metaspace       used 59947K, committed 60416K, reserved 1114112K
  class space    used 8150K, committed 8384K, reserved 1048576K
}
Event: 9.971 GC heap before
{Heap before GC invocations=17 (full 0):
 garbage-first heap   total 61440K, used 48131K [0x0000000702e00000, 0x0000000800000000)
  region size 2048K, 12 young (24576K), 1 survivors (2048K)
 Metaspace       used 62962K, committed 63488K, reserved 1114112K
  class space    used 8604K, committed 8832K, reserved 1048576K
}
Event: 9.976 GC heap after
{Heap after GC invocations=18 (full 0):
 garbage-first heap   total 61440K, used 27166K [0x0000000702e00000, 0x0000000800000000)
  region size 2048K, 2 young (4096K), 2 survivors (4096K)
 Metaspace       used 62962K, committed 63488K, reserved 1114112K
  class space    used 8604K, committed 8832K, reserved 1048576K
}
Event: 10.193 GC heap before
{Heap before GC invocations=19 (full 0):
 garbage-first heap   total 61440K, used 47646K [0x0000000702e00000, 0x0000000800000000)
  region size 2048K, 12 young (24576K), 2 survivors (4096K)
 Metaspace       used 63183K, committed 63744K, reserved 1114112K
  class space    used 8625K, committed 8896K, reserved 1048576K
}
Event: 10.198 GC heap after
{Heap after GC invocations=20 (full 0):
 garbage-first heap   total 61440K, used 27758K [0x0000000702e00000, 0x0000000800000000)
  region size 2048K, 2 young (4096K), 2 survivors (4096K)
 Metaspace       used 63183K, committed 63744K, reserved 1114112K
  class space    used 8625K, committed 8896K, reserved 1048576K
}
Event: 10.578 GC heap before
{Heap before GC invocations=20 (full 0):
 garbage-first heap   total 61440K, used 46190K [0x0000000702e00000, 0x0000000800000000)
  region size 2048K, 12 young (24576K), 2 survivors (4096K)
 Metaspace       used 66377K, committed 66944K, reserved 1114112K
  class space    used 9270K, committed 9536K, reserved 1048576K
}
Event: 10.582 GC heap after
{Heap after GC invocations=21 (full 0):
 garbage-first heap   total 61440K, used 29501K [0x0000000702e00000, 0x0000000800000000)
  region size 2048K, 2 young (4096K), 2 survivors (4096K)
 Metaspace       used 66377K, committed 66944K, reserved 1114112K
  class space    used 9270K, committed 9536K, reserved 1048576K
}
Event: 10.783 GC heap before
{Heap before GC invocations=21 (full 0):
 garbage-first heap   total 61440K, used 47933K [0x0000000702e00000, 0x0000000800000000)
  region size 2048K, 11 young (22528K), 2 survivors (4096K)
 Metaspace       used 67749K, committed 68352K, reserved 1114112K
  class space    used 9457K, committed 9728K, reserved 1048576K
}
Event: 10.787 GC heap after
{Heap after GC invocations=22 (full 0):
 garbage-first heap   total 61440K, used 30099K [0x0000000702e00000, 0x0000000800000000)
  region size 2048K, 2 young (4096K), 2 survivors (4096K)
 Metaspace       used 67749K, committed 68352K, reserved 1114112K
  class space    used 9457K, committed 9728K, reserved 1048576K
}
Event: 11.164 GC heap before
{Heap before GC invocations=22 (full 0):
 garbage-first heap   total 61440K, used 48531K [0x0000000702e00000, 0x0000000800000000)
  region size 2048K, 11 young (22528K), 2 survivors (4096K)
 Metaspace       used 69023K, committed 69632K, reserved 1114112K
  class space    used 9652K, committed 9920K, reserved 1048576K
}
Event: 11.169 GC heap after
{Heap after GC invocations=23 (full 0):
 garbage-first heap   total 61440K, used 30991K [0x0000000702e00000, 0x0000000800000000)
  region size 2048K, 1 young (2048K), 1 survivors (2048K)
 Metaspace       used 69023K, committed 69632K, reserved 1114112K
  class space    used 9652K, committed 9920K, reserved 1048576K
}
Event: 11.571 GC heap before
{Heap before GC invocations=24 (full 0):
 garbage-first heap   total 61440K, used 49423K [0x0000000702e00000, 0x0000000800000000)
  region size 2048K, 10 young (20480K), 1 survivors (2048K)
 Metaspace       used 70540K, committed 71168K, reserved 1114112K
  class space    used 9867K, committed 10176K, reserved 1048576K
}
Event: 11.574 GC heap after
{Heap after GC invocations=25 (full 0):
 garbage-first heap   total 61440K, used 32162K [0x0000000702e00000, 0x0000000800000000)
  region size 2048K, 2 young (4096K), 2 survivors (4096K)
 Metaspace       used 70540K, committed 71168K, reserved 1114112K
  class space    used 9867K, committed 10176K, reserved 1048576K
}
Event: 11.876 GC heap before
{Heap before GC invocations=25 (full 0):
 garbage-first heap   total 61440K, used 48546K [0x0000000702e00000, 0x0000000800000000)
  region size 2048K, 10 young (20480K), 2 survivors (4096K)
 Metaspace       used 71976K, committed 72576K, reserved 1114112K
  class space    used 10065K, committed 10368K, reserved 1048576K
}
Event: 11.881 GC heap after
{Heap after GC invocations=26 (full 0):
 garbage-first heap   total 61440K, used 33453K [0x0000000702e00000, 0x0000000800000000)
  region size 2048K, 2 young (4096K), 2 survivors (4096K)
 Metaspace       used 71976K, committed 72576K, reserved 1114112K
  class space    used 10065K, committed 10368K, reserved 1048576K
}
Event: 12.276 GC heap before
{Heap before GC invocations=27 (full 0):
 garbage-first heap   total 65536K, used 45741K [0x0000000702e00000, 0x0000000800000000)
  region size 2048K, 8 young (16384K), 2 survivors (4096K)
 Metaspace       used 74363K, committed 74944K, reserved 1114112K
  class space    used 10383K, committed 10624K, reserved 1048576K
}
Event: 12.282 GC heap after
{Heap after GC invocations=28 (full 0):
 garbage-first heap   total 65536K, used 34316K [0x0000000702e00000, 0x0000000800000000)
  region size 2048K, 1 young (2048K), 1 survivors (2048K)
 Metaspace       used 74363K, committed 74944K, reserved 1114112K
  class space    used 10383K, committed 10624K, reserved 1048576K
}
Event: 20.735 GC heap before
{Heap before GC invocations=28 (full 0):
 garbage-first heap   total 65536K, used 50700K [0x0000000702e00000, 0x0000000800000000)
  region size 2048K, 9 young (18432K), 1 survivors (2048K)
 Metaspace       used 77185K, committed 77824K, reserved 1179648K
  class space    used 10730K, committed 11008K, reserved 1048576K
}
Event: 20.741 GC heap after
{Heap after GC invocations=29 (full 0):
 garbage-first heap   total 79872K, used 36591K [0x0000000702e00000, 0x0000000800000000)
  region size 2048K, 2 young (4096K), 2 survivors (4096K)
 Metaspace       used 77185K, committed 77824K, reserved 1179648K
  class space    used 10730K, committed 11008K, reserved 1048576K
}

Deoptimization events (20 events):
Event: 20.780 Thread 0x0000016efc95f810 DEOPT PACKING pc=0x0000016edebe76a8 sp=0x0000003cdaefc3c0
Event: 20.780 Thread 0x0000016efc95f810 DEOPT UNPACKING pc=0x0000016ede2023a3 sp=0x0000003cdaefc340 mode 2
Event: 20.794 Thread 0x0000016efc95f810 Uncommon trap: trap_request=0xffffffbe fr.pc=0x0000016edec40d7c relative=0x00000000000051bc
Event: 20.794 Thread 0x0000016efc95f810 Uncommon trap: reason=profile_predicate action=maybe_recompile pc=0x0000016edec40d7c method=org.springframework.aop.support.AopUtils.canApply(Lorg/springframework/aop/Pointcut;Ljava/lang/Class;Z)Z @ 153 c2
Event: 20.794 Thread 0x0000016efc95f810 DEOPT PACKING pc=0x0000016edec40d7c sp=0x0000003cdaefbe30
Event: 20.794 Thread 0x0000016efc95f810 DEOPT UNPACKING pc=0x0000016ede2023a3 sp=0x0000003cdaefbe70 mode 2
Event: 20.796 Thread 0x0000016efc95f810 Uncommon trap: trap_request=0xffffffbe fr.pc=0x0000016edec40d7c relative=0x00000000000051bc
Event: 20.796 Thread 0x0000016efc95f810 Uncommon trap: reason=profile_predicate action=maybe_recompile pc=0x0000016edec40d7c method=org.springframework.aop.support.AopUtils.canApply(Lorg/springframework/aop/Pointcut;Ljava/lang/Class;Z)Z @ 153 c2
Event: 20.796 Thread 0x0000016efc95f810 DEOPT PACKING pc=0x0000016edec40d7c sp=0x0000003cdaefbe30
Event: 20.796 Thread 0x0000016efc95f810 DEOPT UNPACKING pc=0x0000016ede2023a3 sp=0x0000003cdaefbe70 mode 2
Event: 20.796 Thread 0x0000016efc95f810 Uncommon trap: trap_request=0xffffffbe fr.pc=0x0000016edec40d7c relative=0x00000000000051bc
Event: 20.796 Thread 0x0000016efc95f810 Uncommon trap: reason=profile_predicate action=maybe_recompile pc=0x0000016edec40d7c method=org.springframework.aop.support.AopUtils.canApply(Lorg/springframework/aop/Pointcut;Ljava/lang/Class;Z)Z @ 153 c2
Event: 20.796 Thread 0x0000016efc95f810 DEOPT PACKING pc=0x0000016edec40d7c sp=0x0000003cdaefbe30
Event: 20.796 Thread 0x0000016efc95f810 DEOPT UNPACKING pc=0x0000016ede2023a3 sp=0x0000003cdaefbe70 mode 2
Event: 20.797 Thread 0x0000016efc95f810 Uncommon trap: trap_request=0xffffffbe fr.pc=0x0000016edec40d7c relative=0x00000000000051bc
Event: 20.797 Thread 0x0000016efc95f810 Uncommon trap: reason=profile_predicate action=maybe_recompile pc=0x0000016edec40d7c method=org.springframework.aop.support.AopUtils.canApply(Lorg/springframework/aop/Pointcut;Ljava/lang/Class;Z)Z @ 153 c2
Event: 20.797 Thread 0x0000016efc95f810 DEOPT PACKING pc=0x0000016edec40d7c sp=0x0000003cdaefbe30
Event: 20.797 Thread 0x0000016efc95f810 DEOPT UNPACKING pc=0x0000016ede2023a3 sp=0x0000003cdaefbe70 mode 2
Event: 20.800 Thread 0x0000016efc95f810 DEOPT PACKING pc=0x0000016ed78d82d6 sp=0x0000003cdaefb850
Event: 20.800 Thread 0x0000016efc95f810 DEOPT UNPACKING pc=0x0000016ede202b43 sp=0x0000003cdaefacd8 mode 0

Classes unloaded (0 events):
No events

Classes redefined (0 events):
No events

Internal exceptions (20 events):
Event: 9.918 Thread 0x0000016ef2d6d490 Exception <a 'java/lang/IncompatibleClassChangeError'{0x00000007054020f8}: Found class java.lang.Object, but interface was expected> (0x00000007054020f8) 
thrown [s\open\src\hotspot\share\interpreter\linkResolver.cpp, line 826]
Event: 10.449 Thread 0x0000016ef2d6d490 Exception <a 'java/lang/reflect/InvocationTargetException'{0x0000000705cc7940}> (0x0000000705cc7940) 
thrown [s\open\src\hotspot\share\runtime\reflection.cpp, line 1121]
Event: 10.746 Thread 0x0000016ef2d6d490 Exception <a 'java/lang/reflect/InvocationTargetException'{0x0000000705dc05f0}> (0x0000000705dc05f0) 
thrown [s\open\src\hotspot\share\runtime\reflection.cpp, line 1121]
Event: 11.048 Thread 0x0000016ef2d6d490 Implicit null exception at 0x0000016ede85e046 to 0x0000016ede85e10f
Event: 11.393 Thread 0x0000016ef2d6d490 Exception <a 'sun/nio/fs/WindowsException'{0x00000007119999a0}> (0x00000007119999a0) 
thrown [s\open\src\hotspot\share\prims\jni.cpp, line 516]
Event: 11.462 Thread 0x0000016ef2d6d490 Exception <a 'java/lang/IncompatibleClassChangeError'{0x0000000705c03848}: Found class java.lang.Object, but interface was expected> (0x0000000705c03848) 
thrown [s\open\src\hotspot\share\interpreter\linkResolver.cpp, line 826]
Event: 11.605 Thread 0x0000016ef2d6d490 Exception <a 'java/lang/NoSuchMethodError'{0x0000000712aec278}: 'java.lang.Object java.lang.invoke.DirectMethodHandle$Holder.invokeInterface(java.lang.Object, java.lang.Object, java.lang.Object, java.lang.Object)'> (0x0000000712aec278) 
thrown [s\open\src\hotspot\share\interpreter\linkResolver.cpp, line 759]
Event: 11.662 Thread 0x0000016ef2d6d490 Exception <a 'java/lang/NoSuchMethodError'{0x0000000711d1ce98}: 'void java.lang.invoke.DirectMethodHandle$Holder.invokeVirtual(java.lang.Object, java.lang.Object, long)'> (0x0000000711d1ce98) 
thrown [s\open\src\hotspot\share\interpreter\linkResolver.cpp, line 759]
Event: 11.751 Thread 0x0000016ef2d6d490 Implicit null exception at 0x0000016ede91e113 to 0x0000016ede91e5b2
Event: 11.820 Thread 0x0000016ef2d6d490 Implicit null exception at 0x0000016ede89ab60 to 0x0000016ede89adc8
Event: 11.939 Thread 0x0000016ef2d6d490 Exception <a 'java/lang/NoSuchMethodError'{0x0000000712be7068}: 'java.lang.Object java.lang.invoke.DirectMethodHandle$Holder.newInvokeSpecial(java.lang.Object, java.lang.Object, int, java.lang.Object, java.lang.Object)'> (0x0000000712be7068) 
thrown [s\open\src\hotspot\share\interpreter\linkResolver.cpp, line 759]
Event: 11.940 Thread 0x0000016ef2d6d490 Exception <a 'java/lang/NoSuchMethodError'{0x0000000712bf2270}: 'java.lang.Object java.lang.invoke.DirectMethodHandle$Holder.invokeSpecial(java.lang.Object, java.lang.Object, int, java.lang.Object, int, java.lang.Object)'> (0x0000000712bf2270) 
thrown [s\open\src\hotspot\share\interpreter\linkResolver.cpp, line 759]
Event: 11.940 Thread 0x0000016ef2d6d490 Exception <a 'java/lang/NoSuchMethodError'{0x0000000712bfac70}: 'java.lang.Object java.lang.invoke.DirectMethodHandle$Holder.newInvokeSpecial(java.lang.Object, java.lang.Object, int, java.lang.Object, int)'> (0x0000000712bfac70) 
thrown [s\open\src\hotspot\share\interpreter\linkResolver.cpp, line 759]
Event: 11.940 Thread 0x0000016ef2d6d490 Exception <a 'java/lang/NoSuchMethodError'{0x0000000712bfed28}: 'java.lang.Object java.lang.invoke.DirectMethodHandle$Holder.invokeSpecial(java.lang.Object, java.lang.Object, java.lang.Object, int, java.lang.Object, int)'> (0x0000000712bfed28) 
thrown [s\open\src\hotspot\share\interpreter\linkResolver.cpp, line 759]
Event: 12.080 Thread 0x0000016efc95f810 Exception <a 'java/lang/NoSuchMethodError'{0x00000007118a6128}: 'java.lang.Object java.lang.invoke.DirectMethodHandle$Holder.invokeSpecial(java.lang.Object, java.lang.Object, java.lang.Object, java.lang.Object, java.lang.Object, long)'> (0x00000007118a6128) 
thrown [s\open\src\hotspot\share\interpreter\linkResolver.cpp, line 759]
Event: 12.080 Thread 0x0000016efc95f810 Exception <a 'java/lang/NoSuchMethodError'{0x00000007118a9b20}: 'java.lang.Object java.lang.invoke.Invokers$Holder.linkToTargetMethod(java.lang.Object, java.lang.Object, java.lang.Object, long, java.lang.Object)'> (0x00000007118a9b20) 
thrown [s\open\src\hotspot\share\interpreter\linkResolver.cpp, line 759]
Event: 12.606 Thread 0x0000016efc95c060 Exception <a 'java/lang/NoSuchMethodError'{0x000000070628ae10}: 'java.lang.Object java.lang.invoke.DirectMethodHandle$Holder.invokeStatic(java.lang.Object, int, int)'> (0x000000070628ae10) 
thrown [s\open\src\hotspot\share\interpreter\linkResolver.cpp, line 759]
Event: 12.607 Thread 0x0000016efc960230 Exception <a 'java/lang/NoSuchMethodError'{0x0000000706357f70}: 'java.lang.Object java.lang.invoke.DirectMethodHandle$Holder.invokeStatic(java.lang.Object, int, int)'> (0x0000000706357f70) 
thrown [s\open\src\hotspot\share\interpreter\linkResolver.cpp, line 759]
Event: 12.622 Thread 0x0000016efc960230 Exception <a 'java/lang/IncompatibleClassChangeError'{0x0000000705e06a28}: Found class java.lang.Object, but interface was expected> (0x0000000705e06a28) 
thrown [s\open\src\hotspot\share\interpreter\linkResolver.cpp, line 826]
Event: 12.846 Thread 0x0000016efc9639e0 Exception <a 'java/lang/NoSuchMethodError'{0x0000000705ff6678}: 'java.lang.Object java.lang.invoke.DirectMethodHandle$Holder.newInvokeSpecial(java.lang.Object, long)'> (0x0000000705ff6678) 
thrown [s\open\src\hotspot\share\interpreter\linkResolver.cpp, line 759]

VM Operations (20 events):
Event: 12.211 Executing VM operation: HandshakeAllThreads
Event: 12.211 Executing VM operation: HandshakeAllThreads done
Event: 12.224 Executing VM operation: HandshakeAllThreads
Event: 12.225 Executing VM operation: HandshakeAllThreads done
Event: 12.276 Executing VM operation: G1CollectForAllocation
Event: 12.282 Executing VM operation: G1CollectForAllocation done
Event: 12.537 Executing VM operation: HandshakeAllThreads
Event: 12.537 Executing VM operation: HandshakeAllThreads done
Event: 13.109 Executing VM operation: ICBufferFull
Event: 13.109 Executing VM operation: ICBufferFull done
Event: 14.112 Executing VM operation: Cleanup
Event: 14.112 Executing VM operation: Cleanup done
Event: 15.116 Executing VM operation: Cleanup
Event: 15.117 Executing VM operation: Cleanup done
Event: 20.735 Executing VM operation: G1CollectForAllocation
Event: 20.741 Executing VM operation: G1CollectForAllocation done
Event: 20.836 Executing VM operation: G1Concurrent
Event: 20.844 Executing VM operation: G1Concurrent done
Event: 20.889 Executing VM operation: G1Concurrent
Event: 20.889 Executing VM operation: G1Concurrent done

Events (20 events):
Event: 12.608 loading class java/util/ArrayList$SubList$2
Event: 12.608 loading class java/util/ArrayList$SubList$2 done
Event: 12.639 loading class java/time/format/DateTimeFormatterBuilder$ZoneTextPrinterParser
Event: 12.639 loading class java/time/format/DateTimeFormatterBuilder$ZoneTextPrinterParser done
Event: 12.640 loading class java/time/format/DateTimeFormatterBuilder$ReducedPrinterParser
Event: 12.640 loading class java/time/format/DateTimeFormatterBuilder$ReducedPrinterParser done
Event: 12.645 loading class java/util/concurrent/atomic/Striped64$Cell
Event: 12.645 loading class java/util/concurrent/atomic/Striped64$Cell done
Event: 13.107 Thread 0x0000016ef7716d60 Thread exited: 0x0000016ef7716d60
Event: 13.155 loading class jdk/internal/misc/ScopedMemoryAccess$Scope$Handle
Event: 13.155 loading class jdk/internal/misc/ScopedMemoryAccess$Scope$Handle done
Event: 13.566 Thread 0x0000016ef242c9d0 Thread exited: 0x0000016ef242c9d0
Event: 20.657 loading class java/io/WriteAbortedException
Event: 20.657 loading class java/io/WriteAbortedException done
Event: 20.658 loading class sun/security/provider/SecureRandom
Event: 20.658 loading class sun/security/provider/SecureRandom done
Event: 20.659 loading class sun/security/provider/SecureRandom$SeederHolder
Event: 20.659 loading class sun/security/provider/SecureRandom$SeederHolder done
Event: 20.778 Thread 0x0000016efc8d05f0 Thread added: 0x0000016efc8d05f0
Event: 20.850 Thread 0x0000016efc8d1b30 Thread added: 0x0000016efc8d1b30


Dynamic libraries:
0x00007ff7280e0000 - 0x00007ff7280f0000 	C:\Program Files\Java\jdk-17\bin\java.exe
0x00007ffcb72b0000 - 0x00007ffcb74c7000 	C:\WINDOWS\SYSTEM32\ntdll.dll
0x00007ffcb5b50000 - 0x00007ffcb5c14000 	C:\WINDOWS\System32\KERNEL32.DLL
0x00007ffcb4720000 - 0x00007ffcb4acc000 	C:\WINDOWS\System32\KERNELBASE.dll
0x00007ffcb4bc0000 - 0x00007ffcb4cd1000 	C:\WINDOWS\System32\ucrtbase.dll
0x00007ffc96a10000 - 0x00007ffc96a2b000 	C:\Program Files\Java\jdk-17\bin\VCRUNTIME140.dll
0x00007ffc91b10000 - 0x00007ffc91b29000 	C:\Program Files\Java\jdk-17\bin\jli.dll
0x00007ffcb6da0000 - 0x00007ffcb6e52000 	C:\WINDOWS\System32\ADVAPI32.dll
0x00007ffcb6e60000 - 0x00007ffcb6f07000 	C:\WINDOWS\System32\msvcrt.dll
0x00007ffcb61b0000 - 0x00007ffcb625a000 	C:\WINDOWS\System32\sechost.dll
0x00007ffcb45e0000 - 0x00007ffcb4608000 	C:\WINDOWS\System32\bcrypt.dll
0x00007ffcb7140000 - 0x00007ffcb7255000 	C:\WINDOWS\System32\RPCRT4.dll
0x00007ffcb5710000 - 0x00007ffcb58be000 	C:\WINDOWS\System32\USER32.dll
0x00007ffcb4ad0000 - 0x00007ffcb4af6000 	C:\WINDOWS\System32\win32u.dll
0x00007ffc9e230000 - 0x00007ffc9e4c3000 	C:\WINDOWS\WinSxS\amd64_microsoft.windows.common-controls_6595b64144ccf1df_6.0.22621.3672_none_2713b9d173822955\COMCTL32.dll
0x00007ffcb5030000 - 0x00007ffcb5059000 	C:\WINDOWS\System32\GDI32.dll
0x00007ffcb4ce0000 - 0x00007ffcb4df9000 	C:\WINDOWS\System32\gdi32full.dll
0x00007ffcb4680000 - 0x00007ffcb471a000 	C:\WINDOWS\System32\msvcp_win.dll
0x00007ffca9900000 - 0x00007ffca990a000 	C:\WINDOWS\SYSTEM32\VERSION.dll
0x00007ffcb4ff0000 - 0x00007ffcb5021000 	C:\WINDOWS\System32\IMM32.DLL
0x00007ffcacab0000 - 0x00007ffcacabc000 	C:\Program Files\Java\jdk-17\bin\vcruntime140_1.dll
0x00007ffc7b180000 - 0x00007ffc7b20e000 	C:\Program Files\Java\jdk-17\bin\msvcp140.dll
0x00007ffc1b1c0000 - 0x00007ffc1bda1000 	C:\Program Files\Java\jdk-17\bin\server\jvm.dll
0x00007ffcb7260000 - 0x00007ffcb7268000 	C:\WINDOWS\System32\PSAPI.DLL
0x00007ffcac770000 - 0x00007ffcac779000 	C:\WINDOWS\SYSTEM32\WSOCK32.dll
0x00007ffcb5300000 - 0x00007ffcb5371000 	C:\WINDOWS\System32\WS2_32.dll
0x00007ffcabf90000 - 0x00007ffcabfc4000 	C:\WINDOWS\SYSTEM32\WINMM.dll
0x00007ffcb3700000 - 0x00007ffcb3718000 	C:\WINDOWS\SYSTEM32\kernel.appcore.dll
0x00007ffc91e60000 - 0x00007ffc91e6a000 	C:\Program Files\Java\jdk-17\bin\jimage.dll
0x00007ffcb1f50000 - 0x00007ffcb2182000 	C:\WINDOWS\SYSTEM32\DBGHELP.DLL
0x00007ffcb5380000 - 0x00007ffcb5708000 	C:\WINDOWS\System32\combase.dll
0x00007ffcb5220000 - 0x00007ffcb52f7000 	C:\WINDOWS\System32\OLEAUT32.dll
0x00007ffca9af0000 - 0x00007ffca9b22000 	C:\WINDOWS\SYSTEM32\dbgcore.DLL
0x00007ffcb4e00000 - 0x00007ffcb4e7b000 	C:\WINDOWS\System32\bcryptPrimitives.dll
0x00007ffc861c0000 - 0x00007ffc861e5000 	C:\Program Files\Java\jdk-17\bin\java.dll
0x00007ffc7b0a0000 - 0x00007ffc7b177000 	C:\Program Files\Java\jdk-17\bin\jsvml.dll
0x00007ffcb6380000 - 0x00007ffcb6bdc000 	C:\WINDOWS\System32\SHELL32.dll
0x00007ffcb2540000 - 0x00007ffcb2e37000 	C:\WINDOWS\SYSTEM32\windows.storage.dll
0x00007ffcb2400000 - 0x00007ffcb253f000 	C:\WINDOWS\SYSTEM32\wintypes.dll
0x00007ffcb6280000 - 0x00007ffcb6374000 	C:\WINDOWS\System32\SHCORE.dll
0x00007ffcb6150000 - 0x00007ffcb61ae000 	C:\WINDOWS\System32\shlwapi.dll
0x00007ffcb4510000 - 0x00007ffcb4531000 	C:\WINDOWS\SYSTEM32\profapi.dll
0x00007ffc86180000 - 0x00007ffc86199000 	C:\Program Files\Java\jdk-17\bin\net.dll
0x00007ffcad380000 - 0x00007ffcad4b6000 	C:\WINDOWS\SYSTEM32\WINHTTP.dll
0x00007ffcb3b70000 - 0x00007ffcb3bd9000 	C:\WINDOWS\system32\mswsock.dll
0x00007ffc85c50000 - 0x00007ffc85c66000 	C:\Program Files\Java\jdk-17\bin\nio.dll
0x00007ffc85c30000 - 0x00007ffc85c48000 	C:\Program Files\Java\jdk-17\bin\zip.dll
0x00007ffc8bf50000 - 0x00007ffc8bf5a000 	C:\Program Files\Java\jdk-17\bin\management.dll
0x00007ffc8bca0000 - 0x00007ffc8bcab000 	C:\Program Files\Java\jdk-17\bin\management_ext.dll
0x00007ffcb3de0000 - 0x00007ffcb3dfb000 	C:\WINDOWS\SYSTEM32\CRYPTSP.dll
0x00007ffcb3660000 - 0x00007ffcb3695000 	C:\WINDOWS\system32\rsaenh.dll
0x00007ffcb3c70000 - 0x00007ffcb3c98000 	C:\WINDOWS\SYSTEM32\USERENV.dll
0x00007ffcb3dd0000 - 0x00007ffcb3ddc000 	C:\WINDOWS\SYSTEM32\CRYPTBASE.dll
0x00007ffcb3110000 - 0x00007ffcb313d000 	C:\WINDOWS\SYSTEM32\IPHLPAPI.DLL
0x00007ffcb5ae0000 - 0x00007ffcb5ae9000 	C:\WINDOWS\System32\NSI.dll
0x00007ffcad0d0000 - 0x00007ffcad0e9000 	C:\WINDOWS\SYSTEM32\dhcpcsvc6.DLL
0x00007ffcad0b0000 - 0x00007ffcad0cf000 	C:\WINDOWS\SYSTEM32\dhcpcsvc.DLL
0x00007ffcb3140000 - 0x00007ffcb3238000 	C:\WINDOWS\SYSTEM32\DNSAPI.dll
0x00007ffc8bc50000 - 0x00007ffc8bc5e000 	C:\Program Files\Java\jdk-17\bin\sunmscapi.dll
0x00007ffcb4e80000 - 0x00007ffcb4fe7000 	C:\WINDOWS\System32\CRYPT32.dll
0x00007ffcb3f90000 - 0x00007ffcb3fbe000 	C:\WINDOWS\SYSTEM32\ncrypt.dll
0x00007ffcb3f50000 - 0x00007ffcb3f87000 	C:\WINDOWS\SYSTEM32\NTASN1.dll
0x00007ffc86140000 - 0x00007ffc86150000 	C:\Program Files\Java\jdk-17\bin\verify.dll
0x00007ffcac520000 - 0x00007ffcac52a000 	C:\Windows\System32\rasadhlp.dll
0x00007ffcac310000 - 0x00007ffcac393000 	C:\WINDOWS\System32\fwpuclnt.dll
0x00007ffc90430000 - 0x00007ffc90438000 	C:\WINDOWS\system32\wshunix.dll

dbghelp: loaded successfully - version: 4.0.5 - missing functions: none
symbol engine: initialized successfully - sym options: 0x614 - pdb path: .;C:\Program Files\Java\jdk-17\bin;C:\WINDOWS\SYSTEM32;C:\WINDOWS\WinSxS\amd64_microsoft.windows.common-controls_6595b64144ccf1df_6.0.22621.3672_none_2713b9d173822955;C:\Program Files\Java\jdk-17\bin\server

VM Arguments:
jvm_args: -XX:+ShowCodeDetailsInExceptionMessages 
java_command: com.example.activate.ActivateApplication
java_class_path (initial): D:\DAW2\activate - GIT\target\classes;C:\Users\Sergio\.m2\repository\org\springframework\boot\spring-boot-starter-thymeleaf\3.1.5\spring-boot-starter-thymeleaf-3.1.5.jar;C:\Users\Sergio\.m2\repository\org\springframework\boot\spring-boot-starter\3.1.5\spring-boot-starter-3.1.5.jar;C:\Users\Sergio\.m2\repository\org\springframework\boot\spring-boot-starter-logging\3.1.5\spring-boot-starter-logging-3.1.5.jar;C:\Users\Sergio\.m2\repository\ch\qos\logback\logback-classic\1.4.11\logback-classic-1.4.11.jar;C:\Users\Sergio\.m2\repository\ch\qos\logback\logback-core\1.4.11\logback-core-1.4.11.jar;C:\Users\Sergio\.m2\repository\org\apache\logging\log4j\log4j-to-slf4j\2.20.0\log4j-to-slf4j-2.20.0.jar;C:\Users\Sergio\.m2\repository\org\apache\logging\log4j\log4j-api\2.20.0\log4j-api-2.20.0.jar;C:\Users\Sergio\.m2\repository\org\slf4j\jul-to-slf4j\2.0.9\jul-to-slf4j-2.0.9.jar;C:\Users\Sergio\.m2\repository\jakarta\annotation\jakarta.annotation-api\2.1.1\jakarta.annotation-api-2.1.1.jar;C:\Users\Sergio\.m2\repository\org\yaml\snakeyaml\1.33\snakeyaml-1.33.jar;C:\Users\Sergio\.m2\repository\org\thymeleaf\thymeleaf-spring6\3.1.2.RELEASE\thymeleaf-spring6-3.1.2.RELEASE.jar;C:\Users\Sergio\.m2\repository\org\thymeleaf\thymeleaf\3.1.2.RELEASE\thymeleaf-3.1.2.RELEASE.jar;C:\Users\Sergio\.m2\repository\org\attoparser\attoparser\2.0.7.RELEASE\attoparser-2.0.7.RELEASE.jar;C:\Users\Sergio\.m2\repository\org\unbescape\unbescape\1.1.6.RELEASE\unbescape-1.1.6.RELEASE.jar;C:\Users\Sergio\.m2\repository\org\slf4j\slf4j-api\2.0.9\slf4j-api-2.0.9.jar;C:\Users\Sergio\.m2\repository\org\springframework\boot\spring-boot-starter-web\3.1.5\spring-boot-starter-web-3.1.5.jar;C:\Users\Sergio\.m2\repository\org\springframework\boot\spring-boot-starter-json\3.1.5\spring-boot-starter-json-3.1.5.jar;C:\Users\Sergio\.m2\repository\com\fasterxml\jackson\core\jackson-databind\2.15.3\jackson-databind-2.15.3.jar;C:\Users\Sergio\.m2\repository\com\fasterxml\jackson\core\jackson-annota
Launcher Type: SUN_STANDARD

[Global flags]
     intx CICompilerCount                          = 4                                         {product} {ergonomic}
     uint ConcGCThreads                            = 2                                         {product} {ergonomic}
     uint G1ConcRefinementThreads                  = 8                                         {product} {ergonomic}
   size_t G1HeapRegionSize                         = 2097152                                   {product} {ergonomic}
    uintx GCDrainStackTargetSize                   = 64                                        {product} {ergonomic}
   size_t InitialHeapSize                          = 266338304                                 {product} {ergonomic}
   size_t MarkStackSize                            = 4194304                                   {product} {ergonomic}
   size_t MaxHeapSize                              = 4246732800                                {product} {ergonomic}
   size_t MaxNewSize                               = 2548039680                                {product} {ergonomic}
   size_t MinHeapDeltaBytes                        = 2097152                                   {product} {ergonomic}
   size_t MinHeapSize                              = 8388608                                   {product} {ergonomic}
    uintx NonNMethodCodeHeapSize                   = 5839372                                {pd product} {ergonomic}
    uintx NonProfiledCodeHeapSize                  = 122909434                              {pd product} {ergonomic}
    uintx ProfiledCodeHeapSize                     = 122909434                              {pd product} {ergonomic}
    uintx ReservedCodeCacheSize                    = 251658240                              {pd product} {ergonomic}
     bool SegmentedCodeCache                       = true                                      {product} {ergonomic}
     bool ShowCodeDetailsInExceptionMessages       = true                                   {manageable} {command line}
   size_t SoftMaxHeapSize                          = 4246732800                             {manageable} {ergonomic}
     bool UseCompressedClassPointers               = true                           {product lp64_product} {ergonomic}
     bool UseCompressedOops                        = true                           {product lp64_product} {ergonomic}
     bool UseG1GC                                  = true                                      {product} {ergonomic}
     bool UseLargePagesIndividualAllocation        = false                                  {pd product} {ergonomic}

Logging:
Log output configuration:
 #0: stdout all=warning uptime,level,tags
 #1: stderr all=off uptime,level,tags

Environment Variables:
JAVA_HOME=C:\Program Files\Java\jdk-15
PATH=C:\Program Files\Java\jdk-15\bin;C:\Program Files\Maven\apache-maven-3.9.4-bin\apache-maven-3.9.4\bin;C:\Phyton38\Scripts\;C:\Phyton38\;C:\Program Files\Common Files\Oracle\Java\javapath;C:\Program Files (x86)\Common Files\Oracle\Java\java8path;C:\Program Files (x86)\Common Files\Oracle\Java\javapath;C:\WINDOWS\system32;C:\WINDOWS;C:\WINDOWS\System32\Wbem;C:\WINDOWS\System32\WindowsPowerShell\v1.0\;C:\WINDOWS\System32\OpenSSH\;C:\Program Files\Git\cmd;C:\Program Files (x86)\Scm Group\Xilog Plus\BIN;C:\Program Files\Microsoft SQL Server\Client SDK\ODBC\170\Tools\Binn\;C:\Program Files (x86)\Microsoft SQL Server\150\Tools\Binn\;C:\Program Files\Microsoft SQL Server\150\Tools\Binn\;C:\Program Files\Microsoft SQL Server\150\DTS\Binn\;C:\Program Files\AutoFirmaJA\AutoFirmaJA;C:\xampp\php;C:\Program Files (x86)\Bitvise SSH Client;C:\Program Files\PuTTY\;C:\ProgramData\ComposerSetup\bin;C:\xampp\mysql\bin;C:\Program Files\Maven\apache-maven-3.9.4-bin\apache-maven-3.9.4\bin;%NVM_HOME%;%NVM_SYMLINK%;C:\Program Files\MySQL\MySQL Shell 8.0\bin\;C:\Users\Sergio\AppData\Local\Microsoft\WindowsApps;C:\Users\Sergio\AppData\Local\Programs\Microsoft VS Code\bin;C:\Users\Sergio\AppData\Roaming\npm;C:\Users\Sergio\AppData\Roaming\Composer\vendor\bin;C:\Users\Sergio\AppData\Local\Microsoft\WindowsApps;C:\Users\Sergio\AppData\Roaming\nvm;C:\Program Files\nodejs
USERNAME=Sergio
LANG=en_US.UTF-8
OS=Windows_NT
PROCESSOR_IDENTIFIER=Intel64 Family 6 Model 142 Stepping 12, GenuineIntel



---------------  S Y S T E M  ---------------

OS:
 Windows 11 , 64 bit Build 22621 (10.0.22621.3672)
OS uptime: 2 days 4:43 hours

CPU: total 8 (initial active 8) (4 cores per cpu, 2 threads per core) family 6 model 142 stepping 12 microcode 0xde, cx8, cmov, fxsr, ht, mmx, 3dnowpref, sse, sse2, sse3, ssse3, sse4.1, sse4.2, popcnt, lzcnt, tsc, tscinvbit, avx, avx2, aes, erms, clmul, bmi1, bmi2, adx, fma, vzeroupper, clflush, clflushopt

Memory: 4k page, system-wide physical 16193M (6823M free)
TotalPageFile size 17217M (AvailPageFile size 4616M)
current process WorkingSet (physical memory assigned to process): 262M, peak: 320M
current process commit charge ("private bytes"): 315M, peak: 415M

vm_info: Java HotSpot(TM) 64-Bit Server VM (17.0.9+11-LTS-201) for windows-amd64 JRE (17.0.9+11-LTS-201), built on Oct 10 2023 23:16:06 by "mach5one" with MS VC++ 17.1 (VS2022)

END.
