#
# A fatal error has been detected by the Java Runtime Environment:
#
#  EXCEPTION_ACCESS_VIOLATION (0xc0000005) at pc=0x00007ffb67e8cac8, pid=8460, tid=13184
#
# JRE version: OpenJDK Runtime Environment Temurin-17.0.11+9 (17.0.11+9) (build 17.0.11+9)
# Java VM: OpenJDK 64-Bit Server VM Temurin-17.0.11+9 (17.0.11+9, mixed mode, tiered, compressed oops, compressed class ptrs, parallel gc, windows-amd64)
# Problematic frame:
# V  [jvm.dll+0xcac8]
#
# No core dump will be written. Minidumps are not enabled by default on client versions of Windows
#
# If you would like to submit a bug report, please visit:
#   https://github.com/adoptium/adoptium-support/issues
#

---------------  S U M M A R Y ------------

Command Line: --add-modules=ALL-SYSTEM --add-opens=java.base/java.util=ALL-UNNAMED --add-opens=java.base/java.lang=ALL-UNNAMED --add-opens=java.base/sun.nio.fs=ALL-UNNAMED -Declipse.application=org.eclipse.jdt.ls.core.id1 -Dosgi.bundles.defaultStartLevel=4 -Declipse.product=org.eclipse.jdt.ls.core.product -Djava.import.generatesMetadataFilesAtProjectRoot=false -DDetectVMInstallationsJob.disabled=true -Dfile.encoding=utf8 -XX:+UseParallelGC -XX:GCTimeRatio=4 -XX:AdaptiveSizePolicyWeight=90 -Dsun.zip.disableMemoryMapping=true -Xmx2G -Xms100m -Xlog:disable -javaagent:c:\Users\Sergio\.vscode\extensions\redhat.java-1.31.0-win32-x64\lombok\lombok-1.18.32.jar -XX:+HeapDumpOnOutOfMemoryError -XX:HeapDumpPath=c:\Users\Sergio\AppData\Roaming\Code\User\workspaceStorage\5343854ed622dacb063563fdaa0c68f0\redhat.java -Daether.dependencyCollector.impl=bf c:\Users\Sergio\.vscode\extensions\redhat.java-1.31.0-win32-x64\server\plugins\org.eclipse.equinox.launcher_1.6.800.v20240513-1750.jar -configuration c:\Users\Sergio\AppData\Roaming\Code\User\globalStorage\redhat.java\1.31.0\config_win -data c:\Users\Sergio\AppData\Roaming\Code\User\workspaceStorage\5343854ed622dacb063563fdaa0c68f0\redhat.java\jdt_ws --pipe=\\.\pipe\lsp-afad37855c5c45fcc29731fbbe8ce796-sock

Host: Intel(R) Core(TM) i7-10510U CPU @ 1.80GHz, 8 cores, 15G,  Windows 11 , 64 bit Build 22621 (10.0.22621.3672)
Time: Sun Jun  2 10:37:27 2024 Hora de verano romance elapsed time: 7.648567 seconds (0d 0h 0m 7s)

---------------  T H R E A D  ---------------

Current thread (0x000001a568cce700):  GCTaskThread "GC Thread#3" [stack: 0x0000002c1c700000,0x0000002c1c800000] [id=13184]

Stack: [0x0000002c1c700000,0x0000002c1c800000],  sp=0x0000002c1c7ff598,  free space=1021k
Native frames: (J=compiled Java code, j=interpreted, Vv=VM code, C=native code)
V  [jvm.dll+0xcac8]


siginfo: EXCEPTION_ACCESS_VIOLATION (0xc0000005), reading address 0x0000000108062268


Registers:
RAX=0x0000000000000001, RBX=0x0000000080948e00, RCX=0x0000000000000003, RDX=0x0000000080948e00
RSP=0x0000002c1c7ff598, RBP=0x000001a56399cff0, RSI=0x0000000000000004, RDI=0x0000000080945390
R8 =0x0000000108062260, R9 =0x00000000000007e5, R10=0x0000000080948e88, R11=0x0000000000000012
R12=0x00000000000003d8, R13=0x0000002c1c7ff780, R14=0x00000000809455e0, R15=0x0000000000000000
RIP=0x00007ffb67e8cac8, EFLAGS=0x0000000000010206


Register to memory mapping:

RIP=0x00007ffb67e8cac8 jvm.dll
RAX=0x0000000000000001 is an unknown value
RBX=
[error occurred during error reporting (printing register info), id 0xc0000005, EXCEPTION_ACCESS_VIOLATION (0xc0000005) at pc=0x00007ffb68509a46]

Top of Stack: (sp=0x0000002c1c7ff598)
0x0000002c1c7ff598:   00007ffb68530428 0000000080948e88
0x0000002c1c7ff5a8:   0000000080945388 0000000000000000
0x0000002c1c7ff5b8:   00007ffb689ac7c0 00007ffb689ac7c0
0x0000002c1c7ff5c8:   00007ffb68530763 000001a56399cff0
0x0000002c1c7ff5d8:   00007ffb6879bb80 00007ffb688311c8
0x0000002c1c7ff5e8:   00000000000007a6 0000000000000000
0x0000002c1c7ff5f8:   0000000000000000 0000002c1c7ff6a0
0x0000002c1c7ff608:   00007ffb68667f2f 0000000000000000
0x0000002c1c7ff618:   000000008068dfa0 00007ffb6879bb80
0x0000002c1c7ff628:   000001a54b6d87b0 000001a500000003
0x0000002c1c7ff638:   000001a56399cff0 0000000000000000
0x0000002c1c7ff648:   0000000000000000 000001a54b76dcd0
0x0000002c1c7ff658:   000001a568cfa0c8 000001a569f776e0
0x0000002c1c7ff668:   000001a568cf9cf0 000001a568cf9ce0
0x0000002c1c7ff678:   00007ffb68535318 000001a56399cff0
0x0000002c1c7ff688:   000001a568cf9ce0 000001a568cf9cf0
0x0000002c1c7ff698:   000001a56399cff0 00007ffb688319b8
0x0000002c1c7ff6a8:   000001a56399cff0 00007ffb687d4b10
0x0000002c1c7ff6b8:   0000002c1c7ff6a0 0000000000000000
0x0000002c1c7ff6c8:   00000000000000d6 0000000000000005
0x0000002c1c7ff6d8:   0000000000000001 00007ffb688319b8
0x0000002c1c7ff6e8:   0000002c1b8feac0 000001a56b25d358
0x0000002c1c7ff6f8:   00007ffb68668338 000000000000000f
0x0000002c1c7ff708:   000001a56b25d3e0 0000002c1c7ff780
0x0000002c1c7ff718:   0000000000000001 0000002c1b8fec00
0x0000002c1c7ff728:   00007ffb68539d0d 0000000000000000
0x0000002c1c7ff738:   0000002c1c7ff7b0 000001a568cce700
0x0000002c1c7ff748:   0000002c1b8feac0 0000002c1b8fee60
0x0000002c1c7ff758:   000001a568cf9ce0 0000000500000002
0x0000002c1c7ff768:   0000002c1b8feac0 0000000000000000
0x0000002c1c7ff778:   0000000002d52514 00007ffb68831bc0
0x0000002c1c7ff788:   0000000000000005 0000000000000000 

Instructions: (pc=0x00007ffb67e8cac8)
0x00007ffb67e8c9c8:   48 83 c4 20 5e c3 cc cc 48 8b 01 c3 cc cc cc cc
0x00007ffb67e8c9d8:   cc cc cc cc cc cc cc cc 4c 8b 01 4c 8b c9 48 8b
0x00007ffb67e8c9e8:   0d 23 61 b6 00 ba 44 60 08 00 e9 d9 f1 ff ff cc
0x00007ffb67e8c9f8:   cc cc cc cc cc cc cc cc 48 89 5c 24 08 57 48 83
0x00007ffb67e8ca08:   ec 20 48 8b 39 48 8b d9 48 85 3d 41 4a bb 00 75
0x00007ffb67e8ca18:   0e 48 8b c7 48 8b 5c 24 30 48 83 c4 20 5f c3 48
0x00007ffb67e8ca28:   8b cf e8 f1 99 85 00 48 8b d0 48 85 c0 74 20 48
0x00007ffb67e8ca38:   8b c7 f0 48 0f b1 13 74 16 48 85 05 10 4a bb 00
0x00007ffb67e8ca48:   74 0d 48 8b c8 f0 48 0f b1 13 48 3b c1 75 ea 48
0x00007ffb67e8ca58:   8b 5c 24 30 48 8b c2 48 83 c4 20 5f c3 cc cc cc
0x00007ffb67e8ca68:   cc cc cc cc cc cc cc cc 4c 8b 01 4c 8b c9 48 8b
0x00007ffb67e8ca78:   0d 93 60 b6 00 ba 64 60 08 00 e9 49 f1 ff ff cc
0x00007ffb67e8ca88:   cc cc cc cc cc cc cc cc 8b 05 62 a8 b0 00 c3 cc
0x00007ffb67e8ca98:   cc cc cc cc cc cc cc cc 0f b6 05 c0 68 b7 00 48
0x00007ffb67e8caa8:   8b d1 84 c0 74 16 44 8b 41 08 8b 0d 40 a8 b0 00
0x00007ffb67e8cab8:   49 d3 e0 4c 03 05 2e a8 b0 00 eb 04 4c 8b 41 08
0x00007ffb67e8cac8:   45 8b 50 08 45 85 d2 7e 0e 41 f6 c2 01 75 53 41
0x00007ffb67e8cad8:   c1 fa 03 41 8b c2 c3 79 49 84 c0 b9 10 00 00 00
0x00007ffb67e8cae8:   8b 05 46 b7 b0 00 41 b8 0c 00 00 00 41 0f 45 c8
0x00007ffb67e8caf8:   ff c8 4c 63 c8 48 63 14 11 41 8b ca 83 e1 3f 48
0x00007ffb67e8cb08:   d3 e2 41 8b ca 48 c1 f9 10 0f b6 c1 49 8d 0c 11
0x00007ffb67e8cb18:   49 f7 d1 48 03 c1 49 c1 e9 03 48 c1 e8 03 41 23
0x00007ffb67e8cb28:   c1 c3 49 8b 00 49 8b c8 48 ff a0 00 01 00 00 cc
0x00007ffb67e8cb38:   cc cc cc cc cc cc cc cc 8b 44 24 30 45 03 c9 44
0x00007ffb67e8cb48:   2b 4c 24 28 83 c0 0b 44 03 ca 45 03 c8 41 03 c1
0x00007ffb67e8cb58:   c3 cc cc cc cc cc cc cc 4c 8b ca 48 8b d1 45 8b
0x00007ffb67e8cb68:   41 08 45 85 c0 7e 0e 41 f6 c0 01 75 56 41 c1 f8
0x00007ffb67e8cb78:   03 41 8b c0 c3 79 4c 80 3d e1 67 b7 00 00 b8 0c
0x00007ffb67e8cb88:   00 00 00 b9 10 00 00 00 0f 45 c8 8b 05 9b b6 b0
0x00007ffb67e8cb98:   00 ff c8 4c 63 c8 48 63 14 11 41 8b c8 83 e1 3f
0x00007ffb67e8cba8:   48 d3 e2 41 8b c8 48 c1 f9 10 0f b6 c1 49 8d 0c
0x00007ffb67e8cbb8:   11 49 f7 d1 48 03 c1 49 c1 e9 03 48 c1 e8 03 41 


Stack slot to memory mapping:
stack at sp + 0 slots: 0x00007ffb68530428 jvm.dll
stack at sp + 1 slots: 0x0000000080948e88 is an oop: java.util.concurrent.ConcurrentHashMap$Node 
{0x0000000080948e88} - klass: 'java/util/concurrent/ConcurrentHashMap$Node'
 - ---- fields (total size 4 words):
 - final 'hash' 'I' @12  1668477290 (6372f16a)
 - final 'key' 'Ljava/lang/Object;' @16  "MessageDigest.SHA3-224 ImplementedIn"{0x0000000080948ea8} (80948ea8)
 - volatile 'val' 'Ljava/lang/Object;' @20  "Software"{0x0000000080945a28} (80945a28)
 - volatile 'next' 'Ljava/util/concurrent/ConcurrentHashMap$Node;' @24  NULL (0)
stack at sp + 2 slots: 0x0000000080945388 is pointing into object: [Ljava.util.concurrent.ConcurrentHashMap$Node; 
{0x00000000809451d0} - klass: 'java/util/concurrent/ConcurrentHashMap$Node'[]
 - length: 256
stack at sp + 3 slots: 0x0 is NULL
stack at sp + 4 slots: 0x00007ffb689ac7c0 jvm.dll
stack at sp + 5 slots: 0x00007ffb689ac7c0 jvm.dll
stack at sp + 6 slots: 0x00007ffb68530763 jvm.dll
stack at sp + 7 slots: 0x000001a56399cff0 points into unknown readable memory: 0x000001a54b490150 | 50 01 49 4b a5 01 00 00


---------------  P R O C E S S  ---------------

Threads class SMR info:
_java_thread_list=0x000001a56b487ff0, length=24, elements={
0x000001a54b6c2c70, 0x000001a54b766f30, 0x000001a54b768a10, 0x000001a54b76afb0,
0x000001a54b76b880, 0x000001a54b76c350, 0x000001a54b76ce20, 0x000001a54b76dcd0,
0x000001a568b6e140, 0x000001a568b91c70, 0x000001a568bb1d10, 0x000001a569cc7520,
0x000001a56a32ff80, 0x000001a56a676bd0, 0x000001a56a93a2f0, 0x000001a56a93aaa0,
0x000001a56aba3b70, 0x000001a56abeb8d0, 0x000001a56aa5ec00, 0x000001a56ada43d0,
0x000001a56ada2a80, 0x000001a56ada2f90, 0x000001a56c207f20, 0x000001a56ada5300
}

Java Threads: ( => current thread )
  0x000001a54b6c2c70 JavaThread "main" [_thread_blocked, id=19252, stack(0x0000002c1b600000,0x0000002c1b700000)]
  0x000001a54b766f30 JavaThread "Reference Handler" daemon [_thread_blocked, id=7808, stack(0x0000002c1b900000,0x0000002c1ba00000)]
  0x000001a54b768a10 JavaThread "Finalizer" daemon [_thread_blocked, id=14212, stack(0x0000002c1ba00000,0x0000002c1bb00000)]
  0x000001a54b76afb0 JavaThread "Signal Dispatcher" daemon [_thread_blocked, id=11840, stack(0x0000002c1bb00000,0x0000002c1bc00000)]
  0x000001a54b76b880 JavaThread "Attach Listener" daemon [_thread_blocked, id=14992, stack(0x0000002c1bc00000,0x0000002c1bd00000)]
  0x000001a54b76c350 JavaThread "Service Thread" daemon [_thread_blocked, id=20688, stack(0x0000002c1bd00000,0x0000002c1be00000)]
  0x000001a54b76ce20 JavaThread "Monitor Deflation Thread" daemon [_thread_blocked, id=10864, stack(0x0000002c1be00000,0x0000002c1bf00000)]
  0x000001a54b76dcd0 JavaThread "C2 CompilerThread0" daemon [_thread_blocked, id=7884, stack(0x0000002c1bf00000,0x0000002c1c000000)]
  0x000001a568b6e140 JavaThread "C1 CompilerThread0" daemon [_thread_blocked, id=13596, stack(0x0000002c1c000000,0x0000002c1c100000)]
  0x000001a568b91c70 JavaThread "Sweeper thread" daemon [_thread_blocked, id=18416, stack(0x0000002c1c100000,0x0000002c1c200000)]
  0x000001a568bb1d10 JavaThread "Common-Cleaner" daemon [_thread_blocked, id=16176, stack(0x0000002c1c200000,0x0000002c1c300000)]
  0x000001a569cc7520 JavaThread "Notification Thread" daemon [_thread_blocked, id=16304, stack(0x0000002c1c400000,0x0000002c1c500000)]
  0x000001a56a32ff80 JavaThread "C2 CompilerThread1" daemon [_thread_blocked, id=21816, stack(0x0000002c1cb00000,0x0000002c1cc00000)]
  0x000001a56a676bd0 JavaThread "Active Thread: Equinox Container: 826e3c68-503a-441c-8edc-ddbb1f949448" [_thread_blocked, id=22124, stack(0x0000002c1cd00000,0x0000002c1ce00000)]
  0x000001a56a93a2f0 JavaThread "Framework Event Dispatcher: Equinox Container: 826e3c68-503a-441c-8edc-ddbb1f949448" daemon [_thread_blocked, id=21604, stack(0x0000002c1cc00000,0x0000002c1cd00000)]
  0x000001a56a93aaa0 JavaThread "Start Level: Equinox Container: 826e3c68-503a-441c-8edc-ddbb1f949448" daemon [_thread_blocked, id=18036, stack(0x0000002c1ce00000,0x0000002c1cf00000)]
  0x000001a56aba3b70 JavaThread "Bundle File Closer" daemon [_thread_blocked, id=16684, stack(0x0000002c1d000000,0x0000002c1d100000)]
  0x000001a56abeb8d0 JavaThread "SCR Component Actor" daemon [_thread_blocked, id=11496, stack(0x0000002c1d100000,0x0000002c1d200000)]
  0x000001a56aa5ec00 JavaThread "SCR Component Registry" daemon [_thread_blocked, id=12336, stack(0x0000002c1d200000,0x0000002c1d300000)]
  0x000001a56ada43d0 JavaThread "Worker-JM" [_thread_blocked, id=3024, stack(0x0000002c1d300000,0x0000002c1d400000)]
  0x000001a56ada2a80 JavaThread "Worker-0" [_thread_blocked, id=6492, stack(0x0000002c1d400000,0x0000002c1d500000)]
  0x000001a56ada2f90 JavaThread "Worker-1" [_thread_blocked, id=21016, stack(0x0000002c1d500000,0x0000002c1d600000)]
  0x000001a56c207f20 JavaThread "C2 CompilerThread2" daemon [_thread_blocked, id=8156, stack(0x0000002c1d600000,0x0000002c1d700000)]
  0x000001a56ada5300 JavaThread "Java indexing" daemon [_thread_blocked, id=19820, stack(0x0000002c1d700000,0x0000002c1d800000)]

Other Threads:
  0x000001a568af14b0 VMThread "VM Thread" [stack: 0x0000002c1b800000,0x0000002c1b900000] [id=14472]
  0x000001a569cbc4c0 WatcherThread [stack: 0x0000002c1c500000,0x0000002c1c600000] [id=14712]
  0x000001a54b6d5f30 GCTaskThread "GC Thread#0" [stack: 0x0000002c1b700000,0x0000002c1b800000] [id=15556]
  0x000001a56a2b4c90 GCTaskThread "GC Thread#1" [stack: 0x0000002c1c300000,0x0000002c1c400000] [id=14976]
  0x000001a56a2b4f50 GCTaskThread "GC Thread#2" [stack: 0x0000002c1c600000,0x0000002c1c700000] [id=16232]
=>0x000001a568cce700 GCTaskThread "GC Thread#3" [stack: 0x0000002c1c700000,0x0000002c1c800000] [id=13184]
  0x000001a568cce9c0 GCTaskThread "GC Thread#4" [stack: 0x0000002c1c800000,0x0000002c1c900000] [id=9728]
  0x000001a569f0f5f0 GCTaskThread "GC Thread#5" [stack: 0x0000002c1c900000,0x0000002c1ca00000] [id=13916]
  0x000001a569f0f8b0 GCTaskThread "GC Thread#6" [stack: 0x0000002c1ca00000,0x0000002c1cb00000] [id=15696]
  0x000001a56a69b0a0 GCTaskThread "GC Thread#7" [stack: 0x0000002c1cf00000,0x0000002c1d000000] [id=19464]

Threads with active compile tasks:
C2 CompilerThread0     7666 4102  s    4       java.util.Hashtable::put (104 bytes)
C2 CompilerThread1     7666 4107   !   4       java.util.WeakHashMap::expungeStaleEntries (139 bytes)
C2 CompilerThread2     7666 4008 %     4       java.io.WinNTFileSystem::normalize @ 22 (143 bytes)

VM state: at safepoint (normal execution)

VM Mutex/Monitor currently owned by a thread:  ([mutex/lock_event])
[0x000001a54b6bf060] Threads_lock - owner thread: 0x000001a568af14b0
[0x000001a54b6bfe70] Heap_lock - owner thread: 0x000001a56a93aaa0

Heap address: 0x0000000080000000, size: 2048 MB, Compressed Oops mode: 32-bit

CDS archive(s) not mapped
Compressed class space mapped at: 0x0000000100000000-0x0000000140000000, reserved size: 1073741824
Narrow klass base: 0x0000000000000000, Narrow klass shift: 3, Narrow klass range: 0x140000000

GC Precious Log:
 CPUs: 8 total, 8 available
 Memory: 16193M
 Large Page Support: Disabled
 NUMA Support: Disabled
 Compressed Oops: Enabled (32-bit)
 Alignments: Space 512K, Generation 512K, Heap 2M
 Heap Min Capacity: 100M
 Heap Initial Capacity: 100M
 Heap Max Capacity: 2G
 Pre-touch: Disabled
 Parallel Workers: 8

Heap:
 PSYoungGen      total 23552K, used 334K [0x00000000d5580000, 0x00000000d7180000, 0x0000000100000000)
  eden space 23040K, 0% used [0x00000000d5580000,0x00000000d5580000,0x00000000d6c00000)
  from space 512K, 65% used [0x00000000d6e80000,0x00000000d6ed3bb8,0x00000000d6f00000)
  to   space 1536K, 0% used [0x00000000d7000000,0x00000000d7000000,0x00000000d7180000)
 ParOldGen       total 68608K, used 16994K [0x0000000080000000, 0x0000000084300000, 0x00000000d5580000)
  object space 68608K, 24% used [0x0000000080000000,0x00000000810989f0,0x0000000084300000)
 Metaspace       used 35010K, committed 35840K, reserved 1114112K
  class space    used 3416K, committed 3776K, reserved 1048576K

Card table byte_map: [0x000001a55ed10000,0x000001a55f120000] _byte_map_base: 0x000001a55e910000

Marking Bits: (ParMarkBitMap*) 0x00007ffb68a1d820
 Begin Bits: [0x000001a55f3d0000, 0x000001a5613d0000)
 End Bits:   [0x000001a5613d0000, 0x000001a5633d0000)

Polling page: 0x000001a54fb00000

Metaspace:

Usage:
  Non-class:     30.85 MB used.
      Class:      3.34 MB used.
       Both:     34.19 MB used.

Virtual space:
  Non-class space:       64.00 MB reserved,      31.31 MB ( 49%) committed,  1 nodes.
      Class space:        1.00 GB reserved,       3.69 MB ( <1%) committed,  1 nodes.
             Both:        1.06 GB reserved,      35.00 MB (  3%) committed. 

Chunk freelists:
   Non-Class:  128.00 KB
       Class:  12.37 MB
        Both:  12.49 MB

MaxMetaspaceSize: unlimited
CompressedClassSpaceSize: 1.00 GB
Initial GC threshold: 21.00 MB
Current GC threshold: 35.00 MB
CDS: off
MetaspaceReclaimPolicy: balanced
 - commit_granule_bytes: 65536.
 - commit_granule_words: 8192.
 - virtual_space_node_default_size: 8388608.
 - enlarge_chunks_in_place: 1.
 - new_chunks_are_fully_committed: 0.
 - uncommit_free_chunks: 1.
 - use_allocation_guard: 0.
 - handle_deallocations: 1.


Internal statistics:

num_allocs_failed_limit: 6.
num_arena_births: 592.
num_arena_deaths: 0.
num_vsnodes_births: 2.
num_vsnodes_deaths: 0.
num_space_committed: 560.
num_space_uncommitted: 0.
num_chunks_returned_to_freelist: 6.
num_chunks_taken_from_freelist: 1696.
num_chunk_merges: 6.
num_chunk_splits: 1095.
num_chunks_enlarged: 677.
num_inconsistent_stats: 0.

CodeHeap 'non-profiled nmethods': size=120000Kb used=1879Kb max_used=1879Kb free=118120Kb
 bounds [0x000001a5575f0000, 0x000001a557860000, 0x000001a55eb20000]
CodeHeap 'profiled nmethods': size=120000Kb used=8736Kb max_used=8736Kb free=111263Kb
 bounds [0x000001a54fb20000, 0x000001a5503b0000, 0x000001a557050000]
CodeHeap 'non-nmethods': size=5760Kb used=1254Kb max_used=1308Kb free=4505Kb
 bounds [0x000001a557050000, 0x000001a5572c0000, 0x000001a5575f0000]
 total_blobs=4680 nmethods=4104 adapters=489
 compilation: enabled
              stopped_count=0, restarted_count=0
 full_count=0

Compilation events (20 events):
Event: 4.741 Thread 0x000001a56a32ff80 nmethod 4096 0x000001a5577c4c90 code [0x000001a5577c4e00, 0x000001a5577c4e98]
Event: 4.742 Thread 0x000001a568b6e140 nmethod 4097 0x000001a5503a5310 code [0x000001a5503a5520, 0x000001a5503a5bd8]
Event: 4.742 Thread 0x000001a568b6e140 4099       3       org.eclipse.core.internal.preferences.PreferencesService::get (62 bytes)
Event: 4.742 Thread 0x000001a568b6e140 nmethod 4099 0x000001a5503a5e90 code [0x000001a5503a6060, 0x000001a5503a65a8]
Event: 4.742 Thread 0x000001a568b6e140 4098       3       org.eclipse.core.internal.preferences.EclipsePreferences::get (16 bytes)
Event: 4.742 Thread 0x000001a54b76dcd0 4102  s    4       java.util.Hashtable::put (104 bytes)
Event: 4.742 Thread 0x000001a568b6e140 nmethod 4098 0x000001a5503a6790 code [0x000001a5503a6940, 0x000001a5503a6b68]
Event: 4.742 Thread 0x000001a56a32ff80 4105       4       java.util.Hashtable::addEntry (87 bytes)
Event: 4.742 Thread 0x000001a568b6e140 4103       3       java.util.Hashtable$Enumerator::hasNext (5 bytes)
Event: 4.742 Thread 0x000001a568b6e140 nmethod 4103 0x000001a5503a6c10 code [0x000001a5503a6da0, 0x000001a5503a6ee8]
Event: 4.742 Thread 0x000001a568b6e140 4100       1       java.util.Hashtable$Entry::getKey (5 bytes)
Event: 4.742 Thread 0x000001a568b6e140 nmethod 4100 0x000001a5577c4f90 code [0x000001a5577c5120, 0x000001a5577c51f8]
Event: 4.742 Thread 0x000001a568b6e140 4101       1       java.util.Hashtable$Entry::getValue (5 bytes)
Event: 4.742 Thread 0x000001a568b6e140 nmethod 4101 0x000001a5577c5290 code [0x000001a5577c5420, 0x000001a5577c54f8]
Event: 4.742 Thread 0x000001a568b6e140 4104       3       java.util.Hashtable$Enumerator::next (27 bytes)
Event: 4.742 Thread 0x000001a568b6e140 nmethod 4104 0x000001a5503a6f90 code [0x000001a5503a7140, 0x000001a5503a7398]
Event: 4.745 Thread 0x000001a56a32ff80 nmethod 4105 0x000001a5577c5590 code [0x000001a5577c5740, 0x000001a5577c5a48]
Event: 4.746 Thread 0x000001a568b6e140 4106  s    3       java.util.Hashtable::putAll (52 bytes)
Event: 4.746 Thread 0x000001a568b6e140 nmethod 4106 0x000001a5503a7510 code [0x000001a5503a7740, 0x000001a5503a7fe8]
Event: 4.748 Thread 0x000001a56a32ff80 4107   !   4       java.util.WeakHashMap::expungeStaleEntries (139 bytes)

GC Heap History (20 events):
Event: 2.380 GC heap after
{Heap after GC invocations=3 (full 0):
 PSYoungGen      total 29696K, used 4074K [0x00000000d5580000, 0x00000000d7680000, 0x0000000100000000)
  eden space 25600K, 0% used [0x00000000d5580000,0x00000000d5580000,0x00000000d6e80000)
  from space 4096K, 99% used [0x00000000d6e80000,0x00000000d727a8d8,0x00000000d7280000)
  to   space 4096K, 0% used [0x00000000d7280000,0x00000000d7280000,0x00000000d7680000)
 ParOldGen       total 68608K, used 5379K [0x0000000080000000, 0x0000000084300000, 0x00000000d5580000)
  object space 68608K, 7% used [0x0000000080000000,0x0000000080540c58,0x0000000084300000)
 Metaspace       used 16131K, committed 16384K, reserved 1114112K
  class space    used 1616K, committed 1728K, reserved 1048576K
}
Event: 2.976 GC heap before
{Heap before GC invocations=4 (full 0):
 PSYoungGen      total 29696K, used 29674K [0x00000000d5580000, 0x00000000d7680000, 0x0000000100000000)
  eden space 25600K, 100% used [0x00000000d5580000,0x00000000d6e80000,0x00000000d6e80000)
  from space 4096K, 99% used [0x00000000d6e80000,0x00000000d727a8d8,0x00000000d7280000)
  to   space 4096K, 0% used [0x00000000d7280000,0x00000000d7280000,0x00000000d7680000)
 ParOldGen       total 68608K, used 5379K [0x0000000080000000, 0x0000000084300000, 0x00000000d5580000)
  object space 68608K, 7% used [0x0000000080000000,0x0000000080540c58,0x0000000084300000)
 Metaspace       used 19596K, committed 19904K, reserved 1114112K
  class space    used 1978K, committed 2112K, reserved 1048576K
}
Event: 2.982 GC heap after
{Heap after GC invocations=4 (full 0):
 PSYoungGen      total 29696K, used 4069K [0x00000000d5580000, 0x00000000d7680000, 0x0000000100000000)
  eden space 25600K, 0% used [0x00000000d5580000,0x00000000d5580000,0x00000000d6e80000)
  from space 4096K, 99% used [0x00000000d7280000,0x00000000d76796c0,0x00000000d7680000)
  to   space 4096K, 0% used [0x00000000d6e80000,0x00000000d6e80000,0x00000000d7280000)
 ParOldGen       total 68608K, used 6588K [0x0000000080000000, 0x0000000084300000, 0x00000000d5580000)
  object space 68608K, 9% used [0x0000000080000000,0x000000008066f018,0x0000000084300000)
 Metaspace       used 19596K, committed 19904K, reserved 1114112K
  class space    used 1978K, committed 2112K, reserved 1048576K
}
Event: 3.097 GC heap before
{Heap before GC invocations=5 (full 0):
 PSYoungGen      total 29696K, used 11981K [0x00000000d5580000, 0x00000000d7680000, 0x0000000100000000)
  eden space 25600K, 30% used [0x00000000d5580000,0x00000000d5d3a0d0,0x00000000d6e80000)
  from space 4096K, 99% used [0x00000000d7280000,0x00000000d76796c0,0x00000000d7680000)
  to   space 4096K, 0% used [0x00000000d6e80000,0x00000000d6e80000,0x00000000d7280000)
 ParOldGen       total 68608K, used 6588K [0x0000000080000000, 0x0000000084300000, 0x00000000d5580000)
  object space 68608K, 9% used [0x0000000080000000,0x000000008066f018,0x0000000084300000)
 Metaspace       used 21093K, committed 21504K, reserved 1114112K
  class space    used 2118K, committed 2304K, reserved 1048576K
}
Event: 3.100 GC heap after
{Heap after GC invocations=5 (full 0):
 PSYoungGen      total 29696K, used 4084K [0x00000000d5580000, 0x00000000d7880000, 0x0000000100000000)
  eden space 25600K, 0% used [0x00000000d5580000,0x00000000d5580000,0x00000000d6e80000)
  from space 4096K, 99% used [0x00000000d6e80000,0x00000000d727d310,0x00000000d7280000)
  to   space 5120K, 0% used [0x00000000d7380000,0x00000000d7380000,0x00000000d7880000)
 ParOldGen       total 68608K, used 6897K [0x0000000080000000, 0x0000000084300000, 0x00000000d5580000)
  object space 68608K, 10% used [0x0000000080000000,0x00000000806bc5f0,0x0000000084300000)
 Metaspace       used 21093K, committed 21504K, reserved 1114112K
  class space    used 2118K, committed 2304K, reserved 1048576K
}
Event: 3.100 GC heap before
{Heap before GC invocations=6 (full 1):
 PSYoungGen      total 29696K, used 4084K [0x00000000d5580000, 0x00000000d7880000, 0x0000000100000000)
  eden space 25600K, 0% used [0x00000000d5580000,0x00000000d5580000,0x00000000d6e80000)
  from space 4096K, 99% used [0x00000000d6e80000,0x00000000d727d310,0x00000000d7280000)
  to   space 5120K, 0% used [0x00000000d7380000,0x00000000d7380000,0x00000000d7880000)
 ParOldGen       total 68608K, used 6897K [0x0000000080000000, 0x0000000084300000, 0x00000000d5580000)
  object space 68608K, 10% used [0x0000000080000000,0x00000000806bc5f0,0x0000000084300000)
 Metaspace       used 21093K, committed 21504K, reserved 1114112K
  class space    used 2118K, committed 2304K, reserved 1048576K
}
Event: 3.123 GC heap after
{Heap after GC invocations=6 (full 1):
 PSYoungGen      total 29696K, used 0K [0x00000000d5580000, 0x00000000d7880000, 0x0000000100000000)
  eden space 25600K, 0% used [0x00000000d5580000,0x00000000d5580000,0x00000000d6e80000)
  from space 4096K, 0% used [0x00000000d6e80000,0x00000000d6e80000,0x00000000d7280000)
  to   space 5120K, 0% used [0x00000000d7380000,0x00000000d7380000,0x00000000d7880000)
 ParOldGen       total 68608K, used 10563K [0x0000000080000000, 0x0000000084300000, 0x00000000d5580000)
  object space 68608K, 15% used [0x0000000080000000,0x0000000080a50e50,0x0000000084300000)
 Metaspace       used 21093K, committed 21504K, reserved 1114112K
  class space    used 2118K, committed 2304K, reserved 1048576K
}
Event: 3.549 GC heap before
{Heap before GC invocations=7 (full 1):
 PSYoungGen      total 29696K, used 25600K [0x00000000d5580000, 0x00000000d7880000, 0x0000000100000000)
  eden space 25600K, 100% used [0x00000000d5580000,0x00000000d6e80000,0x00000000d6e80000)
  from space 4096K, 0% used [0x00000000d6e80000,0x00000000d6e80000,0x00000000d7280000)
  to   space 5120K, 0% used [0x00000000d7380000,0x00000000d7380000,0x00000000d7880000)
 ParOldGen       total 68608K, used 10563K [0x0000000080000000, 0x0000000084300000, 0x00000000d5580000)
  object space 68608K, 15% used [0x0000000080000000,0x0000000080a50e50,0x0000000084300000)
 Metaspace       used 24479K, committed 25088K, reserved 1114112K
  class space    used 2481K, committed 2752K, reserved 1048576K
}
Event: 3.556 GC heap after
{Heap after GC invocations=7 (full 1):
 PSYoungGen      total 26112K, used 976K [0x00000000d5580000, 0x00000000d7480000, 0x0000000100000000)
  eden space 25088K, 0% used [0x00000000d5580000,0x00000000d5580000,0x00000000d6e00000)
  from space 1024K, 95% used [0x00000000d7380000,0x00000000d7474290,0x00000000d7480000)
  to   space 2560K, 0% used [0x00000000d6f80000,0x00000000d6f80000,0x00000000d7200000)
 ParOldGen       total 68608K, used 10571K [0x0000000080000000, 0x0000000084300000, 0x00000000d5580000)
  object space 68608K, 15% used [0x0000000080000000,0x0000000080a52e50,0x0000000084300000)
 Metaspace       used 24479K, committed 25088K, reserved 1114112K
  class space    used 2481K, committed 2752K, reserved 1048576K
}
Event: 3.961 GC heap before
{Heap before GC invocations=8 (full 1):
 PSYoungGen      total 26112K, used 26064K [0x00000000d5580000, 0x00000000d7480000, 0x0000000100000000)
  eden space 25088K, 100% used [0x00000000d5580000,0x00000000d6e00000,0x00000000d6e00000)
  from space 1024K, 95% used [0x00000000d7380000,0x00000000d7474290,0x00000000d7480000)
  to   space 2560K, 0% used [0x00000000d6f80000,0x00000000d6f80000,0x00000000d7200000)
 ParOldGen       total 68608K, used 10571K [0x0000000080000000, 0x0000000084300000, 0x00000000d5580000)
  object space 68608K, 15% used [0x0000000080000000,0x0000000080a52e50,0x0000000084300000)
 Metaspace       used 27324K, committed 28096K, reserved 1114112K
  class space    used 2820K, committed 3136K, reserved 1048576K
}
Event: 3.963 GC heap after
{Heap after GC invocations=8 (full 1):
 PSYoungGen      total 27136K, used 2553K [0x00000000d5580000, 0x00000000d7480000, 0x0000000100000000)
  eden space 24576K, 0% used [0x00000000d5580000,0x00000000d5580000,0x00000000d6d80000)
  from space 2560K, 99% used [0x00000000d6f80000,0x00000000d71fe618,0x00000000d7200000)
  to   space 2560K, 0% used [0x00000000d7200000,0x00000000d7200000,0x00000000d7480000)
 ParOldGen       total 68608K, used 10995K [0x0000000080000000, 0x0000000084300000, 0x00000000d5580000)
  object space 68608K, 16% used [0x0000000080000000,0x0000000080abce50,0x0000000084300000)
 Metaspace       used 27324K, committed 28096K, reserved 1114112K
  class space    used 2820K, committed 3136K, reserved 1048576K
}
Event: 4.168 GC heap before
{Heap before GC invocations=9 (full 1):
 PSYoungGen      total 27136K, used 27129K [0x00000000d5580000, 0x00000000d7480000, 0x0000000100000000)
  eden space 24576K, 100% used [0x00000000d5580000,0x00000000d6d80000,0x00000000d6d80000)
  from space 2560K, 99% used [0x00000000d6f80000,0x00000000d71fe618,0x00000000d7200000)
  to   space 2560K, 0% used [0x00000000d7200000,0x00000000d7200000,0x00000000d7480000)
 ParOldGen       total 68608K, used 10995K [0x0000000080000000, 0x0000000084300000, 0x00000000d5580000)
  object space 68608K, 16% used [0x0000000080000000,0x0000000080abce50,0x0000000084300000)
 Metaspace       used 29658K, committed 30464K, reserved 1114112K
  class space    used 2985K, committed 3328K, reserved 1048576K
}
Event: 4.173 GC heap after
{Heap after GC invocations=9 (full 1):
 PSYoungGen      total 26624K, used 2536K [0x00000000d5580000, 0x00000000d7480000, 0x0000000100000000)
  eden space 24064K, 0% used [0x00000000d5580000,0x00000000d5580000,0x00000000d6d00000)
  from space 2560K, 99% used [0x00000000d7200000,0x00000000d747a2b8,0x00000000d7480000)
  to   space 3584K, 0% used [0x00000000d6d80000,0x00000000d6d80000,0x00000000d7100000)
 ParOldGen       total 68608K, used 11655K [0x0000000080000000, 0x0000000084300000, 0x00000000d5580000)
  object space 68608K, 16% used [0x0000000080000000,0x0000000080b61e80,0x0000000084300000)
 Metaspace       used 29658K, committed 30464K, reserved 1114112K
  class space    used 2985K, committed 3328K, reserved 1048576K
}
Event: 4.348 GC heap before
{Heap before GC invocations=10 (full 1):
 PSYoungGen      total 26624K, used 26600K [0x00000000d5580000, 0x00000000d7480000, 0x0000000100000000)
  eden space 24064K, 100% used [0x00000000d5580000,0x00000000d6d00000,0x00000000d6d00000)
  from space 2560K, 99% used [0x00000000d7200000,0x00000000d747a2b8,0x00000000d7480000)
  to   space 3584K, 0% used [0x00000000d6d80000,0x00000000d6d80000,0x00000000d7100000)
 ParOldGen       total 68608K, used 11655K [0x0000000080000000, 0x0000000084300000, 0x00000000d5580000)
  object space 68608K, 16% used [0x0000000080000000,0x0000000080b61e80,0x0000000084300000)
 Metaspace       used 33039K, committed 33856K, reserved 1114112K
  class space    used 3234K, committed 3584K, reserved 1048576K
}
Event: 4.355 GC heap after
{Heap after GC invocations=10 (full 1):
 PSYoungGen      total 27136K, used 3315K [0x00000000d5580000, 0x00000000d7380000, 0x0000000100000000)
  eden space 23552K, 0% used [0x00000000d5580000,0x00000000d5580000,0x00000000d6c80000)
  from space 3584K, 92% used [0x00000000d6d80000,0x00000000d70bcdc8,0x00000000d7100000)
  to   space 2560K, 0% used [0x00000000d7100000,0x00000000d7100000,0x00000000d7380000)
 ParOldGen       total 68608K, used 12916K [0x0000000080000000, 0x0000000084300000, 0x00000000d5580000)
  object space 68608K, 18% used [0x0000000080000000,0x0000000080c9d288,0x0000000084300000)
 Metaspace       used 33039K, committed 33856K, reserved 1114112K
  class space    used 3234K, committed 3584K, reserved 1048576K
}
Event: 4.716 GC heap before
{Heap before GC invocations=11 (full 1):
 PSYoungGen      total 27136K, used 26823K [0x00000000d5580000, 0x00000000d7380000, 0x0000000100000000)
  eden space 23552K, 99% used [0x00000000d5580000,0x00000000d6c75148,0x00000000d6c80000)
  from space 3584K, 92% used [0x00000000d6d80000,0x00000000d70bcdc8,0x00000000d7100000)
  to   space 2560K, 0% used [0x00000000d7100000,0x00000000d7100000,0x00000000d7380000)
 ParOldGen       total 68608K, used 12916K [0x0000000080000000, 0x0000000084300000, 0x00000000d5580000)
  object space 68608K, 18% used [0x0000000080000000,0x0000000080c9d288,0x0000000084300000)
 Metaspace       used 34630K, committed 35456K, reserved 1114112K
  class space    used 3386K, committed 3712K, reserved 1048576K
}
Event: 4.718 GC heap after
{Heap after GC invocations=11 (full 1):
 PSYoungGen      total 25600K, used 2114K [0x00000000d5580000, 0x00000000d7380000, 0x0000000100000000)
  eden space 23040K, 0% used [0x00000000d5580000,0x00000000d5580000,0x00000000d6c00000)
  from space 2560K, 82% used [0x00000000d7100000,0x00000000d7310af0,0x00000000d7380000)
  to   space 2560K, 0% used [0x00000000d6e80000,0x00000000d6e80000,0x00000000d7100000)
 ParOldGen       total 68608K, used 15012K [0x0000000080000000, 0x0000000084300000, 0x00000000d5580000)
  object space 68608K, 21% used [0x0000000080000000,0x0000000080ea9388,0x0000000084300000)
 Metaspace       used 34630K, committed 35456K, reserved 1114112K
  class space    used 3386K, committed 3712K, reserved 1048576K
}
Event: 4.751 GC heap before
{Heap before GC invocations=12 (full 1):
 PSYoungGen      total 25600K, used 4197K [0x00000000d5580000, 0x00000000d7380000, 0x0000000100000000)
  eden space 23040K, 9% used [0x00000000d5580000,0x00000000d5788a68,0x00000000d6c00000)
  from space 2560K, 82% used [0x00000000d7100000,0x00000000d7310af0,0x00000000d7380000)
  to   space 2560K, 0% used [0x00000000d6e80000,0x00000000d6e80000,0x00000000d7100000)
 ParOldGen       total 68608K, used 15012K [0x0000000080000000, 0x0000000084300000, 0x00000000d5580000)
  object space 68608K, 21% used [0x0000000080000000,0x0000000080ea9388,0x0000000084300000)
 Metaspace       used 35010K, committed 35840K, reserved 1114112K
  class space    used 3416K, committed 3776K, reserved 1048576K
}
Event: 4.753 GC heap after
{Heap after GC invocations=12 (full 1):
 PSYoungGen      total 23552K, used 334K [0x00000000d5580000, 0x00000000d7180000, 0x0000000100000000)
  eden space 23040K, 0% used [0x00000000d5580000,0x00000000d5580000,0x00000000d6c00000)
  from space 512K, 65% used [0x00000000d6e80000,0x00000000d6ed3bb8,0x00000000d6f00000)
  to   space 1536K, 0% used [0x00000000d7000000,0x00000000d7000000,0x00000000d7180000)
 ParOldGen       total 68608K, used 16994K [0x0000000080000000, 0x0000000084300000, 0x00000000d5580000)
  object space 68608K, 24% used [0x0000000080000000,0x00000000810989f0,0x0000000084300000)
 Metaspace       used 35010K, committed 35840K, reserved 1114112K
  class space    used 3416K, committed 3776K, reserved 1048576K
}
Event: 4.753 GC heap before
{Heap before GC invocations=13 (full 2):
 PSYoungGen      total 23552K, used 334K [0x00000000d5580000, 0x00000000d7180000, 0x0000000100000000)
  eden space 23040K, 0% used [0x00000000d5580000,0x00000000d5580000,0x00000000d6c00000)
  from space 512K, 65% used [0x00000000d6e80000,0x00000000d6ed3bb8,0x00000000d6f00000)
  to   space 1536K, 0% used [0x00000000d7000000,0x00000000d7000000,0x00000000d7180000)
 ParOldGen       total 68608K, used 16994K [0x0000000080000000, 0x0000000084300000, 0x00000000d5580000)
  object space 68608K, 24% used [0x0000000080000000,0x00000000810989f0,0x0000000084300000)
 Metaspace       used 35010K, committed 35840K, reserved 1114112K
  class space    used 3416K, committed 3776K, reserved 1048576K
}

Dll operation events (9 events):
Event: 0.024 Loaded shared library c:\Users\Sergio\.vscode\extensions\redhat.java-1.31.0-win32-x64\jre\17.0.11-win32-x86_64\bin\java.dll
Event: 0.311 Loaded shared library c:\Users\Sergio\.vscode\extensions\redhat.java-1.31.0-win32-x64\jre\17.0.11-win32-x86_64\bin\zip.dll
Event: 0.314 Loaded shared library C:\Users\Sergio\.vscode\extensions\redhat.java-1.31.0-win32-x64\jre\17.0.11-win32-x86_64\bin\instrument.dll
Event: 0.333 Loaded shared library C:\Users\Sergio\.vscode\extensions\redhat.java-1.31.0-win32-x64\jre\17.0.11-win32-x86_64\bin\net.dll
Event: 0.335 Loaded shared library C:\Users\Sergio\.vscode\extensions\redhat.java-1.31.0-win32-x64\jre\17.0.11-win32-x86_64\bin\nio.dll
Event: 0.340 Loaded shared library C:\Users\Sergio\.vscode\extensions\redhat.java-1.31.0-win32-x64\jre\17.0.11-win32-x86_64\bin\zip.dll
Event: 0.354 Loaded shared library C:\Users\Sergio\.vscode\extensions\redhat.java-1.31.0-win32-x64\jre\17.0.11-win32-x86_64\bin\jimage.dll
Event: 0.420 Loaded shared library c:\Users\Sergio\.vscode\extensions\redhat.java-1.31.0-win32-x64\jre\17.0.11-win32-x86_64\bin\verify.dll
Event: 1.777 Loaded shared library C:\Users\Sergio\AppData\Roaming\Code\User\globalStorage\redhat.java\1.31.0\config_win\org.eclipse.equinox.launcher\org.eclipse.equinox.launcher.win32.win32.x86_64_1.2.1000.v20240507-1834\eclipse_11902.dll

Deoptimization events (20 events):
Event: 4.492 Thread 0x000001a56a93aaa0 Uncommon trap: trap_request=0xffffff45 fr.pc=0x000001a557719164 relative=0x0000000000000fc4
Event: 4.492 Thread 0x000001a56a93aaa0 Uncommon trap: reason=unstable_if action=reinterpret pc=0x000001a557719164 method=java.util.Properties.loadConvert([CIILjava/lang/StringBuilder;)Ljava/lang/String; @ 463 c2
Event: 4.492 Thread 0x000001a56a93aaa0 DEOPT PACKING pc=0x000001a557719164 sp=0x0000002c1cef80d0
Event: 4.492 Thread 0x000001a56a93aaa0 DEOPT UNPACKING pc=0x000001a5570a66a3 sp=0x0000002c1cef80b0 mode 2
Event: 4.493 Thread 0x000001a56a93aaa0 Uncommon trap: trap_request=0xffffffc6 fr.pc=0x000001a5576875bc relative=0x000000000000097c
Event: 4.493 Thread 0x000001a56a93aaa0 Uncommon trap: reason=bimorphic_or_optimized_type_check action=maybe_recompile pc=0x000001a5576875bc method=java.util.HashMap.putVal(ILjava/lang/Object;Ljava/lang/Object;ZZ)Ljava/lang/Object; @ 56 c2
Event: 4.493 Thread 0x000001a56a93aaa0 DEOPT PACKING pc=0x000001a5576875bc sp=0x0000002c1cef9b00
Event: 4.493 Thread 0x000001a56a93aaa0 DEOPT UNPACKING pc=0x000001a5570a66a3 sp=0x0000002c1cef9a58 mode 2
Event: 4.493 Thread 0x000001a56a93aaa0 Uncommon trap: trap_request=0xffffffc6 fr.pc=0x000001a557687644 relative=0x0000000000000a04
Event: 4.493 Thread 0x000001a56a93aaa0 Uncommon trap: reason=bimorphic_or_optimized_type_check action=maybe_recompile pc=0x000001a557687644 method=java.util.HashMap.putVal(ILjava/lang/Object;Ljava/lang/Object;ZZ)Ljava/lang/Object; @ 253 c2
Event: 4.493 Thread 0x000001a56a93aaa0 DEOPT PACKING pc=0x000001a557687644 sp=0x0000002c1cef9a50
Event: 4.493 Thread 0x000001a56a93aaa0 DEOPT UNPACKING pc=0x000001a5570a66a3 sp=0x0000002c1cef99d0 mode 2
Event: 4.583 Thread 0x000001a56a93aaa0 Uncommon trap: trap_request=0xffffffc6 fr.pc=0x000001a5576875bc relative=0x000000000000097c
Event: 4.583 Thread 0x000001a56a93aaa0 Uncommon trap: reason=bimorphic_or_optimized_type_check action=maybe_recompile pc=0x000001a5576875bc method=java.util.HashMap.putVal(ILjava/lang/Object;Ljava/lang/Object;ZZ)Ljava/lang/Object; @ 56 c2
Event: 4.583 Thread 0x000001a56a93aaa0 DEOPT PACKING pc=0x000001a5576875bc sp=0x0000002c1cefdd90
Event: 4.583 Thread 0x000001a56a93aaa0 DEOPT UNPACKING pc=0x000001a5570a66a3 sp=0x0000002c1cefdce8 mode 2
Event: 4.583 Thread 0x000001a56a93aaa0 Uncommon trap: trap_request=0xffffffc6 fr.pc=0x000001a5576875bc relative=0x000000000000097c
Event: 4.583 Thread 0x000001a56a93aaa0 Uncommon trap: reason=bimorphic_or_optimized_type_check action=maybe_recompile pc=0x000001a5576875bc method=java.util.HashMap.putVal(ILjava/lang/Object;Ljava/lang/Object;ZZ)Ljava/lang/Object; @ 56 c2
Event: 4.583 Thread 0x000001a56a93aaa0 DEOPT PACKING pc=0x000001a5576875bc sp=0x0000002c1cefdd90
Event: 4.583 Thread 0x000001a56a93aaa0 DEOPT UNPACKING pc=0x000001a5570a66a3 sp=0x0000002c1cefdce8 mode 2

Classes unloaded (0 events):
No events

Classes redefined (0 events):
No events

Internal exceptions (20 events):
Event: 3.827 Thread 0x000001a56a93aaa0 Exception <a 'java/lang/NoSuchMethodError'{0x00000000d686a188}: 'int java.lang.invoke.DirectMethodHandle$Holder.invokeStatic(java.lang.Object, long)'> (0x00000000d686a188) 
thrown [s\src\hotspot\share\interpreter\linkResolver.cpp, line 759]
Event: 3.830 Thread 0x000001a56a93aaa0 Exception <a 'java/lang/NoSuchMethodError'{0x00000000d68926d8}: 'int java.lang.invoke.Invokers$Holder.linkToTargetMethod(java.lang.Object, java.lang.Object)'> (0x00000000d68926d8) 
thrown [s\src\hotspot\share\interpreter\linkResolver.cpp, line 759]
Event: 3.862 Thread 0x000001a56a93aaa0 Exception <a 'java/lang/NoSuchMethodError'{0x00000000d6983d88}: 'java.lang.Object java.lang.invoke.DirectMethodHandle$Holder.invokeSpecial(java.lang.Object, java.lang.Object, java.lang.Object, java.lang.Object, java.lang.Object, java.lang.Object, java.lang.Object, java.lang.Object, java.lang.Object, java.lang.Object, java.lang.Object)'> (0x00000000d6983d88) 
thrown [s\src\hotspot\share\interpreter\linkResolver.cpp, line 759]
Event: 3.862 Thread 0x000001a56a93aaa0 Exception <a 'java/lang/NoSuchMethodError'{0x00000000d69892a0}: 'java.lang.Object java.lang.invoke.Invokers$Holder.invoke_MT(java.lang.Object, java.lang.Object, java.lang.Object, java.lang.Object, java.lang.Object, java.lang.Object, java.lang.Object, java.lang.Object, java.lang.Object, java.lang.Object, java.lang.Object)'> (0x00000000d69892a0) 
thrown [s\src\hotspot\share\interpreter\linkResolver.cpp, line 759]
Event: 3.888 Thread 0x000001a56a93aaa0 Exception <a 'java/lang/NoSuchMethodError'{0x00000000d6a18428}: 'java.lang.Object java.lang.invoke.DirectMethodHandle$Holder.invokeSpecial(java.lang.Object, java.lang.Object, java.lang.Object, java.lang.Object, java.lang.Object, java.lang.Object, java.lang.Object, java.lang.Object, java.lang.Object, java.lang.Object)'> (0x00000000d6a18428) 
thrown [s\src\hotspot\share\interpreter\linkResolver.cpp, line 759]
Event: 3.889 Thread 0x000001a56a93aaa0 Exception <a 'java/lang/NoSuchMethodError'{0x00000000d6a1d678}: 'java.lang.Object java.lang.invoke.Invokers$Holder.invoke_MT(java.lang.Object, java.lang.Object, java.lang.Object, java.lang.Object, java.lang.Object, java.lang.Object, java.lang.Object, java.lang.Object, java.lang.Object, java.lang.Object)'> (0x00000000d6a1d678) 
thrown [s\src\hotspot\share\interpreter\linkResolver.cpp, line 759]
Event: 3.901 Thread 0x000001a56a93aaa0 Exception <a 'java/lang/NoSuchMethodError'{0x00000000d6ac6eb8}: 'java.lang.Object java.lang.invoke.DirectMethodHandle$Holder.newInvokeSpecial(java.lang.Object, java.lang.Object, java.lang.Object, java.lang.Object, java.lang.Object, java.lang.Object, java.lang.Object)'> (0x00000000d6ac6eb8) 
thrown [s\src\hotspot\share\interpreter\linkResolver.cpp, line 759]
Event: 3.908 Thread 0x000001a56a93aaa0 Exception <a 'java/lang/NoSuchMethodError'{0x00000000d6b34bb8}: 'java.lang.Object java.lang.invoke.DirectMethodHandle$Holder.invokeSpecial(java.lang.Object, java.lang.Object, java.lang.Object, java.lang.Object, java.lang.Object, java.lang.Object, java.lang.Object, java.lang.Object, java.lang.Object, java.lang.Object, java.lang.Object, java.lang.Object, java.lang.Object)'> (0x00000000d6b34bb8) 
thrown [s\src\hotspot\share\interpreter\linkResolver.cpp, line 759]
Event: 3.909 Thread 0x000001a56a93aaa0 Exception <a 'java/lang/NoSuchMethodError'{0x00000000d6b3a6e8}: 'java.lang.Object java.lang.invoke.Invokers$Holder.invoker(java.lang.Object, java.lang.Object, java.lang.Object, java.lang.Object, java.lang.Object, java.lang.Object, java.lang.Object, java.lang.Object, java.lang.Object, java.lang.Object, java.lang.Object, java.lang.Object, java.lang.Object)'> (0x00000000d6b3a6e8) 
thrown [s\src\hotspot\share\interpreter\linkResolver.cpp, line 759]
Event: 3.909 Thread 0x000001a56a93aaa0 Exception <a 'java/lang/NoSuchMethodError'{0x00000000d6b413e8}: 'java.lang.Object java.lang.invoke.DirectMethodHandle$Holder.invokeSpecial(java.lang.Object, java.lang.Object, java.lang.Object, java.lang.Object, java.lang.Object, java.lang.Object, java.lang.Object, java.lang.Object, java.lang.Object, java.lang.Object, java.lang.Object, java.lang.Object, java.lang.Object, java.lang.Object)'> (0x00000000d6b413e8) 
thrown [s\src\hotspot\share\interpreter\linkResolver.cpp, line 759]
Event: 3.914 Thread 0x000001a56a93aaa0 Exception <a 'java/lang/NoSuchMethodError'{0x00000000d6bac528}: static Lorg/eclipse/m2e/core/internal/lifecyclemapping/model/PluginExecutionMetadata;.<clinit>()V> (0x00000000d6bac528) 
thrown [s\src\hotspot\share\prims\jni.cpp, line 1112]
Event: 3.928 Thread 0x000001a56a93aaa0 Exception <a 'java/lang/NoSuchMethodError'{0x00000000d6c0c868}: static Lorg/eclipse/m2e/core/internal/lifecyclemapping/model/PluginExecutionFilter;.<clinit>()V> (0x00000000d6c0c868) 
thrown [s\src\hotspot\share\prims\jni.cpp, line 1112]
Event: 3.934 Thread 0x000001a56a93aaa0 Exception <a 'java/lang/NoSuchMethodError'{0x00000000d6c41b18}: static Lorg/eclipse/m2e/core/internal/project/registry/MavenProjectFacade$MavenProjectConfiguration;.<clinit>()V> (0x00000000d6c41b18) 
thrown [s\src\hotspot\share\prims\jni.cpp, line 1112]
Event: 4.265 Thread 0x000001a56a93aaa0 Implicit null exception at 0x000001a557791349 to 0x000001a55779141c
Event: 4.372 Thread 0x000001a56a93aaa0 Exception <a 'java/lang/NoSuchMethodError'{0x00000000d5e33488}: 'java.lang.Object java.lang.invoke.DirectMethodHandle$Holder.newInvokeSpecial(java.lang.Object, int, java.lang.Object, java.lang.Object)'> (0x00000000d5e33488) 
thrown [s\src\hotspot\share\interpreter\linkResolver.cpp, line 759]
Event: 4.510 Thread 0x000001a56a93aaa0 Exception <a 'java/lang/ClassNotFoundException'{0x00000000d66664d8}: com/sun/org/apache/xerces/internal/impl/msg/spi/DOMMessagesProvider> (0x00000000d66664d8) 
thrown [s\src\hotspot\share\classfile\systemDictionary.cpp, line 256]
Event: 4.511 Thread 0x000001a56a93aaa0 Exception <a 'java/lang/ClassNotFoundException'{0x00000000d668ab78}: com/sun/org/apache/xerces/internal/impl/msg/spi/XMLSerializerMessagesProvider> (0x00000000d668ab78) 
thrown [s\src\hotspot\share\classfile\systemDictionary.cpp, line 256]
Event: 4.512 Thread 0x000001a56a93aaa0 Exception <a 'java/lang/ClassNotFoundException'{0x00000000d66a30b8}: com/sun/org/apache/xerces/internal/impl/msg/spi/XMLMessagesProvider> (0x00000000d66a30b8) 
thrown [s\src\hotspot\share\classfile\systemDictionary.cpp, line 256]
Event: 4.597 Thread 0x000001a56a93aaa0 Exception <a 'java/lang/NoSuchMethodError'{0x00000000d6af0730}: 'java.lang.Object java.lang.invoke.DirectMethodHandle$Holder.invokeStaticInit(java.lang.Object, int, int, int, int)'> (0x00000000d6af0730) 
thrown [s\src\hotspot\share\interpreter\linkResolver.cpp, line 759]
Event: 4.710 Thread 0x000001a56a93aaa0 Exception <a 'java/lang/NoSuchMethodError'{0x00000000d6c31ed0}: 'java.lang.Object java.lang.invoke.DirectMethodHandle$Holder.invokeStaticInit(java.lang.Object, java.lang.Object, int, int, int, int)'> (0x00000000d6c31ed0) 
thrown [s\src\hotspot\share\interpreter\linkResolver.cpp, line 759]

VM Operations (20 events):
Event: 3.556 Executing VM operation: ParallelGCFailedAllocation done
Event: 3.627 Executing VM operation: HandshakeAllThreads
Event: 3.627 Executing VM operation: HandshakeAllThreads done
Event: 3.813 Executing VM operation: HandshakeAllThreads
Event: 3.813 Executing VM operation: HandshakeAllThreads done
Event: 3.961 Executing VM operation: ParallelGCFailedAllocation
Event: 3.963 Executing VM operation: ParallelGCFailedAllocation done
Event: 4.168 Executing VM operation: ParallelGCFailedAllocation
Event: 4.173 Executing VM operation: ParallelGCFailedAllocation done
Event: 4.347 Executing VM operation: ParallelGCFailedAllocation
Event: 4.355 Executing VM operation: ParallelGCFailedAllocation done
Event: 4.488 Executing VM operation: HandshakeAllThreads
Event: 4.488 Executing VM operation: HandshakeAllThreads done
Event: 4.582 Executing VM operation: HandshakeAllThreads
Event: 4.582 Executing VM operation: HandshakeAllThreads done
Event: 4.696 Executing VM operation: HandshakeAllThreads
Event: 4.696 Executing VM operation: HandshakeAllThreads done
Event: 4.716 Executing VM operation: ParallelGCFailedAllocation
Event: 4.718 Executing VM operation: ParallelGCFailedAllocation done
Event: 4.751 Executing VM operation: CollectForMetadataAllocation

Events (20 events):
Event: 4.694 loading class java/nio/file/DirectoryStream done
Event: 4.694 loading class sun/nio/fs/WindowsDirectoryStream done
Event: 4.694 loading class sun/nio/fs/WindowsDirectoryStream$WindowsDirectoryIterator
Event: 4.694 loading class sun/nio/fs/WindowsDirectoryStream$WindowsDirectoryIterator done
Event: 4.695 loading class sun/nio/fs/WindowsPath$WindowsPathWithAttributes
Event: 4.695 loading class sun/nio/fs/BasicFileAttributesHolder
Event: 4.695 loading class sun/nio/fs/BasicFileAttributesHolder done
Event: 4.695 loading class sun/nio/fs/WindowsPath$WindowsPathWithAttributes done
Event: 4.712 loading class sun/security/provider/AbstractDrbg$NonceProvider
Event: 4.712 loading class sun/security/provider/AbstractDrbg$NonceProvider done
Event: 4.723 loading class java/util/DualPivotQuicksort
Event: 4.723 loading class java/util/DualPivotQuicksort done
Event: 4.726 loading class java/lang/Character$UnicodeBlock
Event: 4.727 loading class java/lang/Character$Subset
Event: 4.727 loading class java/lang/Character$Subset done
Event: 4.727 loading class java/lang/Character$UnicodeBlock done
Event: 4.736 loading class java/lang/StringIndexOutOfBoundsException
Event: 4.736 loading class java/lang/StringIndexOutOfBoundsException done
Event: 4.738 loading class sun/nio/fs/WindowsPath$1
Event: 4.738 loading class sun/nio/fs/WindowsPath$1 done


Dynamic libraries:
0x00007ff71d2f0000 - 0x00007ff71d2fe000 	c:\Users\Sergio\.vscode\extensions\redhat.java-1.31.0-win32-x64\jre\17.0.11-win32-x86_64\bin\java.exe
0x00007ffbbce90000 - 0x00007ffbbd0a7000 	C:\WINDOWS\SYSTEM32\ntdll.dll
0x00007ffbbcce0000 - 0x00007ffbbcda4000 	C:\WINDOWS\System32\KERNEL32.DLL
0x00007ffbba7b0000 - 0x00007ffbbab5c000 	C:\WINDOWS\System32\KERNELBASE.dll
0x00007ffbba260000 - 0x00007ffbba371000 	C:\WINDOWS\System32\ucrtbase.dll
0x00007ffb95da0000 - 0x00007ffb95db7000 	c:\Users\Sergio\.vscode\extensions\redhat.java-1.31.0-win32-x64\jre\17.0.11-win32-x86_64\bin\jli.dll
0x00007ffbbaf10000 - 0x00007ffbbb0be000 	C:\WINDOWS\System32\USER32.dll
0x00007ffbba400000 - 0x00007ffbba426000 	C:\WINDOWS\System32\win32u.dll
0x00007ffbbb340000 - 0x00007ffbbb369000 	C:\WINDOWS\System32\GDI32.dll
0x00007ffbba430000 - 0x00007ffbba549000 	C:\WINDOWS\System32\gdi32full.dll
0x00007ffbba1c0000 - 0x00007ffbba25a000 	C:\WINDOWS\System32\msvcp_win.dll
0x00007ffb95520000 - 0x00007ffb9553b000 	c:\Users\Sergio\.vscode\extensions\redhat.java-1.31.0-win32-x64\jre\17.0.11-win32-x86_64\bin\VCRUNTIME140.dll
0x00007ffba2bc0000 - 0x00007ffba2e53000 	C:\WINDOWS\WinSxS\amd64_microsoft.windows.common-controls_6595b64144ccf1df_6.0.22621.3672_none_2713b9d173822955\COMCTL32.dll
0x00007ffbbcc30000 - 0x00007ffbbccd7000 	C:\WINDOWS\System32\msvcrt.dll
0x00007ffbbb630000 - 0x00007ffbbb661000 	C:\WINDOWS\System32\IMM32.DLL
0x00007ffb95ee0000 - 0x00007ffb95eec000 	c:\Users\Sergio\.vscode\extensions\redhat.java-1.31.0-win32-x64\jre\17.0.11-win32-x86_64\bin\vcruntime140_1.dll
0x00007ffb82480000 - 0x00007ffb8250d000 	c:\Users\Sergio\.vscode\extensions\redhat.java-1.31.0-win32-x64\jre\17.0.11-win32-x86_64\bin\msvcp140.dll
0x00007ffb67e80000 - 0x00007ffb68ae2000 	c:\Users\Sergio\.vscode\extensions\redhat.java-1.31.0-win32-x64\jre\17.0.11-win32-x86_64\bin\server\jvm.dll
0x00007ffbbabd0000 - 0x00007ffbbac82000 	C:\WINDOWS\System32\ADVAPI32.dll
0x00007ffbbae60000 - 0x00007ffbbaf08000 	C:\WINDOWS\System32\sechost.dll
0x00007ffbba550000 - 0x00007ffbba578000 	C:\WINDOWS\System32\bcrypt.dll
0x00007ffbbb220000 - 0x00007ffbbb335000 	C:\WINDOWS\System32\RPCRT4.dll
0x00007ffbb9050000 - 0x00007ffbb909d000 	C:\WINDOWS\SYSTEM32\POWRPROF.dll
0x00007ffb94ec0000 - 0x00007ffb94ec9000 	C:\WINDOWS\SYSTEM32\WSOCK32.dll
0x00007ffbbb680000 - 0x00007ffbbb6f1000 	C:\WINDOWS\System32\WS2_32.dll
0x00007ffbace50000 - 0x00007ffbace5a000 	C:\WINDOWS\SYSTEM32\VERSION.dll
0x00007ffbadc80000 - 0x00007ffbadcb4000 	C:\WINDOWS\SYSTEM32\WINMM.dll
0x00007ffbb9030000 - 0x00007ffbb9043000 	C:\WINDOWS\SYSTEM32\UMPDC.dll
0x00007ffbb92e0000 - 0x00007ffbb92f8000 	C:\WINDOWS\SYSTEM32\kernel.appcore.dll
0x00007ffb95a70000 - 0x00007ffb95a7a000 	c:\Users\Sergio\.vscode\extensions\redhat.java-1.31.0-win32-x64\jre\17.0.11-win32-x86_64\bin\jimage.dll
0x00007ffbb7680000 - 0x00007ffbb78b2000 	C:\WINDOWS\SYSTEM32\DBGHELP.DLL
0x00007ffbbc8a0000 - 0x00007ffbbcc28000 	C:\WINDOWS\System32\combase.dll
0x00007ffbbbfd0000 - 0x00007ffbbc0a7000 	C:\WINDOWS\System32\OLEAUT32.dll
0x00007ffb8e010000 - 0x00007ffb8e042000 	C:\WINDOWS\SYSTEM32\dbgcore.DLL
0x00007ffbba380000 - 0x00007ffbba3fb000 	C:\WINDOWS\System32\bcryptPrimitives.dll
0x00007ffb954c0000 - 0x00007ffb954ce000 	c:\Users\Sergio\.vscode\extensions\redhat.java-1.31.0-win32-x64\jre\17.0.11-win32-x86_64\bin\instrument.dll
0x00007ffb953e0000 - 0x00007ffb95405000 	c:\Users\Sergio\.vscode\extensions\redhat.java-1.31.0-win32-x64\jre\17.0.11-win32-x86_64\bin\java.dll
0x00007ffb95390000 - 0x00007ffb953a8000 	c:\Users\Sergio\.vscode\extensions\redhat.java-1.31.0-win32-x64\jre\17.0.11-win32-x86_64\bin\zip.dll
0x00007ffbbb720000 - 0x00007ffbbbf7c000 	C:\WINDOWS\System32\SHELL32.dll
0x00007ffbb8120000 - 0x00007ffbb8a17000 	C:\WINDOWS\SYSTEM32\windows.storage.dll
0x00007ffbb7fe0000 - 0x00007ffbb811f000 	C:\WINDOWS\SYSTEM32\wintypes.dll
0x00007ffbbb120000 - 0x00007ffbbb214000 	C:\WINDOWS\System32\SHCORE.dll
0x00007ffbbc120000 - 0x00007ffbbc17e000 	C:\WINDOWS\System32\shlwapi.dll
0x00007ffbba0f0000 - 0x00007ffbba111000 	C:\WINDOWS\SYSTEM32\profapi.dll
0x00007ffb94cc0000 - 0x00007ffb94cd9000 	C:\Users\Sergio\.vscode\extensions\redhat.java-1.31.0-win32-x64\jre\17.0.11-win32-x86_64\bin\net.dll
0x00007ffbb0f90000 - 0x00007ffbb10c6000 	C:\WINDOWS\SYSTEM32\WINHTTP.dll
0x00007ffbb9750000 - 0x00007ffbb97b9000 	C:\WINDOWS\system32\mswsock.dll
0x00007ffb93cd0000 - 0x00007ffb93ce6000 	C:\Users\Sergio\.vscode\extensions\redhat.java-1.31.0-win32-x64\jre\17.0.11-win32-x86_64\bin\nio.dll
0x00007ffb949f0000 - 0x00007ffb94a00000 	c:\Users\Sergio\.vscode\extensions\redhat.java-1.31.0-win32-x64\jre\17.0.11-win32-x86_64\bin\verify.dll
0x00007ffb8dfc0000 - 0x00007ffb8e004000 	C:\Users\Sergio\AppData\Roaming\Code\User\globalStorage\redhat.java\1.31.0\config_win\org.eclipse.equinox.launcher\org.eclipse.equinox.launcher.win32.win32.x86_64_1.2.1000.v20240507-1834\eclipse_11902.dll
0x00007ffbbac90000 - 0x00007ffbbae35000 	C:\WINDOWS\System32\ole32.dll
0x00007ffbb99b0000 - 0x00007ffbb99cb000 	C:\WINDOWS\SYSTEM32\CRYPTSP.dll
0x00007ffbb9240000 - 0x00007ffbb9275000 	C:\WINDOWS\system32\rsaenh.dll
0x00007ffbb9850000 - 0x00007ffbb9878000 	C:\WINDOWS\SYSTEM32\USERENV.dll
0x00007ffbb99d0000 - 0x00007ffbb99dc000 	C:\WINDOWS\SYSTEM32\CRYPTBASE.dll
0x00007ffbb8cf0000 - 0x00007ffbb8d1d000 	C:\WINDOWS\SYSTEM32\IPHLPAPI.DLL
0x00007ffbbb670000 - 0x00007ffbbb679000 	C:\WINDOWS\System32\NSI.dll
0x00007ffbb0c50000 - 0x00007ffbb0c69000 	C:\WINDOWS\SYSTEM32\dhcpcsvc6.DLL
0x00007ffbb0c30000 - 0x00007ffbb0c4f000 	C:\WINDOWS\SYSTEM32\dhcpcsvc.DLL
0x00007ffbb8d20000 - 0x00007ffbb8e18000 	C:\WINDOWS\SYSTEM32\DNSAPI.dll

dbghelp: loaded successfully - version: 4.0.5 - missing functions: none
symbol engine: initialized successfully - sym options: 0x614 - pdb path: .;c:\Users\Sergio\.vscode\extensions\redhat.java-1.31.0-win32-x64\jre\17.0.11-win32-x86_64\bin;C:\WINDOWS\SYSTEM32;C:\WINDOWS\WinSxS\amd64_microsoft.windows.common-controls_6595b64144ccf1df_6.0.22621.3672_none_2713b9d173822955;c:\Users\Sergio\.vscode\extensions\redhat.java-1.31.0-win32-x64\jre\17.0.11-win32-x86_64\bin\server;C:\Users\Sergio\AppData\Roaming\Code\User\globalStorage\redhat.java\1.31.0\config_win\org.eclipse.equinox.launcher\org.eclipse.equinox.launcher.win32.win32.x86_64_1.2.1000.v20240507-1834

VM Arguments:
jvm_args: --add-modules=ALL-SYSTEM --add-opens=java.base/java.util=ALL-UNNAMED --add-opens=java.base/java.lang=ALL-UNNAMED --add-opens=java.base/sun.nio.fs=ALL-UNNAMED -Declipse.application=org.eclipse.jdt.ls.core.id1 -Dosgi.bundles.defaultStartLevel=4 -Declipse.product=org.eclipse.jdt.ls.core.product -Djava.import.generatesMetadataFilesAtProjectRoot=false -DDetectVMInstallationsJob.disabled=true -Dfile.encoding=utf8 -XX:+UseParallelGC -XX:GCTimeRatio=4 -XX:AdaptiveSizePolicyWeight=90 -Dsun.zip.disableMemoryMapping=true -Xmx2G -Xms100m -Xlog:disable -javaagent:c:\Users\Sergio\.vscode\extensions\redhat.java-1.31.0-win32-x64\lombok\lombok-1.18.32.jar -XX:+HeapDumpOnOutOfMemoryError -XX:HeapDumpPath=c:\Users\Sergio\AppData\Roaming\Code\User\workspaceStorage\5343854ed622dacb063563fdaa0c68f0\redhat.java -Daether.dependencyCollector.impl=bf 
java_command: c:\Users\Sergio\.vscode\extensions\redhat.java-1.31.0-win32-x64\server\plugins\org.eclipse.equinox.launcher_1.6.800.v20240513-1750.jar -configuration c:\Users\Sergio\AppData\Roaming\Code\User\globalStorage\redhat.java\1.31.0\config_win -data c:\Users\Sergio\AppData\Roaming\Code\User\workspaceStorage\5343854ed622dacb063563fdaa0c68f0\redhat.java\jdt_ws --pipe=\\.\pipe\lsp-afad37855c5c45fcc29731fbbe8ce796-sock
java_class_path (initial): c:\Users\Sergio\.vscode\extensions\redhat.java-1.31.0-win32-x64\server\plugins\org.eclipse.equinox.launcher_1.6.800.v20240513-1750.jar
Launcher Type: SUN_STANDARD

[Global flags]
    uintx AdaptiveSizePolicyWeight                 = 90                                        {product} {command line}
     intx CICompilerCount                          = 4                                         {product} {ergonomic}
    uintx GCTimeRatio                              = 4                                         {product} {command line}
     bool HeapDumpOnOutOfMemoryError               = true                                   {manageable} {command line}
    ccstr HeapDumpPath                             = c:\Users\Sergio\AppData\Roaming\Code\User\workspaceStorage\5343854ed622dacb063563fdaa0c68f0\redhat.java         {manageable} {command line}
   size_t InitialHeapSize                          = 104857600                                 {product} {command line}
   size_t MaxHeapSize                              = 2147483648                                {product} {command line}
   size_t MaxNewSize                               = 715653120                                 {product} {ergonomic}
   size_t MinHeapDeltaBytes                        = 524288                                    {product} {ergonomic}
   size_t MinHeapSize                              = 104857600                                 {product} {command line}
   size_t NewSize                                  = 34603008                                  {product} {ergonomic}
    uintx NonNMethodCodeHeapSize                   = 5839372                                {pd product} {ergonomic}
    uintx NonProfiledCodeHeapSize                  = 122909434                              {pd product} {ergonomic}
   size_t OldSize                                  = 70254592                                  {product} {ergonomic}
    uintx ProfiledCodeHeapSize                     = 122909434                              {pd product} {ergonomic}
    uintx ReservedCodeCacheSize                    = 251658240                              {pd product} {ergonomic}
     bool SegmentedCodeCache                       = true                                      {product} {ergonomic}
   size_t SoftMaxHeapSize                          = 2147483648                             {manageable} {ergonomic}
     bool UseCompressedClassPointers               = true                           {product lp64_product} {ergonomic}
     bool UseCompressedOops                        = true                           {product lp64_product} {ergonomic}
     bool UseLargePagesIndividualAllocation        = false                                  {pd product} {ergonomic}
     bool UseParallelGC                            = true                                      {product} {command line}

Logging:
Log output configuration:
 #0: stdout all=off uptime,level,tags
 #1: stderr all=off uptime,level,tags

Environment Variables:
JAVA_HOME=C:\Program Files\Java\jdk-15
PATH=C:\Program Files\Java\jdk-15\bin;C:\Program Files\Maven\apache-maven-3.9.4-bin\apache-maven-3.9.4\bin;C:\Phyton38\Scripts\;C:\Phyton38\;C:\Program Files\Common Files\Oracle\Java\javapath;C:\Program Files (x86)\Common Files\Oracle\Java\java8path;C:\Program Files (x86)\Common Files\Oracle\Java\javapath;C:\WINDOWS\system32;C:\WINDOWS;C:\WINDOWS\System32\Wbem;C:\WINDOWS\System32\WindowsPowerShell\v1.0\;C:\WINDOWS\System32\OpenSSH\;C:\Program Files\Git\cmd;C:\Program Files (x86)\Scm Group\Xilog Plus\BIN;C:\Program Files\Microsoft SQL Server\Client SDK\ODBC\170\Tools\Binn\;C:\Program Files (x86)\Microsoft SQL Server\150\Tools\Binn\;C:\Program Files\Microsoft SQL Server\150\Tools\Binn\;C:\Program Files\Microsoft SQL Server\150\DTS\Binn\;C:\Program Files\AutoFirmaJA\AutoFirmaJA;C:\xampp\php;C:\Program Files (x86)\Bitvise SSH Client;C:\Program Files\PuTTY\;C:\ProgramData\ComposerSetup\bin;C:\xampp\mysql\bin;C:\Program Files\Maven\apache-maven-3.9.4-bin\apache-maven-3.9.4\bin;C:\Users\Sergio\AppData\Roaming\nvm;C:\Program Files\nodejs;C:\Program Files\MySQL\MySQL Shell 8.0\bin\;C:\Users\Sergio\AppData\Local\Microsoft\WindowsApps;C:\Users\Sergio\AppData\Local\Programs\Microsoft VS Code\bin;C:\Users\Sergio\AppData\Roaming\npm;C:\Users\Sergio\AppData\Roaming\Composer\vendor\bin;C:\Users\Sergio\AppData\Local\Microsoft\WindowsApps;C:\Users\Sergio\AppData\Roaming\nvm;C:\Program Files\nodejs
USERNAME=Sergio
OS=Windows_NT
PROCESSOR_IDENTIFIER=Intel64 Family 6 Model 142 Stepping 12, GenuineIntel
TMP=C:\Users\Sergio\AppData\Local\Temp
TEMP=C:\Users\Sergio\AppData\Local\Temp



Periodic native trim disabled


---------------  S Y S T E M  ---------------

OS:
 Windows 11 , 64 bit Build 22621 (10.0.22621.3672)
OS uptime: 2 days 15:25 hours

CPU: total 8 (initial active 8) (4 cores per cpu, 2 threads per core) family 6 model 142 stepping 12 microcode 0xde, cx8, cmov, fxsr, ht, mmx, 3dnowpref, sse, sse2, sse3, ssse3, sse4.1, sse4.2, popcnt, lzcnt, tsc, tscinvbit, avx, avx2, aes, erms, clmul, bmi1, bmi2, adx, fma, vzeroupper, clflush, clflushopt
Processor Information for all 8 processors :
  Max Mhz: 2304, Current Mhz: 1803, Mhz Limit: 1797

Memory: 4k page, system-wide physical 16193M (7446M free)
TotalPageFile size 18254M (AvailPageFile size 8854M)
current process WorkingSet (physical memory assigned to process): 169M, peak: 174M
current process commit charge ("private bytes"): 300M, peak: 309M

vm_info: OpenJDK 64-Bit Server VM (17.0.11+9) for windows-amd64 JRE (17.0.11+9), built on Apr 17 2024 06:07:48 by "admin" with MS VC++ 16.10 / 16.11 (VS2019)

END.
