#
# A fatal error has been detected by the Java Runtime Environment:
#
#  EXCEPTION_ACCESS_VIOLATION (0xc0000005) at pc=0x00007ffc44232987, pid=19116, tid=24332
#
# JRE version: OpenJDK Runtime Environment Temurin-17.0.11+9 (17.0.11+9) (build 17.0.11+9)
# Java VM: OpenJDK 64-Bit Server VM Temurin-17.0.11+9 (17.0.11+9, mixed mode, tiered, compressed oops, compressed class ptrs, parallel gc, windows-amd64)
# Problematic frame:
# V  [jvm.dll+0x332987]
#
# No core dump will be written. Minidumps are not enabled by default on client versions of Windows
#
# If you would like to submit a bug report, please visit:
#   https://github.com/adoptium/adoptium-support/issues
#

---------------  S U M M A R Y ------------

Command Line: --add-modules=ALL-SYSTEM --add-opens=java.base/java.util=ALL-UNNAMED --add-opens=java.base/java.lang=ALL-UNNAMED --add-opens=java.base/sun.nio.fs=ALL-UNNAMED -Declipse.application=org.eclipse.jdt.ls.core.id1 -Dosgi.bundles.defaultStartLevel=4 -Declipse.product=org.eclipse.jdt.ls.core.product -Djava.import.generatesMetadataFilesAtProjectRoot=false -DDetectVMInstallationsJob.disabled=true -Dfile.encoding=utf8 -XX:+UseParallelGC -XX:GCTimeRatio=4 -XX:AdaptiveSizePolicyWeight=90 -Dsun.zip.disableMemoryMapping=true -Xmx2G -Xms100m -Xlog:disable -javaagent:c:\Users\Sergio\.vscode\extensions\redhat.java-1.31.0-win32-x64\lombok\lombok-1.18.32.jar c:\Users\Sergio\.vscode\extensions\redhat.java-1.31.0-win32-x64\server\plugins\org.eclipse.equinox.launcher_1.6.800.v20240513-1750.jar -configuration c:\Users\Sergio\AppData\Roaming\Code\User\globalStorage\redhat.java\1.31.0\config_ss_win -data c:\Users\Sergio\AppData\Roaming\Code\User\workspaceStorage\5343854ed622dacb063563fdaa0c68f0\redhat.java\ss_ws --pipe=\\.\pipe\lsp-95ebd5f93011e355ef62e0ef43efde4b-sock

Host: Intel(R) Core(TM) i7-10510U CPU @ 1.80GHz, 8 cores, 15G,  Windows 11 , 64 bit Build 22621 (10.0.22621.3672)
Time: Fri Jun 14 10:58:49 2024 Hora de verano romance elapsed time: 3.560787 seconds (0d 0h 0m 3s)

---------------  T H R E A D  ---------------

Current thread (0x00000173457f2040):  JavaThread "C2 CompilerThread1" daemon [_thread_in_native, id=24332, stack(0x0000006c47500000,0x0000006c47600000)]


Current CompileTask:
C2:   3560 2378       4       org.lombokweb.asm.ClassReader::readMethod (1066 bytes)

Stack: [0x0000006c47500000,0x0000006c47600000],  sp=0x0000006c475fb750,  free space=1005k
Native frames: (J=compiled Java code, j=interpreted, Vv=VM code, C=native code)
V  [jvm.dll+0x332987]
V  [jvm.dll+0x33089c]
V  [jvm.dll+0x33005a]
V  [jvm.dll+0x21a471]
V  [jvm.dll+0x2198b1]
V  [jvm.dll+0x1a534d]
V  [jvm.dll+0x2295cd]
V  [jvm.dll+0x22779c]
V  [jvm.dll+0x7e9d07]
V  [jvm.dll+0x7e410a]
V  [jvm.dll+0x67c315]
C  [ucrtbase.dll+0x29333]
C  [KERNEL32.DLL+0x1257d]
C  [ntdll.dll+0x5af28]


siginfo: EXCEPTION_ACCESS_VIOLATION (0xc0000005), reading address 0x000001734e2bd138


Registers:
RAX=0x0000017346764cc8, RBX=0x000001734e2bd138, RCX=0x0000017346764a18, RDX=0x0000017345bf05d0
RSP=0x0000006c475fb750, RBP=0x000000000000001d, RSI=0x0000000000000000, RDI=0x0000000000000000
R8 =0x000001734566a108, R9 =0x0000000000000050, R10=0x0000000000000054, R11=0x0000000000000008
R12=0x0000006c475fb858, R13=0x0000006c475fbc90, R14=0x0000017346764c70, R15=0x0000006c475fb838
RIP=0x00007ffc44232987, EFLAGS=0x0000000000010202


Register to memory mapping:

RIP=0x00007ffc44232987 jvm.dll
RAX=0x0000017346764cc8 points into unknown readable memory: 0x000001734e2bd138 | 38 d1 2b 4e 73 01 00 00
RBX=0x000001734e2bd138 is an unknown value
RCX=0x0000017346764a18 points into unknown readable memory: 0x00007ffc44817918 | 18 79 81 44 fc 7f 00 00
RDX=0x0000017345bf05d0 points into unknown readable memory: 0x0000017346764c70 | 70 4c 76 46 73 01 00 00
RSP=0x0000006c475fb750 is pointing into the stack for thread: 0x00000173457f2040
RBP=0x000000000000001d is an unknown value
RSI=0x0 is NULL
RDI=0x0 is NULL
R8 =0x000001734566a108 points into unknown readable memory: 0x000001734567fe30 | 30 fe 67 45 73 01 00 00
R9 =0x0000000000000050 is an unknown value
R10=0x0000000000000054 is an unknown value
R11=0x0000000000000008 is an unknown value
R12=0x0000006c475fb858 is pointing into the stack for thread: 0x00000173457f2040
R13=0x0000006c475fbc90 is pointing into the stack for thread: 0x00000173457f2040
R14=0x0000017346764c70 points into unknown readable memory: 0x00007ffc44817918 | 18 79 81 44 fc 7f 00 00
R15=0x0000006c475fb838 is pointing into the stack for thread: 0x00000173457f2040


Top of Stack: (sp=0x0000006c475fb750)
0x0000006c475fb750:   00000173462bd638 0000000000000002
0x0000006c475fb760:   0000000000001c5e 0000006c475fbc90
0x0000006c475fb770:   0000017345bf7070 0000017345bf7280
0x0000006c475fb780:   0000017345bf7080 00000173454dd240
0x0000006c475fb790:   00000173454dd240 0000017345c617a8
0x0000006c475fb7a0:   0000017345c5f670 0000006c475fbc90
0x0000006c475fb7b0:   000000000000017d 00007ffc4423089c
0x0000006c475fb7c0:   000001734566a108 0000006c475fb8c0
0x0000006c475fb7d0:   00000000000016c2 0000000000000000
0x0000006c475fb7e0:   0000017326480000 0000017346225b60
0x0000006c475fb7f0:   0000000000000401 0000000000000001
0x0000006c475fb800:   0000017345e40600 00000000000017bc
0x0000006c475fb810:   0000000126480000 0000017326480000
0x0000006c475fb820:   0000000000001002 0000000000000400
0x0000006c475fb830:   0000000000000000 0000017345bf05c0
0x0000006c475fb840:   0000017345bf7080 0000017345befe30
0x0000006c475fb850:   00000173454dd240 0000017300000100
0x0000006c475fb860:   0000017345befa30 0000000000000100
0x0000006c475fb870:   00000173454dd240 0000017345c597c0
0x0000006c475fb880:   0000000000184f50 00007ffcb475952e
0x0000006c475fb890:   0000000000000000 0000017300000002
0x0000006c475fb8a0:   0000000000015280 0000000000000000
0x0000006c475fb8b0:   0000000000000000 0000000091000293
0x0000006c475fb8c0:   0000000000000048 0000000000000001
0x0000006c475fb8d0:   0000000000000000 0000000000000000
0x0000006c475fb8e0:   0000000000000000 0000000000000000
0x0000006c475fb8f0:   0000000000000000 0000000000000000
0x0000006c475fb900:   0000000000000000 0000017345d602a0
0x0000006c475fb910:   0000006c475fbc90 0000000000005f0c
0x0000006c475fb920:   0000000000007fe8 00007ffcb478175d
0x0000006c475fb930:   0000006c475fb9e0 0000000000000001
0x0000006c475fb940:   0000017300000000 00007ffc442339fc 

Instructions: (pc=0x00007ffc44232987)
0x00007ffc44232887:   41 57 48 83 ec 40 4c 8b e2 4c 8b e9 49 8b 10 48
0x00007ffc44232897:   8d 4c 24 20 49 2b 50 10 4d 8b f8 48 83 c2 10 48
0x00007ffc442328a7:   c1 ea 04 83 c2 08 e8 fe c9 de ff 49 8b 45 08 48
0x00007ffc442328b7:   8b 98 d8 02 00 00 49 83 07 10 49 8b 07 49 3b 47
0x00007ffc442328c7:   08 72 0b 49 8b cf e8 de 83 32 00 49 8b 07 48 89
0x00007ffc442328d7:   18 c7 40 08 00 00 00 00 49 8b 45 08 48 8b 88 d8
0x00007ffc442328e7:   02 00 00 8b 79 28 8b df c1 eb 05 41 3b 1c 24 72
0x00007ffc442328f7:   0a 8b d3 49 8b cc e8 3e b8 4e 00 49 8b 44 24 08
0x00007ffc44232907:   83 e7 1f 48 89 6c 24 78 48 89 b4 24 80 00 00 00
0x00007ffc44232917:   4c 89 b4 24 88 00 00 00 48 8d 14 98 8b 04 98 0f
0x00007ffc44232927:   ab f8 89 02 49 8b 17 48 8b c2 49 2b 47 10 48 83
0x00007ffc44232937:   c0 10 48 c1 e8 04 85 c0 0f 84 e1 02 00 00 8b 0d
0x00007ffc44232947:   ed 05 89 00 65 48 8b 04 25 58 00 00 00 4c 8d 04
0x00007ffc44232957:   c8 4c 89 44 24 70 4c 8b 32 48 8d 42 f0 49 89 07
0x00007ffc44232967:   33 f6 41 b9 50 00 00 00 85 f6 0f 85 04 01 00 00
0x00007ffc44232977:   49 8b 46 08 48 8b 18 48 85 db 0f 84 9c 00 00 00
0x00007ffc44232987:   48 8b 03 48 8b cb ff 50 20 48 85 c0 0f 84 e2 00
0x00007ffc44232997:   00 00 49 3b c6 0f 84 d9 00 00 00 8b 4b 28 49 8b
0x00007ffc442329a7:   45 78 4c 8b 04 c8 33 c9 41 8b 40 48 83 f8 01 74
0x00007ffc442329b7:   3b 45 8b 48 28 45 8b d1 44 2b d0 41 8b ca 45 3b
0x00007ffc442329c7:   d1 73 26 45 8b 58 18 4a 8d 14 d5 00 00 00 00 41
0x00007ffc442329d7:   3b cb 73 0a 49 8b 40 20 48 39 1c 02 74 0b ff c1
0x00007ffc442329e7:   48 83 c2 08 41 3b c9 72 e6 41 2b ca 49 8b 40 40
0x00007ffc442329f7:   48 8b 04 c8 83 78 18 00 76 13 48 8b 40 20 33 d2
0x00007ffc44232a07:   49 8b ce 4c 8b 00 e8 2e 7e d4 ff eb 67 45 33 c0
0x00007ffc44232a17:   33 d2 49 8b ce e8 1f 7e d4 ff eb 58 41 83 7e 18
0x00007ffc44232a27:   01 75 51 49 8b 5d 10 48 89 18 48 85 db 74 34 48
0x00007ffc44232a37:   8b 4b 10 48 85 c9 74 2b 8b 43 20 3b 43 24 75 1c
0x00007ffc44232a47:   8b d0 48 8b cb e8 7f 92 32 00 8b 43 20 48 8b 4b
0x00007ffc44232a57:   10 4c 8b 44 24 70 41 b9 50 00 00 00 4c 89 34 c1
0x00007ffc44232a67:   ff 43 20 49 8b 00 41 8b c9 80 3c 01 00 75 05 e8
0x00007ffc44232a77:   8d db 55 00 41 3b 76 1c 0f 83 af 00 00 00 66 66 


Stack slot to memory mapping:
stack at sp + 0 slots: 0x00000173462bd638 points into unknown readable memory: 0x00007ffc4484df00 | 00 df 84 44 fc 7f 00 00
stack at sp + 1 slots: 0x0000000000000002 is an unknown value
stack at sp + 2 slots: 0x0000000000001c5e is an unknown value
stack at sp + 3 slots: 0x0000006c475fbc90 is pointing into the stack for thread: 0x00000173457f2040
stack at sp + 4 slots: 0x0000017345bf7070 points into unknown readable memory: 0x0000000000000000 | 00 00 00 00 00 00 00 00
stack at sp + 5 slots: 0x0000017345bf7280 points into unknown readable memory: 0x626d6f6c2e67726f | 6f 72 67 2e 6c 6f 6d 62
stack at sp + 6 slots: 0x0000017345bf7080 points into unknown readable memory: 0x000001734675d278 | 78 d2 75 46 73 01 00 00
stack at sp + 7 slots: 0x00000173454dd240 points into unknown readable memory: 0x0001240000000006 | 06 00 00 00 00 24 01 00


---------------  P R O C E S S  ---------------

Threads class SMR info:
_java_thread_list=0x000001734571b0b0, length=21, elements={
0x0000017328788a60, 0x00000173286fd4a0, 0x00000173286fe990, 0x0000017328705d70,
0x0000017328706740, 0x0000017328707010, 0x00000173287078e0, 0x0000017343b3d030,
0x0000017343b41d80, 0x0000017343badcf0, 0x0000017343bec4d0, 0x0000017343ddac90,
0x0000017345547ac0, 0x0000017345562720, 0x00000173454ded00, 0x00000173455f6050,
0x0000017345752ba0, 0x00000173456710b0, 0x00000173457f2040, 0x0000017345674860,
0x00000173456715c0
}

Java Threads: ( => current thread )
  0x0000017328788a60 JavaThread "main" [_thread_blocked, id=9376, stack(0x0000006c45900000,0x0000006c45a00000)]
  0x00000173286fd4a0 JavaThread "Reference Handler" daemon [_thread_blocked, id=18876, stack(0x0000006c45c00000,0x0000006c45d00000)]
  0x00000173286fe990 JavaThread "Finalizer" daemon [_thread_blocked, id=3048, stack(0x0000006c45d00000,0x0000006c45e00000)]
  0x0000017328705d70 JavaThread "Signal Dispatcher" daemon [_thread_blocked, id=22116, stack(0x0000006c45e00000,0x0000006c45f00000)]
  0x0000017328706740 JavaThread "Attach Listener" daemon [_thread_blocked, id=24440, stack(0x0000006c45f00000,0x0000006c46000000)]
  0x0000017328707010 JavaThread "Service Thread" daemon [_thread_blocked, id=20452, stack(0x0000006c46000000,0x0000006c46100000)]
  0x00000173287078e0 JavaThread "Monitor Deflation Thread" daemon [_thread_blocked, id=6092, stack(0x0000006c46100000,0x0000006c46200000)]
  0x0000017343b3d030 JavaThread "C2 CompilerThread0" daemon [_thread_in_native, id=3764, stack(0x0000006c46200000,0x0000006c46300000)]
  0x0000017343b41d80 JavaThread "C1 CompilerThread0" daemon [_thread_blocked, id=22764, stack(0x0000006c46300000,0x0000006c46400000)]
  0x0000017343badcf0 JavaThread "Sweeper thread" daemon [_thread_blocked, id=4904, stack(0x0000006c46400000,0x0000006c46500000)]
  0x0000017343bec4d0 JavaThread "Common-Cleaner" daemon [_thread_blocked, id=18424, stack(0x0000006c46500000,0x0000006c46600000)]
  0x0000017343ddac90 JavaThread "Notification Thread" daemon [_thread_blocked, id=728, stack(0x0000006c46700000,0x0000006c46800000)]
  0x0000017345547ac0 JavaThread "Active Thread: Equinox Container: c34de332-0c1a-4379-9fc5-ab26ee75eec5" [_thread_blocked, id=21044, stack(0x0000006c46f00000,0x0000006c47000000)]
  0x0000017345562720 JavaThread "Framework Event Dispatcher: Equinox Container: c34de332-0c1a-4379-9fc5-ab26ee75eec5" daemon [_thread_blocked, id=12300, stack(0x0000006c47000000,0x0000006c47100000)]
  0x00000173454ded00 JavaThread "Start Level: Equinox Container: c34de332-0c1a-4379-9fc5-ab26ee75eec5" daemon [_thread_in_native, id=21868, stack(0x0000006c47100000,0x0000006c47200000)]
  0x00000173455f6050 JavaThread "SCR Component Actor" daemon [_thread_blocked, id=22932, stack(0x0000006c47200000,0x0000006c47300000)]
  0x0000017345752ba0 JavaThread "SCR Component Registry" daemon [_thread_blocked, id=23904, stack(0x0000006c47400000,0x0000006c47500000)]
  0x00000173456710b0 JavaThread "Worker-JM" [_thread_blocked, id=11072, stack(0x0000006c46600000,0x0000006c46700000)]
=>0x00000173457f2040 JavaThread "C2 CompilerThread1" daemon [_thread_in_native, id=24332, stack(0x0000006c47500000,0x0000006c47600000)]
  0x0000017345674860 JavaThread "Worker-0" [_thread_blocked, id=21340, stack(0x0000006c47600000,0x0000006c47700000)]
  0x00000173456715c0 JavaThread "Worker-1" [_thread_blocked, id=13732, stack(0x0000006c47700000,0x0000006c47800000)]

Other Threads:
  0x0000017343af24c0 VMThread "VM Thread" [stack: 0x0000006c45b00000,0x0000006c45c00000] [id=9472]
  0x0000017343e88190 WatcherThread [stack: 0x0000006c46800000,0x0000006c46900000] [id=9892]
  0x000001732879c730 GCTaskThread "GC Thread#0" [stack: 0x0000006c45a00000,0x0000006c45b00000] [id=13728]
  0x00000173453b8be0 GCTaskThread "GC Thread#1" [stack: 0x0000006c46900000,0x0000006c46a00000] [id=9556]
  0x00000173453b6020 GCTaskThread "GC Thread#2" [stack: 0x0000006c46a00000,0x0000006c46b00000] [id=15040]
  0x00000173453b62e0 GCTaskThread "GC Thread#3" [stack: 0x0000006c46b00000,0x0000006c46c00000] [id=16284]
  0x00000173453b65a0 GCTaskThread "GC Thread#4" [stack: 0x0000006c46c00000,0x0000006c46d00000] [id=2200]
  0x0000017344ff0870 GCTaskThread "GC Thread#5" [stack: 0x0000006c46d00000,0x0000006c46e00000] [id=20952]
  0x0000017344ff0b30 GCTaskThread "GC Thread#6" [stack: 0x0000006c46e00000,0x0000006c46f00000] [id=12936]
  0x0000017344fe43c0 GCTaskThread "GC Thread#7" [stack: 0x0000006c47300000,0x0000006c47400000] [id=22780]

Threads with active compile tasks:
C2 CompilerThread0     3637 2418       4       lombok.patcher.PatchScript$MethodPatcher::visitMethod (158 bytes)
C2 CompilerThread1     3637 2378       4       org.lombokweb.asm.ClassReader::readMethod (1066 bytes)

VM state: not at safepoint (normal execution)

VM Mutex/Monitor currently owned by a thread: None

Heap address: 0x0000000080000000, size: 2048 MB, Compressed Oops mode: 32-bit

CDS archive(s) not mapped
Compressed class space mapped at: 0x0000000100000000-0x0000000140000000, reserved size: 1073741824
Narrow klass base: 0x0000000000000000, Narrow klass shift: 3, Narrow klass range: 0x140000000

GC Precious Log:
 CPUs: 8 total, 8 available
 Memory: 16193M
 Large Page Support: Disabled
 NUMA Support: Disabled
 Compressed Oops: Enabled (32-bit)
 Alignments: Space 512K, Generation 512K, Heap 2M
 Heap Min Capacity: 100M
 Heap Initial Capacity: 100M
 Heap Max Capacity: 2G
 Pre-touch: Disabled
 Parallel Workers: 8

Heap:
 PSYoungGen      total 27136K, used 7446K [0x00000000d5580000, 0x00000000d7380000, 0x0000000100000000)
  eden space 24576K, 19% used [0x00000000d5580000,0x00000000d5a4a628,0x00000000d6d80000)
  from space 2560K, 99% used [0x00000000d7080000,0x00000000d72fb510,0x00000000d7300000)
  to   space 3072K, 0% used [0x00000000d6d80000,0x00000000d6d80000,0x00000000d7080000)
 ParOldGen       total 68608K, used 6998K [0x0000000080000000, 0x0000000084300000, 0x00000000d5580000)
  object space 68608K, 10% used [0x0000000080000000,0x00000000806d59f0,0x0000000084300000)
 Metaspace       used 27424K, committed 27968K, reserved 1114112K
  class space    used 2640K, committed 2880K, reserved 1048576K

Card table byte_map: [0x0000017328100000,0x0000017328510000] _byte_map_base: 0x0000017327d00000

Marking Bits: (ParMarkBitMap*) 0x00007ffc44a9d820
 Begin Bits: [0x000001733a6b0000, 0x000001733c6b0000)
 End Bits:   [0x000001733c6b0000, 0x000001733e6b0000)

Polling page: 0x00000173266d0000

Metaspace:

Usage:
  Non-class:     24.20 MB used.
      Class:      2.58 MB used.
       Both:     26.78 MB used.

Virtual space:
  Non-class space:       64.00 MB reserved,      24.50 MB ( 38%) committed,  1 nodes.
      Class space:        1.00 GB reserved,       2.81 MB ( <1%) committed,  1 nodes.
             Both:        1.06 GB reserved,      27.31 MB (  3%) committed. 

Chunk freelists:
   Non-Class:  7.38 MB
       Class:  13.16 MB
        Both:  20.54 MB

MaxMetaspaceSize: unlimited
CompressedClassSpaceSize: 1.00 GB
Initial GC threshold: 21.00 MB
Current GC threshold: 35.00 MB
CDS: off
MetaspaceReclaimPolicy: balanced
 - commit_granule_bytes: 65536.
 - commit_granule_words: 8192.
 - virtual_space_node_default_size: 8388608.
 - enlarge_chunks_in_place: 1.
 - new_chunks_are_fully_committed: 0.
 - uncommit_free_chunks: 1.
 - use_allocation_guard: 0.
 - handle_deallocations: 1.


Internal statistics:

num_allocs_failed_limit: 3.
num_arena_births: 280.
num_arena_deaths: 14.
num_vsnodes_births: 2.
num_vsnodes_deaths: 0.
num_space_committed: 437.
num_space_uncommitted: 0.
num_chunks_returned_to_freelist: 17.
num_chunks_taken_from_freelist: 1026.
num_chunk_merges: 5.
num_chunk_splits: 680.
num_chunks_enlarged: 462.
num_inconsistent_stats: 0.

CodeHeap 'non-profiled nmethods': size=120000Kb used=958Kb max_used=958Kb free=119041Kb
 bounds [0x0000017332ed0000, 0x0000017333140000, 0x000001733a400000]
CodeHeap 'profiled nmethods': size=120000Kb used=4878Kb max_used=4878Kb free=115122Kb
 bounds [0x000001732b400000, 0x000001732b8d0000, 0x0000017332930000]
CodeHeap 'non-nmethods': size=5760Kb used=1233Kb max_used=1243Kb free=4526Kb
 bounds [0x0000017332930000, 0x0000017332ba0000, 0x0000017332ed0000]
 total_blobs=2992 nmethods=2450 adapters=456
 compilation: enabled
              stopped_count=0, restarted_count=0
 full_count=0

Compilation events (20 events):
Event: 3.474 Thread 0x0000017343b3d030 nmethod 2411 0x0000017332fbe490 code [0x0000017332fbe640, 0x0000017332fbebd8]
Event: 3.474 Thread 0x0000017343b3d030 2412       4       java.util.zip.ZipFile::ensureOpen (40 bytes)
Event: 3.475 Thread 0x0000017343b3d030 nmethod 2412 0x0000017332fbf090 code [0x0000017332fbf200, 0x0000017332fbf2b8]
Event: 3.489 Thread 0x0000017343b41d80 2413       3       org.lombokweb.asm.ClassReader::<init> (371 bytes)
Event: 3.491 Thread 0x0000017343b41d80 nmethod 2413 0x000001732b8a0090 code [0x000001732b8a0360, 0x000001732b8a1518]
Event: 3.491 Thread 0x0000017343b41d80 2414       3       org.lombokweb.asm.SymbolTable::<init> (536 bytes)
Event: 3.492 Thread 0x0000017343b3d030 2415       4       lombok.patcher.MethodTarget::matches (29 bytes)
Event: 3.495 Thread 0x0000017343b41d80 nmethod 2414 0x000001732b8a1a90 code [0x000001732b8a2020, 0x000001732b8a4928]
Event: 3.495 Thread 0x0000017343b3d030 nmethod 2415 0x0000017332fbf390 code [0x0000017332fbf520, 0x0000017332fbf778]
Event: 3.495 Thread 0x0000017343b41d80 2416       3       org.lombokweb.asm.SymbolTable::addConstantMethodref (24 bytes)
Event: 3.495 Thread 0x0000017343b41d80 nmethod 2416 0x000001732b8a5a90 code [0x000001732b8a5c40, 0x000001732b8a5de8]
Event: 3.495 Thread 0x0000017343b41d80 2417       3       org.lombokweb.asm.MethodVisitor::visitJumpInsn (17 bytes)
Event: 3.495 Thread 0x0000017343b41d80 nmethod 2417 0x000001732b8a5e90 code [0x000001732b8a6040, 0x000001732b8a6248]
Event: 3.495 Thread 0x0000017343b3d030 2418       4       lombok.patcher.PatchScript$MethodPatcher::visitMethod (158 bytes)
Event: 3.496 Thread 0x0000017343b41d80 2420       3       java.lang.String::split (327 bytes)
Event: 3.501 Thread 0x0000017343b41d80 nmethod 2420 0x000001732b8a6310 code [0x000001732b8a68a0, 0x000001732b8a9b78]
Event: 3.501 Thread 0x0000017343b41d80 2421       3       org.lombokweb.asm.Label::addForwardReference (102 bytes)
Event: 3.501 Thread 0x0000017343b41d80 nmethod 2421 0x000001732b8aae10 code [0x000001732b8aafc0, 0x000001732b8ab448]
Event: 3.507 Thread 0x0000017343b41d80 2424       3       java.lang.String::subSequence (7 bytes)
Event: 3.507 Thread 0x0000017343b41d80 nmethod 2424 0x000001732b8ab610 code [0x000001732b8ab7a0, 0x000001732b8ab8e8]

GC Heap History (12 events):
Event: 1.414 GC heap before
{Heap before GC invocations=1 (full 0):
 PSYoungGen      total 29696K, used 25600K [0x00000000d5580000, 0x00000000d7680000, 0x0000000100000000)
  eden space 25600K, 100% used [0x00000000d5580000,0x00000000d6e80000,0x00000000d6e80000)
  from space 4096K, 0% used [0x00000000d7280000,0x00000000d7280000,0x00000000d7680000)
  to   space 4096K, 0% used [0x00000000d6e80000,0x00000000d6e80000,0x00000000d7280000)
 ParOldGen       total 68608K, used 0K [0x0000000080000000, 0x0000000084300000, 0x00000000d5580000)
  object space 68608K, 0% used [0x0000000080000000,0x0000000080000000,0x0000000084300000)
 Metaspace       used 11006K, committed 11200K, reserved 1114112K
  class space    used 1100K, committed 1216K, reserved 1048576K
}
Event: 1.421 GC heap after
{Heap after GC invocations=1 (full 0):
 PSYoungGen      total 29696K, used 3188K [0x00000000d5580000, 0x00000000d7680000, 0x0000000100000000)
  eden space 25600K, 0% used [0x00000000d5580000,0x00000000d5580000,0x00000000d6e80000)
  from space 4096K, 77% used [0x00000000d6e80000,0x00000000d719d268,0x00000000d7280000)
  to   space 4096K, 0% used [0x00000000d7280000,0x00000000d7280000,0x00000000d7680000)
 ParOldGen       total 68608K, used 16K [0x0000000080000000, 0x0000000084300000, 0x00000000d5580000)
  object space 68608K, 0% used [0x0000000080000000,0x0000000080004000,0x0000000084300000)
 Metaspace       used 11006K, committed 11200K, reserved 1114112K
  class space    used 1100K, committed 1216K, reserved 1048576K
}
Event: 2.166 GC heap before
{Heap before GC invocations=2 (full 0):
 PSYoungGen      total 29696K, used 28788K [0x00000000d5580000, 0x00000000d7680000, 0x0000000100000000)
  eden space 25600K, 100% used [0x00000000d5580000,0x00000000d6e80000,0x00000000d6e80000)
  from space 4096K, 77% used [0x00000000d6e80000,0x00000000d719d268,0x00000000d7280000)
  to   space 4096K, 0% used [0x00000000d7280000,0x00000000d7280000,0x00000000d7680000)
 ParOldGen       total 68608K, used 16K [0x0000000080000000, 0x0000000084300000, 0x00000000d5580000)
  object space 68608K, 0% used [0x0000000080000000,0x0000000080004000,0x0000000084300000)
 Metaspace       used 14808K, committed 15104K, reserved 1114112K
  class space    used 1498K, committed 1664K, reserved 1048576K
}
Event: 2.172 GC heap after
{Heap after GC invocations=2 (full 0):
 PSYoungGen      total 29696K, used 4083K [0x00000000d5580000, 0x00000000d7680000, 0x0000000100000000)
  eden space 25600K, 0% used [0x00000000d5580000,0x00000000d5580000,0x00000000d6e80000)
  from space 4096K, 99% used [0x00000000d7280000,0x00000000d767cf38,0x00000000d7680000)
  to   space 4096K, 0% used [0x00000000d6e80000,0x00000000d6e80000,0x00000000d7280000)
 ParOldGen       total 68608K, used 736K [0x0000000080000000, 0x0000000084300000, 0x00000000d5580000)
  object space 68608K, 1% used [0x0000000080000000,0x00000000800b8340,0x0000000084300000)
 Metaspace       used 14808K, committed 15104K, reserved 1114112K
  class space    used 1498K, committed 1664K, reserved 1048576K
}
Event: 2.801 GC heap before
{Heap before GC invocations=3 (full 0):
 PSYoungGen      total 29696K, used 29683K [0x00000000d5580000, 0x00000000d7680000, 0x0000000100000000)
  eden space 25600K, 100% used [0x00000000d5580000,0x00000000d6e80000,0x00000000d6e80000)
  from space 4096K, 99% used [0x00000000d7280000,0x00000000d767cf38,0x00000000d7680000)
  to   space 4096K, 0% used [0x00000000d6e80000,0x00000000d6e80000,0x00000000d7280000)
 ParOldGen       total 68608K, used 736K [0x0000000080000000, 0x0000000084300000, 0x00000000d5580000)
  object space 68608K, 1% used [0x0000000080000000,0x00000000800b8340,0x0000000084300000)
 Metaspace       used 19823K, committed 20224K, reserved 1114112K
  class space    used 2024K, committed 2176K, reserved 1048576K
}
Event: 2.806 GC heap after
{Heap after GC invocations=3 (full 0):
 PSYoungGen      total 29696K, used 4064K [0x00000000d5580000, 0x00000000d7680000, 0x0000000100000000)
  eden space 25600K, 0% used [0x00000000d5580000,0x00000000d5580000,0x00000000d6e80000)
  from space 4096K, 99% used [0x00000000d6e80000,0x00000000d7278330,0x00000000d7280000)
  to   space 4096K, 0% used [0x00000000d7280000,0x00000000d7280000,0x00000000d7680000)
 ParOldGen       total 68608K, used 2425K [0x0000000080000000, 0x0000000084300000, 0x00000000d5580000)
  object space 68608K, 3% used [0x0000000080000000,0x000000008025e698,0x0000000084300000)
 Metaspace       used 19823K, committed 20224K, reserved 1114112K
  class space    used 2024K, committed 2176K, reserved 1048576K
}
Event: 3.031 GC heap before
{Heap before GC invocations=4 (full 0):
 PSYoungGen      total 29696K, used 11661K [0x00000000d5580000, 0x00000000d7680000, 0x0000000100000000)
  eden space 25600K, 29% used [0x00000000d5580000,0x00000000d5ceb390,0x00000000d6e80000)
  from space 4096K, 99% used [0x00000000d6e80000,0x00000000d7278330,0x00000000d7280000)
  to   space 4096K, 0% used [0x00000000d7280000,0x00000000d7280000,0x00000000d7680000)
 ParOldGen       total 68608K, used 2425K [0x0000000080000000, 0x0000000084300000, 0x00000000d5580000)
  object space 68608K, 3% used [0x0000000080000000,0x000000008025e698,0x0000000084300000)
 Metaspace       used 21111K, committed 21504K, reserved 1114112K
  class space    used 2156K, committed 2368K, reserved 1048576K
}
Event: 3.034 GC heap after
{Heap after GC invocations=4 (full 0):
 PSYoungGen      total 29696K, used 4080K [0x00000000d5580000, 0x00000000d7680000, 0x0000000100000000)
  eden space 25600K, 0% used [0x00000000d5580000,0x00000000d5580000,0x00000000d6e80000)
  from space 4096K, 99% used [0x00000000d7280000,0x00000000d767c320,0x00000000d7680000)
  to   space 4096K, 0% used [0x00000000d6e80000,0x00000000d6e80000,0x00000000d7280000)
 ParOldGen       total 68608K, used 2986K [0x0000000080000000, 0x0000000084300000, 0x00000000d5580000)
  object space 68608K, 4% used [0x0000000080000000,0x00000000802eaae0,0x0000000084300000)
 Metaspace       used 21111K, committed 21504K, reserved 1114112K
  class space    used 2156K, committed 2368K, reserved 1048576K
}
Event: 3.034 GC heap before
{Heap before GC invocations=5 (full 1):
 PSYoungGen      total 29696K, used 4080K [0x00000000d5580000, 0x00000000d7680000, 0x0000000100000000)
  eden space 25600K, 0% used [0x00000000d5580000,0x00000000d5580000,0x00000000d6e80000)
  from space 4096K, 99% used [0x00000000d7280000,0x00000000d767c320,0x00000000d7680000)
  to   space 4096K, 0% used [0x00000000d6e80000,0x00000000d6e80000,0x00000000d7280000)
 ParOldGen       total 68608K, used 2986K [0x0000000080000000, 0x0000000084300000, 0x00000000d5580000)
  object space 68608K, 4% used [0x0000000080000000,0x00000000802eaae0,0x0000000084300000)
 Metaspace       used 21111K, committed 21504K, reserved 1114112K
  class space    used 2156K, committed 2368K, reserved 1048576K
}
Event: 3.064 GC heap after
{Heap after GC invocations=5 (full 1):
 PSYoungGen      total 29696K, used 0K [0x00000000d5580000, 0x00000000d7680000, 0x0000000100000000)
  eden space 25600K, 0% used [0x00000000d5580000,0x00000000d5580000,0x00000000d6e80000)
  from space 4096K, 0% used [0x00000000d7280000,0x00000000d7280000,0x00000000d7680000)
  to   space 4096K, 0% used [0x00000000d6e80000,0x00000000d6e80000,0x00000000d7280000)
 ParOldGen       total 68608K, used 6891K [0x0000000080000000, 0x0000000084300000, 0x00000000d5580000)
  object space 68608K, 10% used [0x0000000080000000,0x00000000806bae40,0x0000000084300000)
 Metaspace       used 21098K, committed 21504K, reserved 1114112K
  class space    used 2152K, committed 2368K, reserved 1048576K
}
Event: 3.340 GC heap before
{Heap before GC invocations=6 (full 1):
 PSYoungGen      total 29696K, used 25600K [0x00000000d5580000, 0x00000000d7680000, 0x0000000100000000)
  eden space 25600K, 100% used [0x00000000d5580000,0x00000000d6e80000,0x00000000d6e80000)
  from space 4096K, 0% used [0x00000000d7280000,0x00000000d7280000,0x00000000d7680000)
  to   space 4096K, 0% used [0x00000000d6e80000,0x00000000d6e80000,0x00000000d7280000)
 ParOldGen       total 68608K, used 6891K [0x0000000080000000, 0x0000000084300000, 0x00000000d5580000)
  object space 68608K, 10% used [0x0000000080000000,0x00000000806bae40,0x0000000084300000)
 Metaspace       used 24176K, committed 24704K, reserved 1114112K
  class space    used 2387K, committed 2624K, reserved 1048576K
}
Event: 3.341 GC heap after
{Heap after GC invocations=6 (full 1):
 PSYoungGen      total 26112K, used 772K [0x00000000d5580000, 0x00000000d7300000, 0x0000000100000000)
  eden space 25088K, 0% used [0x00000000d5580000,0x00000000d5580000,0x00000000d6e00000)
  from space 1024K, 75% used [0x00000000d6e80000,0x00000000d6f41260,0x00000000d6f80000)
  to   space 2560K, 0% used [0x00000000d7080000,0x00000000d7080000,0x00000000d7300000)
 ParOldGen       total 68608K, used 6899K [0x0000000080000000, 0x0000000084300000, 0x00000000d5580000)
  object space 68608K, 10% used [0x0000000080000000,0x00000000806bce40,0x0000000084300000)
 Metaspace       used 24176K, committed 24704K, reserved 1114112K
  class space    used 2387K, committed 2624K, reserved 1048576K
}

Dll operation events (9 events):
Event: 0.025 Loaded shared library c:\Users\Sergio\.vscode\extensions\redhat.java-1.31.0-win32-x64\jre\17.0.11-win32-x86_64\bin\java.dll
Event: 0.372 Loaded shared library c:\Users\Sergio\.vscode\extensions\redhat.java-1.31.0-win32-x64\jre\17.0.11-win32-x86_64\bin\zip.dll
Event: 0.378 Loaded shared library C:\Users\Sergio\.vscode\extensions\redhat.java-1.31.0-win32-x64\jre\17.0.11-win32-x86_64\bin\instrument.dll
Event: 0.420 Loaded shared library C:\Users\Sergio\.vscode\extensions\redhat.java-1.31.0-win32-x64\jre\17.0.11-win32-x86_64\bin\net.dll
Event: 0.423 Loaded shared library C:\Users\Sergio\.vscode\extensions\redhat.java-1.31.0-win32-x64\jre\17.0.11-win32-x86_64\bin\nio.dll
Event: 0.445 Loaded shared library C:\Users\Sergio\.vscode\extensions\redhat.java-1.31.0-win32-x64\jre\17.0.11-win32-x86_64\bin\zip.dll
Event: 0.467 Loaded shared library C:\Users\Sergio\.vscode\extensions\redhat.java-1.31.0-win32-x64\jre\17.0.11-win32-x86_64\bin\jimage.dll
Event: 0.561 Loaded shared library c:\Users\Sergio\.vscode\extensions\redhat.java-1.31.0-win32-x64\jre\17.0.11-win32-x86_64\bin\verify.dll
Event: 2.017 Loaded shared library C:\Users\Sergio\AppData\Roaming\Code\User\globalStorage\redhat.java\1.31.0\config_ss_win\org.eclipse.equinox.launcher\org.eclipse.equinox.launcher.win32.win32.x86_64_1.2.1000.v20240507-1834\eclipse_11902.dll

Deoptimization events (20 events):
Event: 3.027 Thread 0x00000173454ded00 DEOPT PACKING pc=0x0000017332f1c674 sp=0x0000006c471f7c60
Event: 3.027 Thread 0x00000173454ded00 DEOPT UNPACKING pc=0x00000173329866a3 sp=0x0000006c471f7b88 mode 2
Event: 3.027 Thread 0x00000173454ded00 Uncommon trap: trap_request=0xffffff45 fr.pc=0x0000017332f5fe1c relative=0x000000000000009c
Event: 3.027 Thread 0x00000173454ded00 Uncommon trap: reason=unstable_if action=reinterpret pc=0x0000017332f5fe1c method=jdk.internal.misc.Unsafe.getLongUnaligned(Ljava/lang/Object;J)J @ 7 c2
Event: 3.027 Thread 0x00000173454ded00 DEOPT PACKING pc=0x0000017332f5fe1c sp=0x0000006c471f7bd0
Event: 3.027 Thread 0x00000173454ded00 DEOPT UNPACKING pc=0x00000173329866a3 sp=0x0000006c471f7b80 mode 2
Event: 3.079 Thread 0x00000173454ded00 Uncommon trap: trap_request=0xffffff45 fr.pc=0x0000017332efb948 relative=0x0000000000000048
Event: 3.079 Thread 0x00000173454ded00 Uncommon trap: reason=unstable_if action=reinterpret pc=0x0000017332efb948 method=java.lang.CharacterData.of(I)Ljava/lang/CharacterData; @ 4 c2
Event: 3.079 Thread 0x00000173454ded00 DEOPT PACKING pc=0x0000017332efb948 sp=0x0000006c471f8bd0
Event: 3.079 Thread 0x00000173454ded00 DEOPT UNPACKING pc=0x00000173329866a3 sp=0x0000006c471f8b68 mode 2
Event: 3.208 Thread 0x00000173454ded00 Uncommon trap: trap_request=0xffffff45 fr.pc=0x0000017332fb2c04 relative=0x0000000000000844
Event: 3.208 Thread 0x00000173454ded00 Uncommon trap: reason=unstable_if action=reinterpret pc=0x0000017332fb2c04 method=org.lombokweb.asm.ClassReader.readUTF8(I[C)Ljava/lang/String; @ 11 c2
Event: 3.208 Thread 0x00000173454ded00 DEOPT PACKING pc=0x0000017332fb2c04 sp=0x0000006c471ef750
Event: 3.208 Thread 0x00000173454ded00 DEOPT UNPACKING pc=0x00000173329866a3 sp=0x0000006c471ef748 mode 2
Event: 3.361 Thread 0x00000173454ded00 DEOPT PACKING pc=0x000001732b4ee843 sp=0x0000006c471f0200
Event: 3.361 Thread 0x00000173454ded00 DEOPT UNPACKING pc=0x0000017332986e43 sp=0x0000006c471ef720 mode 0
Event: 3.462 Thread 0x00000173454ded00 Uncommon trap: trap_request=0xffffff45 fr.pc=0x0000017332fbae74 relative=0x0000000000000354
Event: 3.462 Thread 0x00000173454ded00 Uncommon trap: reason=unstable_if action=reinterpret pc=0x0000017332fbae74 method=org.lombokweb.asm.Label.resolve([BLorg/lombokweb/asm/ByteVector;I)Z @ 81 c2
Event: 3.462 Thread 0x00000173454ded00 DEOPT PACKING pc=0x0000017332fbae74 sp=0x0000006c471eee00
Event: 3.462 Thread 0x00000173454ded00 DEOPT UNPACKING pc=0x00000173329866a3 sp=0x0000006c471eed08 mode 2

Classes unloaded (7 events):
Event: 3.039 Thread 0x0000017343af24c0 Unloading class 0x000000010021a400 'java/lang/invoke/LambdaForm$MH+0x000000010021a400'
Event: 3.039 Thread 0x0000017343af24c0 Unloading class 0x000000010021a000 'java/lang/invoke/LambdaForm$MH+0x000000010021a000'
Event: 3.039 Thread 0x0000017343af24c0 Unloading class 0x0000000100219c00 'java/lang/invoke/LambdaForm$MH+0x0000000100219c00'
Event: 3.039 Thread 0x0000017343af24c0 Unloading class 0x0000000100219800 'java/lang/invoke/LambdaForm$MH+0x0000000100219800'
Event: 3.039 Thread 0x0000017343af24c0 Unloading class 0x0000000100219400 'java/lang/invoke/LambdaForm$BMH+0x0000000100219400'
Event: 3.039 Thread 0x0000017343af24c0 Unloading class 0x0000000100219000 'java/lang/invoke/LambdaForm$DMH+0x0000000100219000'
Event: 3.039 Thread 0x0000017343af24c0 Unloading class 0x0000000100214400 'java/lang/invoke/LambdaForm$DMH+0x0000000100214400'

Classes redefined (0 events):
No events

Internal exceptions (20 events):
Event: 2.704 Thread 0x00000173454ded00 Exception <a 'java/lang/NoSuchMethodError'{0x00000000d6ad62c0}: 'int java.lang.invoke.DirectMethodHandle$Holder.invokeSpecial(java.lang.Object, java.lang.Object, java.lang.Object, int)'> (0x00000000d6ad62c0) 
thrown [s\src\hotspot\share\interpreter\linkResolver.cpp, line 759]
Event: 2.708 Thread 0x00000173454ded00 Exception <a 'java/lang/NoSuchMethodError'{0x00000000d6af2a10}: 'java.lang.Object java.lang.invoke.DirectMethodHandle$Holder.invokeStatic(java.lang.Object, java.lang.Object, java.lang.Object, java.lang.Object, int)'> (0x00000000d6af2a10) 
thrown [s\src\hotspot\share\interpreter\linkResolver.cpp, line 759]
Event: 2.712 Thread 0x00000173454ded00 Exception <a 'java/lang/NoSuchMethodError'{0x00000000d6afea08}: 'java.lang.Object java.lang.invoke.DelegatingMethodHandle$Holder.reinvoke_L(java.lang.Object, java.lang.Object, java.lang.Object, java.lang.Object, int, int)'> (0x00000000d6afea08) 
thrown [s\src\hotspot\share\interpreter\linkResolver.cpp, line 759]
Event: 2.714 Thread 0x00000173454ded00 Exception <a 'java/lang/NoSuchMethodError'{0x00000000d6b13228}: 'java.lang.Object java.lang.invoke.Invokers$Holder.invokeExact_MT(java.lang.Object, java.lang.Object, java.lang.Object, java.lang.Object)'> (0x00000000d6b13228) 
thrown [s\src\hotspot\share\interpreter\linkResolver.cpp, line 759]
Event: 2.785 Thread 0x00000173454ded00 Exception <a 'java/io/FileNotFoundException'{0x00000000d6da2698}> (0x00000000d6da2698) 
thrown [s\src\hotspot\share\prims\jni.cpp, line 516]
Event: 2.786 Thread 0x00000173454ded00 Exception <a 'java/io/FileNotFoundException'{0x00000000d6da9c00}> (0x00000000d6da9c00) 
thrown [s\src\hotspot\share\prims\jni.cpp, line 516]
Event: 2.895 Thread 0x00000173454ded00 Exception <a 'java/lang/NoSuchMethodError'{0x00000000d57e60c0}: 'java.lang.Object java.lang.invoke.DirectMethodHandle$Holder.newInvokeSpecial(java.lang.Object, java.lang.Object, java.lang.Object, java.lang.Object, java.lang.Object)'> (0x00000000d57e60c0) 
thrown [s\src\hotspot\share\interpreter\linkResolver.cpp, line 759]
Event: 2.930 Thread 0x00000173454ded00 Exception <a 'java/lang/NoSuchMethodError'{0x00000000d5925f98}: 'java.lang.Object java.lang.invoke.DirectMethodHandle$Holder.invokeStaticInit(java.lang.Object, int)'> (0x00000000d5925f98) 
thrown [s\src\hotspot\share\interpreter\linkResolver.cpp, line 759]
Event: 2.999 Thread 0x00000173454ded00 Exception <a 'java/lang/NoSuchMethodError'{0x00000000d5b66310}: 'java.lang.Object java.lang.invoke.DirectMethodHandle$Holder.invokeSpecial(java.lang.Object, java.lang.Object, java.lang.Object, long, java.lang.Object)'> (0x00000000d5b66310) 
thrown [s\src\hotspot\share\interpreter\linkResolver.cpp, line 759]
Event: 3.000 Thread 0x00000173454ded00 Exception <a 'java/lang/NoSuchMethodError'{0x00000000d5b6e4c8}: 'java.lang.Object java.lang.invoke.DirectMethodHandle$Holder.newInvokeSpecial(java.lang.Object, java.lang.Object, java.lang.Object, long)'> (0x00000000d5b6e4c8) 
thrown [s\src\hotspot\share\interpreter\linkResolver.cpp, line 759]
Event: 3.000 Thread 0x00000173454ded00 Exception <a 'java/lang/NoSuchMethodError'{0x00000000d5b72a68}: 'java.lang.Object java.lang.invoke.DirectMethodHandle$Holder.invokeSpecial(java.lang.Object, java.lang.Object, java.lang.Object, java.lang.Object, long)'> (0x00000000d5b72a68) 
thrown [s\src\hotspot\share\interpreter\linkResolver.cpp, line 759]
Event: 3.000 Thread 0x00000173454ded00 Exception <a 'java/lang/NoSuchMethodError'{0x00000000d5b768e0}: 'java.lang.Object java.lang.invoke.Invokers$Holder.linkToTargetMethod(java.lang.Object, java.lang.Object, long, java.lang.Object)'> (0x00000000d5b768e0) 
thrown [s\src\hotspot\share\interpreter\linkResolver.cpp, line 759]
Event: 3.013 Thread 0x00000173454ded00 Exception <a 'java/lang/NoSuchMethodError'{0x00000000d5bf7f80}: 'int java.lang.invoke.DirectMethodHandle$Holder.invokeStaticInit(java.lang.Object, java.lang.Object, java.lang.Object)'> (0x00000000d5bf7f80) 
thrown [s\src\hotspot\share\interpreter\linkResolver.cpp, line 759]
Event: 3.095 Thread 0x00000173454ded00 Exception <a 'java/lang/IncompatibleClassChangeError'{0x00000000d5746e58}: Found class java.lang.Object, but interface was expected> (0x00000000d5746e58) 
thrown [s\src\hotspot\share\interpreter\linkResolver.cpp, line 826]
Event: 3.099 Thread 0x00000173454ded00 Exception <a 'java/lang/NoSuchMethodError'{0x00000000d575a8f0}: 'java.lang.Object java.lang.invoke.DirectMethodHandle$Holder.invokeSpecial(java.lang.Object, java.lang.Object, java.lang.Object, int, java.lang.Object, java.lang.Object)'> (0x00000000d575a8f0) 
thrown [s\src\hotspot\share\interpreter\linkResolver.cpp, line 759]
Event: 3.100 Thread 0x00000173454ded00 Exception <a 'java/lang/NoSuchMethodError'{0x00000000d5763370}: 'java.lang.Object java.lang.invoke.DirectMethodHandle$Holder.newInvokeSpecial(java.lang.Object, java.lang.Object, java.lang.Object, int, java.lang.Object)'> (0x00000000d5763370) 
thrown [s\src\hotspot\share\interpreter\linkResolver.cpp, line 759]
Event: 3.101 Thread 0x00000173454ded00 Exception <a 'java/lang/NoSuchMethodError'{0x00000000d57677c8}: 'java.lang.Object java.lang.invoke.DirectMethodHandle$Holder.invokeSpecial(java.lang.Object, java.lang.Object, java.lang.Object, java.lang.Object, int, java.lang.Object)'> (0x00000000d57677c8) 
thrown [s\src\hotspot\share\interpreter\linkResolver.cpp, line 759]
Event: 3.101 Thread 0x0000017345674860 Exception <a 'java/lang/NoSuchMethodError'{0x00000000d57a4aa0}: 'java.lang.Object java.lang.invoke.DirectMethodHandle$Holder.invokeSpecial(java.lang.Object, java.lang.Object, int, java.lang.Object, java.lang.Object)'> (0x00000000d57a4aa0) 
thrown [s\src\hotspot\share\interpreter\linkResolver.cpp, line 759]
Event: 3.102 Thread 0x0000017345674860 Exception <a 'java/lang/NoSuchMethodError'{0x00000000d57ac170}: 'java.lang.Object java.lang.invoke.DirectMethodHandle$Holder.newInvokeSpecial(java.lang.Object, java.lang.Object, int, java.lang.Object)'> (0x00000000d57ac170) 
thrown [s\src\hotspot\share\interpreter\linkResolver.cpp, line 759]
Event: 3.103 Thread 0x0000017345674860 Exception <a 'java/lang/NoSuchMethodError'{0x00000000d57afc80}: 'java.lang.Object java.lang.invoke.DirectMethodHandle$Holder.invokeSpecial(java.lang.Object, java.lang.Object, java.lang.Object, int, java.lang.Object)'> (0x00000000d57afc80) 
thrown [s\src\hotspot\share\interpreter\linkResolver.cpp, line 759]

VM Operations (20 events):
Event: 2.129 Executing VM operation: HandshakeAllThreads
Event: 2.129 Executing VM operation: HandshakeAllThreads done
Event: 2.165 Executing VM operation: ParallelGCFailedAllocation
Event: 2.172 Executing VM operation: ParallelGCFailedAllocation done
Event: 2.555 Executing VM operation: HandshakeAllThreads
Event: 2.555 Executing VM operation: HandshakeAllThreads done
Event: 2.699 Executing VM operation: HandshakeAllThreads
Event: 2.699 Executing VM operation: HandshakeAllThreads done
Event: 2.801 Executing VM operation: ParallelGCFailedAllocation
Event: 2.806 Executing VM operation: ParallelGCFailedAllocation done
Event: 3.026 Executing VM operation: HandshakeAllThreads
Event: 3.026 Executing VM operation: HandshakeAllThreads done
Event: 3.031 Executing VM operation: CollectForMetadataAllocation
Event: 3.065 Executing VM operation: CollectForMetadataAllocation done
Event: 3.080 Executing VM operation: HandshakeAllThreads
Event: 3.080 Executing VM operation: HandshakeAllThreads done
Event: 3.116 Executing VM operation: HandshakeAllThreads
Event: 3.116 Executing VM operation: HandshakeAllThreads done
Event: 3.340 Executing VM operation: ParallelGCFailedAllocation
Event: 3.341 Executing VM operation: ParallelGCFailedAllocation done

Events (20 events):
Event: 3.150 loading class java/util/zip/GZIPOutputStream
Event: 3.150 loading class java/util/zip/GZIPOutputStream done
Event: 3.153 loading class java/util/zip/GZIPInputStream
Event: 3.153 loading class java/util/zip/GZIPInputStream done
Event: 3.175 loading class java/net/SocketTimeoutException
Event: 3.175 loading class java/io/InterruptedIOException
Event: 3.175 loading class java/io/InterruptedIOException done
Event: 3.175 loading class java/net/SocketTimeoutException done
Event: 3.175 loading class java/net/SocketException
Event: 3.175 loading class java/net/SocketException done
Event: 3.175 loading class java/net/UnknownHostException
Event: 3.175 loading class java/net/UnknownHostException done
Event: 3.175 loading class java/net/ProtocolException
Event: 3.175 loading class java/net/ProtocolException done
Event: 3.193 loading class java/lang/ThreadLocal$SuppliedThreadLocal
Event: 3.193 loading class java/lang/ThreadLocal$SuppliedThreadLocal done
Event: 3.198 loading class java/io/FileWriter
Event: 3.198 loading class java/io/FileWriter done
Event: 3.271 loading class java/lang/NegativeArraySizeException
Event: 3.271 loading class java/lang/NegativeArraySizeException done


Dynamic libraries:
0x00007ff6eb640000 - 0x00007ff6eb64e000 	c:\Users\Sergio\.vscode\extensions\redhat.java-1.31.0-win32-x64\jre\17.0.11-win32-x86_64\bin\java.exe
0x00007ffcb72b0000 - 0x00007ffcb74c7000 	C:\WINDOWS\SYSTEM32\ntdll.dll
0x00007ffcb5b50000 - 0x00007ffcb5c14000 	C:\WINDOWS\System32\KERNEL32.DLL
0x00007ffcb4720000 - 0x00007ffcb4acc000 	C:\WINDOWS\System32\KERNELBASE.dll
0x00007ffcabd80000 - 0x00007ffcabe17000 	C:\WINDOWS\SYSTEM32\apphelp.dll
0x00007ffcb4bc0000 - 0x00007ffcb4cd1000 	C:\WINDOWS\System32\ucrtbase.dll
0x00007ffc99530000 - 0x00007ffc99547000 	c:\Users\Sergio\.vscode\extensions\redhat.java-1.31.0-win32-x64\jre\17.0.11-win32-x86_64\bin\jli.dll
0x00007ffcb5710000 - 0x00007ffcb58be000 	C:\WINDOWS\System32\USER32.dll
0x00007ffcb4ad0000 - 0x00007ffcb4af6000 	C:\WINDOWS\System32\win32u.dll
0x00007ffcb5030000 - 0x00007ffcb5059000 	C:\WINDOWS\System32\GDI32.dll
0x00007ffcb4ce0000 - 0x00007ffcb4df9000 	C:\WINDOWS\System32\gdi32full.dll
0x00007ffcb4680000 - 0x00007ffcb471a000 	C:\WINDOWS\System32\msvcp_win.dll
0x00007ffc8eeb0000 - 0x00007ffc8eecb000 	c:\Users\Sergio\.vscode\extensions\redhat.java-1.31.0-win32-x64\jre\17.0.11-win32-x86_64\bin\VCRUNTIME140.dll
0x00007ffc9e230000 - 0x00007ffc9e4c3000 	C:\WINDOWS\WinSxS\amd64_microsoft.windows.common-controls_6595b64144ccf1df_6.0.22621.3672_none_2713b9d173822955\COMCTL32.dll
0x00007ffcb6e60000 - 0x00007ffcb6f07000 	C:\WINDOWS\System32\msvcrt.dll
0x00007ffcb4ff0000 - 0x00007ffcb5021000 	C:\WINDOWS\System32\IMM32.DLL
0x00007ffca97b0000 - 0x00007ffca97bc000 	c:\Users\Sergio\.vscode\extensions\redhat.java-1.31.0-win32-x64\jre\17.0.11-win32-x86_64\bin\vcruntime140_1.dll
0x00007ffc85b20000 - 0x00007ffc85bad000 	c:\Users\Sergio\.vscode\extensions\redhat.java-1.31.0-win32-x64\jre\17.0.11-win32-x86_64\bin\msvcp140.dll
0x00007ffc43f00000 - 0x00007ffc44b62000 	c:\Users\Sergio\.vscode\extensions\redhat.java-1.31.0-win32-x64\jre\17.0.11-win32-x86_64\bin\server\jvm.dll
0x00007ffcb6da0000 - 0x00007ffcb6e52000 	C:\WINDOWS\System32\ADVAPI32.dll
0x00007ffcb61b0000 - 0x00007ffcb625a000 	C:\WINDOWS\System32\sechost.dll
0x00007ffcb45e0000 - 0x00007ffcb4608000 	C:\WINDOWS\System32\bcrypt.dll
0x00007ffcb7140000 - 0x00007ffcb7255000 	C:\WINDOWS\System32\RPCRT4.dll
0x00007ffcb3470000 - 0x00007ffcb34bd000 	C:\WINDOWS\SYSTEM32\POWRPROF.dll
0x00007ffcac770000 - 0x00007ffcac779000 	C:\WINDOWS\SYSTEM32\WSOCK32.dll
0x00007ffcabf90000 - 0x00007ffcabfc4000 	C:\WINDOWS\SYSTEM32\WINMM.dll
0x00007ffcb5300000 - 0x00007ffcb5371000 	C:\WINDOWS\System32\WS2_32.dll
0x00007ffca9900000 - 0x00007ffca990a000 	C:\WINDOWS\SYSTEM32\VERSION.dll
0x00007ffcb3450000 - 0x00007ffcb3463000 	C:\WINDOWS\SYSTEM32\UMPDC.dll
0x00007ffcb3700000 - 0x00007ffcb3718000 	C:\WINDOWS\SYSTEM32\kernel.appcore.dll
0x00007ffca9720000 - 0x00007ffca972a000 	c:\Users\Sergio\.vscode\extensions\redhat.java-1.31.0-win32-x64\jre\17.0.11-win32-x86_64\bin\jimage.dll
0x00007ffcb1f50000 - 0x00007ffcb2182000 	C:\WINDOWS\SYSTEM32\DBGHELP.DLL
0x00007ffcb5380000 - 0x00007ffcb5708000 	C:\WINDOWS\System32\combase.dll
0x00007ffcb5220000 - 0x00007ffcb52f7000 	C:\WINDOWS\System32\OLEAUT32.dll
0x00007ffca9af0000 - 0x00007ffca9b22000 	C:\WINDOWS\SYSTEM32\dbgcore.DLL
0x00007ffcb4e00000 - 0x00007ffcb4e7b000 	C:\WINDOWS\System32\bcryptPrimitives.dll
0x00007ffca96e0000 - 0x00007ffca96ee000 	c:\Users\Sergio\.vscode\extensions\redhat.java-1.31.0-win32-x64\jre\17.0.11-win32-x86_64\bin\instrument.dll
0x00007ffc85fc0000 - 0x00007ffc85fe5000 	c:\Users\Sergio\.vscode\extensions\redhat.java-1.31.0-win32-x64\jre\17.0.11-win32-x86_64\bin\java.dll
0x00007ffc8bf20000 - 0x00007ffc8bf38000 	c:\Users\Sergio\.vscode\extensions\redhat.java-1.31.0-win32-x64\jre\17.0.11-win32-x86_64\bin\zip.dll
0x00007ffcb6380000 - 0x00007ffcb6bdc000 	C:\WINDOWS\System32\SHELL32.dll
0x00007ffcb2540000 - 0x00007ffcb2e37000 	C:\WINDOWS\SYSTEM32\windows.storage.dll
0x00007ffcb2400000 - 0x00007ffcb253f000 	C:\WINDOWS\SYSTEM32\wintypes.dll
0x00007ffcb6280000 - 0x00007ffcb6374000 	C:\WINDOWS\System32\SHCORE.dll
0x00007ffcb6150000 - 0x00007ffcb61ae000 	C:\WINDOWS\System32\shlwapi.dll
0x00007ffcb4510000 - 0x00007ffcb4531000 	C:\WINDOWS\SYSTEM32\profapi.dll
0x00007ffc82340000 - 0x00007ffc82359000 	C:\Users\Sergio\.vscode\extensions\redhat.java-1.31.0-win32-x64\jre\17.0.11-win32-x86_64\bin\net.dll
0x00007ffcad380000 - 0x00007ffcad4b6000 	C:\WINDOWS\SYSTEM32\WINHTTP.dll
0x00007ffcb3b70000 - 0x00007ffcb3bd9000 	C:\WINDOWS\system32\mswsock.dll
0x00007ffc81f90000 - 0x00007ffc81fa6000 	C:\Users\Sergio\.vscode\extensions\redhat.java-1.31.0-win32-x64\jre\17.0.11-win32-x86_64\bin\nio.dll
0x00007ffca90c0000 - 0x00007ffca90d0000 	c:\Users\Sergio\.vscode\extensions\redhat.java-1.31.0-win32-x64\jre\17.0.11-win32-x86_64\bin\verify.dll
0x00007ffc5c7f0000 - 0x00007ffc5c834000 	C:\Users\Sergio\AppData\Roaming\Code\User\globalStorage\redhat.java\1.31.0\config_ss_win\org.eclipse.equinox.launcher\org.eclipse.equinox.launcher.win32.win32.x86_64_1.2.1000.v20240507-1834\eclipse_11902.dll
0x00007ffcb5930000 - 0x00007ffcb5ad5000 	C:\WINDOWS\System32\ole32.dll

dbghelp: loaded successfully - version: 4.0.5 - missing functions: none
symbol engine: initialized successfully - sym options: 0x614 - pdb path: .;c:\Users\Sergio\.vscode\extensions\redhat.java-1.31.0-win32-x64\jre\17.0.11-win32-x86_64\bin;C:\WINDOWS\SYSTEM32;C:\WINDOWS\WinSxS\amd64_microsoft.windows.common-controls_6595b64144ccf1df_6.0.22621.3672_none_2713b9d173822955;c:\Users\Sergio\.vscode\extensions\redhat.java-1.31.0-win32-x64\jre\17.0.11-win32-x86_64\bin\server;C:\Users\Sergio\AppData\Roaming\Code\User\globalStorage\redhat.java\1.31.0\config_ss_win\org.eclipse.equinox.launcher\org.eclipse.equinox.launcher.win32.win32.x86_64_1.2.1000.v20240507-1834

VM Arguments:
jvm_args: --add-modules=ALL-SYSTEM --add-opens=java.base/java.util=ALL-UNNAMED --add-opens=java.base/java.lang=ALL-UNNAMED --add-opens=java.base/sun.nio.fs=ALL-UNNAMED -Declipse.application=org.eclipse.jdt.ls.core.id1 -Dosgi.bundles.defaultStartLevel=4 -Declipse.product=org.eclipse.jdt.ls.core.product -Djava.import.generatesMetadataFilesAtProjectRoot=false -DDetectVMInstallationsJob.disabled=true -Dfile.encoding=utf8 -XX:+UseParallelGC -XX:GCTimeRatio=4 -XX:AdaptiveSizePolicyWeight=90 -Dsun.zip.disableMemoryMapping=true -Xmx2G -Xms100m -Xlog:disable -javaagent:c:\Users\Sergio\.vscode\extensions\redhat.java-1.31.0-win32-x64\lombok\lombok-1.18.32.jar 
java_command: c:\Users\Sergio\.vscode\extensions\redhat.java-1.31.0-win32-x64\server\plugins\org.eclipse.equinox.launcher_1.6.800.v20240513-1750.jar -configuration c:\Users\Sergio\AppData\Roaming\Code\User\globalStorage\redhat.java\1.31.0\config_ss_win -data c:\Users\Sergio\AppData\Roaming\Code\User\workspaceStorage\5343854ed622dacb063563fdaa0c68f0\redhat.java\ss_ws --pipe=\\.\pipe\lsp-95ebd5f93011e355ef62e0ef43efde4b-sock
java_class_path (initial): c:\Users\Sergio\.vscode\extensions\redhat.java-1.31.0-win32-x64\server\plugins\org.eclipse.equinox.launcher_1.6.800.v20240513-1750.jar
Launcher Type: SUN_STANDARD

[Global flags]
    uintx AdaptiveSizePolicyWeight                 = 90                                        {product} {command line}
     intx CICompilerCount                          = 4                                         {product} {ergonomic}
    uintx GCTimeRatio                              = 4                                         {product} {command line}
   size_t InitialHeapSize                          = 104857600                                 {product} {command line}
   size_t MaxHeapSize                              = 2147483648                                {product} {command line}
   size_t MaxNewSize                               = 715653120                                 {product} {ergonomic}
   size_t MinHeapDeltaBytes                        = 524288                                    {product} {ergonomic}
   size_t MinHeapSize                              = 104857600                                 {product} {command line}
   size_t NewSize                                  = 34603008                                  {product} {ergonomic}
    uintx NonNMethodCodeHeapSize                   = 5839372                                {pd product} {ergonomic}
    uintx NonProfiledCodeHeapSize                  = 122909434                              {pd product} {ergonomic}
   size_t OldSize                                  = 70254592                                  {product} {ergonomic}
    uintx ProfiledCodeHeapSize                     = 122909434                              {pd product} {ergonomic}
    uintx ReservedCodeCacheSize                    = 251658240                              {pd product} {ergonomic}
     bool SegmentedCodeCache                       = true                                      {product} {ergonomic}
   size_t SoftMaxHeapSize                          = 2147483648                             {manageable} {ergonomic}
     bool UseCompressedClassPointers               = true                           {product lp64_product} {ergonomic}
     bool UseCompressedOops                        = true                           {product lp64_product} {ergonomic}
     bool UseLargePagesIndividualAllocation        = false                                  {pd product} {ergonomic}
     bool UseParallelGC                            = true                                      {product} {command line}

Logging:
Log output configuration:
 #0: stdout all=off uptime,level,tags
 #1: stderr all=off uptime,level,tags

Environment Variables:
JAVA_HOME=C:\Program Files\Java\jdk-15
PATH=C:\Program Files\Java\jdk-15\bin;C:\Program Files\Maven\apache-maven-3.9.4-bin\apache-maven-3.9.4\bin;C:\Phyton38\Scripts\;C:\Phyton38\;C:\Program Files\Common Files\Oracle\Java\javapath;C:\Program Files (x86)\Common Files\Oracle\Java\java8path;C:\Program Files (x86)\Common Files\Oracle\Java\javapath;C:\WINDOWS\system32;C:\WINDOWS;C:\WINDOWS\System32\Wbem;C:\WINDOWS\System32\WindowsPowerShell\v1.0\;C:\WINDOWS\System32\OpenSSH\;C:\Program Files\Git\cmd;C:\Program Files (x86)\Scm Group\Xilog Plus\BIN;C:\Program Files\Microsoft SQL Server\Client SDK\ODBC\170\Tools\Binn\;C:\Program Files (x86)\Microsoft SQL Server\150\Tools\Binn\;C:\Program Files\Microsoft SQL Server\150\Tools\Binn\;C:\Program Files\Microsoft SQL Server\150\DTS\Binn\;C:\Program Files\AutoFirmaJA\AutoFirmaJA;C:\xampp\php;C:\Program Files (x86)\Bitvise SSH Client;C:\Program Files\PuTTY\;C:\ProgramData\ComposerSetup\bin;C:\xampp\mysql\bin;C:\Program Files\Maven\apache-maven-3.9.4-bin\apache-maven-3.9.4\bin;%NVM_HOME%;%NVM_SYMLINK%;C:\Program Files\MySQL\MySQL Shell 8.0\bin\;C:\Users\Sergio\AppData\Local\Microsoft\WindowsApps;C:\Users\Sergio\AppData\Local\Programs\Microsoft VS Code\bin;C:\Users\Sergio\AppData\Roaming\npm;C:\Users\Sergio\AppData\Roaming\Composer\vendor\bin;C:\Users\Sergio\AppData\Local\Microsoft\WindowsApps;C:\Users\Sergio\AppData\Roaming\nvm;C:\Program Files\nodejs
USERNAME=Sergio
OS=Windows_NT
PROCESSOR_IDENTIFIER=Intel64 Family 6 Model 142 Stepping 12, GenuineIntel
TMP=C:\Users\Sergio\AppData\Local\Temp
TEMP=C:\Users\Sergio\AppData\Local\Temp



Periodic native trim disabled


---------------  S Y S T E M  ---------------

OS:
 Windows 11 , 64 bit Build 22621 (10.0.22621.3672)
OS uptime: 2 days 4:12 hours

CPU: total 8 (initial active 8) (4 cores per cpu, 2 threads per core) family 6 model 142 stepping 12 microcode 0xde, cx8, cmov, fxsr, ht, mmx, 3dnowpref, sse, sse2, sse3, ssse3, sse4.1, sse4.2, popcnt, lzcnt, tsc, tscinvbit, avx, avx2, aes, erms, clmul, bmi1, bmi2, adx, fma, vzeroupper, clflush, clflushopt
Processor Information for processor 0
  Max Mhz: 2304, Current Mhz: 1803, Mhz Limit: 1797
Processor Information for processor 1
  Max Mhz: 2304, Current Mhz: 1803, Mhz Limit: 1797
Processor Information for processor 2
  Max Mhz: 2304, Current Mhz: 1803, Mhz Limit: 1797
Processor Information for processor 3
  Max Mhz: 2304, Current Mhz: 1803, Mhz Limit: 1797
Processor Information for processor 4
  Max Mhz: 2304, Current Mhz: 1803, Mhz Limit: 1797
Processor Information for processor 5
  Max Mhz: 2304, Current Mhz: 1803, Mhz Limit: 1797
Processor Information for processor 6
  Max Mhz: 2304, Current Mhz: 1502, Mhz Limit: 1797
Processor Information for processor 7
  Max Mhz: 2304, Current Mhz: 1803, Mhz Limit: 1797

Memory: 4k page, system-wide physical 16193M (7086M free)
TotalPageFile size 17217M (AvailPageFile size 4771M)
current process WorkingSet (physical memory assigned to process): 130M, peak: 130M
current process commit charge ("private bytes"): 272M, peak: 272M

vm_info: OpenJDK 64-Bit Server VM (17.0.11+9) for windows-amd64 JRE (17.0.11+9), built on Apr 17 2024 06:07:48 by "admin" with MS VC++ 16.10 / 16.11 (VS2019)

END.
