#
# A fatal error has been detected by the Java Runtime Environment:
#
#  EXCEPTION_ACCESS_VIOLATION (0xc0000005) at pc=0x00007ffb68530416, pid=19240, tid=22320
#
# JRE version: OpenJDK Runtime Environment Temurin-17.0.11+9 (17.0.11+9) (build 17.0.11+9)
# Java VM: OpenJDK 64-Bit Server VM Temurin-17.0.11+9 (17.0.11+9, mixed mode, tiered, compressed oops, compressed class ptrs, parallel gc, windows-amd64)
# Problematic frame:
# V  [jvm.dll+0x6b0416]
#
# No core dump will be written. Minidumps are not enabled by default on client versions of Windows
#
# If you would like to submit a bug report, please visit:
#   https://github.com/adoptium/adoptium-support/issues
#

---------------  S U M M A R Y ------------

Command Line: --add-modules=ALL-SYSTEM --add-opens=java.base/java.util=ALL-UNNAMED --add-opens=java.base/java.lang=ALL-UNNAMED --add-opens=java.base/sun.nio.fs=ALL-UNNAMED -Declipse.application=org.eclipse.jdt.ls.core.id1 -Dosgi.bundles.defaultStartLevel=4 -Declipse.product=org.eclipse.jdt.ls.core.product -Djava.import.generatesMetadataFilesAtProjectRoot=false -DDetectVMInstallationsJob.disabled=true -Dfile.encoding=utf8 -XX:+UseParallelGC -XX:GCTimeRatio=4 -XX:AdaptiveSizePolicyWeight=90 -Dsun.zip.disableMemoryMapping=true -Xmx2G -Xms100m -Xlog:disable -javaagent:c:\Users\Sergio\.vscode\extensions\redhat.java-1.31.0-win32-x64\lombok\lombok-1.18.32.jar -XX:+HeapDumpOnOutOfMemoryError -XX:HeapDumpPath=c:\Users\Sergio\AppData\Roaming\Code\User\workspaceStorage\5343854ed622dacb063563fdaa0c68f0\redhat.java -Daether.dependencyCollector.impl=bf c:\Users\Sergio\.vscode\extensions\redhat.java-1.31.0-win32-x64\server\plugins\org.eclipse.equinox.launcher_1.6.800.v20240513-1750.jar -configuration c:\Users\Sergio\AppData\Roaming\Code\User\globalStorage\redhat.java\1.31.0\config_win -data c:\Users\Sergio\AppData\Roaming\Code\User\workspaceStorage\5343854ed622dacb063563fdaa0c68f0\redhat.java\jdt_ws --pipe=\\.\pipe\lsp-67f207ac74c5bfaf09bbe798a4fdfc7c-sock

Host: Intel(R) Core(TM) i7-10510U CPU @ 1.80GHz, 8 cores, 15G,  Windows 11 , 64 bit Build 22621 (10.0.22621.3672)
Time: Sun Jun  2 10:47:15 2024 Hora de verano romance elapsed time: 90.065294 seconds (0d 0h 1m 30s)

---------------  T H R E A D  ---------------

Current thread (0x0000026e40e8f450):  GCTaskThread "GC Thread#1" [stack: 0x000000ad83200000,0x000000ad83300000] [id=22320]

Stack: [0x000000ad83200000,0x000000ad83300000],  sp=0x000000ad832ffad0,  free space=1022k
Native frames: (J=compiled Java code, j=interpreted, Vv=VM code, C=native code)
V  [jvm.dll+0x6b0416]
V  [jvm.dll+0x6b0763]
V  [jvm.dll+0x6b8ee1]
V  [jvm.dll+0x6b9dfa]
V  [jvm.dll+0x86241b]
V  [jvm.dll+0x862466]
V  [jvm.dll+0x7e410a]
V  [jvm.dll+0x67c315]
C  [ucrtbase.dll+0x29333]
C  [KERNEL32.DLL+0x1257d]
C  [ntdll.dll+0x5aa48]


siginfo: EXCEPTION_ACCESS_VIOLATION (0xc0000005), reading address 0xffffffffffffffff


Registers:
RAX=0x1ffffffff0200000, RBX=0x0000000001000000, RCX=0x0000000000000000, RDX=0x0000026e36350000
RSP=0x000000ad832ffad0, RBP=0x0000026e3a846260, RSI=0x00007ffb688311c8, RDI=0x0000000084d21e08
R8 =0x007fffffffc08000, R9 =0x0000000000000001, R10=0x0000000000000800, R11=0x0000000084d211b0
R12=0x000000ad823fedc8, R13=0x0000000000000010, R14=0x0000000084d231c0, R15=0x0000000000000000
RIP=0x00007ffb68530416, EFLAGS=0x0000000000010206


Register to memory mapping:

RIP=0x00007ffb68530416 jvm.dll
RAX=0x1ffffffff0200000 is an unknown value
RBX=0x0000000001000000 is an unknown value
RCX=0x0 is NULL
RDX=0x0000026e36350000 points into unknown readable memory: 0x0000000000000001 | 01 00 00 00 00 00 00 00
RSP=0x000000ad832ffad0 points into unknown readable memory: 0x0000000084d18038 | 38 80 d1 84 00 00 00 00
RBP=0x0000026e3a846260 points into unknown readable memory: 0x0000026e22210150 | 50 01 21 22 6e 02 00 00
RSI=0x00007ffb688311c8 jvm.dll
RDI=0x0000000084d21e08 is pointing into object: [Ljava.lang.Object; 
{0x0000000084d211b0} - klass: 'java/lang/Object'[]
 - length: 6716
R8 =0x007fffffffc08000 is an unknown value
R9 =0x0000000000000001 is an unknown value
R10=0x0000000000000800 is an unknown value
R11=0x0000000084d211b0 is an oop: [Ljava.lang.Object; 
{0x0000000084d211b0} - klass: 'java/lang/Object'[]
 - length: 6716
R12=0x000000ad823fedc8 points into unknown readable memory: 0x0000000000000008 | 08 00 00 00 00 00 00 00
R13=0x0000000000000010 is an unknown value
R14=0x0000000084d231c0 is pointing into object: [Ljava.lang.Object; 
{0x0000000084d211b0} - klass: 'java/lang/Object'[]
 - length: 6716
R15=0x0 is NULL


Top of Stack: (sp=0x000000ad832ffad0)
0x000000ad832ffad0:   0000000084d18038 0000000084d18028
0x000000ad832ffae0:   0000000000000000 00007ffb689ac7c0
0x000000ad832ffaf0:   00007ffb689ac7c0 00007ffb68530763
0x000000ad832ffb00:   0000026e3a846260 00007ffb6879bb80
0x000000ad832ffb10:   00007ffb688311c8 000000000000716d
0x000000ad832ffb20:   0000000000000000 00007ffb00000000
0x000000ad832ffb30:   0000026e3a846260 00007ffb6852e681
0x000000ad832ffb40:   000000008105c718 0000000081bae37c
0x000000ad832ffb50:   00007ffb6879bb80 0000026e2442c320
0x000000ad832ffb60:   000000ad00000003 0000026e3a846260
0x000000ad832ffb70:   0000000000000000 0000000000000000
0x000000ad832ffb80:   0000000000000000 000000ad823fedc0
0x000000ad832ffb90:   00007ffb689ac7c0 000000000000000c
0x000000ad832ffba0:   0000026e3a846260 00007ffb68538ee1
0x000000ad832ffbb0:   0000026e3a846260 0000000000000000
0x000000ad832ffbc0:   00007ffb688311c8 00007ffb688311c8
0x000000ad832ffbd0:   0000000000000000 0000026e00000000
0x000000ad832ffbe0:   00007ffb688311c8 0000026e2442c320
0x000000ad832ffbf0:   0000000000000003 0000026e3a846260
0x000000ad832ffc00:   0000000000000000 000000ad823fedc0
0x000000ad832ffc10:   000000ad823fed88 000000ad823fec80
0x000000ad832ffc20:   0000000000000000 00007ffb68539dfa
0x000000ad832ffc30:   0000000000000005 000000ad832ffcb0
0x000000ad832ffc40:   000000008104ce08 0000026e3a846260
0x000000ad832ffc50:   000000ad823ff020 0000026e3fac0aa0
0x000000ad832ffc60:   0000000000000002 0000026e3a846260
0x000000ad832ffc70:   00007ffb688319b8 0000026e3a846260
0x000000ad832ffc80:   00007ffb68831bc0 0000000000000000
0x000000ad832ffc90:   0000000000000000 0000000000000000
0x000000ad832ffca0:   0000000000000000 00001d3976668ae7
0x000000ad832ffcb0:   0000000000000000 0000026e40e8f450
0x000000ad832ffcc0:   0000000000000000 0000000000000000 

Instructions: (pc=0x00007ffb68530416)
0x00007ffb68530316:   48 8b 74 24 48 48 83 c4 20 5f c3 cc cc cc cc cc
0x00007ffb68530326:   cc cc cc cc cc cc cc cc cc cc 48 89 5c 24 08 48
0x00007ffb68530336:   89 6c 24 10 48 89 74 24 18 48 89 7c 24 20 41 56
0x00007ffb68530346:   48 83 ec 20 80 3d 15 30 4d 00 00 bb 10 00 00 00
0x00007ffb68530356:   48 8b e9 4d 63 d0 4c 8b da 8b c3 8d 4b fc 0f 84
0x00007ffb68530366:   06 01 00 00 44 0f b6 0d f5 2f 4d 00 45 84 c9 0f
0x00007ffb68530376:   45 c1 4c 63 04 10 49 8b d2 49 8b c0 49 2b c2 41
0x00007ffb68530386:   ba 00 08 00 00 49 3b c2 4c 0f 42 d0 b8 18 00 00
0x00007ffb68530396:   00 4c 03 d2 45 84 c9 0f 45 c3 49 03 c3 48 8d 3c
0x00007ffb685303a6:   90 4e 8d 34 90 4d 3b d0 73 0e 4d 8b c2 49 8b d3
0x00007ffb685303b6:   48 8b cd e8 82 0b 00 00 49 3b fe 0f 83 90 01 00
0x00007ffb685303c6:   00 66 0f 1f 84 00 00 00 00 00 8b 07 85 c0 0f 84
0x00007ffb685303d6:   84 00 00 00 8b 0d 08 6f 46 00 8b d8 48 8b 15 67
0x00007ffb685303e6:   d2 4e 00 48 d3 e3 48 03 1d ed 6e 46 00 8b 0d 3f
0x00007ffb685303f6:   7e 46 00 48 8b c3 48 2b 02 48 8b 52 10 48 c1 e8
0x00007ffb68530406:   03 48 d3 e8 4c 8b c0 24 3f 49 c1 e8 06 0f b6 c8
0x00007ffb68530416:   4a 8b 04 c2 48 0f a3 c8 72 3e 48 8b cb e8 78 c6
0x00007ffb68530426:   95 ff 48 63 f0 48 8d 0d ee d3 4e 00 4c 8b c6 48
0x00007ffb68530436:   8b d3 e8 e3 72 fd ff 84 c0 74 1d 4c 8b c6 48 8d
0x00007ffb68530446:   0d 15 d4 4e 00 48 8b d3 e8 0d 2f 00 00 48 8b d3
0x00007ffb68530456:   48 8b cd e8 42 0a 00 00 48 83 c7 04 49 3b fe 0f
0x00007ffb68530466:   82 65 ff ff ff e9 e7 00 00 00 0f b6 15 f0 2e 4d
0x00007ffb68530476:   00 84 d2 48 0f 45 c1 49 8b ca 4e 63 0c 18 49 8b
0x00007ffb68530486:   c1 49 2b c2 41 ba 00 08 00 00 49 3b c2 4c 0f 42
0x00007ffb68530496:   d0 b8 18 00 00 00 4c 03 d1 84 d2 48 0f 45 c3 49
0x00007ffb685304a6:   03 c3 48 8d 3c c8 4e 8d 34 d0 4d 3b d1 73 0e 4d
0x00007ffb685304b6:   8b c2 49 8b d3 48 8b cd e8 7d 0a 00 00 49 3b fe
0x00007ffb685304c6:   0f 83 8b 00 00 00 0f 1f 40 00 48 8b 1f 48 85 db
0x00007ffb685304d6:   74 72 48 8b 15 71 d1 4e 00 48 8b c3 8b 0d 50 7d
0x00007ffb685304e6:   46 00 48 2b 02 48 8b 52 10 48 c1 e8 03 48 d3 e8
0x00007ffb685304f6:   4c 8b c0 24 3f 49 c1 e8 06 0f b6 c8 4a 8b 04 c2
0x00007ffb68530506:   48 0f a3 c8 72 3e 48 8b cb e8 8c c5 95 ff 48 63 


Stack slot to memory mapping:
stack at sp + 0 slots: 0x0000000084d18038 is an oop: java.util.HashMap$Node 
{0x0000000084d18038} - klass: 'java/util/HashMap$Node'
 - ---- fields (total size 4 words):
 - final 'hash' 'I' @12  -764360196 (d270c9fc)
 - final 'key' 'Ljava/lang/Object;' @16  a 'org/eclipse/jdt/internal/core/JarPackageFragmentRoot'{0x00000000825783e0} (825783e0)
 - 'value' 'Ljava/lang/Object;' @20  a 'org/eclipse/jdt/internal/core/NameLookup$1'{0x0000000080de0780} (80de0780)
 - 'next' 'Ljava/util/HashMap$Node;' @24  NULL (0)
stack at sp + 1 slots: 0x0000000084d18028 is pointing into object: [Ljava.util.HashMap$Node; 
{0x0000000084d17c28} - klass: 'java/util/HashMap$Node'[]
 - length: 256
stack at sp + 2 slots: 0x0 is NULL
stack at sp + 3 slots: 0x00007ffb689ac7c0 jvm.dll
stack at sp + 4 slots: 0x00007ffb689ac7c0 jvm.dll
stack at sp + 5 slots: 0x00007ffb68530763 jvm.dll
stack at sp + 6 slots: 0x0000026e3a846260 points into unknown readable memory: 0x0000026e22210150 | 50 01 21 22 6e 02 00 00
stack at sp + 7 slots: 0x00007ffb6879bb80 jvm.dll


---------------  P R O C E S S  ---------------

Threads class SMR info:
_java_thread_list=0x0000026e44dae5f0, length=46, elements={
0x0000026e24416a00, 0x0000026e3a945020, 0x0000026e3a947720, 0x0000026e3a94e700,
0x0000026e3f8ea410, 0x0000026e3f8eaee0, 0x0000026e3f8ec1f0, 0x0000026e3f8eec00,
0x0000026e3f8f5680, 0x0000026e3f8f8740, 0x0000026e3fa67020, 0x0000026e3fbbfdd0,
0x0000026e41086980, 0x0000026e414be4d0, 0x0000026e414d9be0, 0x0000026e40b3edb0,
0x0000026e41619030, 0x0000026e414b97e0, 0x0000026e414b9cf0, 0x0000026e414b7470,
0x0000026e414b6f60, 0x0000026e414b6a50, 0x0000026e414b7980, 0x0000026e414b92d0,
0x0000026e414b7e90, 0x0000026e414b83a0, 0x0000026e414b88b0, 0x0000026e43360d30,
0x0000026e43362170, 0x0000026e43363ac0, 0x0000026e4335eed0, 0x0000026e43362b90,
0x0000026e4335f8f0, 0x0000026e4335cb60, 0x0000026e4335d070, 0x0000026e4335d580,
0x0000026e4335fe00, 0x0000026e43363fd0, 0x0000026e4335e9c0, 0x0000026e433630a0,
0x0000026e4335da90, 0x0000026e43361240, 0x0000026e43362680, 0x0000026e43360820,
0x0000026e568dbc30, 0x0000026e460b1eb0
}

Java Threads: ( => current thread )
  0x0000026e24416a00 JavaThread "main" [_thread_blocked, id=21648, stack(0x000000ad82100000,0x000000ad82200000)]
  0x0000026e3a945020 JavaThread "Reference Handler" daemon [_thread_blocked, id=7056, stack(0x000000ad82400000,0x000000ad82500000)]
  0x0000026e3a947720 JavaThread "Finalizer" daemon [_thread_blocked, id=15484, stack(0x000000ad82500000,0x000000ad82600000)]
  0x0000026e3a94e700 JavaThread "Signal Dispatcher" daemon [_thread_blocked, id=9112, stack(0x000000ad82600000,0x000000ad82700000)]
  0x0000026e3f8ea410 JavaThread "Attach Listener" daemon [_thread_blocked, id=17180, stack(0x000000ad82700000,0x000000ad82800000)]
  0x0000026e3f8eaee0 JavaThread "Service Thread" daemon [_thread_blocked, id=1920, stack(0x000000ad82800000,0x000000ad82900000)]
  0x0000026e3f8ec1f0 JavaThread "Monitor Deflation Thread" daemon [_thread_blocked, id=1552, stack(0x000000ad82900000,0x000000ad82a00000)]
  0x0000026e3f8eec00 JavaThread "C2 CompilerThread0" daemon [_thread_blocked, id=10860, stack(0x000000ad82a00000,0x000000ad82b00000)]
  0x0000026e3f8f5680 JavaThread "C1 CompilerThread0" daemon [_thread_blocked, id=13376, stack(0x000000ad82b00000,0x000000ad82c00000)]
  0x0000026e3f8f8740 JavaThread "Sweeper thread" daemon [_thread_blocked, id=16888, stack(0x000000ad82c00000,0x000000ad82d00000)]
  0x0000026e3fa67020 JavaThread "Common-Cleaner" daemon [_thread_blocked, id=10832, stack(0x000000ad82d00000,0x000000ad82e00000)]
  0x0000026e3fbbfdd0 JavaThread "Notification Thread" daemon [_thread_blocked, id=6240, stack(0x000000ad82f00000,0x000000ad83000000)]
  0x0000026e41086980 JavaThread "Active Thread: Equinox Container: 281d98fb-beeb-4cf2-ae7e-66a16a52897a" [_thread_blocked, id=11128, stack(0x000000ad83800000,0x000000ad83900000)]
  0x0000026e414be4d0 JavaThread "Framework Event Dispatcher: Equinox Container: 281d98fb-beeb-4cf2-ae7e-66a16a52897a" daemon [_thread_blocked, id=20396, stack(0x000000ad82e00000,0x000000ad82f00000)]
  0x0000026e414d9be0 JavaThread "Start Level: Equinox Container: 281d98fb-beeb-4cf2-ae7e-66a16a52897a" daemon [_thread_blocked, id=7940, stack(0x000000ad83900000,0x000000ad83a00000)]
  0x0000026e40b3edb0 JavaThread "Bundle File Closer" daemon [_thread_blocked, id=12052, stack(0x000000ad83b00000,0x000000ad83c00000)]
  0x0000026e41619030 JavaThread "SCR Component Actor" daemon [_thread_blocked, id=21124, stack(0x000000ad83100000,0x000000ad83200000)]
  0x0000026e414b97e0 JavaThread "Worker-JM" [_thread_blocked, id=20244, stack(0x000000ad83e00000,0x000000ad83f00000)]
  0x0000026e414b9cf0 JavaThread "Worker-0" [_thread_blocked, id=12464, stack(0x000000ad83f00000,0x000000ad84000000)]
  0x0000026e414b7470 JavaThread "Worker-1" [_thread_blocked, id=18752, stack(0x000000ad84000000,0x000000ad84100000)]
  0x0000026e414b6f60 JavaThread "Java indexing" daemon [_thread_blocked, id=19952, stack(0x000000ad84200000,0x000000ad84300000)]
  0x0000026e414b6a50 JavaThread "JNA Cleaner" daemon [_thread_blocked, id=15724, stack(0x000000ad84300000,0x000000ad84400000)]
  0x0000026e414b7980 JavaThread "Thread-2" daemon [_thread_in_native, id=12868, stack(0x000000ad84100000,0x000000ad84200000)]
  0x0000026e414b92d0 JavaThread "Thread-3" daemon [_thread_in_native, id=19448, stack(0x000000ad84600000,0x000000ad84700000)]
  0x0000026e414b7e90 JavaThread "Thread-4" daemon [_thread_in_native, id=10132, stack(0x000000ad84700000,0x000000ad84800000)]
  0x0000026e414b83a0 JavaThread "Thread-5" daemon [_thread_in_native, id=20456, stack(0x000000ad84800000,0x000000ad84900000)]
  0x0000026e414b88b0 JavaThread "Thread-6" daemon [_thread_in_native, id=12060, stack(0x000000ad84900000,0x000000ad84a00000)]
  0x0000026e43360d30 JavaThread "Thread-7" daemon [_thread_in_native, id=19884, stack(0x000000ad84a00000,0x000000ad84b00000)]
  0x0000026e43362170 JavaThread "Thread-8" daemon [_thread_in_native, id=15196, stack(0x000000ad84b00000,0x000000ad84c00000)]
  0x0000026e43363ac0 JavaThread "Thread-9" daemon [_thread_in_native, id=8068, stack(0x000000ad84c00000,0x000000ad84d00000)]
  0x0000026e4335eed0 JavaThread "Thread-10" daemon [_thread_in_native, id=9916, stack(0x000000ad84d00000,0x000000ad84e00000)]
  0x0000026e43362b90 JavaThread "pool-2-thread-1" [_thread_blocked, id=18852, stack(0x000000ad84e00000,0x000000ad84f00000)]
  0x0000026e4335f8f0 JavaThread "Worker-2" [_thread_blocked, id=736, stack(0x000000ad84f00000,0x000000ad85000000)]
  0x0000026e4335cb60 JavaThread "WorkspaceEventsHandler" [_thread_blocked, id=18124, stack(0x000000ad85100000,0x000000ad85200000)]
  0x0000026e4335d070 JavaThread "pool-1-thread-1" [_thread_blocked, id=13976, stack(0x000000ad85200000,0x000000ad85300000)]
  0x0000026e4335d580 JavaThread "Worker-3" [_thread_blocked, id=11372, stack(0x000000ad85300000,0x000000ad85400000)]
  0x0000026e4335fe00 JavaThread "ForkJoinPool.commonPool-worker-1" daemon [_thread_blocked, id=21744, stack(0x000000ad85400000,0x000000ad85500000)]
  0x0000026e43363fd0 JavaThread "ForkJoinPool.commonPool-worker-2" daemon [_thread_blocked, id=22016, stack(0x000000ad85500000,0x000000ad85600000)]
  0x0000026e4335e9c0 JavaThread "ForkJoinPool.commonPool-worker-3" daemon [_thread_blocked, id=10856, stack(0x000000ad85600000,0x000000ad85700000)]
  0x0000026e433630a0 JavaThread "ForkJoinPool.commonPool-worker-4" daemon [_thread_blocked, id=19396, stack(0x000000ad85700000,0x000000ad85800000)]
  0x0000026e4335da90 JavaThread "ForkJoinPool.commonPool-worker-5" daemon [_thread_blocked, id=9648, stack(0x000000ad85800000,0x000000ad85900000)]
  0x0000026e43361240 JavaThread "ForkJoinPool.commonPool-worker-6" daemon [_thread_blocked, id=4268, stack(0x000000ad85900000,0x000000ad85a00000)]
  0x0000026e43362680 JavaThread "ForkJoinPool.commonPool-worker-7" daemon [_thread_blocked, id=17384, stack(0x000000ad85a00000,0x000000ad85b00000)]
  0x0000026e43360820 JavaThread "Cleaner-0" daemon [_thread_blocked, id=5104, stack(0x000000ad83c00000,0x000000ad83d00000)]
  0x0000026e568dbc30 JavaThread "Worker-4" [_thread_blocked, id=12932, stack(0x000000ad85c00000,0x000000ad85d00000)]
  0x0000026e460b1eb0 JavaThread "C2 CompilerThread1" daemon [_thread_blocked, id=18952, stack(0x000000ad81e00000,0x000000ad81f00000)]

Other Threads:
  0x0000026e3f8c14b0 VMThread "VM Thread" [stack: 0x000000ad82300000,0x000000ad82400000] [id=10464]
  0x0000026e3fc73430 WatcherThread [stack: 0x000000ad83000000,0x000000ad83100000] [id=13500]
  0x0000026e2442b4f0 GCTaskThread "GC Thread#0" [stack: 0x000000ad82200000,0x000000ad82300000] [id=17708]
=>0x0000026e40e8f450 GCTaskThread "GC Thread#1" [stack: 0x000000ad83200000,0x000000ad83300000] [id=22320]
  0x0000026e40e8f710 GCTaskThread "GC Thread#2" [stack: 0x000000ad83300000,0x000000ad83400000] [id=8348]
  0x0000026e40e44f30 GCTaskThread "GC Thread#3" [stack: 0x000000ad83400000,0x000000ad83500000] [id=6836]
  0x0000026e40c9e840 GCTaskThread "GC Thread#4" [stack: 0x000000ad83500000,0x000000ad83600000] [id=9840]
  0x0000026e40c9eb00 GCTaskThread "GC Thread#5" [stack: 0x000000ad83600000,0x000000ad83700000] [id=16480]
  0x0000026e40ccd810 GCTaskThread "GC Thread#6" [stack: 0x000000ad83700000,0x000000ad83800000] [id=3336]
  0x0000026e414bf080 GCTaskThread "GC Thread#7" [stack: 0x000000ad83a00000,0x000000ad83b00000] [id=10364]

Threads with active compile tasks:
C2 CompilerThread0    90094 18488       4       java.util.concurrent.ForkJoinPool::scan (235 bytes)
C2 CompilerThread1    90094 18476       4       lombok.core.handlers.HandlerUtil::toAccessorName (318 bytes)

VM state: at safepoint (normal execution)

VM Mutex/Monitor currently owned by a thread:  ([mutex/lock_event])
[0x0000026e24413540] Threads_lock - owner thread: 0x0000026e3f8c14b0
[0x0000026e24412340] Heap_lock - owner thread: 0x0000026e4335e9c0

Heap address: 0x0000000080000000, size: 2048 MB, Compressed Oops mode: 32-bit

CDS archive(s) not mapped
Compressed class space mapped at: 0x0000000100000000-0x0000000140000000, reserved size: 1073741824
Narrow klass base: 0x0000000000000000, Narrow klass shift: 3, Narrow klass range: 0x140000000

GC Precious Log:
 CPUs: 8 total, 8 available
 Memory: 16193M
 Large Page Support: Disabled
 NUMA Support: Disabled
 Compressed Oops: Enabled (32-bit)
 Alignments: Space 512K, Generation 512K, Heap 2M
 Heap Min Capacity: 100M
 Heap Initial Capacity: 100M
 Heap Max Capacity: 2G
 Pre-touch: Disabled
 Parallel Workers: 8

Heap:
 PSYoungGen      total 5120K, used 2048K [0x00000000d5580000, 0x00000000d6280000, 0x0000000100000000)
  eden space 3072K, 0% used [0x00000000d5580000,0x00000000d5580000,0x00000000d5880000)
  from space 2048K, 100% used [0x00000000d5880000,0x00000000d5a80000,0x00000000d5a80000)
  to   space 5120K, 0% used [0x00000000d5d80000,0x00000000d5d80000,0x00000000d6280000)
 ParOldGen       total 156672K, used 154491K [0x0000000080000000, 0x0000000089900000, 0x00000000d5580000)
  object space 156672K, 98% used [0x0000000080000000,0x00000000896def58,0x0000000089900000)
 Metaspace       used 85153K, committed 86656K, reserved 1179648K
  class space    used 8622K, committed 9280K, reserved 1048576K

Card table byte_map: [0x0000026e23da0000,0x0000026e241b0000] _byte_map_base: 0x0000026e239a0000

Marking Bits: (ParMarkBitMap*) 0x00007ffb68a1d820
 Begin Bits: [0x0000026e36350000, 0x0000026e38350000)
 End Bits:   [0x0000026e38350000, 0x0000026e3a350000)

Polling page: 0x0000026e223e0000

Metaspace:

Usage:
  Non-class:     74.74 MB used.
      Class:      8.42 MB used.
       Both:     83.16 MB used.

Virtual space:
  Non-class space:      128.00 MB reserved,      75.56 MB ( 59%) committed,  2 nodes.
      Class space:        1.00 GB reserved,       9.06 MB ( <1%) committed,  1 nodes.
             Both:        1.12 GB reserved,      84.62 MB (  7%) committed. 

Chunk freelists:
   Non-Class:  4.48 MB
       Class:  6.78 MB
        Both:  11.27 MB

MaxMetaspaceSize: unlimited
CompressedClassSpaceSize: 1.00 GB
Initial GC threshold: 21.00 MB
Current GC threshold: 139.50 MB
CDS: off
MetaspaceReclaimPolicy: balanced
 - commit_granule_bytes: 65536.
 - commit_granule_words: 8192.
 - virtual_space_node_default_size: 8388608.
 - enlarge_chunks_in_place: 1.
 - new_chunks_are_fully_committed: 0.
 - uncommit_free_chunks: 1.
 - use_allocation_guard: 0.
 - handle_deallocations: 1.


Internal statistics:

num_allocs_failed_limit: 9.
num_arena_births: 1118.
num_arena_deaths: 70.
num_vsnodes_births: 3.
num_vsnodes_deaths: 0.
num_space_committed: 1354.
num_space_uncommitted: 0.
num_chunks_returned_to_freelist: 106.
num_chunks_taken_from_freelist: 4977.
num_chunk_merges: 43.
num_chunk_splits: 2968.
num_chunks_enlarged: 1584.
num_inconsistent_stats: 0.

CodeHeap 'non-profiled nmethods': size=120000Kb used=12483Kb max_used=12585Kb free=107516Kb
 bounds [0x0000026e2eb70000, 0x0000026e2f7c0000, 0x0000026e360a0000]
CodeHeap 'profiled nmethods': size=120000Kb used=30563Kb max_used=32132Kb free=89436Kb
 bounds [0x0000026e270a0000, 0x0000026e29030000, 0x0000026e2e5d0000]
CodeHeap 'non-nmethods': size=5760Kb used=1414Kb max_used=1550Kb free=4345Kb
 bounds [0x0000026e2e5d0000, 0x0000026e2e840000, 0x0000026e2eb70000]
 total_blobs=14654 nmethods=13888 adapters=676
 compilation: enabled
              stopped_count=0, restarted_count=0
 full_count=0

Compilation events (20 events):
Event: 89.979 Thread 0x0000026e3f8f5680 18480       3       org.eclipse.jdt.internal.compiler.lookup.ImplicitNullAnnotationVerifier::collectOverriddenMethods (121 bytes)
Event: 89.981 Thread 0x0000026e3f8f5680 nmethod 18480 0x0000026e288e8510 code [0x0000026e288e87a0, 0x0000026e288e9688]
Event: 89.981 Thread 0x0000026e3f8f5680 18481       3       org.eclipse.jdt.internal.core.util.Util::relativePath (204 bytes)
Event: 89.982 Thread 0x0000026e3f8f5680 nmethod 18481 0x0000026e28949190 code [0x0000026e28949400, 0x0000026e2894a0f8]
Event: 90.000 Thread 0x0000026e3f8eec00 nmethod 18474 0x0000026e2f680510 code [0x0000026e2f680780, 0x0000026e2f681c80]
Event: 90.000 Thread 0x0000026e3f8eec00 18479       4       org.eclipse.jdt.internal.compiler.lookup.ParameterizedTypeBinding::swapUnresolved (129 bytes)
Event: 90.006 Thread 0x0000026e3f8f5680 18484       3       org.eclipse.jdt.internal.codeassist.select.SelectionParser::consumeFormalParameter (551 bytes)
Event: 90.009 Thread 0x0000026e3f8f5680 nmethod 18484 0x0000026e272bdb90 code [0x0000026e272bdea0, 0x0000026e272bf828]
Event: 90.017 Thread 0x0000026e3f8eec00 nmethod 18479 0x0000026e2f61fc90 code [0x0000026e2f61fea0, 0x0000026e2f620970]
Event: 90.017 Thread 0x0000026e3f8eec00 18483   !   4       org.eclipse.jdt.internal.compiler.parser.Scanner::scanForStringLiteral (764 bytes)
Event: 90.019 Thread 0x0000026e3f8f5680 18485       3       org.eclipse.jdt.internal.compiler.lookup.SourceTypeBinding::addSyntheticEnumMethod (135 bytes)
Event: 90.019 Thread 0x0000026e3f8f5680 nmethod 18485 0x0000026e283e9590 code [0x0000026e283e9820, 0x0000026e283ea7f8]
Event: 90.020 Thread 0x0000026e3f8f5680 18486       3       org.eclipse.jdt.internal.compiler.lookup.SourceTypeBinding::createArgumentBindings (82 bytes)
Event: 90.020 Thread 0x0000026e3f8f5680 nmethod 18486 0x0000026e270e5f10 code [0x0000026e270e6140, 0x0000026e270e69d8]
Event: 90.020 Thread 0x0000026e3f8f5680 18487       3       org.eclipse.jdt.internal.compiler.lookup.SourceTypeBinding::checkAndFlagHeapPollution (63 bytes)
Event: 90.020 Thread 0x0000026e3f8f5680 nmethod 18487 0x0000026e286c8890 code [0x0000026e286c8a80, 0x0000026e286c9078]
Event: 90.030 Thread 0x0000026e3f8eec00 nmethod 18483 0x0000026e2f668e90 code [0x0000026e2f6690e0, 0x0000026e2f669d00]
Event: 90.030 Thread 0x0000026e3f8eec00 18488       4       java.util.concurrent.ForkJoinPool::scan (235 bytes)
Event: 90.031 Thread 0x0000026e3f8f5680 18490       3       java.util.ImmutableCollections$ListN::toArray (48 bytes)
Event: 90.031 Thread 0x0000026e3f8f5680 nmethod 18490 0x0000026e28257c10 code [0x0000026e28257de0, 0x0000026e282582d8]

GC Heap History (20 events):
Event: 89.998 GC heap after
{Heap after GC invocations=759 (full 23):
 PSYoungGen      total 3584K, used 2546K [0x00000000d5580000, 0x00000000d6a00000, 0x0000000100000000)
  eden space 1024K, 0% used [0x00000000d5580000,0x00000000d5580000,0x00000000d5680000)
  from space 2560K, 99% used [0x00000000d5d80000,0x00000000d5ffc9f0,0x00000000d6000000)
  to   space 7168K, 0% used [0x00000000d5680000,0x00000000d5680000,0x00000000d5d80000)
 ParOldGen       total 156672K, used 145035K [0x0000000080000000, 0x0000000089900000, 0x00000000d5580000)
  object space 156672K, 92% used [0x0000000080000000,0x0000000088da2f28,0x0000000089900000)
 Metaspace       used 85150K, committed 86592K, reserved 1179648K
  class space    used 8622K, committed 9280K, reserved 1048576K
}
Event: 90.001 GC heap before
{Heap before GC invocations=760 (full 23):
 PSYoungGen      total 3584K, used 3570K [0x00000000d5580000, 0x00000000d6a00000, 0x0000000100000000)
  eden space 1024K, 100% used [0x00000000d5580000,0x00000000d5680000,0x00000000d5680000)
  from space 2560K, 99% used [0x00000000d5d80000,0x00000000d5ffc9f0,0x00000000d6000000)
  to   space 7168K, 0% used [0x00000000d5680000,0x00000000d5680000,0x00000000d5d80000)
 ParOldGen       total 156672K, used 145035K [0x0000000080000000, 0x0000000089900000, 0x00000000d5580000)
  object space 156672K, 92% used [0x0000000080000000,0x0000000088da2f28,0x0000000089900000)
 Metaspace       used 85150K, committed 86592K, reserved 1179648K
  class space    used 8622K, committed 9280K, reserved 1048576K
}
Event: 90.002 GC heap after
{Heap after GC invocations=760 (full 23):
 PSYoungGen      total 4608K, used 3357K [0x00000000d5580000, 0x00000000d6000000, 0x0000000100000000)
  eden space 1024K, 0% used [0x00000000d5580000,0x00000000d5580000,0x00000000d5680000)
  from space 3584K, 93% used [0x00000000d5680000,0x00000000d59c77d0,0x00000000d5a00000)
  to   space 4608K, 0% used [0x00000000d5b80000,0x00000000d5b80000,0x00000000d6000000)
 ParOldGen       total 156672K, used 145254K [0x0000000080000000, 0x0000000089900000, 0x00000000d5580000)
  object space 156672K, 92% used [0x0000000080000000,0x0000000088dd9ac8,0x0000000089900000)
 Metaspace       used 85150K, committed 86592K, reserved 1179648K
  class space    used 8622K, committed 9280K, reserved 1048576K
}
Event: 90.006 GC heap before
{Heap before GC invocations=761 (full 23):
 PSYoungGen      total 4608K, used 4381K [0x00000000d5580000, 0x00000000d6000000, 0x0000000100000000)
  eden space 1024K, 100% used [0x00000000d5580000,0x00000000d5680000,0x00000000d5680000)
  from space 3584K, 93% used [0x00000000d5680000,0x00000000d59c77d0,0x00000000d5a00000)
  to   space 4608K, 0% used [0x00000000d5b80000,0x00000000d5b80000,0x00000000d6000000)
 ParOldGen       total 156672K, used 145254K [0x0000000080000000, 0x0000000089900000, 0x00000000d5580000)
  object space 156672K, 92% used [0x0000000080000000,0x0000000088dd9ac8,0x0000000089900000)
 Metaspace       used 85152K, committed 86656K, reserved 1179648K
  class space    used 8622K, committed 9280K, reserved 1048576K
}
Event: 90.008 GC heap after
{Heap after GC invocations=761 (full 23):
 PSYoungGen      total 2048K, used 416K [0x00000000d5580000, 0x00000000d5c00000, 0x0000000100000000)
  eden space 1536K, 0% used [0x00000000d5580000,0x00000000d5580000,0x00000000d5700000)
  from space 512K, 81% used [0x00000000d5b80000,0x00000000d5be8020,0x00000000d5c00000)
  to   space 2048K, 0% used [0x00000000d5800000,0x00000000d5800000,0x00000000d5a00000)
 ParOldGen       total 156672K, used 146492K [0x0000000080000000, 0x0000000089900000, 0x00000000d5580000)
  object space 156672K, 93% used [0x0000000080000000,0x0000000088f0f358,0x0000000089900000)
 Metaspace       used 85152K, committed 86656K, reserved 1179648K
  class space    used 8622K, committed 9280K, reserved 1048576K
}
Event: 90.010 GC heap before
{Heap before GC invocations=762 (full 23):
 PSYoungGen      total 2048K, used 1952K [0x00000000d5580000, 0x00000000d5c00000, 0x0000000100000000)
  eden space 1536K, 100% used [0x00000000d5580000,0x00000000d5700000,0x00000000d5700000)
  from space 512K, 81% used [0x00000000d5b80000,0x00000000d5be8020,0x00000000d5c00000)
  to   space 2048K, 0% used [0x00000000d5800000,0x00000000d5800000,0x00000000d5a00000)
 ParOldGen       total 156672K, used 146492K [0x0000000080000000, 0x0000000089900000, 0x00000000d5580000)
  object space 156672K, 93% used [0x0000000080000000,0x0000000088f0f358,0x0000000089900000)
 Metaspace       used 85152K, committed 86656K, reserved 1179648K
  class space    used 8622K, committed 9280K, reserved 1048576K
}
Event: 90.011 GC heap after
{Heap after GC invocations=762 (full 23):
 PSYoungGen      total 4096K, used 384K [0x00000000d5580000, 0x00000000d5c00000, 0x0000000100000000)
  eden space 2048K, 0% used [0x00000000d5580000,0x00000000d5580000,0x00000000d5780000)
  from space 2048K, 18% used [0x00000000d5800000,0x00000000d5860000,0x00000000d5a00000)
  to   space 1024K, 0% used [0x00000000d5b00000,0x00000000d5b00000,0x00000000d5c00000)
 ParOldGen       total 156672K, used 146869K [0x0000000080000000, 0x0000000089900000, 0x00000000d5580000)
  object space 156672K, 93% used [0x0000000080000000,0x0000000088f6d678,0x0000000089900000)
 Metaspace       used 85152K, committed 86656K, reserved 1179648K
  class space    used 8622K, committed 9280K, reserved 1048576K
}
Event: 90.013 GC heap before
{Heap before GC invocations=763 (full 23):
 PSYoungGen      total 4096K, used 2432K [0x00000000d5580000, 0x00000000d5c00000, 0x0000000100000000)
  eden space 2048K, 100% used [0x00000000d5580000,0x00000000d5780000,0x00000000d5780000)
  from space 2048K, 18% used [0x00000000d5800000,0x00000000d5860000,0x00000000d5a00000)
  to   space 1024K, 0% used [0x00000000d5b00000,0x00000000d5b00000,0x00000000d5c00000)
 ParOldGen       total 156672K, used 146869K [0x0000000080000000, 0x0000000089900000, 0x00000000d5580000)
  object space 156672K, 93% used [0x0000000080000000,0x0000000088f6d678,0x0000000089900000)
 Metaspace       used 85152K, committed 86656K, reserved 1179648K
  class space    used 8622K, committed 9280K, reserved 1048576K
}
Event: 90.015 GC heap after
{Heap after GC invocations=763 (full 23):
 PSYoungGen      total 3072K, used 256K [0x00000000d5580000, 0x00000000d5b80000, 0x0000000100000000)
  eden space 2560K, 0% used [0x00000000d5580000,0x00000000d5580000,0x00000000d5800000)
  from space 512K, 50% used [0x00000000d5b00000,0x00000000d5b40000,0x00000000d5b80000)
  to   space 512K, 0% used [0x00000000d5a80000,0x00000000d5a80000,0x00000000d5b00000)
 ParOldGen       total 156672K, used 147197K [0x0000000080000000, 0x0000000089900000, 0x00000000d5580000)
  object space 156672K, 93% used [0x0000000080000000,0x0000000088fbf678,0x0000000089900000)
 Metaspace       used 85152K, committed 86656K, reserved 1179648K
  class space    used 8622K, committed 9280K, reserved 1048576K
}
Event: 90.020 GC heap before
{Heap before GC invocations=764 (full 23):
 PSYoungGen      total 3072K, used 2816K [0x00000000d5580000, 0x00000000d5b80000, 0x0000000100000000)
  eden space 2560K, 100% used [0x00000000d5580000,0x00000000d5800000,0x00000000d5800000)
  from space 512K, 50% used [0x00000000d5b00000,0x00000000d5b40000,0x00000000d5b80000)
  to   space 512K, 0% used [0x00000000d5a80000,0x00000000d5a80000,0x00000000d5b00000)
 ParOldGen       total 156672K, used 147197K [0x0000000080000000, 0x0000000089900000, 0x00000000d5580000)
  object space 156672K, 93% used [0x0000000080000000,0x0000000088fbf678,0x0000000089900000)
 Metaspace       used 85152K, committed 86656K, reserved 1179648K
  class space    used 8622K, committed 9280K, reserved 1048576K
}
Event: 90.021 GC heap after
{Heap after GC invocations=764 (full 23):
 PSYoungGen      total 3584K, used 352K [0x00000000d5580000, 0x00000000d5b80000, 0x0000000100000000)
  eden space 3072K, 0% used [0x00000000d5580000,0x00000000d5580000,0x00000000d5880000)
  from space 512K, 68% used [0x00000000d5a80000,0x00000000d5ad8000,0x00000000d5b00000)
  to   space 512K, 0% used [0x00000000d5b00000,0x00000000d5b00000,0x00000000d5b80000)
 ParOldGen       total 156672K, used 147341K [0x0000000080000000, 0x0000000089900000, 0x00000000d5580000)
  object space 156672K, 94% used [0x0000000080000000,0x0000000088fe3678,0x0000000089900000)
 Metaspace       used 85152K, committed 86656K, reserved 1179648K
  class space    used 8622K, committed 9280K, reserved 1048576K
}
Event: 90.027 GC heap before
{Heap before GC invocations=765 (full 23):
 PSYoungGen      total 3584K, used 3424K [0x00000000d5580000, 0x00000000d5b80000, 0x0000000100000000)
  eden space 3072K, 100% used [0x00000000d5580000,0x00000000d5880000,0x00000000d5880000)
  from space 512K, 68% used [0x00000000d5a80000,0x00000000d5ad8000,0x00000000d5b00000)
  to   space 512K, 0% used [0x00000000d5b00000,0x00000000d5b00000,0x00000000d5b80000)
 ParOldGen       total 156672K, used 147341K [0x0000000080000000, 0x0000000089900000, 0x00000000d5580000)
  object space 156672K, 94% used [0x0000000080000000,0x0000000088fe3678,0x0000000089900000)
 Metaspace       used 85152K, committed 86656K, reserved 1179648K
  class space    used 8622K, committed 9280K, reserved 1048576K
}
Event: 90.028 GC heap after
{Heap after GC invocations=765 (full 23):
 PSYoungGen      total 2560K, used 510K [0x00000000d5580000, 0x00000000d6080000, 0x0000000100000000)
  eden space 2048K, 0% used [0x00000000d5580000,0x00000000d5580000,0x00000000d5780000)
  from space 512K, 99% used [0x00000000d5b00000,0x00000000d5b7f890,0x00000000d5b80000)
  to   space 3584K, 0% used [0x00000000d5780000,0x00000000d5780000,0x00000000d5b00000)
 ParOldGen       total 156672K, used 149815K [0x0000000080000000, 0x0000000089900000, 0x00000000d5580000)
  object space 156672K, 95% used [0x0000000080000000,0x000000008924def8,0x0000000089900000)
 Metaspace       used 85152K, committed 86656K, reserved 1179648K
  class space    used 8622K, committed 9280K, reserved 1048576K
}
Event: 90.032 GC heap before
{Heap before GC invocations=766 (full 23):
 PSYoungGen      total 2560K, used 2558K [0x00000000d5580000, 0x00000000d6080000, 0x0000000100000000)
  eden space 2048K, 100% used [0x00000000d5580000,0x00000000d5780000,0x00000000d5780000)
  from space 512K, 99% used [0x00000000d5b00000,0x00000000d5b7f890,0x00000000d5b80000)
  to   space 3584K, 0% used [0x00000000d5780000,0x00000000d5780000,0x00000000d5b00000)
 ParOldGen       total 156672K, used 149815K [0x0000000080000000, 0x0000000089900000, 0x00000000d5580000)
  object space 156672K, 95% used [0x0000000080000000,0x000000008924def8,0x0000000089900000)
 Metaspace       used 85153K, committed 86656K, reserved 1179648K
  class space    used 8622K, committed 9280K, reserved 1048576K
}
Event: 90.033 GC heap after
{Heap after GC invocations=766 (full 23):
 PSYoungGen      total 4096K, used 1949K [0x00000000d5580000, 0x00000000d5d00000, 0x0000000100000000)
  eden space 2048K, 0% used [0x00000000d5580000,0x00000000d5580000,0x00000000d5780000)
  from space 2048K, 95% used [0x00000000d5780000,0x00000000d59677d0,0x00000000d5980000)
  to   space 2560K, 0% used [0x00000000d5a80000,0x00000000d5a80000,0x00000000d5d00000)
 ParOldGen       total 156672K, used 150341K [0x0000000080000000, 0x0000000089900000, 0x00000000d5580000)
  object space 156672K, 95% used [0x0000000080000000,0x00000000892d1788,0x0000000089900000)
 Metaspace       used 85153K, committed 86656K, reserved 1179648K
  class space    used 8622K, committed 9280K, reserved 1048576K
}
Event: 90.035 GC heap before
{Heap before GC invocations=767 (full 23):
 PSYoungGen      total 4096K, used 3997K [0x00000000d5580000, 0x00000000d5d00000, 0x0000000100000000)
  eden space 2048K, 99% used [0x00000000d5580000,0x00000000d577fff8,0x00000000d5780000)
  from space 2048K, 95% used [0x00000000d5780000,0x00000000d59677d0,0x00000000d5980000)
  to   space 2560K, 0% used [0x00000000d5a80000,0x00000000d5a80000,0x00000000d5d00000)
 ParOldGen       total 156672K, used 150341K [0x0000000080000000, 0x0000000089900000, 0x00000000d5580000)
  object space 156672K, 95% used [0x0000000080000000,0x00000000892d1788,0x0000000089900000)
 Metaspace       used 85153K, committed 86656K, reserved 1179648K
  class space    used 8622K, committed 9280K, reserved 1048576K
}
Event: 90.037 GC heap after
{Heap after GC invocations=767 (full 23):
 PSYoungGen      total 4608K, used 1984K [0x00000000d5580000, 0x00000000d5c80000, 0x0000000100000000)
  eden space 2560K, 0% used [0x00000000d5580000,0x00000000d5580000,0x00000000d5800000)
  from space 2048K, 96% used [0x00000000d5a80000,0x00000000d5c70000,0x00000000d5c80000)
  to   space 2048K, 0% used [0x00000000d5880000,0x00000000d5880000,0x00000000d5a80000)
 ParOldGen       total 156672K, used 152171K [0x0000000080000000, 0x0000000089900000, 0x00000000d5580000)
  object space 156672K, 97% used [0x0000000080000000,0x000000008949af58,0x0000000089900000)
 Metaspace       used 85153K, committed 86656K, reserved 1179648K
  class space    used 8622K, committed 9280K, reserved 1048576K
}
Event: 90.039 GC heap before
{Heap before GC invocations=768 (full 23):
 PSYoungGen      total 4608K, used 4543K [0x00000000d5580000, 0x00000000d5c80000, 0x0000000100000000)
  eden space 2560K, 99% used [0x00000000d5580000,0x00000000d57ffff0,0x00000000d5800000)
  from space 2048K, 96% used [0x00000000d5a80000,0x00000000d5c70000,0x00000000d5c80000)
  to   space 2048K, 0% used [0x00000000d5880000,0x00000000d5880000,0x00000000d5a80000)
 ParOldGen       total 156672K, used 152171K [0x0000000080000000, 0x0000000089900000, 0x00000000d5580000)
  object space 156672K, 97% used [0x0000000080000000,0x000000008949af58,0x0000000089900000)
 Metaspace       used 85153K, committed 86656K, reserved 1179648K
  class space    used 8622K, committed 9280K, reserved 1048576K
}
Event: 90.042 GC heap after
{Heap after GC invocations=768 (full 23):
 PSYoungGen      total 5120K, used 2048K [0x00000000d5580000, 0x00000000d6280000, 0x0000000100000000)
  eden space 3072K, 0% used [0x00000000d5580000,0x00000000d5580000,0x00000000d5880000)
  from space 2048K, 100% used [0x00000000d5880000,0x00000000d5a80000,0x00000000d5a80000)
  to   space 5120K, 0% used [0x00000000d5d80000,0x00000000d5d80000,0x00000000d6280000)
 ParOldGen       total 156672K, used 154491K [0x0000000080000000, 0x0000000089900000, 0x00000000d5580000)
  object space 156672K, 98% used [0x0000000080000000,0x00000000896def58,0x0000000089900000)
 Metaspace       used 85153K, committed 86656K, reserved 1179648K
  class space    used 8622K, committed 9280K, reserved 1048576K
}
Event: 90.042 GC heap before
{Heap before GC invocations=769 (full 24):
 PSYoungGen      total 5120K, used 2048K [0x00000000d5580000, 0x00000000d6280000, 0x0000000100000000)
  eden space 3072K, 0% used [0x00000000d5580000,0x00000000d5580000,0x00000000d5880000)
  from space 2048K, 100% used [0x00000000d5880000,0x00000000d5a80000,0x00000000d5a80000)
  to   space 5120K, 0% used [0x00000000d5d80000,0x00000000d5d80000,0x00000000d6280000)
 ParOldGen       total 156672K, used 154491K [0x0000000080000000, 0x0000000089900000, 0x00000000d5580000)
  object space 156672K, 98% used [0x0000000080000000,0x00000000896def58,0x0000000089900000)
 Metaspace       used 85153K, committed 86656K, reserved 1179648K
  class space    used 8622K, committed 9280K, reserved 1048576K
}

Dll operation events (10 events):
Event: 0.030 Loaded shared library c:\Users\Sergio\.vscode\extensions\redhat.java-1.31.0-win32-x64\jre\17.0.11-win32-x86_64\bin\java.dll
Event: 0.128 Loaded shared library c:\Users\Sergio\.vscode\extensions\redhat.java-1.31.0-win32-x64\jre\17.0.11-win32-x86_64\bin\zip.dll
Event: 0.129 Loaded shared library C:\Users\Sergio\.vscode\extensions\redhat.java-1.31.0-win32-x64\jre\17.0.11-win32-x86_64\bin\instrument.dll
Event: 0.149 Loaded shared library C:\Users\Sergio\.vscode\extensions\redhat.java-1.31.0-win32-x64\jre\17.0.11-win32-x86_64\bin\net.dll
Event: 0.155 Loaded shared library C:\Users\Sergio\.vscode\extensions\redhat.java-1.31.0-win32-x64\jre\17.0.11-win32-x86_64\bin\nio.dll
Event: 0.160 Loaded shared library C:\Users\Sergio\.vscode\extensions\redhat.java-1.31.0-win32-x64\jre\17.0.11-win32-x86_64\bin\zip.dll
Event: 0.171 Loaded shared library C:\Users\Sergio\.vscode\extensions\redhat.java-1.31.0-win32-x64\jre\17.0.11-win32-x86_64\bin\jimage.dll
Event: 0.225 Loaded shared library c:\Users\Sergio\.vscode\extensions\redhat.java-1.31.0-win32-x64\jre\17.0.11-win32-x86_64\bin\verify.dll
Event: 4.717 Loaded shared library C:\Users\Sergio\AppData\Roaming\Code\User\globalStorage\redhat.java\1.31.0\config_win\org.eclipse.equinox.launcher\org.eclipse.equinox.launcher.win32.win32.x86_64_1.2.1000.v20240507-1834\eclipse_11902.dll
Event: 11.618 Loaded shared library C:\Users\Sergio\AppData\Local\Temp\jna--1821973619\jna8546184191643306628.dll

Deoptimization events (20 events):
Event: 89.675 Thread 0x0000026e4335fe00 Uncommon trap: trap_request=0xffffffbe fr.pc=0x0000026e2f576328 relative=0x0000000000000568
Event: 89.675 Thread 0x0000026e4335fe00 Uncommon trap: reason=profile_predicate action=maybe_recompile pc=0x0000026e2f576328 method=org.eclipse.jdt.internal.compiler.parser.Scanner.checkTaskTag(II)V @ 539 c2
Event: 89.675 Thread 0x0000026e4335fe00 DEOPT PACKING pc=0x0000026e2f576328 sp=0x000000ad854fd9b0
Event: 89.675 Thread 0x0000026e4335fe00 DEOPT UNPACKING pc=0x0000026e2e6266a3 sp=0x000000ad854fd928 mode 2
Event: 89.675 Thread 0x0000026e4335fe00 Uncommon trap: trap_request=0xffffffbe fr.pc=0x0000026e2f576328 relative=0x0000000000000568
Event: 89.675 Thread 0x0000026e4335fe00 Uncommon trap: reason=profile_predicate action=maybe_recompile pc=0x0000026e2f576328 method=org.eclipse.jdt.internal.compiler.parser.Scanner.checkTaskTag(II)V @ 539 c2
Event: 89.675 Thread 0x0000026e4335fe00 DEOPT PACKING pc=0x0000026e2f576328 sp=0x000000ad854fd9b0
Event: 89.675 Thread 0x0000026e4335fe00 DEOPT UNPACKING pc=0x0000026e2e6266a3 sp=0x000000ad854fd928 mode 2
Event: 89.675 Thread 0x0000026e4335fe00 Uncommon trap: trap_request=0xffffffbe fr.pc=0x0000026e2f576328 relative=0x0000000000000568
Event: 89.675 Thread 0x0000026e4335fe00 Uncommon trap: reason=profile_predicate action=maybe_recompile pc=0x0000026e2f576328 method=org.eclipse.jdt.internal.compiler.parser.Scanner.checkTaskTag(II)V @ 539 c2
Event: 89.675 Thread 0x0000026e4335fe00 DEOPT PACKING pc=0x0000026e2f576328 sp=0x000000ad854fd9b0
Event: 89.675 Thread 0x0000026e4335fe00 DEOPT UNPACKING pc=0x0000026e2e6266a3 sp=0x000000ad854fd928 mode 2
Event: 89.716 Thread 0x0000026e4335fe00 Uncommon trap: trap_request=0xffffffbe fr.pc=0x0000026e2f576328 relative=0x0000000000000568
Event: 89.716 Thread 0x0000026e4335fe00 Uncommon trap: reason=profile_predicate action=maybe_recompile pc=0x0000026e2f576328 method=org.eclipse.jdt.internal.compiler.parser.Scanner.checkTaskTag(II)V @ 539 c2
Event: 89.716 Thread 0x0000026e4335fe00 DEOPT PACKING pc=0x0000026e2f576328 sp=0x000000ad854fe0c0
Event: 89.716 Thread 0x0000026e4335fe00 DEOPT UNPACKING pc=0x0000026e2e6266a3 sp=0x000000ad854fe020 mode 2
Event: 90.003 Thread 0x0000026e4335fe00 Uncommon trap: trap_request=0xffffffd6 fr.pc=0x0000026e2f3c5ecc relative=0x000000000000014c
Event: 90.003 Thread 0x0000026e4335fe00 Uncommon trap: reason=array_check action=maybe_recompile pc=0x0000026e2f3c5ecc method=java.util.Arrays.fill([Ljava/lang/Object;Ljava/lang/Object;)V @ 13 c2
Event: 90.003 Thread 0x0000026e4335fe00 DEOPT PACKING pc=0x0000026e2f3c5ecc sp=0x000000ad854fe7b0
Event: 90.003 Thread 0x0000026e4335fe00 DEOPT UNPACKING pc=0x0000026e2e6266a3 sp=0x000000ad854fe750 mode 2

Classes unloaded (20 events):
Event: 13.960 Thread 0x0000026e3f8c14b0 Unloading class 0x0000000100618c00 'jdk/internal/reflect/GeneratedSerializationConstructorAccessor37'
Event: 13.960 Thread 0x0000026e3f8c14b0 Unloading class 0x0000000100616c00 'jdk/internal/reflect/GeneratedSerializationConstructorAccessor36'
Event: 13.960 Thread 0x0000026e3f8c14b0 Unloading class 0x0000000100618000 'jdk/internal/reflect/GeneratedSerializationConstructorAccessor35'
Event: 13.960 Thread 0x0000026e3f8c14b0 Unloading class 0x0000000100616800 'jdk/internal/reflect/GeneratedSerializationConstructorAccessor34'
Event: 13.960 Thread 0x0000026e3f8c14b0 Unloading class 0x0000000100616400 'jdk/internal/reflect/GeneratedSerializationConstructorAccessor33'
Event: 13.960 Thread 0x0000026e3f8c14b0 Unloading class 0x0000000100615800 'jdk/internal/reflect/GeneratedSerializationConstructorAccessor32'
Event: 13.960 Thread 0x0000026e3f8c14b0 Unloading class 0x0000000100616000 'jdk/internal/reflect/GeneratedSerializationConstructorAccessor30'
Event: 13.960 Thread 0x0000026e3f8c14b0 Unloading class 0x0000000100615400 'jdk/internal/reflect/GeneratedSerializationConstructorAccessor29'
Event: 13.960 Thread 0x0000026e3f8c14b0 Unloading class 0x0000000100615000 'jdk/internal/reflect/GeneratedSerializationConstructorAccessor28'
Event: 13.960 Thread 0x0000026e3f8c14b0 Unloading class 0x0000000100614c00 'jdk/internal/reflect/GeneratedSerializationConstructorAccessor27'
Event: 13.960 Thread 0x0000026e3f8c14b0 Unloading class 0x0000000100614800 'jdk/internal/reflect/GeneratedSerializationConstructorAccessor26'
Event: 13.960 Thread 0x0000026e3f8c14b0 Unloading class 0x0000000100614400 'jdk/internal/reflect/GeneratedSerializationConstructorAccessor25'
Event: 13.960 Thread 0x0000026e3f8c14b0 Unloading class 0x00000001005fec00 'java/lang/invoke/LambdaForm$DMH+0x00000001005fec00'
Event: 13.960 Thread 0x0000026e3f8c14b0 Unloading class 0x00000001005fe800 'java/lang/invoke/LambdaForm$DMH+0x00000001005fe800'
Event: 13.960 Thread 0x0000026e3f8c14b0 Unloading class 0x00000001005fe400 'java/lang/invoke/LambdaForm$DMH+0x00000001005fe400'
Event: 19.306 Thread 0x0000026e3f8c14b0 Unloading class 0x0000000100794c00 'java/lang/invoke/LambdaForm$DMH+0x0000000100794c00'
Event: 19.306 Thread 0x0000026e3f8c14b0 Unloading class 0x0000000100794800 'java/lang/invoke/LambdaForm$DMH+0x0000000100794800'
Event: 19.306 Thread 0x0000026e3f8c14b0 Unloading class 0x0000000100774c00 'java/lang/invoke/LambdaForm$DMH+0x0000000100774c00'
Event: 19.306 Thread 0x0000026e3f8c14b0 Unloading class 0x0000000100774800 'java/lang/invoke/LambdaForm$DMH+0x0000000100774800'
Event: 19.306 Thread 0x0000026e3f8c14b0 Unloading class 0x0000000100774400 'java/lang/invoke/LambdaForm$DMH+0x0000000100774400'

Classes redefined (0 events):
No events

Internal exceptions (20 events):
Event: 42.923 Thread 0x0000026e414b9cf0 Exception <a 'java/lang/ClassCastException'{0x00000000d565f740}> (0x00000000d565f740) 
thrown [s\src\hotspot\share\runtime\sharedRuntime.cpp, line 631]
Event: 42.944 Thread 0x0000026e414b9cf0 Exception <a 'java/lang/ClassCastException'{0x00000000d57433e0}> (0x00000000d57433e0) 
thrown [s\src\hotspot\share\runtime\sharedRuntime.cpp, line 631]
Event: 45.907 Thread 0x0000026e43362680 Exception <a 'java/lang/ClassCastException'{0x00000000d5a8b9f8}> (0x00000000d5a8b9f8) 
thrown [s\src\hotspot\share\runtime\sharedRuntime.cpp, line 631]
Event: 45.936 Thread 0x0000026e43362680 Exception <a 'java/lang/ClassCastException'{0x00000000d5d6c5d8}> (0x00000000d5d6c5d8) 
thrown [s\src\hotspot\share\runtime\sharedRuntime.cpp, line 631]
Event: 46.873 Thread 0x0000026e43362680 Exception <a 'java/lang/ClassCastException'{0x00000000d5bdb9e8}> (0x00000000d5bdb9e8) 
thrown [s\src\hotspot\share\runtime\sharedRuntime.cpp, line 631]
Event: 46.928 Thread 0x0000026e43362680 Exception <a 'java/lang/ClassCastException'{0x00000000d620cbf8}> (0x00000000d620cbf8) 
thrown [s\src\hotspot\share\runtime\sharedRuntime.cpp, line 631]
Event: 46.929 Thread 0x0000026e43362680 Implicit null exception at 0x0000026e2f143c29 to 0x0000026e2f143da8
Event: 46.959 Thread 0x0000026e43362680 Exception <a 'java/lang/ClassCastException'{0x00000000d56b1510}> (0x00000000d56b1510) 
thrown [s\src\hotspot\share\runtime\sharedRuntime.cpp, line 631]
Event: 47.524 Thread 0x0000026e43362680 Exception <a 'java/lang/ClassCastException'{0x00000000d56e4040}> (0x00000000d56e4040) 
thrown [s\src\hotspot\share\runtime\sharedRuntime.cpp, line 631]
Event: 47.554 Thread 0x0000026e43362680 Exception <a 'java/lang/ClassCastException'{0x00000000d57493e0}> (0x00000000d57493e0) 
thrown [s\src\hotspot\share\runtime\sharedRuntime.cpp, line 631]
Event: 47.682 Thread 0x0000026e414b6f60 Exception <a 'sun/nio/fs/WindowsException'{0x00000000d5aa8720}> (0x00000000d5aa8720) 
thrown [s\src\hotspot\share\prims\jni.cpp, line 516]
Event: 47.818 Thread 0x0000026e568d6110 Exception <a 'java/lang/ClassCastException'{0x00000000d59abb70}> (0x00000000d59abb70) 
thrown [s\src\hotspot\share\runtime\sharedRuntime.cpp, line 631]
Event: 48.015 Thread 0x0000026e414b6f60 Exception <a 'sun/nio/fs/WindowsException'{0x00000000d5594fb0}> (0x00000000d5594fb0) 
thrown [s\src\hotspot\share\prims\jni.cpp, line 516]
Event: 48.063 Thread 0x0000026e414b6f60 Exception <a 'java/lang/ClassCastException'{0x00000000d575c6c8}> (0x00000000d575c6c8) 
thrown [s\src\hotspot\share\runtime\sharedRuntime.cpp, line 631]
Event: 48.144 Thread 0x0000026e4335da90 Exception <a 'java/lang/ClassCastException'{0x00000000d59362d0}> (0x00000000d59362d0) 
thrown [s\src\hotspot\share\runtime\sharedRuntime.cpp, line 631]
Event: 48.175 Thread 0x0000026e4335da90 Exception <a 'java/lang/ClassCastException'{0x00000000d561b918}> (0x00000000d561b918) 
thrown [s\src\hotspot\share\runtime\sharedRuntime.cpp, line 631]
Event: 48.352 Thread 0x0000026e4335f8f0 Exception <a 'java/lang/ClassCastException'{0x00000000d5f24400}> (0x00000000d5f24400) 
thrown [s\src\hotspot\share\runtime\sharedRuntime.cpp, line 631]
Event: 48.367 Thread 0x0000026e4335f8f0 Exception <a 'java/lang/ClassCastException'{0x00000000d5be7ef0}> (0x00000000d5be7ef0) 
thrown [s\src\hotspot\share\runtime\sharedRuntime.cpp, line 631]
Event: 73.928 Thread 0x0000026e4335da90 Exception <a 'java/lang/ArrayIndexOutOfBoundsException'{0x00000000d5e21478}: Index 5176 out of bounds for length 5175> (0x00000000d5e21478) 
thrown [s\src\hotspot\share\interpreter\interpreterRuntime.cpp, line 428]
Event: 74.232 Thread 0x0000026e4335fe00 Implicit null exception at 0x0000026e2ef0862c to 0x0000026e2ef0868c

VM Operations (20 events):
Event: 89.991 Executing VM operation: ParallelGCFailedAllocation done
Event: 89.996 Executing VM operation: ParallelGCFailedAllocation
Event: 89.999 Executing VM operation: ParallelGCFailedAllocation done
Event: 90.001 Executing VM operation: ParallelGCFailedAllocation
Event: 90.002 Executing VM operation: ParallelGCFailedAllocation done
Event: 90.006 Executing VM operation: ParallelGCFailedAllocation
Event: 90.008 Executing VM operation: ParallelGCFailedAllocation done
Event: 90.010 Executing VM operation: ParallelGCFailedAllocation
Event: 90.012 Executing VM operation: ParallelGCFailedAllocation done
Event: 90.013 Executing VM operation: ParallelGCFailedAllocation
Event: 90.015 Executing VM operation: ParallelGCFailedAllocation done
Event: 90.020 Executing VM operation: ParallelGCFailedAllocation
Event: 90.021 Executing VM operation: ParallelGCFailedAllocation done
Event: 90.027 Executing VM operation: ParallelGCFailedAllocation
Event: 90.028 Executing VM operation: ParallelGCFailedAllocation done
Event: 90.032 Executing VM operation: ParallelGCFailedAllocation
Event: 90.034 Executing VM operation: ParallelGCFailedAllocation done
Event: 90.035 Executing VM operation: ParallelGCFailedAllocation
Event: 90.037 Executing VM operation: ParallelGCFailedAllocation done
Event: 90.039 Executing VM operation: ParallelGCFailedAllocation

Events (20 events):
Event: 74.288 Thread 0x0000026e3f8f8740 flushing nmethod 0x0000026e28aade10
Event: 74.288 Thread 0x0000026e3f8f8740 flushing nmethod 0x0000026e28ab9c90
Event: 74.288 Thread 0x0000026e3f8f8740 flushing nmethod 0x0000026e28ac2710
Event: 74.288 Thread 0x0000026e3f8f8740 flushing nmethod 0x0000026e28adc010
Event: 74.288 Thread 0x0000026e3f8f8740 flushing nmethod 0x0000026e28ae3590
Event: 74.288 Thread 0x0000026e3f8f8740 flushing nmethod 0x0000026e28aefb10
Event: 74.288 Thread 0x0000026e3f8f8740 flushing nmethod 0x0000026e28b16510
Event: 74.288 Thread 0x0000026e3f8f8740 flushing nmethod 0x0000026e28b25110
Event: 74.288 Thread 0x0000026e3f8f8740 flushing nmethod 0x0000026e28b25890
Event: 74.288 Thread 0x0000026e3f8f8740 flushing nmethod 0x0000026e28b39c10
Event: 74.289 Thread 0x0000026e3f8f8740 flushing nmethod 0x0000026e28daa790
Event: 74.290 Thread 0x0000026e3f8f8740 flushing nmethod 0x0000026e28df0790
Event: 74.290 Thread 0x0000026e3f8f8740 flushing nmethod 0x0000026e28e2be90
Event: 74.291 Thread 0x0000026e3f8f8740 flushing nmethod 0x0000026e28f5be10
Event: 74.964 Thread 0x0000026e460ae440 Thread exited: 0x0000026e460ae440
Event: 74.987 Thread 0x0000026e460b3e90 Thread added: 0x0000026e460b3e90
Event: 75.564 Thread 0x0000026e460b3e90 Thread exited: 0x0000026e460b3e90
Event: 81.272 Thread 0x0000026e460ae990 Thread added: 0x0000026e460ae990
Event: 86.319 Thread 0x0000026e460ae990 Thread exited: 0x0000026e460ae990
Event: 89.733 Thread 0x0000026e460b1eb0 Thread added: 0x0000026e460b1eb0


Dynamic libraries:
0x00007ff71d2f0000 - 0x00007ff71d2fe000 	c:\Users\Sergio\.vscode\extensions\redhat.java-1.31.0-win32-x64\jre\17.0.11-win32-x86_64\bin\java.exe
0x00007ffbbce90000 - 0x00007ffbbd0a7000 	C:\WINDOWS\SYSTEM32\ntdll.dll
0x00007ffbbcce0000 - 0x00007ffbbcda4000 	C:\WINDOWS\System32\KERNEL32.DLL
0x00007ffbba7b0000 - 0x00007ffbbab5c000 	C:\WINDOWS\System32\KERNELBASE.dll
0x00007ffbba260000 - 0x00007ffbba371000 	C:\WINDOWS\System32\ucrtbase.dll
0x00007ffbb39a0000 - 0x00007ffbb39b7000 	c:\Users\Sergio\.vscode\extensions\redhat.java-1.31.0-win32-x64\jre\17.0.11-win32-x86_64\bin\jli.dll
0x00007ffbb07a0000 - 0x00007ffbb07bb000 	c:\Users\Sergio\.vscode\extensions\redhat.java-1.31.0-win32-x64\jre\17.0.11-win32-x86_64\bin\VCRUNTIME140.dll
0x00007ffbbaf10000 - 0x00007ffbbb0be000 	C:\WINDOWS\System32\USER32.dll
0x00007ffbba400000 - 0x00007ffbba426000 	C:\WINDOWS\System32\win32u.dll
0x00007ffba2bc0000 - 0x00007ffba2e53000 	C:\WINDOWS\WinSxS\amd64_microsoft.windows.common-controls_6595b64144ccf1df_6.0.22621.3672_none_2713b9d173822955\COMCTL32.dll
0x00007ffbbb340000 - 0x00007ffbbb369000 	C:\WINDOWS\System32\GDI32.dll
0x00007ffbba430000 - 0x00007ffbba549000 	C:\WINDOWS\System32\gdi32full.dll
0x00007ffbbcc30000 - 0x00007ffbbccd7000 	C:\WINDOWS\System32\msvcrt.dll
0x00007ffbba1c0000 - 0x00007ffbba25a000 	C:\WINDOWS\System32\msvcp_win.dll
0x00007ffbbb630000 - 0x00007ffbbb661000 	C:\WINDOWS\System32\IMM32.DLL
0x00007ffbb3a30000 - 0x00007ffbb3a3c000 	c:\Users\Sergio\.vscode\extensions\redhat.java-1.31.0-win32-x64\jre\17.0.11-win32-x86_64\bin\vcruntime140_1.dll
0x00007ffb8de90000 - 0x00007ffb8df1d000 	c:\Users\Sergio\.vscode\extensions\redhat.java-1.31.0-win32-x64\jre\17.0.11-win32-x86_64\bin\msvcp140.dll
0x00007ffb67e80000 - 0x00007ffb68ae2000 	c:\Users\Sergio\.vscode\extensions\redhat.java-1.31.0-win32-x64\jre\17.0.11-win32-x86_64\bin\server\jvm.dll
0x00007ffbbabd0000 - 0x00007ffbbac82000 	C:\WINDOWS\System32\ADVAPI32.dll
0x00007ffbbae60000 - 0x00007ffbbaf08000 	C:\WINDOWS\System32\sechost.dll
0x00007ffbba550000 - 0x00007ffbba578000 	C:\WINDOWS\System32\bcrypt.dll
0x00007ffbbb220000 - 0x00007ffbbb335000 	C:\WINDOWS\System32\RPCRT4.dll
0x00007ffbb3980000 - 0x00007ffbb3989000 	C:\WINDOWS\SYSTEM32\WSOCK32.dll
0x00007ffbadc80000 - 0x00007ffbadcb4000 	C:\WINDOWS\SYSTEM32\WINMM.dll
0x00007ffbb9050000 - 0x00007ffbb909d000 	C:\WINDOWS\SYSTEM32\POWRPROF.dll
0x00007ffbbb680000 - 0x00007ffbbb6f1000 	C:\WINDOWS\System32\WS2_32.dll
0x00007ffbace50000 - 0x00007ffbace5a000 	C:\WINDOWS\SYSTEM32\VERSION.dll
0x00007ffbb9030000 - 0x00007ffbb9043000 	C:\WINDOWS\SYSTEM32\UMPDC.dll
0x00007ffbb92e0000 - 0x00007ffbb92f8000 	C:\WINDOWS\SYSTEM32\kernel.appcore.dll
0x00007ffbb1e50000 - 0x00007ffbb1e5a000 	c:\Users\Sergio\.vscode\extensions\redhat.java-1.31.0-win32-x64\jre\17.0.11-win32-x86_64\bin\jimage.dll
0x00007ffbb7680000 - 0x00007ffbb78b2000 	C:\WINDOWS\SYSTEM32\DBGHELP.DLL
0x00007ffbbc8a0000 - 0x00007ffbbcc28000 	C:\WINDOWS\System32\combase.dll
0x00007ffbbbfd0000 - 0x00007ffbbc0a7000 	C:\WINDOWS\System32\OLEAUT32.dll
0x00007ffb8e010000 - 0x00007ffb8e042000 	C:\WINDOWS\SYSTEM32\dbgcore.DLL
0x00007ffbba380000 - 0x00007ffbba3fb000 	C:\WINDOWS\System32\bcryptPrimitives.dll
0x00007ffbafa60000 - 0x00007ffbafa6e000 	c:\Users\Sergio\.vscode\extensions\redhat.java-1.31.0-win32-x64\jre\17.0.11-win32-x86_64\bin\instrument.dll
0x00007ffb953e0000 - 0x00007ffb95405000 	c:\Users\Sergio\.vscode\extensions\redhat.java-1.31.0-win32-x64\jre\17.0.11-win32-x86_64\bin\java.dll
0x00007ffba6960000 - 0x00007ffba6978000 	c:\Users\Sergio\.vscode\extensions\redhat.java-1.31.0-win32-x64\jre\17.0.11-win32-x86_64\bin\zip.dll
0x00007ffbbb720000 - 0x00007ffbbbf7c000 	C:\WINDOWS\System32\SHELL32.dll
0x00007ffbb8120000 - 0x00007ffbb8a17000 	C:\WINDOWS\SYSTEM32\windows.storage.dll
0x00007ffbb7fe0000 - 0x00007ffbb811f000 	C:\WINDOWS\SYSTEM32\wintypes.dll
0x00007ffbbb120000 - 0x00007ffbbb214000 	C:\WINDOWS\System32\SHCORE.dll
0x00007ffbbc120000 - 0x00007ffbbc17e000 	C:\WINDOWS\System32\shlwapi.dll
0x00007ffbba0f0000 - 0x00007ffbba111000 	C:\WINDOWS\SYSTEM32\profapi.dll
0x00007ffb94cc0000 - 0x00007ffb94cd9000 	C:\Users\Sergio\.vscode\extensions\redhat.java-1.31.0-win32-x64\jre\17.0.11-win32-x86_64\bin\net.dll
0x00007ffbb0f90000 - 0x00007ffbb10c6000 	C:\WINDOWS\SYSTEM32\WINHTTP.dll
0x00007ffbb9750000 - 0x00007ffbb97b9000 	C:\WINDOWS\system32\mswsock.dll
0x00007ffb93c30000 - 0x00007ffb93c46000 	C:\Users\Sergio\.vscode\extensions\redhat.java-1.31.0-win32-x64\jre\17.0.11-win32-x86_64\bin\nio.dll
0x00007ffb95ee0000 - 0x00007ffb95ef0000 	c:\Users\Sergio\.vscode\extensions\redhat.java-1.31.0-win32-x64\jre\17.0.11-win32-x86_64\bin\verify.dll
0x00007ffb93da0000 - 0x00007ffb93de4000 	C:\Users\Sergio\AppData\Roaming\Code\User\globalStorage\redhat.java\1.31.0\config_win\org.eclipse.equinox.launcher\org.eclipse.equinox.launcher.win32.win32.x86_64_1.2.1000.v20240507-1834\eclipse_11902.dll
0x00007ffbbac90000 - 0x00007ffbbae35000 	C:\WINDOWS\System32\ole32.dll
0x00007ffbb99b0000 - 0x00007ffbb99cb000 	C:\WINDOWS\SYSTEM32\CRYPTSP.dll
0x00007ffbb9240000 - 0x00007ffbb9275000 	C:\WINDOWS\system32\rsaenh.dll
0x00007ffbb9850000 - 0x00007ffbb9878000 	C:\WINDOWS\SYSTEM32\USERENV.dll
0x00007ffbb99d0000 - 0x00007ffbb99dc000 	C:\WINDOWS\SYSTEM32\CRYPTBASE.dll
0x00007ffbb8cf0000 - 0x00007ffbb8d1d000 	C:\WINDOWS\SYSTEM32\IPHLPAPI.DLL
0x00007ffbbb670000 - 0x00007ffbbb679000 	C:\WINDOWS\System32\NSI.dll
0x00007ffbb0c50000 - 0x00007ffbb0c69000 	C:\WINDOWS\SYSTEM32\dhcpcsvc6.DLL
0x00007ffbb0c30000 - 0x00007ffbb0c4f000 	C:\WINDOWS\SYSTEM32\dhcpcsvc.DLL
0x00007ffbb8d20000 - 0x00007ffbb8e18000 	C:\WINDOWS\SYSTEM32\DNSAPI.dll
0x00007ffb8dfc0000 - 0x00007ffb8e005000 	C:\Users\Sergio\AppData\Local\Temp\jna--1821973619\jna8546184191643306628.dll
0x00007ffbbc0b0000 - 0x00007ffbbc0b8000 	C:\WINDOWS\System32\PSAPI.DLL
0x00007ffbb9300000 - 0x00007ffbb9334000 	C:\WINDOWS\SYSTEM32\ntmarta.dll

dbghelp: loaded successfully - version: 4.0.5 - missing functions: none
symbol engine: initialized successfully - sym options: 0x614 - pdb path: .;c:\Users\Sergio\.vscode\extensions\redhat.java-1.31.0-win32-x64\jre\17.0.11-win32-x86_64\bin;C:\WINDOWS\SYSTEM32;C:\WINDOWS\WinSxS\amd64_microsoft.windows.common-controls_6595b64144ccf1df_6.0.22621.3672_none_2713b9d173822955;c:\Users\Sergio\.vscode\extensions\redhat.java-1.31.0-win32-x64\jre\17.0.11-win32-x86_64\bin\server;C:\Users\Sergio\AppData\Roaming\Code\User\globalStorage\redhat.java\1.31.0\config_win\org.eclipse.equinox.launcher\org.eclipse.equinox.launcher.win32.win32.x86_64_1.2.1000.v20240507-1834;C:\Users\Sergio\AppData\Local\Temp\jna--1821973619

VM Arguments:
jvm_args: --add-modules=ALL-SYSTEM --add-opens=java.base/java.util=ALL-UNNAMED --add-opens=java.base/java.lang=ALL-UNNAMED --add-opens=java.base/sun.nio.fs=ALL-UNNAMED -Declipse.application=org.eclipse.jdt.ls.core.id1 -Dosgi.bundles.defaultStartLevel=4 -Declipse.product=org.eclipse.jdt.ls.core.product -Djava.import.generatesMetadataFilesAtProjectRoot=false -DDetectVMInstallationsJob.disabled=true -Dfile.encoding=utf8 -XX:+UseParallelGC -XX:GCTimeRatio=4 -XX:AdaptiveSizePolicyWeight=90 -Dsun.zip.disableMemoryMapping=true -Xmx2G -Xms100m -Xlog:disable -javaagent:c:\Users\Sergio\.vscode\extensions\redhat.java-1.31.0-win32-x64\lombok\lombok-1.18.32.jar -XX:+HeapDumpOnOutOfMemoryError -XX:HeapDumpPath=c:\Users\Sergio\AppData\Roaming\Code\User\workspaceStorage\5343854ed622dacb063563fdaa0c68f0\redhat.java -Daether.dependencyCollector.impl=bf 
java_command: c:\Users\Sergio\.vscode\extensions\redhat.java-1.31.0-win32-x64\server\plugins\org.eclipse.equinox.launcher_1.6.800.v20240513-1750.jar -configuration c:\Users\Sergio\AppData\Roaming\Code\User\globalStorage\redhat.java\1.31.0\config_win -data c:\Users\Sergio\AppData\Roaming\Code\User\workspaceStorage\5343854ed622dacb063563fdaa0c68f0\redhat.java\jdt_ws --pipe=\\.\pipe\lsp-67f207ac74c5bfaf09bbe798a4fdfc7c-sock
java_class_path (initial): c:\Users\Sergio\.vscode\extensions\redhat.java-1.31.0-win32-x64\server\plugins\org.eclipse.equinox.launcher_1.6.800.v20240513-1750.jar
Launcher Type: SUN_STANDARD

[Global flags]
    uintx AdaptiveSizePolicyWeight                 = 90                                        {product} {command line}
     intx CICompilerCount                          = 4                                         {product} {ergonomic}
    uintx GCTimeRatio                              = 4                                         {product} {command line}
     bool HeapDumpOnOutOfMemoryError               = true                                   {manageable} {command line}
    ccstr HeapDumpPath                             = c:\Users\Sergio\AppData\Roaming\Code\User\workspaceStorage\5343854ed622dacb063563fdaa0c68f0\redhat.java         {manageable} {command line}
   size_t InitialHeapSize                          = 104857600                                 {product} {command line}
   size_t MaxHeapSize                              = 2147483648                                {product} {command line}
   size_t MaxNewSize                               = 715653120                                 {product} {ergonomic}
   size_t MinHeapDeltaBytes                        = 524288                                    {product} {ergonomic}
   size_t MinHeapSize                              = 104857600                                 {product} {command line}
   size_t NewSize                                  = 34603008                                  {product} {ergonomic}
    uintx NonNMethodCodeHeapSize                   = 5839372                                {pd product} {ergonomic}
    uintx NonProfiledCodeHeapSize                  = 122909434                              {pd product} {ergonomic}
   size_t OldSize                                  = 70254592                                  {product} {ergonomic}
    uintx ProfiledCodeHeapSize                     = 122909434                              {pd product} {ergonomic}
    uintx ReservedCodeCacheSize                    = 251658240                              {pd product} {ergonomic}
     bool SegmentedCodeCache                       = true                                      {product} {ergonomic}
   size_t SoftMaxHeapSize                          = 2147483648                             {manageable} {ergonomic}
     bool UseCompressedClassPointers               = true                           {product lp64_product} {ergonomic}
     bool UseCompressedOops                        = true                           {product lp64_product} {ergonomic}
     bool UseLargePagesIndividualAllocation        = false                                  {pd product} {ergonomic}
     bool UseParallelGC                            = true                                      {product} {command line}

Logging:
Log output configuration:
 #0: stdout all=off uptime,level,tags
 #1: stderr all=off uptime,level,tags

Environment Variables:
JAVA_HOME=C:\Program Files\Java\jdk-15
PATH=C:\Program Files\Java\jdk-15\bin;C:\Program Files\Maven\apache-maven-3.9.4-bin\apache-maven-3.9.4\bin;C:\Phyton38\Scripts\;C:\Phyton38\;C:\Program Files\Common Files\Oracle\Java\javapath;C:\Program Files (x86)\Common Files\Oracle\Java\java8path;C:\Program Files (x86)\Common Files\Oracle\Java\javapath;C:\WINDOWS\system32;C:\WINDOWS;C:\WINDOWS\System32\Wbem;C:\WINDOWS\System32\WindowsPowerShell\v1.0\;C:\WINDOWS\System32\OpenSSH\;C:\Program Files\Git\cmd;C:\Program Files (x86)\Scm Group\Xilog Plus\BIN;C:\Program Files\Microsoft SQL Server\Client SDK\ODBC\170\Tools\Binn\;C:\Program Files (x86)\Microsoft SQL Server\150\Tools\Binn\;C:\Program Files\Microsoft SQL Server\150\Tools\Binn\;C:\Program Files\Microsoft SQL Server\150\DTS\Binn\;C:\Program Files\AutoFirmaJA\AutoFirmaJA;C:\xampp\php;C:\Program Files (x86)\Bitvise SSH Client;C:\Program Files\PuTTY\;C:\ProgramData\ComposerSetup\bin;C:\xampp\mysql\bin;C:\Program Files\Maven\apache-maven-3.9.4-bin\apache-maven-3.9.4\bin;C:\Users\Sergio\AppData\Roaming\nvm;C:\Program Files\nodejs;C:\Program Files\MySQL\MySQL Shell 8.0\bin\;C:\Users\Sergio\AppData\Local\Microsoft\WindowsApps;C:\Users\Sergio\AppData\Local\Programs\Microsoft VS Code\bin;C:\Users\Sergio\AppData\Roaming\npm;C:\Users\Sergio\AppData\Roaming\Composer\vendor\bin;C:\Users\Sergio\AppData\Local\Microsoft\WindowsApps;C:\Users\Sergio\AppData\Roaming\nvm;C:\Program Files\nodejs
USERNAME=Sergio
OS=Windows_NT
PROCESSOR_IDENTIFIER=Intel64 Family 6 Model 142 Stepping 12, GenuineIntel
TMP=C:\Users\Sergio\AppData\Local\Temp
TEMP=C:\Users\Sergio\AppData\Local\Temp



Periodic native trim disabled


---------------  S Y S T E M  ---------------

OS:
 Windows 11 , 64 bit Build 22621 (10.0.22621.3672)
OS uptime: 2 days 15:35 hours

CPU: total 8 (initial active 8) (4 cores per cpu, 2 threads per core) family 6 model 142 stepping 12 microcode 0xde, cx8, cmov, fxsr, ht, mmx, 3dnowpref, sse, sse2, sse3, ssse3, sse4.1, sse4.2, popcnt, lzcnt, tsc, tscinvbit, avx, avx2, aes, erms, clmul, bmi1, bmi2, adx, fma, vzeroupper, clflush, clflushopt
Processor Information for all 8 processors :
  Max Mhz: 2304, Current Mhz: 1803, Mhz Limit: 1797

Memory: 4k page, system-wide physical 16193M (7333M free)
TotalPageFile size 18254M (AvailPageFile size 8950M)
current process WorkingSet (physical memory assigned to process): 419M, peak: 460M
current process commit charge ("private bytes"): 485M, peak: 534M

vm_info: OpenJDK 64-Bit Server VM (17.0.11+9) for windows-amd64 JRE (17.0.11+9), built on Apr 17 2024 06:07:48 by "admin" with MS VC++ 16.10 / 16.11 (VS2019)

END.
