#
# A fatal error has been detected by the Java Runtime Environment:
#
#  EXCEPTION_ACCESS_VIOLATION (0xc0000005) at pc=0x00007ffc1b460eec, pid=18212, tid=11184
#
# JRE version: Java(TM) SE Runtime Environment (17.0.9+11) (build 17.0.9+11-LTS-201)
# Java VM: Java HotSpot(TM) 64-Bit Server VM (17.0.9+11-LTS-201, mixed mode, sharing, tiered, compressed oops, compressed class ptrs, g1 gc, windows-amd64)
# Problematic frame:
# V  [jvm.dll+0x2a0eec]
#
# No core dump will be written. Minidumps are not enabled by default on client versions of Windows
#
# If you would like to submit a bug report, please visit:
#   https://bugreport.java.com/bugreport/crash.jsp
#

---------------  S U M M A R Y ------------

Command Line: -XX:+ShowCodeDetailsInExceptionMessages com.example.activate.ActivateApplication

Host: Intel(R) Core(TM) i7-10510U CPU @ 1.80GHz, 8 cores, 15G,  Windows 11 , 64 bit Build 22621 (10.0.22621.3672)
Time: Fri Jun 14 11:29:24 2024 Hora de verano romance elapsed time: 512.900389 seconds (0d 0h 8m 32s)

---------------  T H R E A D  ---------------

Current thread (0x00000145f2008470):  JavaThread "C2 CompilerThread0" daemon [_thread_in_native, id=11184, stack(0x0000003d0ea00000,0x0000003d0eb00000)]


Current CompileTask:
C2: 512901 9592       4       org.springframework.http.server.DefaultPathContainer::createFromUrlPath (204 bytes)

Stack: [0x0000003d0ea00000,0x0000003d0eb00000],  sp=0x0000003d0eafbe70,  free space=1007k
Native frames: (J=compiled Java code, j=interpreted, Vv=VM code, C=native code)
V  [jvm.dll+0x2a0eec]
V  [jvm.dll+0x2a0bff]
V  [jvm.dll+0x79d381]
V  [jvm.dll+0x79c6ca]
V  [jvm.dll+0x69fcbb]
V  [jvm.dll+0x34497a]
V  [jvm.dll+0x6938e8]
V  [jvm.dll+0x69106a]
V  [jvm.dll+0x689016]
V  [jvm.dll+0x688660]
V  [jvm.dll+0x68656a]
V  [jvm.dll+0x1a6ddc]
V  [jvm.dll+0x1a796b]
V  [jvm.dll+0x2aaa1c]
V  [jvm.dll+0x691043]
V  [jvm.dll+0x689016]
V  [jvm.dll+0x688660]
V  [jvm.dll+0x68656a]
V  [jvm.dll+0x1a6ddc]
V  [jvm.dll+0x1a796b]
V  [jvm.dll+0x2aaa1c]
V  [jvm.dll+0x691043]
V  [jvm.dll+0x689016]
V  [jvm.dll+0x688660]
V  [jvm.dll+0x68656a]
V  [jvm.dll+0x1a6ddc]
V  [jvm.dll+0x1a796b]
V  [jvm.dll+0x2aaa1c]
V  [jvm.dll+0x691043]
V  [jvm.dll+0x689016]
V  [jvm.dll+0x688660]
V  [jvm.dll+0x68656a]
V  [jvm.dll+0x1a6ddc]
V  [jvm.dll+0x1a796b]
V  [jvm.dll+0x2aaa1c]
V  [jvm.dll+0x691043]
V  [jvm.dll+0x689016]
V  [jvm.dll+0x688660]
V  [jvm.dll+0x68656a]
V  [jvm.dll+0x1a6ddc]
V  [jvm.dll+0x217118]
V  [jvm.dll+0x1a3bc0]
V  [jvm.dll+0x2272de]
V  [jvm.dll+0x22548b]
V  [jvm.dll+0x78f58c]
V  [jvm.dll+0x78998a]
V  [jvm.dll+0x677875]
C  [ucrtbase.dll+0x29333]
C  [KERNEL32.DLL+0x1257d]
C  [ntdll.dll+0x5af28]


siginfo: EXCEPTION_ACCESS_VIOLATION (0xc0000005), reading address 0x0000014678aeb148


Register to memory mapping:

RIP=0x00007ffc1b460eec jvm.dll
RAX=0x0000000010000000 is an unknown value
RBX=0x0 is NULL
RCX=0x00000145f587c420 points into unknown readable memory: 0x00000145f8aeb0f8 | f8 b0 ae f8 45 01 00 00
RDX=0x00000145f8aeb148 points into unknown readable memory: 0x00000145f8aeb0f8 | f8 b0 ae f8 45 01 00 00
RSP=0x0000003d0eafbe70 is pointing into the stack for thread: 0x00000145f2008470
RBP=0x0000000000000dc0 is an unknown value
RSI=0x0 is NULL
RDI=0x00000145f5878de0 points into unknown readable memory: 0x0000000400000001 | 01 00 00 00 04 00 00 00
R8 =0x00000145f8aeb148 points into unknown readable memory: 0x00000145f8aeb0f8 | f8 b0 ae f8 45 01 00 00
R9 =0x0000000000000008 is an unknown value
R10=0x0000000000000001 is an unknown value
R11=0x0000000000000008 is an unknown value
R12=0x00000000000000dc is an unknown value
R13=0x00000145f5876020 points into unknown readable memory: 0x000000100000000b | 0b 00 00 00 10 00 00 00
R14=0x0 is NULL
R15=0x00000145f20c4290 points into unknown readable memory: 0x0000003d0eafee10 | 10 ee af 0e 3d 00 00 00


Registers:
RAX=0x0000000010000000, RBX=0x0000000000000000, RCX=0x00000145f587c420, RDX=0x00000145f8aeb148
RSP=0x0000003d0eafbe70, RBP=0x0000000000000dc0, RSI=0x0000000000000000, RDI=0x00000145f5878de0
R8 =0x00000145f8aeb148, R9 =0x0000000000000008, R10=0x0000000000000001, R11=0x0000000000000008
R12=0x00000000000000dc, R13=0x00000145f5876020, R14=0x0000000000000000, R15=0x00000145f20c4290
RIP=0x00007ffc1b460eec, EFLAGS=0x0000000000010206

Top of Stack: (sp=0x0000003d0eafbe70)
0x0000003d0eafbe70:   0000000000000000 00000145f8aeb0f8
0x0000003d0eafbe80:   0000000000000000 0000000000000002
0x0000003d0eafbe90:   0000000000000000 00007ffc1b26ac2e
0x0000003d0eafbea0:   0000000000000001 0000000000000002
0x0000003d0eafbeb0:   00000145f20c4290 00000145f2845ff0
0x0000003d0eafbec0:   0000000000000010 00000145f2845ff0
0x0000003d0eafbed0:   00000145f8aeb6a8 00007ffc1b460bff
0x0000003d0eafbee0:   0000014500000001 0000000000000200
0x0000003d0eafbef0:   0000000000000dc0 000000008000000d
0x0000003d0eafbf00:   0000000000000000 00007ffc1b960db3
0x0000003d0eafbf10:   0000000000000020 0000000000000050
0x0000003d0eafbf20:   0000000000000000 0000000000000007
0x0000003d0eafbf30:   0000000000000000 00007ffc1b95d381
0x0000003d0eafbf40:   000000008000000d 00000145f2845fc0
0x0000003d0eafbf50:   00000145f20c4290 00000145ed9bdc50
0x0000003d0eafbf60:   00000145f5662798 0000000000040000 

Instructions: (pc=0x00007ffc1b460eec)
0x00007ffc1b460dec:   00 00 00 00 d1 e8 3b c1 77 fa 85 c0 0f 44 c2 03
0x00007ffc1b460dfc:   c0 89 47 04 49 8b 1f 8b f0 48 c1 e6 04 48 8b c6
0x00007ffc1b460e0c:   48 f7 d0 48 3b 43 18 73 12 4c 8d 05 fc cd 61 00
0x00007ffc1b460e1c:   48 8b d6 48 8b cb e8 b9 a5 e0 ff 48 8b 43 18 48
0x00007ffc1b460e2c:   8d 0c 30 48 3b 4b 20 76 10 45 33 c0 48 8b d6 48
0x00007ffc1b460e3c:   8b cb e8 1d a2 e0 ff eb 04 48 89 4b 18 33 db 48
0x00007ffc1b460e4c:   89 47 08 c7 44 24 70 00 00 00 00 41 39 5c 2d 00
0x00007ffc1b460e5c:   0f 86 c7 00 00 00 0f 1f 40 00 66 66 0f 1f 84 00
0x00007ffc1b460e6c:   00 00 00 00 49 8b 44 2d 08 8d 34 1b 4c 8d 34 f5
0x00007ffc1b460e7c:   00 00 00 00 49 8b 2c 06 48 8b cd 41 ff 57 18 41
0x00007ffc1b460e8c:   8b 4f 10 ff c9 23 c1 41 3b c4 74 77 48 8b 47 08
0x00007ffc1b460e9c:   44 8b 54 24 70 43 8d 14 12 41 ff c2 48 89 2c d0
0x00007ffc1b460eac:   8d 46 01 48 8b ac 24 80 00 00 00 4c 8d 0c c5 00
0x00007ffc1b460ebc:   00 00 00 48 8b 4f 08 8d 52 01 44 89 54 24 70 4d
0x00007ffc1b460ecc:   8b 44 2d 08 4b 8b 04 01 48 89 04 d1 44 89 17 41
0x00007ffc1b460edc:   ff 4c 2d 00 41 8b 44 2d 00 49 8b 54 2d 08 03 c0
0x00007ffc1b460eec:   48 8b 04 c2 49 89 04 16 41 8b 44 2d 00 49 8b 54
0x00007ffc1b460efc:   2d 08 8d 04 45 01 00 00 00 48 8b 04 c2 49 89 04
0x00007ffc1b460f0c:   11 eb 0a 48 8b ac 24 80 00 00 00 ff c3 41 3b 5c
0x00007ffc1b460f1c:   2d 00 0f 82 4c ff ff ff 44 8b 74 24 78 ba 01 00
0x00007ffc1b460f2c:   00 00 48 83 c5 10 41 ff c4 48 89 ac 24 80 00 00
0x00007ffc1b460f3c:   00 45 3b e6 0f 82 7a fe ff ff 4c 8b 6c 24 30 48
0x00007ffc1b460f4c:   8b 7c 24 38 48 8b 74 24 40 48 8b ac 24 88 00 00
0x00007ffc1b460f5c:   00 48 83 c4 48 41 5f 41 5e 41 5c 5b c3 cc cc cc
0x00007ffc1b460f6c:   cc cc cc cc 48 c1 f9 02 8b c1 c3 cc cc cc cc cc
0x00007ffc1b460f7c:   cc cc cc cc b8 ff ff ff ff 48 89 11 89 41 0c 4c
0x00007ffc1b460f8c:   8b ca 4c 8b c1 ff c0 41 89 40 08 41 3b 41 10 73
0x00007ffc1b460f9c:   46 49 8b 49 08 44 8b d0 4d 03 d2 42 8b 14 d1 41
0x00007ffc1b460fac:   89 50 0c 85 d2 74 de 8d 42 ff 41 89 40 0c 8d 14
0x00007ffc1b460fbc:   00 49 8b 41 08 4a 8b 44 d0 08 48 8b 0c d0 8d 52
0x00007ffc1b460fcc:   01 49 89 48 10 49 8b 41 08 4a 8b 4c d0 08 48 8b
0x00007ffc1b460fdc:   04 d1 49 89 40 18 c3 33 c0 49 89 40 10 49 89 40 


Stack slot to memory mapping:
stack at sp + 0 slots: 0x0 is NULL
stack at sp + 1 slots: 0x00000145f8aeb0f8 points into unknown readable memory: 0x00007ffc1bb27558 | 58 75 b2 1b fc 7f 00 00
stack at sp + 2 slots: 0x0 is NULL
stack at sp + 3 slots: 0x0000000000000002 is an unknown value
stack at sp + 4 slots: 0x0 is NULL
stack at sp + 5 slots: 0x00007ffc1b26ac2e jvm.dll
stack at sp + 6 slots: 0x0000000000000001 is an unknown value
stack at sp + 7 slots: 0x0000000000000002 is an unknown value


---------------  P R O C E S S  ---------------

Threads class SMR info:
_java_thread_list=0x00000145f369cb60, length=31, elements={
0x00000145edb04b00, 0x00000145edb05980, 0x00000145edb1c420, 0x00000145edb1df00,
0x00000145edb1e9d0, 0x00000145edb293c0, 0x00000145f2008470, 0x00000145f2028e40,
0x00000145edb2e730, 0x00000145f21583d0, 0x00000145f2163990, 0x00000145f27b4940,
0x00000145f27b25d0, 0x00000145f27b3f20, 0x00000145f27b4e50, 0x00000145f380f290,
0x00000145f3812a40, 0x00000145f380ed80, 0x00000145f3812f50, 0x00000145f3814390,
0x00000145f3811600, 0x00000145f380d430, 0x00000145f3813460, 0x00000145f380f7a0,
0x00000145f380e360, 0x00000145f380fcb0, 0x00000145f38106d0, 0x00000145f38110f0,
0x00000145f3812530, 0x00000145f3813970, 0x00000145f3810be0
}

Java Threads: ( => current thread )
  0x00000145edb04b00 JavaThread "Reference Handler" daemon [_thread_blocked, id=20252, stack(0x0000003d0e400000,0x0000003d0e500000)]
  0x00000145edb05980 JavaThread "Finalizer" daemon [_thread_blocked, id=1864, stack(0x0000003d0e500000,0x0000003d0e600000)]
  0x00000145edb1c420 JavaThread "Signal Dispatcher" daemon [_thread_blocked, id=6012, stack(0x0000003d0e600000,0x0000003d0e700000)]
  0x00000145edb1df00 JavaThread "Attach Listener" daemon [_thread_blocked, id=21752, stack(0x0000003d0e700000,0x0000003d0e800000)]
  0x00000145edb1e9d0 JavaThread "Service Thread" daemon [_thread_blocked, id=18436, stack(0x0000003d0e800000,0x0000003d0e900000)]
  0x00000145edb293c0 JavaThread "Monitor Deflation Thread" daemon [_thread_blocked, id=18116, stack(0x0000003d0e900000,0x0000003d0ea00000)]
=>0x00000145f2008470 JavaThread "C2 CompilerThread0" daemon [_thread_in_native, id=11184, stack(0x0000003d0ea00000,0x0000003d0eb00000)]
  0x00000145f2028e40 JavaThread "C1 CompilerThread0" daemon [_thread_blocked, id=13936, stack(0x0000003d0eb00000,0x0000003d0ec00000)]
  0x00000145edb2e730 JavaThread "Sweeper thread" daemon [_thread_blocked, id=22472, stack(0x0000003d0ec00000,0x0000003d0ed00000)]
  0x00000145f21583d0 JavaThread "Notification Thread" daemon [_thread_blocked, id=10964, stack(0x0000003d0ed00000,0x0000003d0ee00000)]
  0x00000145f2163990 JavaThread "Common-Cleaner" daemon [_thread_blocked, id=13424, stack(0x0000003d0ef00000,0x0000003d0f000000)]
  0x00000145f27b4940 JavaThread "Catalina-utility-1" [_thread_blocked, id=11080, stack(0x0000003d0fc00000,0x0000003d0fd00000)]
  0x00000145f27b25d0 JavaThread "Catalina-utility-2" [_thread_blocked, id=4908, stack(0x0000003d0fd00000,0x0000003d0fe00000)]
  0x00000145f27b3f20 JavaThread "container-0" [_thread_blocked, id=15488, stack(0x0000003d0fe00000,0x0000003d0ff00000)]
  0x00000145f27b4e50 JavaThread "mysql-cj-abandoned-connection-cleanup" daemon [_thread_blocked, id=19196, stack(0x0000003d0ff00000,0x0000003d10000000)]
  0x00000145f380f290 JavaThread "HikariPool-1 housekeeper" daemon [_thread_blocked, id=9048, stack(0x0000003d10100000,0x0000003d10200000)]
  0x00000145f3812a40 JavaThread "File Watcher" daemon [_thread_blocked, id=21088, stack(0x0000003d10300000,0x0000003d10400000)]
  0x00000145f380ed80 JavaThread "Live Reload Server" daemon [_thread_in_native, id=288, stack(0x0000003d10500000,0x0000003d10600000)]
  0x00000145f3812f50 JavaThread "http-nio-9000-exec-1" daemon [_thread_blocked, id=23396, stack(0x0000003d10400000,0x0000003d10500000)]
  0x00000145f3814390 JavaThread "http-nio-9000-exec-2" daemon [_thread_blocked, id=24144, stack(0x0000003d10600000,0x0000003d10700000)]
  0x00000145f3811600 JavaThread "http-nio-9000-exec-3" daemon [_thread_blocked, id=20488, stack(0x0000003d10700000,0x0000003d10800000)]
  0x00000145f380d430 JavaThread "http-nio-9000-exec-4" daemon [_thread_blocked, id=7992, stack(0x0000003d10800000,0x0000003d10900000)]
  0x00000145f3813460 JavaThread "http-nio-9000-exec-5" daemon [_thread_blocked, id=16128, stack(0x0000003d10900000,0x0000003d10a00000)]
  0x00000145f380f7a0 JavaThread "http-nio-9000-exec-6" daemon [_thread_blocked, id=11428, stack(0x0000003d10a00000,0x0000003d10b00000)]
  0x00000145f380e360 JavaThread "http-nio-9000-exec-7" daemon [_thread_blocked, id=10132, stack(0x0000003d10b00000,0x0000003d10c00000)]
  0x00000145f380fcb0 JavaThread "http-nio-9000-exec-8" daemon [_thread_blocked, id=15572, stack(0x0000003d10c00000,0x0000003d10d00000)]
  0x00000145f38106d0 JavaThread "http-nio-9000-exec-9" daemon [_thread_blocked, id=14660, stack(0x0000003d10d00000,0x0000003d10e00000)]
  0x00000145f38110f0 JavaThread "http-nio-9000-exec-10" daemon [_thread_blocked, id=22444, stack(0x0000003d10e00000,0x0000003d10f00000)]
  0x00000145f3812530 JavaThread "http-nio-9000-Poller" daemon [_thread_in_native, id=18760, stack(0x0000003d10f00000,0x0000003d11000000)]
  0x00000145f3813970 JavaThread "http-nio-9000-Acceptor" daemon [_thread_in_native, id=22172, stack(0x0000003d11000000,0x0000003d11100000)]
  0x00000145f3810be0 JavaThread "DestroyJavaVM" [_thread_blocked, id=8328, stack(0x0000003d0dd00000,0x0000003d0de00000)]

Other Threads:
  0x00000145edafdee0 VMThread "VM Thread" [stack: 0x0000003d0e300000,0x0000003d0e400000] [id=13968]
  0x00000145f215b0e0 WatcherThread [stack: 0x0000003d0ee00000,0x0000003d0ef00000] [id=17692]
  0x00000145c8f5ca20 GCTaskThread "GC Thread#0" [stack: 0x0000003d0de00000,0x0000003d0df00000] [id=15844]
  0x00000145f28c82d0 GCTaskThread "GC Thread#1" [stack: 0x0000003d0f400000,0x0000003d0f500000] [id=14892]
  0x00000145f28c8590 GCTaskThread "GC Thread#2" [stack: 0x0000003d0f500000,0x0000003d0f600000] [id=23564]
  0x00000145f28c8850 GCTaskThread "GC Thread#3" [stack: 0x0000003d0f600000,0x0000003d0f700000] [id=13576]
  0x00000145f28c8b10 GCTaskThread "GC Thread#4" [stack: 0x0000003d0f700000,0x0000003d0f800000] [id=19040]
  0x00000145f28c2230 GCTaskThread "GC Thread#5" [stack: 0x0000003d0f800000,0x0000003d0f900000] [id=9012]
  0x00000145f329fba0 GCTaskThread "GC Thread#6" [stack: 0x0000003d0f900000,0x0000003d0fa00000] [id=14908]
  0x00000145f33e7ad0 GCTaskThread "GC Thread#7" [stack: 0x0000003d0fa00000,0x0000003d0fb00000] [id=20636]
  0x00000145c8f6e690 ConcurrentGCThread "G1 Main Marker" [stack: 0x0000003d0df00000,0x0000003d0e000000] [id=5464]
  0x00000145c8f6f840 ConcurrentGCThread "G1 Conc#0" [stack: 0x0000003d0e000000,0x0000003d0e100000] [id=19260]
  0x00000145f39eae20 ConcurrentGCThread "G1 Conc#1" [stack: 0x0000003d0f100000,0x0000003d0f200000] [id=21876]
  0x00000145c8f9e2a0 ConcurrentGCThread "G1 Refine#0" [stack: 0x0000003d0e100000,0x0000003d0e200000] [id=22932]
  0x00000145ed9bd130 ConcurrentGCThread "G1 Service" [stack: 0x0000003d0e200000,0x0000003d0e300000] [id=22204]

Threads with active compile tasks:
C2 CompilerThread0   513119 9592       4       org.springframework.http.server.DefaultPathContainer::createFromUrlPath (204 bytes)

VM state: not at safepoint (normal execution)

VM Mutex/Monitor currently owned by a thread: None

Heap address: 0x0000000702e00000, size: 4050 MB, Compressed Oops mode: Zero based, Oop shift amount: 3

CDS archive(s) mapped at: [0x0000014580000000-0x0000014580bd0000-0x0000014580bd0000), size 12386304, SharedBaseAddress: 0x0000014580000000, ArchiveRelocationMode: 1.
Compressed class space mapped at: 0x0000014581000000-0x00000145c1000000, reserved size: 1073741824
Narrow klass base: 0x0000014580000000, Narrow klass shift: 0, Narrow klass range: 0x100000000

GC Precious Log:
 CPUs: 8 total, 8 available
 Memory: 16193M
 Large Page Support: Disabled
 NUMA Support: Disabled
 Compressed Oops: Enabled (Zero based)
 Heap Region Size: 2M
 Heap Min Capacity: 8M
 Heap Initial Capacity: 254M
 Heap Max Capacity: 4050M
 Pre-touch: Disabled
 Parallel Workers: 8
 Concurrent Workers: 2
 Concurrent Refinement Workers: 8
 Periodic GC: Disabled

Heap:
 garbage-first heap   total 96256K, used 56297K [0x0000000702e00000, 0x0000000800000000)
  region size 2048K, 11 young (22528K), 1 survivors (2048K)
 Metaspace       used 81640K, committed 82304K, reserved 1179648K
  class space    used 11186K, committed 11456K, reserved 1048576K

Heap Regions: E=young(eden), S=young(survivor), O=old, HS=humongous(starts), HC=humongous(continues), CS=collection set, F=free, OA=open archive, CA=closed archive, TAMS=top-at-mark-start (previous, next)
|   0|0x0000000702e00000, 0x0000000703000000, 0x0000000703000000|100%| O|  |TAMS 0x0000000703000000, 0x0000000702e00000| Untracked 
|   1|0x0000000703000000, 0x0000000703200000, 0x0000000703200000|100%| O|  |TAMS 0x0000000703200000, 0x0000000703000000| Untracked 
|   2|0x0000000703200000, 0x0000000703400000, 0x0000000703400000|100%| O|  |TAMS 0x0000000703400000, 0x0000000703200000| Untracked 
|   3|0x0000000703400000, 0x0000000703600000, 0x0000000703600000|100%| O|  |TAMS 0x0000000703600000, 0x0000000703400000| Untracked 
|   4|0x0000000703600000, 0x0000000703800000, 0x0000000703800000|100%| O|  |TAMS 0x0000000703800000, 0x0000000703600000| Untracked 
|   5|0x0000000703800000, 0x0000000703a00000, 0x0000000703a00000|100%| O|  |TAMS 0x0000000703a00000, 0x0000000703800000| Untracked 
|   6|0x0000000703a00000, 0x0000000703c00000, 0x0000000703c00000|100%| O|  |TAMS 0x0000000703c00000, 0x0000000703a00000| Untracked 
|   7|0x0000000703c00000, 0x0000000703e00000, 0x0000000703e00000|100%| O|  |TAMS 0x0000000703e00000, 0x0000000703c00000| Untracked 
|   8|0x0000000703e00000, 0x0000000704000000, 0x0000000704000000|100%| O|  |TAMS 0x0000000703e00000, 0x0000000703e00000| Untracked 
|   9|0x0000000704000000, 0x0000000704200000, 0x0000000704200000|100%| O|  |TAMS 0x0000000704200000, 0x0000000704000000| Untracked 
|  10|0x0000000704200000, 0x0000000704400000, 0x0000000704400000|100%| O|  |TAMS 0x0000000704400000, 0x0000000704200000| Untracked 
|  11|0x0000000704400000, 0x0000000704600000, 0x0000000704600000|100%| O|  |TAMS 0x0000000704400000, 0x0000000704400000| Untracked 
|  12|0x0000000704600000, 0x0000000704800000, 0x0000000704800000|100%| O|  |TAMS 0x0000000704600000, 0x0000000704600000| Untracked 
|  13|0x0000000704800000, 0x0000000704a00000, 0x0000000704a00000|100%| O|  |TAMS 0x0000000704800000, 0x0000000704800000| Untracked 
|  14|0x0000000704a00000, 0x0000000704c00000, 0x0000000704c00000|100%| O|  |TAMS 0x0000000704a00000, 0x0000000704a00000| Untracked 
|  15|0x0000000704c00000, 0x0000000704e00000, 0x0000000704e00000|100%| O|  |TAMS 0x0000000704c00000, 0x0000000704c00000| Untracked 
|  16|0x0000000704e00000, 0x0000000705000000, 0x0000000705000000|100%| O|  |TAMS 0x0000000704e00000, 0x0000000704e00000| Untracked 
|  17|0x0000000705000000, 0x00000007051e5600, 0x0000000705200000| 94%| O|  |TAMS 0x0000000705000000, 0x0000000705000000| Untracked 
|  18|0x0000000705200000, 0x0000000705200000, 0x0000000705400000|  0%| F|  |TAMS 0x0000000705200000, 0x0000000705200000| Untracked 
|  19|0x0000000705400000, 0x0000000705400000, 0x0000000705600000|  0%| F|  |TAMS 0x0000000705400000, 0x0000000705400000| Untracked 
|  20|0x0000000705600000, 0x0000000705600000, 0x0000000705800000|  0%| F|  |TAMS 0x0000000705600000, 0x0000000705600000| Untracked 
|  21|0x0000000705800000, 0x0000000705800000, 0x0000000705a00000|  0%| F|  |TAMS 0x0000000705800000, 0x0000000705800000| Untracked 
|  22|0x0000000705a00000, 0x0000000705a00000, 0x0000000705c00000|  0%| F|  |TAMS 0x0000000705a00000, 0x0000000705a00000| Untracked 
|  23|0x0000000705c00000, 0x0000000705c00000, 0x0000000705e00000|  0%| F|  |TAMS 0x0000000705c00000, 0x0000000705c00000| Untracked 
|  24|0x0000000705e00000, 0x0000000705e00000, 0x0000000706000000|  0%| F|  |TAMS 0x0000000705e00000, 0x0000000705e00000| Untracked 
|  25|0x0000000706000000, 0x0000000706000000, 0x0000000706200000|  0%| F|  |TAMS 0x0000000706000000, 0x0000000706000000| Untracked 
|  26|0x0000000706200000, 0x0000000706315020, 0x0000000706400000| 54%| S|CS|TAMS 0x0000000706200000, 0x0000000706200000| Complete 
|  27|0x0000000706400000, 0x0000000706400000, 0x0000000706600000|  0%| F|  |TAMS 0x0000000706400000, 0x0000000706400000| Untracked 
|  28|0x0000000706600000, 0x0000000706600000, 0x0000000706800000|  0%| F|  |TAMS 0x0000000706600000, 0x0000000706600000| Untracked 
|  29|0x0000000706800000, 0x0000000706800000, 0x0000000706a00000|  0%| F|  |TAMS 0x0000000706800000, 0x0000000706800000| Untracked 
|  30|0x0000000706a00000, 0x0000000706a00000, 0x0000000706c00000|  0%| F|  |TAMS 0x0000000706a00000, 0x0000000706a00000| Untracked 
|  31|0x0000000706c00000, 0x0000000706c00000, 0x0000000706e00000|  0%| F|  |TAMS 0x0000000706c00000, 0x0000000706c00000| Untracked 
|  32|0x0000000706e00000, 0x0000000706e00000, 0x0000000707000000|  0%| F|  |TAMS 0x0000000706e00000, 0x0000000706e00000| Untracked 
|  33|0x0000000707000000, 0x0000000707000000, 0x0000000707200000|  0%| F|  |TAMS 0x0000000707000000, 0x0000000707000000| Untracked 
|  34|0x0000000707200000, 0x0000000707200000, 0x0000000707400000|  0%| F|  |TAMS 0x0000000707200000, 0x0000000707200000| Untracked 
|  35|0x0000000707400000, 0x0000000707400000, 0x0000000707600000|  0%| F|  |TAMS 0x0000000707400000, 0x0000000707400000| Untracked 
|  36|0x0000000707600000, 0x0000000707600000, 0x0000000707800000|  0%| F|  |TAMS 0x0000000707600000, 0x0000000707600000| Untracked 
|  37|0x0000000707800000, 0x00000007078fb450, 0x0000000707a00000| 49%| E|  |TAMS 0x0000000707800000, 0x0000000707800000| Complete 
|  38|0x0000000707a00000, 0x0000000707c00000, 0x0000000707c00000|100%| E|CS|TAMS 0x0000000707a00000, 0x0000000707a00000| Complete 
|  39|0x0000000707c00000, 0x0000000707e00000, 0x0000000707e00000|100%| E|CS|TAMS 0x0000000707c00000, 0x0000000707c00000| Complete 
|  40|0x0000000707e00000, 0x0000000708000000, 0x0000000708000000|100%| E|CS|TAMS 0x0000000707e00000, 0x0000000707e00000| Complete 
|  41|0x0000000708000000, 0x0000000708200000, 0x0000000708200000|100%| E|CS|TAMS 0x0000000708000000, 0x0000000708000000| Complete 
|  42|0x0000000708200000, 0x0000000708400000, 0x0000000708400000|100%| E|CS|TAMS 0x0000000708200000, 0x0000000708200000| Complete 
|  43|0x0000000708400000, 0x0000000708600000, 0x0000000708600000|100%| E|CS|TAMS 0x0000000708400000, 0x0000000708400000| Complete 
|  57|0x000000070a000000, 0x000000070a200000, 0x000000070a200000|100%| E|CS|TAMS 0x000000070a000000, 0x000000070a000000| Complete 
|  58|0x000000070a200000, 0x000000070a400000, 0x000000070a400000|100%| E|CS|TAMS 0x000000070a200000, 0x000000070a200000| Complete 
| 126|0x0000000712a00000, 0x0000000712c00000, 0x0000000712c00000|100%| E|CS|TAMS 0x0000000712a00000, 0x0000000712a00000| Complete 

Card table byte_map: [0x00000145e21a0000,0x00000145e2990000] _byte_map_base: 0x00000145de989000

Marking Bits (Prev, Next): (CMBitMap*) 0x00000145c8f5e090, (CMBitMap*) 0x00000145c8f5e050
 Prev Bits: [0x00000145e70d0000, 0x00000145eb018000)
 Next Bits: [0x00000145e3180000, 0x00000145e70c8000)

Polling page: 0x00000145d1f20000

Metaspace:

Usage:
  Non-class:     68.80 MB used.
      Class:     10.92 MB used.
       Both:     79.73 MB used.

Virtual space:
  Non-class space:      128.00 MB reserved,      69.19 MB ( 54%) committed,  2 nodes.
      Class space:        1.00 GB reserved,      11.19 MB (  1%) committed,  1 nodes.
             Both:        1.12 GB reserved,      80.38 MB (  7%) committed. 

Chunk freelists:
   Non-Class:  10.75 MB
       Class:  4.78 MB
        Both:  15.53 MB

MaxMetaspaceSize: unlimited
CompressedClassSpaceSize: 1.00 GB
Initial GC threshold: 21.00 MB
Current GC threshold: 98.25 MB
CDS: on
MetaspaceReclaimPolicy: balanced
 - commit_granule_bytes: 65536.
 - commit_granule_words: 8192.
 - virtual_space_node_default_size: 8388608.
 - enlarge_chunks_in_place: 1.
 - new_chunks_are_fully_committed: 0.
 - uncommit_free_chunks: 1.
 - use_allocation_guard: 0.
 - handle_deallocations: 1.


Internal statistics:

num_allocs_failed_limit: 9.
num_arena_births: 900.
num_arena_deaths: 0.
num_vsnodes_births: 3.
num_vsnodes_deaths: 0.
num_space_committed: 1286.
num_space_uncommitted: 0.
num_chunks_returned_to_freelist: 9.
num_chunks_taken_from_freelist: 3820.
num_chunk_merges: 9.
num_chunk_splits: 2774.
num_chunks_enlarged: 2155.
num_inconsistent_stats: 0.

CodeHeap 'non-profiled nmethods': size=120000Kb used=6036Kb max_used=6036Kb free=113963Kb
 bounds [0x00000145d9a10000, 0x00000145da000000, 0x00000145e0f40000]
CodeHeap 'profiled nmethods': size=120000Kb used=15445Kb max_used=15445Kb free=104554Kb
 bounds [0x00000145d1f40000, 0x00000145d2e60000, 0x00000145d9470000]
CodeHeap 'non-nmethods': size=5760Kb used=1403Kb max_used=1539Kb free=4356Kb
 bounds [0x00000145d9470000, 0x00000145d96e0000, 0x00000145d9a10000]
 total_blobs=8877 nmethods=8137 adapters=651
 compilation: enabled
              stopped_count=0, restarted_count=0
 full_count=0

Compilation events (20 events):
Event: 512.856 Thread 0x00000145f2028e40 9595   !   3       org.springframework.web.context.request.ServletRequestAttributes::getAttribute (76 bytes)
Event: 512.857 Thread 0x00000145f2028e40 nmethod 9595 0x00000145d2e4cb10 code [0x00000145d2e4cd20, 0x00000145d2e4d348]
Event: 512.857 Thread 0x00000145f2028e40 9596       3       org.hibernate.resource.transaction.backend.jdbc.internal.JdbcResourceLocalTransactionCoordinatorImpl::pulse (1 bytes)
Event: 512.857 Thread 0x00000145f2028e40 nmethod 9596 0x00000145d2e4d590 code [0x00000145d2e4d720, 0x00000145d2e4d838]
Event: 512.857 Thread 0x00000145f2028e40 9597   !   3       org.springframework.web.servlet.resource.ResourceHttpRequestHandler::cleanDuplicateSlashes (110 bytes)
Event: 512.861 Thread 0x00000145f2028e40 nmethod 9597 0x00000145d2e4d910 code [0x00000145d2e4dc20, 0x00000145d2e4ef68]
Event: 512.861 Thread 0x00000145f2028e40 9599       3       org.springframework.web.context.request.async.WebAsyncManager::hasConcurrentResult (16 bytes)
Event: 512.862 Thread 0x00000145f2028e40 nmethod 9599 0x00000145d2e4f890 code [0x00000145d2e4fa20, 0x00000145d2e4fb98]
Event: 512.862 Thread 0x00000145f2028e40 9598       1       jakarta.servlet.http.HttpServlet::getLastModified (4 bytes)
Event: 512.862 Thread 0x00000145f2028e40 nmethod 9598 0x00000145d9ff4410 code [0x00000145d9ff45a0, 0x00000145d9ff4678]
Event: 512.862 Thread 0x00000145f2028e40 9600       1       org.springframework.orm.jpa.EntityManagerFactoryAccessor::getJpaPropertyMap (5 bytes)
Event: 512.862 Thread 0x00000145f2028e40 nmethod 9600 0x00000145d9ff4710 code [0x00000145d9ff48a0, 0x00000145d9ff4978]
Event: 512.862 Thread 0x00000145f2028e40 9602       3       org.apache.catalina.connector.ResponseFacade::getStatus (12 bytes)
Event: 512.863 Thread 0x00000145f2028e40 nmethod 9602 0x00000145d2e4fc10 code [0x00000145d2e4fde0, 0x00000145d2e50158]
Event: 512.863 Thread 0x00000145f2028e40 9603       3       java.net.URI::getRawSchemeSpecificPart (156 bytes)
Event: 512.867 Thread 0x00000145f2028e40 nmethod 9603 0x00000145d2e50310 code [0x00000145d2e50620, 0x00000145d2e51928]
Event: 512.867 Thread 0x00000145f2028e40 9604       3       org.apache.catalina.connector.Response::isSuspended (8 bytes)
Event: 512.868 Thread 0x00000145f2028e40 nmethod 9604 0x00000145d2e51f90 code [0x00000145d2e52120, 0x00000145d2e52258]
Event: 512.868 Thread 0x00000145f2028e40 9605       3       org.apache.catalina.connector.Response::setHeader (70 bytes)
Event: 512.870 Thread 0x00000145f2028e40 nmethod 9605 0x00000145d2e52310 code [0x00000145d2e525a0, 0x00000145d2e53128]

GC Heap History (20 events):
Event: 7.416 GC heap before
{Heap before GC invocations=12 (full 0):
 garbage-first heap   total 61440K, used 24226K [0x0000000702e00000, 0x0000000800000000)
  region size 2048K, 3 young (6144K), 2 survivors (4096K)
 Metaspace       used 46075K, committed 46592K, reserved 1114112K
  class space    used 6087K, committed 6336K, reserved 1048576K
}
Event: 7.422 GC heap after
{Heap after GC invocations=13 (full 0):
 garbage-first heap   total 61440K, used 22486K [0x0000000702e00000, 0x0000000800000000)
  region size 2048K, 1 young (2048K), 1 survivors (2048K)
 Metaspace       used 46075K, committed 46592K, reserved 1114112K
  class space    used 6087K, committed 6336K, reserved 1048576K
}
Event: 7.945 GC heap before
{Heap before GC invocations=13 (full 0):
 garbage-first heap   total 61440K, used 45014K [0x0000000702e00000, 0x0000000800000000)
  region size 2048K, 12 young (24576K), 1 survivors (2048K)
 Metaspace       used 50436K, committed 50880K, reserved 1114112K
  class space    used 6647K, committed 6848K, reserved 1048576K
}
Event: 7.948 GC heap after
{Heap after GC invocations=14 (full 0):
 garbage-first heap   total 161792K, used 23400K [0x0000000702e00000, 0x0000000800000000)
  region size 2048K, 1 young (2048K), 1 survivors (2048K)
 Metaspace       used 50436K, committed 50880K, reserved 1114112K
  class space    used 6647K, committed 6848K, reserved 1048576K
}
Event: 9.340 GC heap before
{Heap before GC invocations=14 (full 0):
 garbage-first heap   total 161792K, used 62312K [0x0000000702e00000, 0x0000000800000000)
  region size 2048K, 21 young (43008K), 1 survivors (2048K)
 Metaspace       used 59754K, committed 60288K, reserved 1114112K
  class space    used 8132K, committed 8384K, reserved 1048576K
}
Event: 9.350 GC heap after
{Heap after GC invocations=15 (full 0):
 garbage-first heap   total 161792K, used 25002K [0x0000000702e00000, 0x0000000800000000)
  region size 2048K, 2 young (4096K), 2 survivors (4096K)
 Metaspace       used 59754K, committed 60288K, reserved 1114112K
  class space    used 8132K, committed 8384K, reserved 1048576K
}
Event: 10.510 GC heap before
{Heap before GC invocations=16 (full 0):
 garbage-first heap   total 96256K, used 78250K [0x0000000702e00000, 0x0000000800000000)
  region size 2048K, 28 young (57344K), 2 survivors (4096K)
 Metaspace       used 64612K, committed 65088K, reserved 1114112K
  class space    used 8916K, committed 9152K, reserved 1048576K
}
Event: 10.516 GC heap after
{Heap after GC invocations=17 (full 0):
 garbage-first heap   total 96256K, used 28035K [0x0000000702e00000, 0x0000000800000000)
  region size 2048K, 4 young (8192K), 4 survivors (8192K)
 Metaspace       used 64612K, committed 65088K, reserved 1114112K
  class space    used 8916K, committed 9152K, reserved 1048576K
}
Event: 10.565 GC heap before
{Heap before GC invocations=17 (full 0):
 garbage-first heap   total 96256K, used 30083K [0x0000000702e00000, 0x0000000800000000)
  region size 2048K, 5 young (10240K), 4 survivors (8192K)
 Metaspace       used 64866K, committed 65344K, reserved 1114112K
  class space    used 8937K, committed 9152K, reserved 1048576K
}
Event: 10.572 GC heap after
{Heap after GC invocations=18 (full 0):
 garbage-first heap   total 96256K, used 28914K [0x0000000702e00000, 0x0000000800000000)
  region size 2048K, 1 young (2048K), 1 survivors (2048K)
 Metaspace       used 64866K, committed 65344K, reserved 1114112K
  class space    used 8937K, committed 9152K, reserved 1048576K
}
Event: 11.103 GC heap before
{Heap before GC invocations=18 (full 0):
 garbage-first heap   total 96256K, used 71922K [0x0000000702e00000, 0x0000000800000000)
  region size 2048K, 23 young (47104K), 1 survivors (2048K)
 Metaspace       used 68649K, committed 69120K, reserved 1114112K
  class space    used 9577K, committed 9792K, reserved 1048576K
}
Event: 11.107 GC heap after
{Heap after GC invocations=19 (full 0):
 garbage-first heap   total 96256K, used 30323K [0x0000000702e00000, 0x0000000800000000)
  region size 2048K, 2 young (4096K), 2 survivors (4096K)
 Metaspace       used 68649K, committed 69120K, reserved 1114112K
  class space    used 9577K, committed 9792K, reserved 1048576K
}
Event: 11.845 GC heap before
{Heap before GC invocations=19 (full 0):
 garbage-first heap   total 96256K, used 73331K [0x0000000702e00000, 0x0000000800000000)
  region size 2048K, 23 young (47104K), 2 survivors (4096K)
 Metaspace       used 72513K, committed 73088K, reserved 1114112K
  class space    used 10118K, committed 10368K, reserved 1048576K
}
Event: 11.850 GC heap after
{Heap after GC invocations=20 (full 0):
 garbage-first heap   total 96256K, used 33376K [0x0000000702e00000, 0x0000000800000000)
  region size 2048K, 3 young (6144K), 3 survivors (6144K)
 Metaspace       used 72513K, committed 73088K, reserved 1114112K
  class space    used 10118K, committed 10368K, reserved 1048576K
}
Event: 85.418 GC heap before
{Heap before GC invocations=20 (full 0):
 garbage-first heap   total 96256K, used 74336K [0x0000000702e00000, 0x0000000800000000)
  region size 2048K, 23 young (47104K), 3 survivors (6144K)
 Metaspace       used 77985K, committed 78592K, reserved 1179648K
  class space    used 10779K, committed 11072K, reserved 1048576K
}
Event: 85.436 GC heap after
{Heap after GC invocations=21 (full 0):
 garbage-first heap   total 96256K, used 36533K [0x0000000702e00000, 0x0000000800000000)
  region size 2048K, 3 young (6144K), 3 survivors (6144K)
 Metaspace       used 77985K, committed 78592K, reserved 1179648K
  class space    used 10779K, committed 11072K, reserved 1048576K
}
Event: 380.443 GC heap before
{Heap before GC invocations=21 (full 0):
 garbage-first heap   total 96256K, used 75445K [0x0000000702e00000, 0x0000000800000000)
  region size 2048K, 22 young (45056K), 3 survivors (6144K)
 Metaspace       used 78069K, committed 78720K, reserved 1179648K
  class space    used 10779K, committed 11072K, reserved 1048576K
}
Event: 380.456 GC heap after
{Heap after GC invocations=22 (full 0):
 garbage-first heap   total 96256K, used 37604K [0x0000000702e00000, 0x0000000800000000)
  region size 2048K, 1 young (2048K), 1 survivors (2048K)
 Metaspace       used 78069K, committed 78720K, reserved 1179648K
  class space    used 10779K, committed 11072K, reserved 1048576K
}
Event: 494.097 GC heap before
{Heap before GC invocations=22 (full 0):
 garbage-first heap   total 96256K, used 76516K [0x0000000702e00000, 0x0000000800000000)
  region size 2048K, 20 young (40960K), 1 survivors (2048K)
 Metaspace       used 81142K, committed 81728K, reserved 1179648K
  class space    used 11155K, committed 11456K, reserved 1048576K
}
Event: 494.104 GC heap after
{Heap after GC invocations=23 (full 0):
 garbage-first heap   total 96256K, used 37865K [0x0000000702e00000, 0x0000000800000000)
  region size 2048K, 1 young (2048K), 1 survivors (2048K)
 Metaspace       used 81142K, committed 81728K, reserved 1179648K
  class space    used 11155K, committed 11456K, reserved 1048576K
}

Deoptimization events (20 events):
Event: 503.482 Thread 0x00000145f3811600 DEOPT PACKING pc=0x00000145d2bdad68 sp=0x0000003d107f99d0
Event: 503.482 Thread 0x00000145f3811600 DEOPT UNPACKING pc=0x00000145d94c2b43 sp=0x0000003d107f8e70 mode 0
Event: 503.486 Thread 0x00000145f3811600 Uncommon trap: trap_request=0xffffff45 fr.pc=0x00000145d9fbb8bc relative=0x00000000000002fc
Event: 503.486 Thread 0x00000145f3811600 Uncommon trap: reason=unstable_if action=reinterpret pc=0x00000145d9fbb8bc method=sun.nio.cs.UTF_8$Encoder.encodeArrayLoopSlow(Ljava/nio/CharBuffer;[CIILjava/nio/ByteBuffer;[BII)Ljava/nio/charset/CoderResult; @ 55 c2
Event: 503.486 Thread 0x00000145f3811600 DEOPT PACKING pc=0x00000145d9fbb8bc sp=0x0000003d107fb020
Event: 503.486 Thread 0x00000145f3811600 DEOPT UNPACKING pc=0x00000145d94c23a3 sp=0x0000003d107fafd8 mode 2
Event: 508.573 Thread 0x00000145f380f7a0 DEOPT PACKING pc=0x00000145d2e04d7c sp=0x0000003d10afb090
Event: 508.573 Thread 0x00000145f380f7a0 DEOPT UNPACKING pc=0x00000145d94c2b43 sp=0x0000003d10afa5e8 mode 0
Event: 512.784 Thread 0x00000145f380f7a0 Uncommon trap: trap_request=0xffffffde fr.pc=0x00000145d9dee1dc relative=0x0000000000006a7c
Event: 512.784 Thread 0x00000145f380f7a0 Uncommon trap: reason=class_check action=maybe_recompile pc=0x00000145d9dee1dc method=org.springframework.transaction.interceptor.AbstractFallbackTransactionAttributeSource.getTransactionAttribute(Ljava/lang/reflect/Method;Ljava/lang/Class;)Lorg/springfra
Event: 512.784 Thread 0x00000145f380f7a0 DEOPT PACKING pc=0x00000145d9dee1dc sp=0x0000003d10afa610
Event: 512.784 Thread 0x00000145f380f7a0 DEOPT UNPACKING pc=0x00000145d94c23a3 sp=0x0000003d10afa658 mode 2
Event: 512.787 Thread 0x00000145f380f7a0 Uncommon trap: trap_request=0xffffffde fr.pc=0x00000145d9dee1dc relative=0x0000000000006a7c
Event: 512.787 Thread 0x00000145f380f7a0 Uncommon trap: reason=class_check action=maybe_recompile pc=0x00000145d9dee1dc method=org.springframework.transaction.interceptor.AbstractFallbackTransactionAttributeSource.getTransactionAttribute(Ljava/lang/reflect/Method;Ljava/lang/Class;)Lorg/springfra
Event: 512.787 Thread 0x00000145f380f7a0 DEOPT PACKING pc=0x00000145d9dee1dc sp=0x0000003d10afa610
Event: 512.787 Thread 0x00000145f380f7a0 DEOPT UNPACKING pc=0x00000145d94c23a3 sp=0x0000003d10afa658 mode 2
Event: 512.804 Thread 0x00000145f380f7a0 DEOPT PACKING pc=0x00000145d2e04d7c sp=0x0000003d10afb090
Event: 512.804 Thread 0x00000145f380f7a0 DEOPT UNPACKING pc=0x00000145d94c2b43 sp=0x0000003d10afa5e8 mode 0
Event: 512.859 Thread 0x00000145f38110f0 DEOPT PACKING pc=0x00000145d2d41f70 sp=0x0000003d10efb240
Event: 512.859 Thread 0x00000145f38110f0 DEOPT UNPACKING pc=0x00000145d94c2b43 sp=0x0000003d10efa748 mode 0

Classes unloaded (0 events):
No events

Classes redefined (0 events):
No events

Internal exceptions (20 events):
Event: 9.940 Thread 0x00000145f27b2ff0 Exception <a 'java/lang/IncompatibleClassChangeError'{0x00000007070f5230}: Found class java.lang.Object, but interface was expected> (0x00000007070f5230) 
thrown [s\open\src\hotspot\share\interpreter\linkResolver.cpp, line 826]
Event: 10.625 Thread 0x00000145f27b2ff0 Exception <a 'java/lang/reflect/InvocationTargetException'{0x000000070a15e1b8}> (0x000000070a15e1b8) 
thrown [s\open\src\hotspot\share\runtime\reflection.cpp, line 1121]
Event: 10.886 Thread 0x00000145f27b2ff0 Exception <a 'java/lang/reflect/InvocationTargetException'{0x00000007070b9460}> (0x00000007070b9460) 
thrown [s\open\src\hotspot\share\runtime\reflection.cpp, line 1121]
Event: 11.076 Thread 0x00000145f27b2ff0 Implicit null exception at 0x00000145d9b3f6c6 to 0x00000145d9b3f78f
Event: 11.317 Thread 0x00000145f27b2ff0 Exception <a 'sun/nio/fs/WindowsException'{0x000000070807efa8}> (0x000000070807efa8) 
thrown [s\open\src\hotspot\share\prims\jni.cpp, line 516]
Event: 11.375 Thread 0x00000145f27b2ff0 Exception <a 'java/lang/IncompatibleClassChangeError'{0x0000000707d71070}: Found class java.lang.Object, but interface was expected> (0x0000000707d71070) 
thrown [s\open\src\hotspot\share\interpreter\linkResolver.cpp, line 826]
Event: 11.502 Thread 0x00000145f27b2ff0 Exception <a 'java/lang/NoSuchMethodError'{0x000000070745d8f0}: 'java.lang.Object java.lang.invoke.DirectMethodHandle$Holder.invokeInterface(java.lang.Object, java.lang.Object, java.lang.Object, java.lang.Object)'> (0x000000070745d8f0) 
thrown [s\open\src\hotspot\share\interpreter\linkResolver.cpp, line 759]
Event: 11.559 Thread 0x00000145f27b2ff0 Exception <a 'java/lang/NoSuchMethodError'{0x0000000707298808}: 'void java.lang.invoke.DirectMethodHandle$Holder.invokeVirtual(java.lang.Object, java.lang.Object, long)'> (0x0000000707298808) 
thrown [s\open\src\hotspot\share\interpreter\linkResolver.cpp, line 759]
Event: 11.708 Thread 0x00000145f27b2ff0 Implicit null exception at 0x00000145d9b66b60 to 0x00000145d9b66dc8
Event: 11.815 Thread 0x00000145f27b2ff0 Exception <a 'java/lang/NoSuchMethodError'{0x00000007064dff80}: 'java.lang.Object java.lang.invoke.DirectMethodHandle$Holder.newInvokeSpecial(java.lang.Object, java.lang.Object, int, java.lang.Object, java.lang.Object)'> (0x00000007064dff80) 
thrown [s\open\src\hotspot\share\interpreter\linkResolver.cpp, line 759]
Event: 11.816 Thread 0x00000145f27b2ff0 Exception <a 'java/lang/NoSuchMethodError'{0x00000007064eb218}: 'java.lang.Object java.lang.invoke.DirectMethodHandle$Holder.invokeSpecial(java.lang.Object, java.lang.Object, int, java.lang.Object, int, java.lang.Object)'> (0x00000007064eb218) 
thrown [s\open\src\hotspot\share\interpreter\linkResolver.cpp, line 759]
Event: 11.816 Thread 0x00000145f27b2ff0 Exception <a 'java/lang/NoSuchMethodError'{0x00000007064f3238}: 'java.lang.Object java.lang.invoke.DirectMethodHandle$Holder.newInvokeSpecial(java.lang.Object, java.lang.Object, int, java.lang.Object, int)'> (0x00000007064f3238) 
thrown [s\open\src\hotspot\share\interpreter\linkResolver.cpp, line 759]
Event: 11.817 Thread 0x00000145f27b2ff0 Exception <a 'java/lang/NoSuchMethodError'{0x00000007064f7338}: 'java.lang.Object java.lang.invoke.DirectMethodHandle$Holder.invokeSpecial(java.lang.Object, java.lang.Object, java.lang.Object, int, java.lang.Object, int)'> (0x00000007064f7338) 
thrown [s\open\src\hotspot\share\interpreter\linkResolver.cpp, line 759]
Event: 16.617 Thread 0x00000145f3812f50 Exception <a 'java/lang/NoSuchMethodError'{0x000000070a0c4ea0}: 'java.lang.Object java.lang.invoke.DirectMethodHandle$Holder.invokeSpecial(java.lang.Object, java.lang.Object, java.lang.Object, java.lang.Object, java.lang.Object, long)'> (0x000000070a0c4ea0) 
thrown [s\open\src\hotspot\share\interpreter\linkResolver.cpp, line 759]
Event: 16.617 Thread 0x00000145f3812f50 Exception <a 'java/lang/NoSuchMethodError'{0x000000070a0c88e0}: 'java.lang.Object java.lang.invoke.Invokers$Holder.linkToTargetMethod(java.lang.Object, java.lang.Object, java.lang.Object, long, java.lang.Object)'> (0x000000070a0c88e0) 
thrown [s\open\src\hotspot\share\interpreter\linkResolver.cpp, line 759]
Event: 17.192 Thread 0x00000145f3814390 Exception <a 'java/lang/NoSuchMethodError'{0x00000007076337d8}: 'java.lang.Object java.lang.invoke.DirectMethodHandle$Holder.invokeStatic(java.lang.Object, int, int)'> (0x00000007076337d8) 
thrown [s\open\src\hotspot\share\interpreter\linkResolver.cpp, line 759]
Event: 17.193 Thread 0x00000145f3811600 Exception <a 'java/lang/NoSuchMethodError'{0x00000007076732f0}: 'java.lang.Object java.lang.invoke.DirectMethodHandle$Holder.invokeStatic(java.lang.Object, int, int)'> (0x00000007076732f0) 
thrown [s\open\src\hotspot\share\interpreter\linkResolver.cpp, line 759]
Event: 17.219 Thread 0x00000145f3813460 Exception <a 'java/lang/IncompatibleClassChangeError'{0x00000007077ec840}: Found class java.lang.Object, but interface was expected> (0x00000007077ec840) 
thrown [s\open\src\hotspot\share\interpreter\linkResolver.cpp, line 826]
Event: 17.419 Thread 0x00000145f38106d0 Exception <a 'java/lang/NoSuchMethodError'{0x00000007072008f0}: 'java.lang.Object java.lang.invoke.DirectMethodHandle$Holder.newInvokeSpecial(java.lang.Object, long)'> (0x00000007072008f0) 
thrown [s\open\src\hotspot\share\interpreter\linkResolver.cpp, line 759]
Event: 482.337 Thread 0x00000145f38110f0 Exception <a 'java/lang/NoSuchMethodError'{0x00000007070388f0}: 'void java.lang.invoke.DirectMethodHandle$Holder.invokeSpecialIFC(java.lang.Object, java.lang.Object, int, java.lang.Object, java.lang.Object, java.lang.Object, java.lang.Object)'> (0x00000007070388f0) 
thrown [s\open\src\hotspot\share\interpreter\linkResolver.cpp, line 759]

VM Operations (20 events):
Event: 486.229 Executing VM operation: Cleanup
Event: 486.229 Executing VM operation: Cleanup done
Event: 488.232 Executing VM operation: Cleanup
Event: 488.233 Executing VM operation: Cleanup done
Event: 494.096 Executing VM operation: G1CollectForAllocation
Event: 494.105 Executing VM operation: G1CollectForAllocation done
Event: 495.116 Executing VM operation: Cleanup
Event: 495.117 Executing VM operation: Cleanup done
Event: 496.121 Executing VM operation: Cleanup
Event: 496.121 Executing VM operation: Cleanup done
Event: 500.144 Executing VM operation: Cleanup
Event: 500.144 Executing VM operation: Cleanup done
Event: 504.170 Executing VM operation: Cleanup
Event: 504.170 Executing VM operation: Cleanup done
Event: 505.171 Executing VM operation: Cleanup
Event: 505.171 Executing VM operation: Cleanup done
Event: 509.207 Executing VM operation: Cleanup
Event: 509.208 Executing VM operation: Cleanup done
Event: 510.219 Executing VM operation: Cleanup
Event: 510.220 Executing VM operation: Cleanup done

Events (20 events):
Event: 482.463 Thread 0x00000145f8af6fc0 Thread exited: 0x00000145f8af6fc0
Event: 482.698 Thread 0x00000145f5578490 Thread exited: 0x00000145f5578490
Event: 482.788 Thread 0x00000145f5578490 Thread added: 0x00000145f5578490
Event: 482.806 Thread 0x00000145f550c620 Thread added: 0x00000145f550c620
Event: 485.578 Thread 0x00000145f5578490 Thread exited: 0x00000145f5578490
Event: 485.578 Thread 0x00000145f550c620 Thread exited: 0x00000145f550c620
Event: 485.594 Thread 0x00000145f5578490 Thread added: 0x00000145f5578490
Event: 485.904 Thread 0x00000145f5578490 Thread exited: 0x00000145f5578490
Event: 486.211 loading class java/util/stream/LongStream
Event: 486.211 loading class java/util/stream/LongStream done
Event: 486.211 loading class java/util/stream/DoubleStream
Event: 486.213 loading class java/util/stream/DoubleStream done
Event: 493.802 Thread 0x00000145f5578490 Thread added: 0x00000145f5578490
Event: 493.896 Thread 0x00000145f8af6fc0 Thread added: 0x00000145f8af6fc0
Event: 494.127 Thread 0x00000145f8af6fc0 Thread exited: 0x00000145f8af6fc0
Event: 499.306 Thread 0x00000145f5578490 Thread exited: 0x00000145f5578490
Event: 499.538 Thread 0x00000145f5578490 Thread added: 0x00000145f5578490
Event: 503.461 Thread 0x00000145f5578490 Thread exited: 0x00000145f5578490
Event: 503.588 Thread 0x00000145f3403c90 Thread added: 0x00000145f3403c90
Event: 503.726 Thread 0x00000145f3403c90 Thread exited: 0x00000145f3403c90


Dynamic libraries:
0x00007ff7280e0000 - 0x00007ff7280f0000 	C:\Program Files\Java\jdk-17\bin\java.exe
0x00007ffcb72b0000 - 0x00007ffcb74c7000 	C:\WINDOWS\SYSTEM32\ntdll.dll
0x00007ffcb5b50000 - 0x00007ffcb5c14000 	C:\WINDOWS\System32\KERNEL32.DLL
0x00007ffcb4720000 - 0x00007ffcb4acc000 	C:\WINDOWS\System32\KERNELBASE.dll
0x00007ffcb4bc0000 - 0x00007ffcb4cd1000 	C:\WINDOWS\System32\ucrtbase.dll
0x00007ffc861d0000 - 0x00007ffc861eb000 	C:\Program Files\Java\jdk-17\bin\VCRUNTIME140.dll
0x00007ffc86180000 - 0x00007ffc86199000 	C:\Program Files\Java\jdk-17\bin\jli.dll
0x00007ffcb6da0000 - 0x00007ffcb6e52000 	C:\WINDOWS\System32\ADVAPI32.dll
0x00007ffcb6e60000 - 0x00007ffcb6f07000 	C:\WINDOWS\System32\msvcrt.dll
0x00007ffcb61b0000 - 0x00007ffcb625a000 	C:\WINDOWS\System32\sechost.dll
0x00007ffcb45e0000 - 0x00007ffcb4608000 	C:\WINDOWS\System32\bcrypt.dll
0x00007ffcb7140000 - 0x00007ffcb7255000 	C:\WINDOWS\System32\RPCRT4.dll
0x00007ffcb5710000 - 0x00007ffcb58be000 	C:\WINDOWS\System32\USER32.dll
0x00007ffcb4ad0000 - 0x00007ffcb4af6000 	C:\WINDOWS\System32\win32u.dll
0x00007ffc9e230000 - 0x00007ffc9e4c3000 	C:\WINDOWS\WinSxS\amd64_microsoft.windows.common-controls_6595b64144ccf1df_6.0.22621.3672_none_2713b9d173822955\COMCTL32.dll
0x00007ffcb5030000 - 0x00007ffcb5059000 	C:\WINDOWS\System32\GDI32.dll
0x00007ffcb4ce0000 - 0x00007ffcb4df9000 	C:\WINDOWS\System32\gdi32full.dll
0x00007ffcb4680000 - 0x00007ffcb471a000 	C:\WINDOWS\System32\msvcp_win.dll
0x00007ffca9900000 - 0x00007ffca990a000 	C:\WINDOWS\SYSTEM32\VERSION.dll
0x00007ffcb4ff0000 - 0x00007ffcb5021000 	C:\WINDOWS\System32\IMM32.DLL
0x00007ffc91e60000 - 0x00007ffc91e6c000 	C:\Program Files\Java\jdk-17\bin\vcruntime140_1.dll
0x00007ffc5c8a0000 - 0x00007ffc5c92e000 	C:\Program Files\Java\jdk-17\bin\msvcp140.dll
0x00007ffc1b1c0000 - 0x00007ffc1bda1000 	C:\Program Files\Java\jdk-17\bin\server\jvm.dll
0x00007ffcb7260000 - 0x00007ffcb7268000 	C:\WINDOWS\System32\PSAPI.DLL
0x00007ffcabf90000 - 0x00007ffcabfc4000 	C:\WINDOWS\SYSTEM32\WINMM.dll
0x00007ffcac770000 - 0x00007ffcac779000 	C:\WINDOWS\SYSTEM32\WSOCK32.dll
0x00007ffcb5300000 - 0x00007ffcb5371000 	C:\WINDOWS\System32\WS2_32.dll
0x00007ffcb3700000 - 0x00007ffcb3718000 	C:\WINDOWS\SYSTEM32\kernel.appcore.dll
0x00007ffc91b10000 - 0x00007ffc91b1a000 	C:\Program Files\Java\jdk-17\bin\jimage.dll
0x00007ffcb1f50000 - 0x00007ffcb2182000 	C:\WINDOWS\SYSTEM32\DBGHELP.DLL
0x00007ffcb5380000 - 0x00007ffcb5708000 	C:\WINDOWS\System32\combase.dll
0x00007ffcb5220000 - 0x00007ffcb52f7000 	C:\WINDOWS\System32\OLEAUT32.dll
0x00007ffca9af0000 - 0x00007ffca9b22000 	C:\WINDOWS\SYSTEM32\dbgcore.DLL
0x00007ffcb4e00000 - 0x00007ffcb4e7b000 	C:\WINDOWS\System32\bcryptPrimitives.dll
0x00007ffc81f80000 - 0x00007ffc81fa5000 	C:\Program Files\Java\jdk-17\bin\java.dll
0x00007ffc50080000 - 0x00007ffc50157000 	C:\Program Files\Java\jdk-17\bin\jsvml.dll
0x00007ffcb6380000 - 0x00007ffcb6bdc000 	C:\WINDOWS\System32\SHELL32.dll
0x00007ffcb2540000 - 0x00007ffcb2e37000 	C:\WINDOWS\SYSTEM32\windows.storage.dll
0x00007ffcb2400000 - 0x00007ffcb253f000 	C:\WINDOWS\SYSTEM32\wintypes.dll
0x00007ffcb6280000 - 0x00007ffcb6374000 	C:\WINDOWS\System32\SHCORE.dll
0x00007ffcb6150000 - 0x00007ffcb61ae000 	C:\WINDOWS\System32\shlwapi.dll
0x00007ffcb4510000 - 0x00007ffcb4531000 	C:\WINDOWS\SYSTEM32\profapi.dll
0x00007ffc7f4e0000 - 0x00007ffc7f4f9000 	C:\Program Files\Java\jdk-17\bin\net.dll
0x00007ffcad380000 - 0x00007ffcad4b6000 	C:\WINDOWS\SYSTEM32\WINHTTP.dll
0x00007ffcb3b70000 - 0x00007ffcb3bd9000 	C:\WINDOWS\system32\mswsock.dll
0x00007ffc7f4c0000 - 0x00007ffc7f4d6000 	C:\Program Files\Java\jdk-17\bin\nio.dll
0x00007ffc7b740000 - 0x00007ffc7b758000 	C:\Program Files\Java\jdk-17\bin\zip.dll
0x00007ffc8bf50000 - 0x00007ffc8bf5a000 	C:\Program Files\Java\jdk-17\bin\management.dll
0x00007ffc8bca0000 - 0x00007ffc8bcab000 	C:\Program Files\Java\jdk-17\bin\management_ext.dll
0x00007ffcb3de0000 - 0x00007ffcb3dfb000 	C:\WINDOWS\SYSTEM32\CRYPTSP.dll
0x00007ffcb3660000 - 0x00007ffcb3695000 	C:\WINDOWS\system32\rsaenh.dll
0x00007ffcb3c70000 - 0x00007ffcb3c98000 	C:\WINDOWS\SYSTEM32\USERENV.dll
0x00007ffcb3dd0000 - 0x00007ffcb3ddc000 	C:\WINDOWS\SYSTEM32\CRYPTBASE.dll
0x00007ffcb3110000 - 0x00007ffcb313d000 	C:\WINDOWS\SYSTEM32\IPHLPAPI.DLL
0x00007ffcb5ae0000 - 0x00007ffcb5ae9000 	C:\WINDOWS\System32\NSI.dll
0x00007ffcad0d0000 - 0x00007ffcad0e9000 	C:\WINDOWS\SYSTEM32\dhcpcsvc6.DLL
0x00007ffcad0b0000 - 0x00007ffcad0cf000 	C:\WINDOWS\SYSTEM32\dhcpcsvc.DLL
0x00007ffcb3140000 - 0x00007ffcb3238000 	C:\WINDOWS\SYSTEM32\DNSAPI.dll
0x00007ffc86800000 - 0x00007ffc8680e000 	C:\Program Files\Java\jdk-17\bin\sunmscapi.dll
0x00007ffcb4e80000 - 0x00007ffcb4fe7000 	C:\WINDOWS\System32\CRYPT32.dll
0x00007ffcb3f90000 - 0x00007ffcb3fbe000 	C:\WINDOWS\SYSTEM32\ncrypt.dll
0x00007ffcb3f50000 - 0x00007ffcb3f87000 	C:\WINDOWS\SYSTEM32\NTASN1.dll
0x00007ffc8bc50000 - 0x00007ffc8bc60000 	C:\Program Files\Java\jdk-17\bin\verify.dll
0x00007ffcac520000 - 0x00007ffcac52a000 	C:\Windows\System32\rasadhlp.dll
0x00007ffcac310000 - 0x00007ffcac393000 	C:\WINDOWS\System32\fwpuclnt.dll
0x00007ffc90430000 - 0x00007ffc90438000 	C:\WINDOWS\system32\wshunix.dll

dbghelp: loaded successfully - version: 4.0.5 - missing functions: none
symbol engine: initialized successfully - sym options: 0x614 - pdb path: .;C:\Program Files\Java\jdk-17\bin;C:\WINDOWS\SYSTEM32;C:\WINDOWS\WinSxS\amd64_microsoft.windows.common-controls_6595b64144ccf1df_6.0.22621.3672_none_2713b9d173822955;C:\Program Files\Java\jdk-17\bin\server

VM Arguments:
jvm_args: -XX:+ShowCodeDetailsInExceptionMessages 
java_command: com.example.activate.ActivateApplication
java_class_path (initial): D:\DAW2\activate - GIT\target\classes;C:\Users\Sergio\.m2\repository\org\springframework\boot\spring-boot-starter-thymeleaf\3.1.5\spring-boot-starter-thymeleaf-3.1.5.jar;C:\Users\Sergio\.m2\repository\org\springframework\boot\spring-boot-starter\3.1.5\spring-boot-starter-3.1.5.jar;C:\Users\Sergio\.m2\repository\org\springframework\boot\spring-boot-starter-logging\3.1.5\spring-boot-starter-logging-3.1.5.jar;C:\Users\Sergio\.m2\repository\ch\qos\logback\logback-classic\1.4.11\logback-classic-1.4.11.jar;C:\Users\Sergio\.m2\repository\ch\qos\logback\logback-core\1.4.11\logback-core-1.4.11.jar;C:\Users\Sergio\.m2\repository\org\apache\logging\log4j\log4j-to-slf4j\2.20.0\log4j-to-slf4j-2.20.0.jar;C:\Users\Sergio\.m2\repository\org\apache\logging\log4j\log4j-api\2.20.0\log4j-api-2.20.0.jar;C:\Users\Sergio\.m2\repository\org\slf4j\jul-to-slf4j\2.0.9\jul-to-slf4j-2.0.9.jar;C:\Users\Sergio\.m2\repository\jakarta\annotation\jakarta.annotation-api\2.1.1\jakarta.annotation-api-2.1.1.jar;C:\Users\Sergio\.m2\repository\org\yaml\snakeyaml\1.33\snakeyaml-1.33.jar;C:\Users\Sergio\.m2\repository\org\thymeleaf\thymeleaf-spring6\3.1.2.RELEASE\thymeleaf-spring6-3.1.2.RELEASE.jar;C:\Users\Sergio\.m2\repository\org\thymeleaf\thymeleaf\3.1.2.RELEASE\thymeleaf-3.1.2.RELEASE.jar;C:\Users\Sergio\.m2\repository\org\attoparser\attoparser\2.0.7.RELEASE\attoparser-2.0.7.RELEASE.jar;C:\Users\Sergio\.m2\repository\org\unbescape\unbescape\1.1.6.RELEASE\unbescape-1.1.6.RELEASE.jar;C:\Users\Sergio\.m2\repository\org\slf4j\slf4j-api\2.0.9\slf4j-api-2.0.9.jar;C:\Users\Sergio\.m2\repository\org\springframework\boot\spring-boot-starter-web\3.1.5\spring-boot-starter-web-3.1.5.jar;C:\Users\Sergio\.m2\repository\org\springframework\boot\spring-boot-starter-json\3.1.5\spring-boot-starter-json-3.1.5.jar;C:\Users\Sergio\.m2\repository\com\fasterxml\jackson\core\jackson-databind\2.15.3\jackson-databind-2.15.3.jar;C:\Users\Sergio\.m2\repository\com\fasterxml\jackson\core\jackson-annota
Launcher Type: SUN_STANDARD

[Global flags]
     intx CICompilerCount                          = 4                                         {product} {ergonomic}
     uint ConcGCThreads                            = 2                                         {product} {ergonomic}
     uint G1ConcRefinementThreads                  = 8                                         {product} {ergonomic}
   size_t G1HeapRegionSize                         = 2097152                                   {product} {ergonomic}
    uintx GCDrainStackTargetSize                   = 64                                        {product} {ergonomic}
   size_t InitialHeapSize                          = 266338304                                 {product} {ergonomic}
   size_t MarkStackSize                            = 4194304                                   {product} {ergonomic}
   size_t MaxHeapSize                              = 4246732800                                {product} {ergonomic}
   size_t MaxNewSize                               = 2548039680                                {product} {ergonomic}
   size_t MinHeapDeltaBytes                        = 2097152                                   {product} {ergonomic}
   size_t MinHeapSize                              = 8388608                                   {product} {ergonomic}
    uintx NonNMethodCodeHeapSize                   = 5839372                                {pd product} {ergonomic}
    uintx NonProfiledCodeHeapSize                  = 122909434                              {pd product} {ergonomic}
    uintx ProfiledCodeHeapSize                     = 122909434                              {pd product} {ergonomic}
    uintx ReservedCodeCacheSize                    = 251658240                              {pd product} {ergonomic}
     bool SegmentedCodeCache                       = true                                      {product} {ergonomic}
     bool ShowCodeDetailsInExceptionMessages       = true                                   {manageable} {command line}
   size_t SoftMaxHeapSize                          = 4246732800                             {manageable} {ergonomic}
     bool UseCompressedClassPointers               = true                           {product lp64_product} {ergonomic}
     bool UseCompressedOops                        = true                           {product lp64_product} {ergonomic}
     bool UseG1GC                                  = true                                      {product} {ergonomic}
     bool UseLargePagesIndividualAllocation        = false                                  {pd product} {ergonomic}

Logging:
Log output configuration:
 #0: stdout all=warning uptime,level,tags
 #1: stderr all=off uptime,level,tags

Environment Variables:
JAVA_HOME=C:\Program Files\Java\jdk-15
PATH=C:\Program Files\Java\jdk-15\bin;C:\Program Files\Maven\apache-maven-3.9.4-bin\apache-maven-3.9.4\bin;C:\Phyton38\Scripts\;C:\Phyton38\;C:\Program Files\Common Files\Oracle\Java\javapath;C:\Program Files (x86)\Common Files\Oracle\Java\java8path;C:\Program Files (x86)\Common Files\Oracle\Java\javapath;C:\WINDOWS\system32;C:\WINDOWS;C:\WINDOWS\System32\Wbem;C:\WINDOWS\System32\WindowsPowerShell\v1.0\;C:\WINDOWS\System32\OpenSSH\;C:\Program Files\Git\cmd;C:\Program Files (x86)\Scm Group\Xilog Plus\BIN;C:\Program Files\Microsoft SQL Server\Client SDK\ODBC\170\Tools\Binn\;C:\Program Files (x86)\Microsoft SQL Server\150\Tools\Binn\;C:\Program Files\Microsoft SQL Server\150\Tools\Binn\;C:\Program Files\Microsoft SQL Server\150\DTS\Binn\;C:\Program Files\AutoFirmaJA\AutoFirmaJA;C:\xampp\php;C:\Program Files (x86)\Bitvise SSH Client;C:\Program Files\PuTTY\;C:\ProgramData\ComposerSetup\bin;C:\xampp\mysql\bin;C:\Program Files\Maven\apache-maven-3.9.4-bin\apache-maven-3.9.4\bin;%NVM_HOME%;%NVM_SYMLINK%;C:\Program Files\MySQL\MySQL Shell 8.0\bin\;C:\Users\Sergio\AppData\Local\Microsoft\WindowsApps;C:\Users\Sergio\AppData\Local\Programs\Microsoft VS Code\bin;C:\Users\Sergio\AppData\Roaming\npm;C:\Users\Sergio\AppData\Roaming\Composer\vendor\bin;C:\Users\Sergio\AppData\Local\Microsoft\WindowsApps;C:\Users\Sergio\AppData\Roaming\nvm;C:\Program Files\nodejs
USERNAME=Sergio
LANG=en_US.UTF-8
OS=Windows_NT
PROCESSOR_IDENTIFIER=Intel64 Family 6 Model 142 Stepping 12, GenuineIntel



---------------  S Y S T E M  ---------------

OS:
 Windows 11 , 64 bit Build 22621 (10.0.22621.3672)
OS uptime: 2 days 4:42 hours

CPU: total 8 (initial active 8) (4 cores per cpu, 2 threads per core) family 6 model 142 stepping 12 microcode 0xde, cx8, cmov, fxsr, ht, mmx, 3dnowpref, sse, sse2, sse3, ssse3, sse4.1, sse4.2, popcnt, lzcnt, tsc, tscinvbit, avx, avx2, aes, erms, clmul, bmi1, bmi2, adx, fma, vzeroupper, clflush, clflushopt

Memory: 4k page, system-wide physical 16193M (6771M free)
TotalPageFile size 17217M (AvailPageFile size 4530M)
current process WorkingSet (physical memory assigned to process): 285M, peak: 363M
current process commit charge ("private bytes"): 324M, peak: 406M

vm_info: Java HotSpot(TM) 64-Bit Server VM (17.0.9+11-LTS-201) for windows-amd64 JRE (17.0.9+11-LTS-201), built on Oct 10 2023 23:16:06 by "mach5one" with MS VC++ 17.1 (VS2022)

END.
