#
# A fatal error has been detected by the Java Runtime Environment:
#
#  EXCEPTION_ACCESS_VIOLATION (0xc0000005) at pc=0x00007ffb5ade91f8, pid=18824, tid=17144
#
# JRE version: Java(TM) SE Runtime Environment (17.0.9+11) (build 17.0.9+11-LTS-201)
# Java VM: Java HotSpot(TM) 64-Bit Server VM (17.0.9+11-LTS-201, mixed mode, sharing, tiered, compressed oops, compressed class ptrs, g1 gc, windows-amd64)
# Problematic frame:
# V  [jvm.dll+0x191f8]
#
# No core dump will be written. Minidumps are not enabled by default on client versions of Windows
#
# If you would like to submit a bug report, please visit:
#   https://bugreport.java.com/bugreport/crash.jsp
#

---------------  S U M M A R Y ------------

Command Line: -XX:+ShowCodeDetailsInExceptionMessages com.example.activate.ActivateApplication

Host: Intel(R) Core(TM) i7-10510U CPU @ 1.80GHz, 8 cores, 15G,  Windows 11 , 64 bit Build 22621 (10.0.22621.3672)
Time: Mon Jun  3 20:03:27 2024 Hora de verano romance elapsed time: 3.570821 seconds (0d 0h 0m 3s)

---------------  T H R E A D  ---------------

Current thread (0x00000251eab619e0):  JavaThread "C2 CompilerThread0" daemon [_thread_in_native, id=17144, stack(0x000000a58b600000,0x000000a58b700000)]


Current CompileTask:
C2:   3570 4303   !   4       jdk.internal.loader.BuiltinClassLoader::findClassOnClassPathOrNull (64 bytes)

Stack: [0x000000a58b600000,0x000000a58b700000],  sp=0x000000a58b6fb490,  free space=1005k
Native frames: (J=compiled Java code, j=interpreted, Vv=VM code, C=native code)
V  [jvm.dll+0x191f8]
V  [jvm.dll+0x680fc6]
V  [jvm.dll+0x68136e]
V  [jvm.dll+0x67dec3]
V  [jvm.dll+0x218506]
V  [jvm.dll+0x217561]
V  [jvm.dll+0x1a3bc0]
V  [jvm.dll+0x2272de]
V  [jvm.dll+0x22548b]
V  [jvm.dll+0x78f58c]
V  [jvm.dll+0x78998a]
V  [jvm.dll+0x677875]
C  [ucrtbase.dll+0x29333]
C  [KERNEL32.DLL+0x1257d]
C  [ntdll.dll+0x5aa48]


siginfo: EXCEPTION_ACCESS_VIOLATION (0xc0000005), reading address 0x00000251f4876538


Register to memory mapping:

RIP=0x00007ffb5ade91f8 jvm.dll
RAX=0x000000000000000b is an unknown value
RBX=0x000000a58b6fb550 is pointing into the stack for thread: 0x00000251eab619e0
RCX=0x0000000000000002 is an unknown value
RDX=0x000000a58b6fbcd0 is pointing into the stack for thread: 0x00000251eab619e0
RSP=0x000000a58b6fb490 is pointing into the stack for thread: 0x00000251eab619e0
RBP=0x000000a58b6fbcd0 is pointing into the stack for thread: 0x00000251eab619e0
RSI=0x00000251f58764a8 points into unknown readable memory: 0x00007ffb5b63b380 | 80 b3 63 5b fb 7f 00 00
RDI=0x00000251f4876538 is an unknown value
R8 =0x0000000000000c3b is an unknown value
R9 =0x0000000000000001 is an unknown value
R10=0x000000a58b6fb2f8 is pointing into the stack for thread: 0x00000251eab619e0
R11=0x000000a58b6fb4c0 is pointing into the stack for thread: 0x00000251eab619e0
R12=0x0000000000006b35 is an unknown value
R13=0x0000000000000009 is an unknown value
R14=0x00000251f10b8cc0 points into unknown readable memory: 0x0000025100006ec6 | c6 6e 00 00 51 02 00 00
R15=0x00000000ffffffff is an unknown value


Registers:
RAX=0x000000000000000b, RBX=0x000000a58b6fb550, RCX=0x0000000000000002, RDX=0x000000a58b6fbcd0
RSP=0x000000a58b6fb490, RBP=0x000000a58b6fbcd0, RSI=0x00000251f58764a8, RDI=0x00000251f4876538
R8 =0x0000000000000c3b, R9 =0x0000000000000001, R10=0x000000a58b6fb2f8, R11=0x000000a58b6fb4c0
R12=0x0000000000006b35, R13=0x0000000000000009, R14=0x00000251f10b8cc0, R15=0x00000000ffffffff
RIP=0x00007ffb5ade91f8, EFLAGS=0x0000000000010287

Top of Stack: (sp=0x000000a58b6fb490)
0x000000a58b6fb490:   00000251f58764a8 000000a58b6fb550
0x000000a58b6fb4a0:   00000000ffffffff 0000000000006b35
0x000000a58b6fb4b0:   00007ffb5b620ef0 000000a58b6fb5a8
0x000000a58b6fb4c0:   000000a58b6fb670 000000a501010101
0x000000a58b6fb4d0:   0000000000000000 00000251f5876618
0x000000a58b6fb4e0:   00000251f58764a8 00007ffb5b450fc6
0x000000a58b6fb4f0:   0000000000000002 000000a58b6fb5f0
0x000000a58b6fb500:   000000a58b6fcb80 00000251f58764a8
0x000000a58b6fb510:   0000025100000000 0000000000000000
0x000000a58b6fb520:   00007ffb5b620ec0 000000a58b6fb5a8
0x000000a58b6fb530:   000000a58b6fb670 00007ffb01010101
0x000000a58b6fb540:   0000000000000000 000002516100fd9c
0x000000a58b6fb550:   00007ffb5b68ebf0 00000251d663ac40
0x000000a58b6fb560:   0000000000000000 00000251d663ac40
0x000000a58b6fb570:   00000251d663bc40 00000251d663bc40
0x000000a58b6fb580:   00000251d663bc40 00000251d663bc94 

Instructions: (pc=0x00007ffb5ade91f8)
0x00007ffb5ade90f8:   f8 e8 62 ec 09 00 48 8d 05 e3 f0 82 00 48 8d 4c
0x00007ffb5ade9108:   24 20 48 89 44 24 20 e8 3c 5d 0b 00 48 8b 4e 58
0x00007ffb5ade9118:   48 8d 05 d1 7d 83 00 48 89 44 24 20 44 8d 4f 01
0x00007ffb5ade9128:   4c 8b c6 48 8b d5 48 8b 01 ff 50 20 48 8b 4e 50
0x00007ffb5ade9138:   41 b9 01 00 00 00 4c 8b c6 48 63 d8 48 8b d5 4c
0x00007ffb5ade9148:   8b 11 41 ff 52 20 48 63 d0 4c 8b c3 48 8d 4c 24
0x00007ffb5ade9158:   20 e8 32 06 0a 00 48 8b 5c 24 60 48 8b 6c 24 68
0x00007ffb5ade9168:   48 8b 74 24 70 48 83 c4 50 5f c3 cc cc cc cc cc
0x00007ffb5ade9178:   cc cc cc cc cc cc cc cc 48 89 5c 24 08 48 89 6c
0x00007ffb5ade9188:   24 10 48 89 74 24 18 57 48 83 ec 50 48 8b 42 68
0x00007ffb5ade9198:   48 8b f1 48 89 42 60 49 8b e8 48 8b 49 50 48 8b
0x00007ffb5ade91a8:   da 48 8b 01 ff 50 08 48 8b d3 48 8d 4c 24 20 e8
0x00007ffb5ade91b8:   a4 eb 09 00 48 8d 05 25 f0 82 00 48 8d 4c 24 20
0x00007ffb5ade91c8:   48 89 44 24 20 e8 7e 5c 0b 00 48 8b 4e 50 48 8d
0x00007ffb5ade91d8:   05 13 7d 83 00 48 8b 7e 58 41 b9 01 00 00 00 48
0x00007ffb5ade91e8:   89 44 24 20 4c 8b c6 48 8b d5 48 8b 01 ff 50 20
0x00007ffb5ade91f8:   48 8b 17 48 8b cf 48 63 d8 ff 52 50 48 8b d3 48
0x00007ffb5ade9208:   8d 4c 24 20 4c 8b c0 e8 dc 05 0a 00 48 8b 5c 24
0x00007ffb5ade9218:   60 48 8b 6c 24 68 48 8b 74 24 70 48 83 c4 50 5f
0x00007ffb5ade9228:   c3 cc cc cc cc cc cc cc 48 89 5c 24 08 48 89 6c
0x00007ffb5ade9238:   24 10 48 89 74 24 18 57 41 54 41 55 41 56 41 57
0x00007ffb5ade9248:   48 81 ec 00 01 00 00 48 8b 42 68 4c 8b e9 48 89
0x00007ffb5ade9258:   42 60 4d 8b e0 48 8b 49 50 48 8b da 48 8b 01 ff
0x00007ffb5ade9268:   50 08 48 8b d3 48 8d 4c 24 30 44 8d 78 02 e8 e5
0x00007ffb5ade9278:   ea 09 00 48 8d 05 66 ef 82 00 48 8d 4c 24 30 48
0x00007ffb5ade9288:   89 44 24 30 e8 bf 5b 0b 00 4d 8b 75 58 48 8d 05
0x00007ffb5ade9298:   54 7c 83 00 48 89 44 24 30 49 8b ce 49 8b 06 ff
0x00007ffb5ade92a8:   90 88 00 00 00 4d 8b 16 45 8b cf 4d 8b c5 49 8b
0x00007ffb5ade92b8:   d4 49 8b ce 8b e8 41 ff 92 80 00 00 00 49 8b 16
0x00007ffb5ade92c8:   49 8b ce 8b f0 ff 52 78 4d 8b 16 45 8b cf 4d 8b
0x00007ffb5ade92d8:   c5 49 8b d4 49 8b ce 8b f8 41 ff 52 70 4d 8b 16
0x00007ffb5ade92e8:   45 8b cf 4d 8b c5 49 8b d4 49 8b ce 8b d8 41 ff 


Stack slot to memory mapping:
stack at sp + 0 slots: 0x00000251f58764a8 points into unknown readable memory: 0x00007ffb5b63b380 | 80 b3 63 5b fb 7f 00 00
stack at sp + 1 slots: 0x000000a58b6fb550 is pointing into the stack for thread: 0x00000251eab619e0
stack at sp + 2 slots: 0x00000000ffffffff is an unknown value
stack at sp + 3 slots: 0x0000000000006b35 is an unknown value
stack at sp + 4 slots: 0x00007ffb5b620ef0 jvm.dll
stack at sp + 5 slots: 0x000000a58b6fb5a8 is pointing into the stack for thread: 0x00000251eab619e0
stack at sp + 6 slots: 0x000000a58b6fb670 is pointing into the stack for thread: 0x00000251eab619e0
stack at sp + 7 slots: 0x000000a501010101 is an unknown value


---------------  P R O C E S S  ---------------

Threads class SMR info:
_java_thread_list=0x00000251f24caa80, length=22, elements={
0x00000251c5f59bd0, 0x00000251eab48240, 0x00000251eab48fd0, 0x00000251eab5d360,
0x00000251eab5fc40, 0x00000251eab60510, 0x00000251eab60de0, 0x00000251eab619e0,
0x00000251eab73050, 0x00000251eab79d90, 0x00000251ead27860, 0x00000251ead2fb80,
0x00000251ead9d5f0, 0x00000251ef679c70, 0x00000251ef67a2d0, 0x00000251f08fa130,
0x00000251f156f590, 0x00000251f156ffb0, 0x00000251f15713f0, 0x00000251f1570ee0,
0x00000251f15709d0, 0x00000251f156faa0
}

Java Threads: ( => current thread )
  0x00000251c5f59bd0 JavaThread "main" [_thread_blocked, id=23368, stack(0x000000a58a900000,0x000000a58aa00000)]
  0x00000251eab48240 JavaThread "Reference Handler" daemon [_thread_blocked, id=12184, stack(0x000000a58b000000,0x000000a58b100000)]
  0x00000251eab48fd0 JavaThread "Finalizer" daemon [_thread_blocked, id=19228, stack(0x000000a58b100000,0x000000a58b200000)]
  0x00000251eab5d360 JavaThread "Signal Dispatcher" daemon [_thread_blocked, id=22032, stack(0x000000a58b200000,0x000000a58b300000)]
  0x00000251eab5fc40 JavaThread "Attach Listener" daemon [_thread_blocked, id=23136, stack(0x000000a58b300000,0x000000a58b400000)]
  0x00000251eab60510 JavaThread "Service Thread" daemon [_thread_blocked, id=10720, stack(0x000000a58b400000,0x000000a58b500000)]
  0x00000251eab60de0 JavaThread "Monitor Deflation Thread" daemon [_thread_blocked, id=1864, stack(0x000000a58b500000,0x000000a58b600000)]
=>0x00000251eab619e0 JavaThread "C2 CompilerThread0" daemon [_thread_in_native, id=17144, stack(0x000000a58b600000,0x000000a58b700000)]
  0x00000251eab73050 JavaThread "C1 CompilerThread0" daemon [_thread_blocked, id=22020, stack(0x000000a58b700000,0x000000a58b800000)]
  0x00000251eab79d90 JavaThread "Sweeper thread" daemon [_thread_blocked, id=17964, stack(0x000000a58b800000,0x000000a58b900000)]
  0x00000251ead27860 JavaThread "Notification Thread" daemon [_thread_blocked, id=16752, stack(0x000000a58b900000,0x000000a58ba00000)]
  0x00000251ead2fb80 JavaThread "Common-Cleaner" daemon [_thread_blocked, id=2584, stack(0x000000a58bb00000,0x000000a58bc00000)]
  0x00000251ead9d5f0 JavaThread "C2 CompilerThread1" daemon [_thread_in_native, id=11720, stack(0x000000a58bc00000,0x000000a58bd00000)]
  0x00000251ef679c70 JavaThread "Thread-0" [_thread_blocked, id=21764, stack(0x000000a58bd00000,0x000000a58be00000)]
  0x00000251ef67a2d0 JavaThread "restartedMain" [_thread_in_Java, id=23000, stack(0x000000a58be00000,0x000000a58bf00000)]
  0x00000251f08fa130 JavaThread "C2 CompilerThread2" daemon [_thread_in_native, id=4048, stack(0x000000a58c700000,0x000000a58c800000)]
  0x00000251f156f590 JavaThread "Catalina-utility-1" [_thread_blocked, id=9344, stack(0x000000a58c900000,0x000000a58ca00000)]
  0x00000251f156ffb0 JavaThread "Catalina-utility-2" [_thread_blocked, id=18036, stack(0x000000a58ca00000,0x000000a58cb00000)]
  0x00000251f15713f0 JavaThread "container-0" [_thread_blocked, id=3896, stack(0x000000a58cb00000,0x000000a58cc00000)]
  0x00000251f1570ee0 JavaThread "mysql-cj-abandoned-connection-cleanup" daemon [_thread_blocked, id=23172, stack(0x000000a58cc00000,0x000000a58cd00000)]
  0x00000251f15709d0 JavaThread "HikariPool-1 housekeeper" daemon [_thread_blocked, id=19004, stack(0x000000a58ce00000,0x000000a58cf00000)]
  0x00000251f156faa0 JavaThread "HikariPool-1 connection adder" daemon [_thread_blocked, id=22716, stack(0x000000a58cf00000,0x000000a58d000000)]

Other Threads:
  0x00000251eab41310 VMThread "VM Thread" [stack: 0x000000a58af00000,0x000000a58b000000] [id=9932]
  0x00000251ead29d50 WatcherThread [stack: 0x000000a58ba00000,0x000000a58bb00000] [id=1296]
  0x00000251c5fcdc20 GCTaskThread "GC Thread#0" [stack: 0x000000a58aa00000,0x000000a58ab00000] [id=23008]
  0x00000251ef67fe90 GCTaskThread "GC Thread#1" [stack: 0x000000a58bf00000,0x000000a58c000000] [id=5908]
  0x00000251ef680150 GCTaskThread "GC Thread#2" [stack: 0x000000a58c000000,0x000000a58c100000] [id=18428]
  0x00000251ef680410 GCTaskThread "GC Thread#3" [stack: 0x000000a58c100000,0x000000a58c200000] [id=13192]
  0x00000251ef6806d0 GCTaskThread "GC Thread#4" [stack: 0x000000a58c200000,0x000000a58c300000] [id=13184]
  0x00000251ef65fe70 GCTaskThread "GC Thread#5" [stack: 0x000000a58c300000,0x000000a58c400000] [id=20712]
  0x00000251f01ecce0 GCTaskThread "GC Thread#6" [stack: 0x000000a58c500000,0x000000a58c600000] [id=11336]
  0x00000251efba5440 GCTaskThread "GC Thread#7" [stack: 0x000000a58c600000,0x000000a58c700000] [id=16956]
  0x00000251c5fe07b0 ConcurrentGCThread "G1 Main Marker" [stack: 0x000000a58ab00000,0x000000a58ac00000] [id=15748]
  0x00000251c5fe10d0 ConcurrentGCThread "G1 Conc#0" [stack: 0x000000a58ac00000,0x000000a58ad00000] [id=19176]
  0x00000251f09a51a0 ConcurrentGCThread "G1 Conc#1" [stack: 0x000000a58c400000,0x000000a58c500000] [id=15732]
  0x00000251c600e1b0 ConcurrentGCThread "G1 Refine#0" [stack: 0x000000a58ad00000,0x000000a58ae00000] [id=1448]
  0x00000251efff5430 ConcurrentGCThread "G1 Refine#1" [stack: 0x000000a58c800000,0x000000a58c900000] [id=12272]
  0x00000251c600eaf0 ConcurrentGCThread "G1 Service" [stack: 0x000000a58ae00000,0x000000a58af00000] [id=18592]

Threads with active compile tasks:
C2 CompilerThread0     3621 4303   !   4       jdk.internal.loader.BuiltinClassLoader::findClassOnClassPathOrNull (64 bytes)
C2 CompilerThread1     3621 4537       4       java.lang.invoke.MethodType::makeImpl (109 bytes)
C2 CompilerThread2     3621 4561       4       java.security.SecureClassLoader::defineClass (16 bytes)

VM state: not at safepoint (normal execution)

VM Mutex/Monitor currently owned by a thread: None

Heap address: 0x0000000702e00000, size: 4050 MB, Compressed Oops mode: Zero based, Oop shift amount: 3

CDS archive(s) mapped at: [0x0000025180000000-0x0000025180bd0000-0x0000025180bd0000), size 12386304, SharedBaseAddress: 0x0000025180000000, ArchiveRelocationMode: 1.
Compressed class space mapped at: 0x0000025181000000-0x00000251c1000000, reserved size: 1073741824
Narrow klass base: 0x0000025180000000, Narrow klass shift: 0, Narrow klass range: 0x100000000

GC Precious Log:
 CPUs: 8 total, 8 available
 Memory: 16193M
 Large Page Support: Disabled
 NUMA Support: Disabled
 Compressed Oops: Enabled (Zero based)
 Heap Region Size: 2M
 Heap Min Capacity: 8M
 Heap Initial Capacity: 254M
 Heap Max Capacity: 4050M
 Pre-touch: Disabled
 Parallel Workers: 8
 Concurrent Workers: 2
 Concurrent Refinement Workers: 8
 Periodic GC: Disabled

Heap:
 garbage-first heap   total 161792K, used 32005K [0x0000000702e00000, 0x0000000800000000)
  region size 2048K, 7 young (14336K), 1 survivors (2048K)
 Metaspace       used 45198K, committed 45632K, reserved 1114112K
  class space    used 5996K, committed 6208K, reserved 1048576K

Heap Regions: E=young(eden), S=young(survivor), O=old, HS=humongous(starts), HC=humongous(continues), CS=collection set, F=free, OA=open archive, CA=closed archive, TAMS=top-at-mark-start (previous, next)
|   0|0x0000000702e00000, 0x0000000703000000, 0x0000000703000000|100%| O|  |TAMS 0x0000000703000000, 0x0000000702e00000| Untracked 
|   1|0x0000000703000000, 0x0000000703200000, 0x0000000703200000|100%| O|  |TAMS 0x0000000703200000, 0x0000000703000000| Untracked 
|   2|0x0000000703200000, 0x0000000703400000, 0x0000000703400000|100%| O|  |TAMS 0x0000000703400000, 0x0000000703200000| Untracked 
|   3|0x0000000703400000, 0x0000000703600000, 0x0000000703600000|100%| O|  |TAMS 0x0000000703556008, 0x0000000703400000| Untracked 
|   4|0x0000000703600000, 0x0000000703800000, 0x0000000703800000|100%| O|  |TAMS 0x0000000703800000, 0x0000000703600000| Untracked 
|   5|0x0000000703800000, 0x0000000703a00000, 0x0000000703a00000|100%| O|  |TAMS 0x0000000703a00000, 0x0000000703800000| Untracked 
|   6|0x0000000703a00000, 0x0000000703c00000, 0x0000000703c00000|100%| O|  |TAMS 0x0000000703c00000, 0x0000000703a00000| Untracked 
|   7|0x0000000703c00000, 0x0000000703e00000, 0x0000000703e00000|100%| O|  |TAMS 0x0000000703e00000, 0x0000000703c00000| Untracked 
|   8|0x0000000703e00000, 0x0000000703e00000, 0x0000000704000000|  0%| F|  |TAMS 0x0000000703e00000, 0x0000000703e00000| Untracked 
|   9|0x0000000704000000, 0x0000000704200000, 0x0000000704200000|100%| O|  |TAMS 0x0000000704000000, 0x0000000704000000| Untracked 
|  10|0x0000000704200000, 0x0000000704400000, 0x0000000704400000|100%| O|  |TAMS 0x0000000704200000, 0x0000000704200000| Untracked 
|  11|0x0000000704400000, 0x00000007044b9400, 0x0000000704600000| 36%| O|  |TAMS 0x0000000704400000, 0x0000000704400000| Untracked 
|  12|0x0000000704600000, 0x0000000704600000, 0x0000000704800000|  0%| F|  |TAMS 0x0000000704600000, 0x0000000704600000| Untracked 
|  13|0x0000000704800000, 0x0000000704800000, 0x0000000704a00000|  0%| F|  |TAMS 0x0000000704800000, 0x0000000704800000| Untracked 
|  14|0x0000000704a00000, 0x0000000704a00000, 0x0000000704c00000|  0%| F|  |TAMS 0x0000000704a00000, 0x0000000704a00000| Untracked 
|  15|0x0000000704c00000, 0x0000000704c00000, 0x0000000704e00000|  0%| F|  |TAMS 0x0000000704c00000, 0x0000000704c00000| Untracked 
|  16|0x0000000704e00000, 0x0000000704e00000, 0x0000000705000000|  0%| F|  |TAMS 0x0000000704e00000, 0x0000000704e00000| Untracked 
|  17|0x0000000705000000, 0x0000000705000000, 0x0000000705200000|  0%| F|  |TAMS 0x0000000705000000, 0x0000000705000000| Untracked 
|  18|0x0000000705200000, 0x0000000705200000, 0x0000000705400000|  0%| F|  |TAMS 0x0000000705200000, 0x0000000705200000| Untracked 
|  19|0x0000000705400000, 0x0000000705400000, 0x0000000705600000|  0%| F|  |TAMS 0x0000000705400000, 0x0000000705400000| Untracked 
|  20|0x0000000705600000, 0x0000000705600000, 0x0000000705800000|  0%| F|  |TAMS 0x0000000705600000, 0x0000000705600000| Untracked 
|  21|0x0000000705800000, 0x0000000705800000, 0x0000000705a00000|  0%| F|  |TAMS 0x0000000705800000, 0x0000000705800000| Untracked 
|  22|0x0000000705a00000, 0x0000000705a00000, 0x0000000705c00000|  0%| F|  |TAMS 0x0000000705a00000, 0x0000000705a00000| Untracked 
|  23|0x0000000705c00000, 0x0000000705c00000, 0x0000000705e00000|  0%| F|  |TAMS 0x0000000705c00000, 0x0000000705c00000| Untracked 
|  24|0x0000000705e00000, 0x0000000705e00000, 0x0000000706000000|  0%| F|  |TAMS 0x0000000705e00000, 0x0000000705e00000| Untracked 
|  25|0x0000000706000000, 0x0000000706000000, 0x0000000706200000|  0%| F|  |TAMS 0x0000000706000000, 0x0000000706000000| Untracked 
|  26|0x0000000706200000, 0x0000000706200000, 0x0000000706400000|  0%| F|  |TAMS 0x0000000706200000, 0x0000000706200000| Untracked 
|  27|0x0000000706400000, 0x0000000706400000, 0x0000000706600000|  0%| F|  |TAMS 0x0000000706400000, 0x0000000706400000| Untracked 
|  28|0x0000000706600000, 0x0000000706600000, 0x0000000706800000|  0%| F|  |TAMS 0x0000000706600000, 0x0000000706600000| Untracked 
|  29|0x0000000706800000, 0x0000000706800000, 0x0000000706a00000|  0%| F|  |TAMS 0x0000000706800000, 0x0000000706800000| Untracked 
|  30|0x0000000706a00000, 0x0000000706a00000, 0x0000000706c00000|  0%| F|  |TAMS 0x0000000706a00000, 0x0000000706a00000| Untracked 
|  31|0x0000000706c00000, 0x0000000706c00000, 0x0000000706e00000|  0%| F|  |TAMS 0x0000000706c00000, 0x0000000706c00000| Untracked 
|  32|0x0000000706e00000, 0x0000000706e00000, 0x0000000707000000|  0%| F|  |TAMS 0x0000000706e00000, 0x0000000706e00000| Untracked 
|  33|0x0000000707000000, 0x0000000707000000, 0x0000000707200000|  0%| F|  |TAMS 0x0000000707000000, 0x0000000707000000| Untracked 
|  34|0x0000000707200000, 0x0000000707200000, 0x0000000707400000|  0%| F|  |TAMS 0x0000000707200000, 0x0000000707200000| Untracked 
|  35|0x0000000707400000, 0x0000000707400000, 0x0000000707600000|  0%| F|  |TAMS 0x0000000707400000, 0x0000000707400000| Untracked 
|  36|0x0000000707600000, 0x0000000707600000, 0x0000000707800000|  0%| F|  |TAMS 0x0000000707600000, 0x0000000707600000| Untracked 
|  37|0x0000000707800000, 0x0000000707800000, 0x0000000707a00000|  0%| F|  |TAMS 0x0000000707800000, 0x0000000707800000| Untracked 
|  38|0x0000000707a00000, 0x0000000707a00000, 0x0000000707c00000|  0%| F|  |TAMS 0x0000000707a00000, 0x0000000707a00000| Untracked 
|  39|0x0000000707c00000, 0x0000000707c00000, 0x0000000707e00000|  0%| F|  |TAMS 0x0000000707c00000, 0x0000000707c00000| Untracked 
|  40|0x0000000707e00000, 0x0000000707e00000, 0x0000000708000000|  0%| F|  |TAMS 0x0000000707e00000, 0x0000000707e00000| Untracked 
|  41|0x0000000708000000, 0x0000000708000000, 0x0000000708200000|  0%| F|  |TAMS 0x0000000708000000, 0x0000000708000000| Untracked 
|  42|0x0000000708200000, 0x0000000708200000, 0x0000000708400000|  0%| F|  |TAMS 0x0000000708200000, 0x0000000708200000| Untracked 
|  43|0x0000000708400000, 0x0000000708400000, 0x0000000708600000|  0%| F|  |TAMS 0x0000000708400000, 0x0000000708400000| Untracked 
|  44|0x0000000708600000, 0x0000000708600000, 0x0000000708800000|  0%| F|  |TAMS 0x0000000708600000, 0x0000000708600000| Untracked 
|  45|0x0000000708800000, 0x0000000708800000, 0x0000000708a00000|  0%| F|  |TAMS 0x0000000708800000, 0x0000000708800000| Untracked 
|  46|0x0000000708a00000, 0x0000000708a00000, 0x0000000708c00000|  0%| F|  |TAMS 0x0000000708a00000, 0x0000000708a00000| Untracked 
|  47|0x0000000708c00000, 0x0000000708c00000, 0x0000000708e00000|  0%| F|  |TAMS 0x0000000708c00000, 0x0000000708c00000| Untracked 
|  48|0x0000000708e00000, 0x0000000708e00000, 0x0000000709000000|  0%| F|  |TAMS 0x0000000708e00000, 0x0000000708e00000| Untracked 
|  49|0x0000000709000000, 0x0000000709000000, 0x0000000709200000|  0%| F|  |TAMS 0x0000000709000000, 0x0000000709000000| Untracked 
|  50|0x0000000709200000, 0x0000000709200000, 0x0000000709400000|  0%| F|  |TAMS 0x0000000709200000, 0x0000000709200000| Untracked 
|  51|0x0000000709400000, 0x0000000709400000, 0x0000000709600000|  0%| F|  |TAMS 0x0000000709400000, 0x0000000709400000| Untracked 
|  52|0x0000000709600000, 0x0000000709600000, 0x0000000709800000|  0%| F|  |TAMS 0x0000000709600000, 0x0000000709600000| Untracked 
|  53|0x0000000709800000, 0x0000000709800000, 0x0000000709a00000|  0%| F|  |TAMS 0x0000000709800000, 0x0000000709800000| Untracked 
|  54|0x0000000709a00000, 0x0000000709a00000, 0x0000000709c00000|  0%| F|  |TAMS 0x0000000709a00000, 0x0000000709a00000| Untracked 
|  55|0x0000000709c00000, 0x0000000709c00000, 0x0000000709e00000|  0%| F|  |TAMS 0x0000000709c00000, 0x0000000709c00000| Untracked 
|  56|0x0000000709e00000, 0x0000000709e00000, 0x000000070a000000|  0%| F|  |TAMS 0x0000000709e00000, 0x0000000709e00000| Untracked 
|  57|0x000000070a000000, 0x000000070a000000, 0x000000070a200000|  0%| F|  |TAMS 0x000000070a000000, 0x000000070a000000| Untracked 
|  58|0x000000070a200000, 0x000000070a200000, 0x000000070a400000|  0%| F|  |TAMS 0x000000070a200000, 0x000000070a200000| Untracked 
|  59|0x000000070a400000, 0x000000070a400000, 0x000000070a600000|  0%| F|  |TAMS 0x000000070a400000, 0x000000070a400000| Untracked 
|  60|0x000000070a600000, 0x000000070a600000, 0x000000070a800000|  0%| F|  |TAMS 0x000000070a600000, 0x000000070a600000| Untracked 
|  61|0x000000070a800000, 0x000000070a800000, 0x000000070aa00000|  0%| F|  |TAMS 0x000000070a800000, 0x000000070a800000| Untracked 
|  62|0x000000070aa00000, 0x000000070aa00000, 0x000000070ac00000|  0%| F|  |TAMS 0x000000070aa00000, 0x000000070aa00000| Untracked 
|  63|0x000000070ac00000, 0x000000070ac00000, 0x000000070ae00000|  0%| F|  |TAMS 0x000000070ac00000, 0x000000070ac00000| Untracked 
|  64|0x000000070ae00000, 0x000000070ae00000, 0x000000070b000000|  0%| F|  |TAMS 0x000000070ae00000, 0x000000070ae00000| Untracked 
|  65|0x000000070b000000, 0x000000070b000000, 0x000000070b200000|  0%| F|  |TAMS 0x000000070b000000, 0x000000070b000000| Untracked 
|  66|0x000000070b200000, 0x000000070b200000, 0x000000070b400000|  0%| F|  |TAMS 0x000000070b200000, 0x000000070b200000| Untracked 
|  67|0x000000070b400000, 0x000000070b400000, 0x000000070b600000|  0%| F|  |TAMS 0x000000070b400000, 0x000000070b400000| Untracked 
|  68|0x000000070b600000, 0x000000070b600000, 0x000000070b800000|  0%| F|  |TAMS 0x000000070b600000, 0x000000070b600000| Untracked 
|  69|0x000000070b800000, 0x000000070b800000, 0x000000070ba00000|  0%| F|  |TAMS 0x000000070b800000, 0x000000070b800000| Untracked 
|  70|0x000000070ba00000, 0x000000070ba00000, 0x000000070bc00000|  0%| F|  |TAMS 0x000000070ba00000, 0x000000070ba00000| Untracked 
|  71|0x000000070bc00000, 0x000000070bc00000, 0x000000070be00000|  0%| F|  |TAMS 0x000000070bc00000, 0x000000070bc00000| Untracked 
|  72|0x000000070be00000, 0x000000070c000000, 0x000000070c000000|100%| E|  |TAMS 0x000000070be00000, 0x000000070be00000| Complete 
|  73|0x000000070c000000, 0x000000070c200000, 0x000000070c200000|100%| E|CS|TAMS 0x000000070c000000, 0x000000070c000000| Complete 
|  90|0x000000070e200000, 0x000000070e400000, 0x000000070e400000|100%| E|CS|TAMS 0x000000070e200000, 0x000000070e200000| Complete 
|  91|0x000000070e400000, 0x000000070e600000, 0x000000070e600000|100%| E|CS|TAMS 0x000000070e400000, 0x000000070e400000| Complete 
|  92|0x000000070e600000, 0x000000070e800000, 0x000000070e800000|100%| E|CS|TAMS 0x000000070e600000, 0x000000070e600000| Complete 
|  93|0x000000070e800000, 0x000000070e8882f8, 0x000000070ea00000| 26%| S|CS|TAMS 0x000000070e800000, 0x000000070e800000| Complete 
| 126|0x0000000712a00000, 0x0000000712c00000, 0x0000000712c00000|100%| E|CS|TAMS 0x0000000712a00000, 0x0000000712a00000| Complete 

Card table byte_map: [0x00000251df210000,0x00000251dfa00000] _byte_map_base: 0x00000251db9f9000

Marking Bits (Prev, Next): (CMBitMap*) 0x00000251c5fce150, (CMBitMap*) 0x00000251c5fce190
 Prev Bits: [0x00000251e01f0000, 0x00000251e4138000)
 Next Bits: [0x00000251e4140000, 0x00000251e8088000)

Polling page: 0x00000251c6010000

Metaspace:

Usage:
  Non-class:     38.31 MB used.
      Class:      5.86 MB used.
       Both:     44.17 MB used.

Virtual space:
  Non-class space:       64.00 MB reserved,      38.56 MB ( 60%) committed,  1 nodes.
      Class space:        1.00 GB reserved,       6.06 MB ( <1%) committed,  1 nodes.
             Both:        1.06 GB reserved,      44.62 MB (  4%) committed. 

Chunk freelists:
   Non-Class:  9.48 MB
       Class:  9.88 MB
        Both:  19.36 MB

MaxMetaspaceSize: unlimited
CompressedClassSpaceSize: 1.00 GB
Initial GC threshold: 21.00 MB
Current GC threshold: 59.19 MB
CDS: on
MetaspaceReclaimPolicy: balanced
 - commit_granule_bytes: 65536.
 - commit_granule_words: 8192.
 - virtual_space_node_default_size: 8388608.
 - enlarge_chunks_in_place: 1.
 - new_chunks_are_fully_committed: 0.
 - uncommit_free_chunks: 1.
 - use_allocation_guard: 0.
 - handle_deallocations: 1.


Internal statistics:

num_allocs_failed_limit: 9.
num_arena_births: 594.
num_arena_deaths: 0.
num_vsnodes_births: 2.
num_vsnodes_deaths: 0.
num_space_committed: 714.
num_space_uncommitted: 0.
num_chunks_returned_to_freelist: 9.
num_chunks_taken_from_freelist: 2239.
num_chunk_merges: 6.
num_chunk_splits: 1591.
num_chunks_enlarged: 1209.
num_inconsistent_stats: 0.

CodeHeap 'non-profiled nmethods': size=120000Kb used=3008Kb max_used=3008Kb free=116992Kb
 bounds [0x00000251d6a80000, 0x00000251d6d70000, 0x00000251ddfb0000]
CodeHeap 'profiled nmethods': size=120000Kb used=9538Kb max_used=9538Kb free=110462Kb
 bounds [0x00000251cefb0000, 0x00000251cf910000, 0x00000251d64e0000]
CodeHeap 'non-nmethods': size=5760Kb used=1277Kb max_used=1378Kb free=4482Kb
 bounds [0x00000251d64e0000, 0x00000251d6750000, 0x00000251d6a80000]
 total_blobs=5152 nmethods=4563 adapters=500
 compilation: enabled
              stopped_count=0, restarted_count=0
 full_count=0

Compilation events (20 events):
Event: 3.534 Thread 0x00000251eab73050 4541       3       com.mysql.cj.protocol.a.MultiPacketReader::readHeader (5 bytes)
Event: 3.534 Thread 0x00000251eab73050 nmethod 4541 0x00000251cf8fa090 code [0x00000251cf8fa240, 0x00000251cf8fa588]
Event: 3.534 Thread 0x00000251eab73050 4540   !   3       com.mysql.cj.protocol.a.NativeProtocol::readMessage (85 bytes)
Event: 3.535 Thread 0x00000251eab73050 nmethod 4540 0x00000251cf8fa690 code [0x00000251cf8fa8c0, 0x00000251cf8fb428]
Event: 3.535 Thread 0x00000251eab73050 4543       1       com.mysql.cj.result.Field::getCollationIndex (5 bytes)
Event: 3.535 Thread 0x00000251eab73050 nmethod 4543 0x00000251d6d64490 code [0x00000251d6d64620, 0x00000251d6d646f8]
Event: 3.535 Thread 0x00000251eab73050 4544       1       com.mysql.cj.result.Field::getEncoding (5 bytes)
Event: 3.535 Thread 0x00000251eab73050 nmethod 4544 0x00000251d6d64790 code [0x00000251d6d64920, 0x00000251d6d649f8]
Event: 3.536 Thread 0x00000251eab73050 4545       1       org.hibernate.mapping.SimpleValue::getBuildingContext (5 bytes)
Event: 3.536 Thread 0x00000251eab73050 nmethod 4545 0x00000251d6d64a90 code [0x00000251d6d64c20, 0x00000251d6d64cf8]
Event: 3.536 Thread 0x00000251eab73050 4546       1       java.util.Formatter$FixedString::index (3 bytes)
Event: 3.536 Thread 0x00000251eab73050 nmethod 4546 0x00000251d6d64d90 code [0x00000251d6d64f20, 0x00000251d6d64ff8]
Event: 3.537 Thread 0x00000251ead9d5f0 nmethod 4536 0x00000251d6d65090 code [0x00000251d6d65240, 0x00000251d6d65a18]
Event: 3.537 Thread 0x00000251ead9d5f0 4537       4       java.lang.invoke.MethodType::makeImpl (109 bytes)
Event: 3.539 Thread 0x00000251eab73050 4549       3       java.util.Formatter$Flags::contains (22 bytes)
Event: 3.539 Thread 0x00000251eab73050 nmethod 4549 0x00000251cf8fb990 code [0x00000251cf8fbb20, 0x00000251cf8fbcd8]
Event: 3.539 Thread 0x00000251eab73050 4548       1       java.util.Formatter$FormatSpecifier::index (5 bytes)
Event: 3.539 Thread 0x00000251eab73050 nmethod 4548 0x00000251d6d65f10 code [0x00000251d6d660a0, 0x00000251d6d66178]
Event: 3.541 Thread 0x00000251eab73050 4551       1       java.util.Spliterators$EmptySpliterator::characteristics (4 bytes)
Event: 3.541 Thread 0x00000251eab73050 nmethod 4551 0x00000251d6d66210 code [0x00000251d6d663a0, 0x00000251d6d66478]

GC Heap History (20 events):
Event: 0.439 GC heap before
{Heap before GC invocations=0 (full 0):
 garbage-first heap   total 260096K, used 20480K [0x0000000702e00000, 0x0000000800000000)
  region size 2048K, 11 young (22528K), 0 survivors (0K)
 Metaspace       used 4532K, committed 4672K, reserved 1114112K
  class space    used 513K, committed 576K, reserved 1048576K
}
Event: 0.441 GC heap after
{Heap after GC invocations=1 (full 0):
 garbage-first heap   total 260096K, used 6709K [0x0000000702e00000, 0x0000000800000000)
  region size 2048K, 2 young (4096K), 2 survivors (4096K)
 Metaspace       used 4532K, committed 4672K, reserved 1114112K
  class space    used 513K, committed 576K, reserved 1048576K
}
Event: 0.766 GC heap before
{Heap before GC invocations=1 (full 0):
 garbage-first heap   total 260096K, used 31285K [0x0000000702e00000, 0x0000000800000000)
  region size 2048K, 14 young (28672K), 2 survivors (4096K)
 Metaspace       used 10494K, committed 10752K, reserved 1114112K
  class space    used 1333K, committed 1472K, reserved 1048576K
}
Event: 0.769 GC heap after
{Heap after GC invocations=2 (full 0):
 garbage-first heap   total 260096K, used 8647K [0x0000000702e00000, 0x0000000800000000)
  region size 2048K, 1 young (2048K), 1 survivors (2048K)
 Metaspace       used 10494K, committed 10752K, reserved 1114112K
  class space    used 1333K, committed 1472K, reserved 1048576K
}
Event: 1.470 GC heap before
{Heap before GC invocations=2 (full 0):
 garbage-first heap   total 260096K, used 72135K [0x0000000702e00000, 0x0000000800000000)
  region size 2048K, 33 young (67584K), 1 survivors (2048K)
 Metaspace       used 21196K, committed 21504K, reserved 1114112K
  class space    used 2702K, committed 2880K, reserved 1048576K
}
Event: 1.474 GC heap after
{Heap after GC invocations=3 (full 0):
 garbage-first heap   total 260096K, used 12984K [0x0000000702e00000, 0x0000000800000000)
  region size 2048K, 4 young (8192K), 4 survivors (8192K)
 Metaspace       used 21196K, committed 21504K, reserved 1114112K
  class space    used 2702K, committed 2880K, reserved 1048576K
}
Event: 1.986 GC heap before
{Heap before GC invocations=4 (full 0):
 garbage-first heap   total 61440K, used 41656K [0x0000000702e00000, 0x0000000800000000)
  region size 2048K, 18 young (36864K), 4 survivors (8192K)
 Metaspace       used 25459K, committed 25856K, reserved 1114112K
  class space    used 3335K, committed 3520K, reserved 1048576K
}
Event: 1.992 GC heap after
{Heap after GC invocations=5 (full 0):
 garbage-first heap   total 61440K, used 15484K [0x0000000702e00000, 0x0000000800000000)
  region size 2048K, 2 young (4096K), 2 survivors (4096K)
 Metaspace       used 25459K, committed 25856K, reserved 1114112K
  class space    used 3335K, committed 3520K, reserved 1048576K
}
Event: 2.045 GC heap before
{Heap before GC invocations=5 (full 0):
 garbage-first heap   total 61440K, used 17532K [0x0000000702e00000, 0x0000000800000000)
  region size 2048K, 3 young (6144K), 2 survivors (4096K)
 Metaspace       used 25869K, committed 26304K, reserved 1114112K
  class space    used 3398K, committed 3584K, reserved 1048576K
}
Event: 2.048 GC heap after
{Heap after GC invocations=6 (full 0):
 garbage-first heap   total 61440K, used 15926K [0x0000000702e00000, 0x0000000800000000)
  region size 2048K, 1 young (2048K), 1 survivors (2048K)
 Metaspace       used 25869K, committed 26304K, reserved 1114112K
  class space    used 3398K, committed 3584K, reserved 1048576K
}
Event: 2.512 GC heap before
{Heap before GC invocations=6 (full 0):
 garbage-first heap   total 61440K, used 40502K [0x0000000702e00000, 0x0000000800000000)
  region size 2048K, 13 young (26624K), 1 survivors (2048K)
 Metaspace       used 30125K, committed 30528K, reserved 1114112K
  class space    used 3932K, committed 4160K, reserved 1048576K
}
Event: 2.515 GC heap after
{Heap after GC invocations=7 (full 0):
 garbage-first heap   total 61440K, used 17831K [0x0000000702e00000, 0x0000000800000000)
  region size 2048K, 2 young (4096K), 2 survivors (4096K)
 Metaspace       used 30125K, committed 30528K, reserved 1114112K
  class space    used 3932K, committed 4160K, reserved 1048576K
}
Event: 2.862 GC heap before
{Heap before GC invocations=7 (full 0):
 garbage-first heap   total 61440K, used 38311K [0x0000000702e00000, 0x0000000800000000)
  region size 2048K, 13 young (26624K), 2 survivors (4096K)
 Metaspace       used 33751K, committed 34240K, reserved 1114112K
  class space    used 4414K, committed 4672K, reserved 1048576K
}
Event: 2.865 GC heap after
{Heap after GC invocations=8 (full 0):
 garbage-first heap   total 61440K, used 19477K [0x0000000702e00000, 0x0000000800000000)
  region size 2048K, 1 young (2048K), 1 survivors (2048K)
 Metaspace       used 33751K, committed 34240K, reserved 1114112K
  class space    used 4414K, committed 4672K, reserved 1048576K
}
Event: 2.986 GC heap before
{Heap before GC invocations=8 (full 0):
 garbage-first heap   total 61440K, used 25621K [0x0000000702e00000, 0x0000000800000000)
  region size 2048K, 5 young (10240K), 1 survivors (2048K)
 Metaspace       used 35492K, committed 35968K, reserved 1114112K
  class space    used 4688K, committed 4928K, reserved 1048576K
}
Event: 2.988 GC heap after
{Heap after GC invocations=9 (full 0):
 garbage-first heap   total 61440K, used 19732K [0x0000000702e00000, 0x0000000800000000)
  region size 2048K, 1 young (2048K), 1 survivors (2048K)
 Metaspace       used 35492K, committed 35968K, reserved 1114112K
  class space    used 4688K, committed 4928K, reserved 1048576K
}
Event: 3.408 GC heap before
{Heap before GC invocations=10 (full 0):
 garbage-first heap   total 61440K, used 44308K [0x0000000702e00000, 0x0000000800000000)
  region size 2048K, 13 young (26624K), 1 survivors (2048K)
 Metaspace       used 42165K, committed 42688K, reserved 1114112K
  class space    used 5624K, committed 5888K, reserved 1048576K
}
Event: 3.412 GC heap after
{Heap after GC invocations=11 (full 0):
 garbage-first heap   total 61440K, used 21848K [0x0000000702e00000, 0x0000000800000000)
  region size 2048K, 2 young (4096K), 2 survivors (4096K)
 Metaspace       used 42165K, committed 42688K, reserved 1114112K
  class space    used 5624K, committed 5888K, reserved 1048576K
}
Event: 3.440 GC heap before
{Heap before GC invocations=11 (full 0):
 garbage-first heap   total 61440K, used 21848K [0x0000000702e00000, 0x0000000800000000)
  region size 2048K, 3 young (6144K), 2 survivors (4096K)
 Metaspace       used 42590K, committed 43072K, reserved 1114112K
  class space    used 5681K, committed 5888K, reserved 1048576K
}
Event: 3.445 GC heap after
{Heap after GC invocations=12 (full 0):
 garbage-first heap   total 161792K, used 21765K [0x0000000702e00000, 0x0000000800000000)
  region size 2048K, 1 young (2048K), 1 survivors (2048K)
 Metaspace       used 42590K, committed 43072K, reserved 1114112K
  class space    used 5681K, committed 5888K, reserved 1048576K
}

Deoptimization events (20 events):
Event: 3.245 Thread 0x00000251ef67a2d0 Uncommon trap: trap_request=0xffffff45 fr.pc=0x00000251d6ab0c24 relative=0x0000000000000564
Event: 3.245 Thread 0x00000251ef67a2d0 Uncommon trap: reason=unstable_if action=reinterpret pc=0x00000251d6ab0c24 method=java.lang.AbstractStringBuilder.putStringAt(ILjava/lang/String;II)V @ 8 c2
Event: 3.245 Thread 0x00000251ef67a2d0 DEOPT PACKING pc=0x00000251d6ab0c24 sp=0x000000a58befb4e0
Event: 3.245 Thread 0x00000251ef67a2d0 DEOPT UNPACKING pc=0x00000251d65323a3 sp=0x000000a58befb3d0 mode 2
Event: 3.245 Thread 0x00000251ef67a2d0 Uncommon trap: trap_request=0xffffff45 fr.pc=0x00000251d6ab02e0 relative=0x0000000000000140
Event: 3.245 Thread 0x00000251ef67a2d0 Uncommon trap: reason=unstable_if action=reinterpret pc=0x00000251d6ab02e0 method=java.lang.AbstractStringBuilder.putStringAt(ILjava/lang/String;II)V @ 8 c2
Event: 3.245 Thread 0x00000251ef67a2d0 DEOPT PACKING pc=0x00000251d6ab02e0 sp=0x000000a58befb480
Event: 3.245 Thread 0x00000251ef67a2d0 DEOPT UNPACKING pc=0x00000251d65323a3 sp=0x000000a58befb3c8 mode 2
Event: 3.245 Thread 0x00000251ef67a2d0 Uncommon trap: trap_request=0xffffff45 fr.pc=0x00000251d6aa8880 relative=0x0000000000000160
Event: 3.245 Thread 0x00000251ef67a2d0 Uncommon trap: reason=unstable_if action=reinterpret pc=0x00000251d6aa8880 method=java.lang.AbstractStringBuilder.putStringAt(ILjava/lang/String;II)V @ 8 c2
Event: 3.245 Thread 0x00000251ef67a2d0 DEOPT PACKING pc=0x00000251d6aa8880 sp=0x000000a58befb400
Event: 3.245 Thread 0x00000251ef67a2d0 DEOPT UNPACKING pc=0x00000251d65323a3 sp=0x000000a58befb3c8 mode 2
Event: 3.269 Thread 0x00000251ef67a2d0 Uncommon trap: trap_request=0xffffff45 fr.pc=0x00000251d6b92484 relative=0x0000000000000264
Event: 3.269 Thread 0x00000251ef67a2d0 Uncommon trap: reason=unstable_if action=reinterpret pc=0x00000251d6b92484 method=java.lang.String.getChars(II[CI)V @ 23 c2
Event: 3.269 Thread 0x00000251ef67a2d0 DEOPT PACKING pc=0x00000251d6b92484 sp=0x000000a58befc970
Event: 3.269 Thread 0x00000251ef67a2d0 DEOPT UNPACKING pc=0x00000251d65323a3 sp=0x000000a58befc930 mode 2
Event: 3.319 Thread 0x00000251ef67a2d0 Uncommon trap: trap_request=0xffffff45 fr.pc=0x00000251d6d2e744 relative=0x00000000000087e4
Event: 3.319 Thread 0x00000251ef67a2d0 Uncommon trap: reason=unstable_if action=reinterpret pc=0x00000251d6d2e744 method=jdk.internal.org.objectweb.asm.Frame.execute(IILjdk/internal/org/objectweb/asm/Symbol;Ljdk/internal/org/objectweb/asm/SymbolTable;)V @ 1 c2
Event: 3.319 Thread 0x00000251ef67a2d0 DEOPT PACKING pc=0x00000251d6d2e744 sp=0x000000a58befbdd0
Event: 3.319 Thread 0x00000251ef67a2d0 DEOPT UNPACKING pc=0x00000251d65323a3 sp=0x000000a58befbd98 mode 2

Classes unloaded (0 events):
No events

Classes redefined (0 events):
No events

Internal exceptions (20 events):
Event: 2.203 Thread 0x00000251ef67a2d0 Exception <a 'java/lang/NoSuchMethodError'{0x000000070e2c71d0}: 'void java.lang.invoke.DirectMethodHandle$Holder.invokeStatic(java.lang.Object, java.lang.Object, java.lang.Object, int, java.lang.Object)'> (0x000000070e2c71d0) 
thrown [s\open\src\hotspot\share\interpreter\linkResolver.cpp, line 759]
Event: 2.203 Thread 0x00000251ef67a2d0 Exception <a 'java/lang/NoSuchMethodError'{0x000000070e2ce920}: 'java.lang.Object java.lang.invoke.DirectMethodHandle$Holder.newInvokeSpecial(java.lang.Object, java.lang.Object, java.lang.Object, int)'> (0x000000070e2ce920) 
thrown [s\open\src\hotspot\share\interpreter\linkResolver.cpp, line 759]
Event: 2.203 Thread 0x00000251ef67a2d0 Exception <a 'java/lang/NoSuchMethodError'{0x000000070e2d2c08}: 'java.lang.Object java.lang.invoke.DirectMethodHandle$Holder.invokeSpecial(java.lang.Object, java.lang.Object, java.lang.Object, java.lang.Object, int)'> (0x000000070e2d2c08) 
thrown [s\open\src\hotspot\share\interpreter\linkResolver.cpp, line 759]
Event: 2.204 Thread 0x00000251ef67a2d0 Exception <a 'java/lang/NoSuchMethodError'{0x000000070e2d67d0}: 'java.lang.Object java.lang.invoke.Invokers$Holder.linkToTargetMethod(java.lang.Object, java.lang.Object, int, java.lang.Object)'> (0x000000070e2d67d0) 
thrown [s\open\src\hotspot\share\interpreter\linkResolver.cpp, line 759]
Event: 2.285 Thread 0x00000251ef67a2d0 Exception <a 'java/lang/NoSuchMethodError'{0x0000000705a3f048}: 'java.lang.Object java.lang.invoke.DirectMethodHandle$Holder.invokeStaticInit(java.lang.Object, int, int, int, int)'> (0x0000000705a3f048) 
thrown [s\open\src\hotspot\share\interpreter\linkResolver.cpp, line 759]
Event: 2.354 Thread 0x00000251ef67a2d0 Exception <a 'java/lang/NoSuchMethodError'{0x0000000705b74e30}: 'java.lang.Object java.lang.invoke.DirectMethodHandle$Holder.invokeStaticInit(java.lang.Object, java.lang.Object, int, int, int, int)'> (0x0000000705b74e30) 
thrown [s\open\src\hotspot\share\interpreter\linkResolver.cpp, line 759]
Event: 2.471 Thread 0x00000251ef67a2d0 Exception <a 'sun/nio/fs/WindowsException'{0x000000070503f1c0}> (0x000000070503f1c0) 
thrown [s\open\src\hotspot\share\prims\jni.cpp, line 516]
Event: 2.472 Thread 0x00000251ef67a2d0 Exception <a 'sun/nio/fs/WindowsException'{0x0000000705044c40}> (0x0000000705044c40) 
thrown [s\open\src\hotspot\share\prims\jni.cpp, line 516]
Event: 2.472 Thread 0x00000251ef67a2d0 Exception <a 'sun/nio/fs/WindowsException'{0x0000000705045320}> (0x0000000705045320) 
thrown [s\open\src\hotspot\share\prims\jni.cpp, line 516]
Event: 2.495 Thread 0x00000251ef67a2d0 Exception <a 'java/lang/NoSuchMethodError'{0x00000007051455a8}: 'java.lang.Object java.lang.invoke.DirectMethodHandle$Holder.invokeSpecial(java.lang.Object, java.lang.Object, long, java.lang.Object, java.lang.Object, java.lang.Object, java.lang.Object, java.lang.Object, java.lang.Object)'> (0x00000007051455a8) 
thrown [s\open\src\hotspot\share\interpreter\linkResolver.cpp, line 759]
Event: 2.495 Thread 0x00000251ef67a2d0 Exception <a 'java/lang/NoSuchMethodError'{0x000000070514a0d0}: 'java.lang.Object java.lang.invoke.DelegatingMethodHandle$Holder.reinvoke_L(java.lang.Object, long, java.lang.Object, java.lang.Object, java.lang.Object, java.lang.Object, java.lang.Object, java.lang.Object)'> (0x000000070514a0d0) 
thrown [s\open\src\hotspot\share\interpreter\linkResolver.cpp, line 759]
Event: 2.525 Thread 0x00000251ef67a2d0 Implicit null exception at 0x00000251d6b6eb84 to 0x00000251d6b71d54
Event: 2.550 Thread 0x00000251ef67a2d0 Exception <a 'java/io/FileNotFoundException'{0x0000000712b7ad80}> (0x0000000712b7ad80) 
thrown [s\open\src\hotspot\share\prims\jni.cpp, line 516]
Event: 2.571 Thread 0x00000251ef67a2d0 Exception <a 'java/lang/NoSuchMethodError'{0x000000070e8f37f0}: 'int java.lang.invoke.DirectMethodHandle$Holder.invokeInterface(java.lang.Object, java.lang.Object, java.lang.Object, java.lang.Object)'> (0x000000070e8f37f0) 
thrown [s\open\src\hotspot\share\interpreter\linkResolver.cpp, line 759]
Event: 2.628 Thread 0x00000251ef67a2d0 Exception <a 'java/lang/NoSuchMethodError'{0x000000070e42aa30}: 'long java.lang.invoke.DirectMethodHandle$Holder.invokeVirtual(java.lang.Object, java.lang.Object)'> (0x000000070e42aa30) 
thrown [s\open\src\hotspot\share\interpreter\linkResolver.cpp, line 759]
Event: 2.643 Thread 0x00000251ef67a2d0 Exception <a 'java/lang/NoSuchMethodError'{0x000000070e4bbf40}: static Lorg/springframework/security/web/csrf/DefaultCsrfToken;.<clinit>()V> (0x000000070e4bbf40) 
thrown [s\open\src\hotspot\share\prims\jni.cpp, line 1107]
Event: 2.730 Thread 0x00000251ef67a2d0 Implicit null exception at 0x00000251d6bf8fc0 to 0x00000251d6bf91b8
Event: 2.733 Thread 0x00000251ef67a2d0 Exception <a 'sun/nio/fs/WindowsException'{0x0000000705a600b8}> (0x0000000705a600b8) 
thrown [s\open\src\hotspot\share\prims\jni.cpp, line 516]
Event: 3.126 Thread 0x00000251ef67a2d0 Exception <a 'java/lang/NoSuchMethodError'{0x0000000705e13e20}: 'int java.lang.invoke.DirectMethodHandle$Holder.invokeStatic(java.lang.Object)'> (0x0000000705e13e20) 
thrown [s\open\src\hotspot\share\interpreter\linkResolver.cpp, line 759]
Event: 3.317 Thread 0x00000251ef67a2d0 Exception <a 'java/lang/NoSuchMethodError'{0x00000007057d87a0}: 'java.lang.Object java.lang.invoke.DirectMethodHandle$Holder.invokeStaticInit(java.lang.Object, java.lang.Object, java.lang.Object, java.lang.Object)'> (0x00000007057d87a0) 
thrown [s\open\src\hotspot\share\interpreter\linkResolver.cpp, line 759]

VM Operations (20 events):
Event: 2.678 Executing VM operation: HandshakeAllThreads
Event: 2.678 Executing VM operation: HandshakeAllThreads done
Event: 2.862 Executing VM operation: G1CollectForAllocation
Event: 2.865 Executing VM operation: G1CollectForAllocation done
Event: 2.986 Executing VM operation: CollectForMetadataAllocation
Event: 2.988 Executing VM operation: CollectForMetadataAllocation done
Event: 3.004 Executing VM operation: CollectForMetadataAllocation
Event: 3.004 Executing VM operation: CollectForMetadataAllocation done
Event: 3.007 Executing VM operation: G1Concurrent
Event: 3.008 Executing VM operation: G1Concurrent done
Event: 3.015 Executing VM operation: G1Concurrent
Event: 3.015 Executing VM operation: G1Concurrent done
Event: 3.241 Executing VM operation: HandshakeAllThreads
Event: 3.241 Executing VM operation: HandshakeAllThreads done
Event: 3.242 Executing VM operation: HandshakeAllThreads
Event: 3.242 Executing VM operation: HandshakeAllThreads done
Event: 3.408 Executing VM operation: G1CollectForAllocation
Event: 3.412 Executing VM operation: G1CollectForAllocation done
Event: 3.440 Executing VM operation: G1CollectForAllocation
Event: 3.445 Executing VM operation: G1CollectForAllocation done

Events (20 events):
Event: 3.276 loading class java/util/concurrent/atomic/AtomicReferenceFieldUpdater$AtomicReferenceFieldUpdaterImpl$1 done
Event: 3.316 loading class java/io/CharArrayWriter
Event: 3.316 loading class java/io/CharArrayWriter done
Event: 3.317 loading class java/lang/StringIndexOutOfBoundsException
Event: 3.317 loading class java/lang/StringIndexOutOfBoundsException done
Event: 3.391 Thread 0x00000251f156faa0 Thread added: 0x00000251f156faa0
Event: 3.438 loading class jdk/internal/ValueBased
Event: 3.438 loading class jdk/internal/ValueBased done
Event: 3.463 loading class sun/reflect/generics/repository/FieldRepository
Event: 3.463 loading class sun/reflect/generics/repository/FieldRepository done
Event: 3.522 loading class java/util/stream/ReduceOps$1
Event: 3.523 loading class java/util/stream/ReduceOps$1 done
Event: 3.523 loading class java/util/stream/ReduceOps$1ReducingSink
Event: 3.523 loading class java/util/stream/ReduceOps$1ReducingSink done
Event: 3.524 loading class sun/security/provider/MD5
Event: 3.524 loading class sun/security/provider/MD5 done
Event: 3.525 loading class sun/security/provider/ByteArrayAccess$LE
Event: 3.525 loading class sun/security/provider/ByteArrayAccess$LE done
Event: 3.525 loading class java/math/MutableBigInteger
Event: 3.525 loading class java/math/MutableBigInteger done


Dynamic libraries:
0x00007ff7e3fe0000 - 0x00007ff7e3ff0000 	C:\Program Files\Java\jdk-17\bin\java.exe
0x00007ffbbce90000 - 0x00007ffbbd0a7000 	C:\WINDOWS\SYSTEM32\ntdll.dll
0x00007ffbbcce0000 - 0x00007ffbbcda4000 	C:\WINDOWS\System32\KERNEL32.DLL
0x00007ffbba7b0000 - 0x00007ffbbab5c000 	C:\WINDOWS\System32\KERNELBASE.dll
0x00007ffbba260000 - 0x00007ffbba371000 	C:\WINDOWS\System32\ucrtbase.dll
0x00007ffba49e0000 - 0x00007ffba49f9000 	C:\Program Files\Java\jdk-17\bin\jli.dll
0x00007ffba4a00000 - 0x00007ffba4a1b000 	C:\Program Files\Java\jdk-17\bin\VCRUNTIME140.dll
0x00007ffbbabd0000 - 0x00007ffbbac82000 	C:\WINDOWS\System32\ADVAPI32.dll
0x00007ffbbcc30000 - 0x00007ffbbccd7000 	C:\WINDOWS\System32\msvcrt.dll
0x00007ffbbae60000 - 0x00007ffbbaf08000 	C:\WINDOWS\System32\sechost.dll
0x00007ffbba550000 - 0x00007ffbba578000 	C:\WINDOWS\System32\bcrypt.dll
0x00007ffbbb220000 - 0x00007ffbbb335000 	C:\WINDOWS\System32\RPCRT4.dll
0x00007ffbbaf10000 - 0x00007ffbbb0be000 	C:\WINDOWS\System32\USER32.dll
0x00007ffbba400000 - 0x00007ffbba426000 	C:\WINDOWS\System32\win32u.dll
0x00007ffba2bc0000 - 0x00007ffba2e53000 	C:\WINDOWS\WinSxS\amd64_microsoft.windows.common-controls_6595b64144ccf1df_6.0.22621.3672_none_2713b9d173822955\COMCTL32.dll
0x00007ffbbb340000 - 0x00007ffbbb369000 	C:\WINDOWS\System32\GDI32.dll
0x00007ffbba430000 - 0x00007ffbba549000 	C:\WINDOWS\System32\gdi32full.dll
0x00007ffbba1c0000 - 0x00007ffbba25a000 	C:\WINDOWS\System32\msvcp_win.dll
0x00007ffbace50000 - 0x00007ffbace5a000 	C:\WINDOWS\SYSTEM32\VERSION.dll
0x00007ffbbb630000 - 0x00007ffbbb661000 	C:\WINDOWS\System32\IMM32.DLL
0x00007ffbb3fe0000 - 0x00007ffbb3fec000 	C:\Program Files\Java\jdk-17\bin\vcruntime140_1.dll
0x00007ffb9b970000 - 0x00007ffb9b9fe000 	C:\Program Files\Java\jdk-17\bin\msvcp140.dll
0x00007ffb5add0000 - 0x00007ffb5b9b1000 	C:\Program Files\Java\jdk-17\bin\server\jvm.dll
0x00007ffbbc0b0000 - 0x00007ffbbc0b8000 	C:\WINDOWS\System32\PSAPI.DLL
0x00007ffbb3980000 - 0x00007ffbb3989000 	C:\WINDOWS\SYSTEM32\WSOCK32.dll
0x00007ffbadc80000 - 0x00007ffbadcb4000 	C:\WINDOWS\SYSTEM32\WINMM.dll
0x00007ffbbb680000 - 0x00007ffbbb6f1000 	C:\WINDOWS\System32\WS2_32.dll
0x00007ffbb92e0000 - 0x00007ffbb92f8000 	C:\WINDOWS\SYSTEM32\kernel.appcore.dll
0x00007ffbb3a20000 - 0x00007ffbb3a2a000 	C:\Program Files\Java\jdk-17\bin\jimage.dll
0x00007ffbb7680000 - 0x00007ffbb78b2000 	C:\WINDOWS\SYSTEM32\DBGHELP.DLL
0x00007ffbbc8a0000 - 0x00007ffbbcc28000 	C:\WINDOWS\System32\combase.dll
0x00007ffbbbfd0000 - 0x00007ffbbc0a7000 	C:\WINDOWS\System32\OLEAUT32.dll
0x00007ffb8e010000 - 0x00007ffb8e042000 	C:\WINDOWS\SYSTEM32\dbgcore.DLL
0x00007ffbba380000 - 0x00007ffbba3fb000 	C:\WINDOWS\System32\bcryptPrimitives.dll
0x00007ffb9b540000 - 0x00007ffb9b565000 	C:\Program Files\Java\jdk-17\bin\java.dll
0x00007ffb8db20000 - 0x00007ffb8dbf7000 	C:\Program Files\Java\jdk-17\bin\jsvml.dll
0x00007ffbbb720000 - 0x00007ffbbbf7c000 	C:\WINDOWS\System32\SHELL32.dll
0x00007ffbb8120000 - 0x00007ffbb8a17000 	C:\WINDOWS\SYSTEM32\windows.storage.dll
0x00007ffbb7fe0000 - 0x00007ffbb811f000 	C:\WINDOWS\SYSTEM32\wintypes.dll
0x00007ffbbb120000 - 0x00007ffbbb214000 	C:\WINDOWS\System32\SHCORE.dll
0x00007ffbbc120000 - 0x00007ffbbc17e000 	C:\WINDOWS\System32\shlwapi.dll
0x00007ffbba0f0000 - 0x00007ffbba111000 	C:\WINDOWS\SYSTEM32\profapi.dll
0x00007ffba4690000 - 0x00007ffba46a9000 	C:\Program Files\Java\jdk-17\bin\net.dll
0x00007ffbb0f90000 - 0x00007ffbb10c6000 	C:\WINDOWS\SYSTEM32\WINHTTP.dll
0x00007ffbb9750000 - 0x00007ffbb97b9000 	C:\WINDOWS\system32\mswsock.dll
0x00007ffb9b520000 - 0x00007ffb9b536000 	C:\Program Files\Java\jdk-17\bin\nio.dll
0x00007ffb95ec0000 - 0x00007ffb95ed8000 	C:\Program Files\Java\jdk-17\bin\zip.dll
0x00007ffbb39e0000 - 0x00007ffbb39ea000 	C:\Program Files\Java\jdk-17\bin\management.dll
0x00007ffbb39c0000 - 0x00007ffbb39cb000 	C:\Program Files\Java\jdk-17\bin\management_ext.dll
0x00007ffbb99b0000 - 0x00007ffbb99cb000 	C:\WINDOWS\SYSTEM32\CRYPTSP.dll
0x00007ffbb9240000 - 0x00007ffbb9275000 	C:\WINDOWS\system32\rsaenh.dll
0x00007ffbb9850000 - 0x00007ffbb9878000 	C:\WINDOWS\SYSTEM32\USERENV.dll
0x00007ffbb99d0000 - 0x00007ffbb99dc000 	C:\WINDOWS\SYSTEM32\CRYPTBASE.dll
0x00007ffbb8cf0000 - 0x00007ffbb8d1d000 	C:\WINDOWS\SYSTEM32\IPHLPAPI.DLL
0x00007ffbbb670000 - 0x00007ffbbb679000 	C:\WINDOWS\System32\NSI.dll
0x00007ffbb0c50000 - 0x00007ffbb0c69000 	C:\WINDOWS\SYSTEM32\dhcpcsvc6.DLL
0x00007ffbb0c30000 - 0x00007ffbb0c4f000 	C:\WINDOWS\SYSTEM32\dhcpcsvc.DLL
0x00007ffbb8d20000 - 0x00007ffbb8e18000 	C:\WINDOWS\SYSTEM32\DNSAPI.dll
0x00007ffba5e70000 - 0x00007ffba5e7e000 	C:\Program Files\Java\jdk-17\bin\sunmscapi.dll
0x00007ffbba640000 - 0x00007ffbba7a7000 	C:\WINDOWS\System32\CRYPT32.dll
0x00007ffbb9b70000 - 0x00007ffbb9b9e000 	C:\WINDOWS\SYSTEM32\ncrypt.dll
0x00007ffbb9b30000 - 0x00007ffbb9b67000 	C:\WINDOWS\SYSTEM32\NTASN1.dll
0x00007ffba5230000 - 0x00007ffba5240000 	C:\Program Files\Java\jdk-17\bin\verify.dll
0x00007ffbb0020000 - 0x00007ffbb002a000 	C:\Windows\System32\rasadhlp.dll
0x00007ffbaeab0000 - 0x00007ffbaeb33000 	C:\WINDOWS\System32\fwpuclnt.dll

dbghelp: loaded successfully - version: 4.0.5 - missing functions: none
symbol engine: initialized successfully - sym options: 0x614 - pdb path: .;C:\Program Files\Java\jdk-17\bin;C:\WINDOWS\SYSTEM32;C:\WINDOWS\WinSxS\amd64_microsoft.windows.common-controls_6595b64144ccf1df_6.0.22621.3672_none_2713b9d173822955;C:\Program Files\Java\jdk-17\bin\server

VM Arguments:
jvm_args: -XX:+ShowCodeDetailsInExceptionMessages 
java_command: com.example.activate.ActivateApplication
java_class_path (initial): D:\DAW2\activate - GIT\target\classes;C:\Users\Sergio\.m2\repository\org\springframework\boot\spring-boot-starter-thymeleaf\3.1.5\spring-boot-starter-thymeleaf-3.1.5.jar;C:\Users\Sergio\.m2\repository\org\springframework\boot\spring-boot-starter\3.1.5\spring-boot-starter-3.1.5.jar;C:\Users\Sergio\.m2\repository\org\springframework\boot\spring-boot-starter-logging\3.1.5\spring-boot-starter-logging-3.1.5.jar;C:\Users\Sergio\.m2\repository\ch\qos\logback\logback-classic\1.4.11\logback-classic-1.4.11.jar;C:\Users\Sergio\.m2\repository\ch\qos\logback\logback-core\1.4.11\logback-core-1.4.11.jar;C:\Users\Sergio\.m2\repository\org\apache\logging\log4j\log4j-to-slf4j\2.20.0\log4j-to-slf4j-2.20.0.jar;C:\Users\Sergio\.m2\repository\org\apache\logging\log4j\log4j-api\2.20.0\log4j-api-2.20.0.jar;C:\Users\Sergio\.m2\repository\org\slf4j\jul-to-slf4j\2.0.9\jul-to-slf4j-2.0.9.jar;C:\Users\Sergio\.m2\repository\jakarta\annotation\jakarta.annotation-api\2.1.1\jakarta.annotation-api-2.1.1.jar;C:\Users\Sergio\.m2\repository\org\yaml\snakeyaml\1.33\snakeyaml-1.33.jar;C:\Users\Sergio\.m2\repository\org\thymeleaf\thymeleaf-spring6\3.1.2.RELEASE\thymeleaf-spring6-3.1.2.RELEASE.jar;C:\Users\Sergio\.m2\repository\org\thymeleaf\thymeleaf\3.1.2.RELEASE\thymeleaf-3.1.2.RELEASE.jar;C:\Users\Sergio\.m2\repository\org\attoparser\attoparser\2.0.7.RELEASE\attoparser-2.0.7.RELEASE.jar;C:\Users\Sergio\.m2\repository\org\unbescape\unbescape\1.1.6.RELEASE\unbescape-1.1.6.RELEASE.jar;C:\Users\Sergio\.m2\repository\org\slf4j\slf4j-api\2.0.9\slf4j-api-2.0.9.jar;C:\Users\Sergio\.m2\repository\org\springframework\boot\spring-boot-starter-web\3.1.5\spring-boot-starter-web-3.1.5.jar;C:\Users\Sergio\.m2\repository\org\springframework\boot\spring-boot-starter-json\3.1.5\spring-boot-starter-json-3.1.5.jar;C:\Users\Sergio\.m2\repository\com\fasterxml\jackson\core\jackson-databind\2.15.3\jackson-databind-2.15.3.jar;C:\Users\Sergio\.m2\repository\com\fasterxml\jackson\core\jackson-annota
Launcher Type: SUN_STANDARD

[Global flags]
     intx CICompilerCount                          = 4                                         {product} {ergonomic}
     uint ConcGCThreads                            = 2                                         {product} {ergonomic}
     uint G1ConcRefinementThreads                  = 8                                         {product} {ergonomic}
   size_t G1HeapRegionSize                         = 2097152                                   {product} {ergonomic}
    uintx GCDrainStackTargetSize                   = 64                                        {product} {ergonomic}
   size_t InitialHeapSize                          = 266338304                                 {product} {ergonomic}
   size_t MarkStackSize                            = 4194304                                   {product} {ergonomic}
   size_t MaxHeapSize                              = 4246732800                                {product} {ergonomic}
   size_t MaxNewSize                               = 2548039680                                {product} {ergonomic}
   size_t MinHeapDeltaBytes                        = 2097152                                   {product} {ergonomic}
   size_t MinHeapSize                              = 8388608                                   {product} {ergonomic}
    uintx NonNMethodCodeHeapSize                   = 5839372                                {pd product} {ergonomic}
    uintx NonProfiledCodeHeapSize                  = 122909434                              {pd product} {ergonomic}
    uintx ProfiledCodeHeapSize                     = 122909434                              {pd product} {ergonomic}
    uintx ReservedCodeCacheSize                    = 251658240                              {pd product} {ergonomic}
     bool SegmentedCodeCache                       = true                                      {product} {ergonomic}
     bool ShowCodeDetailsInExceptionMessages       = true                                   {manageable} {command line}
   size_t SoftMaxHeapSize                          = 4246732800                             {manageable} {ergonomic}
     bool UseCompressedClassPointers               = true                           {product lp64_product} {ergonomic}
     bool UseCompressedOops                        = true                           {product lp64_product} {ergonomic}
     bool UseG1GC                                  = true                                      {product} {ergonomic}
     bool UseLargePagesIndividualAllocation        = false                                  {pd product} {ergonomic}

Logging:
Log output configuration:
 #0: stdout all=warning uptime,level,tags
 #1: stderr all=off uptime,level,tags

Environment Variables:
JAVA_HOME=C:\Program Files\Java\jdk-15
PATH=C:\Program Files\Java\jdk-15\bin;C:\Program Files\Maven\apache-maven-3.9.4-bin\apache-maven-3.9.4\bin;C:\Phyton38\Scripts\;C:\Phyton38\;C:\Program Files\Common Files\Oracle\Java\javapath;C:\Program Files (x86)\Common Files\Oracle\Java\java8path;C:\Program Files (x86)\Common Files\Oracle\Java\javapath;C:\WINDOWS\system32;C:\WINDOWS;C:\WINDOWS\System32\Wbem;C:\WINDOWS\System32\WindowsPowerShell\v1.0\;C:\WINDOWS\System32\OpenSSH\;C:\Program Files\Git\cmd;C:\Program Files (x86)\Scm Group\Xilog Plus\BIN;C:\Program Files\Microsoft SQL Server\Client SDK\ODBC\170\Tools\Binn\;C:\Program Files (x86)\Microsoft SQL Server\150\Tools\Binn\;C:\Program Files\Microsoft SQL Server\150\Tools\Binn\;C:\Program Files\Microsoft SQL Server\150\DTS\Binn\;C:\Program Files\AutoFirmaJA\AutoFirmaJA;C:\xampp\php;C:\Program Files (x86)\Bitvise SSH Client;C:\Program Files\PuTTY\;C:\ProgramData\ComposerSetup\bin;C:\xampp\mysql\bin;C:\Program Files\Maven\apache-maven-3.9.4-bin\apache-maven-3.9.4\bin;C:\Users\Sergio\AppData\Roaming\nvm;C:\Program Files\nodejs;C:\Program Files\MySQL\MySQL Shell 8.0\bin\;C:\Users\Sergio\AppData\Local\Microsoft\WindowsApps;C:\Users\Sergio\AppData\Local\Programs\Microsoft VS Code\bin;C:\Users\Sergio\AppData\Roaming\npm;C:\Users\Sergio\AppData\Roaming\Composer\vendor\bin;C:\Users\Sergio\AppData\Local\Microsoft\WindowsApps;C:\Users\Sergio\AppData\Roaming\nvm;C:\Program Files\nodejs
USERNAME=Sergio
LANG=en_US.UTF-8
OS=Windows_NT
PROCESSOR_IDENTIFIER=Intel64 Family 6 Model 142 Stepping 12, GenuineIntel



---------------  S Y S T E M  ---------------

OS:
 Windows 11 , 64 bit Build 22621 (10.0.22621.3672)
OS uptime: 4 days 0:51 hours

CPU: total 8 (initial active 8) (4 cores per cpu, 2 threads per core) family 6 model 142 stepping 12 microcode 0xde, cx8, cmov, fxsr, ht, mmx, 3dnowpref, sse, sse2, sse3, ssse3, sse4.1, sse4.2, popcnt, lzcnt, tsc, tscinvbit, avx, avx2, aes, erms, clmul, bmi1, bmi2, adx, fma, vzeroupper, clflush, clflushopt

Memory: 4k page, system-wide physical 16193M (6097M free)
TotalPageFile size 18254M (AvailPageFile size 5990M)
current process WorkingSet (physical memory assigned to process): 251M, peak: 251M
current process commit charge ("private bytes"): 386M, peak: 416M

vm_info: Java HotSpot(TM) 64-Bit Server VM (17.0.9+11-LTS-201) for windows-amd64 JRE (17.0.9+11-LTS-201), built on Oct 10 2023 23:16:06 by "mach5one" with MS VC++ 17.1 (VS2022)

END.
