#
# A fatal error has been detected by the Java Runtime Environment:
#
#  EXCEPTION_ACCESS_VIOLATION (0xc0000005) at pc=0x00007ffb6803fe77, pid=4828, tid=13724
#
# JRE version: OpenJDK Runtime Environment Temurin-17.0.11+9 (17.0.11+9) (build 17.0.11+9)
# Java VM: OpenJDK 64-Bit Server VM Temurin-17.0.11+9 (17.0.11+9, mixed mode, tiered, compressed oops, compressed class ptrs, parallel gc, windows-amd64)
# Problematic frame:
# V  [jvm.dll+0x1bfe77]
#
# No core dump will be written. Minidumps are not enabled by default on client versions of Windows
#
# If you would like to submit a bug report, please visit:
#   https://github.com/adoptium/adoptium-support/issues
#

---------------  S U M M A R Y ------------

Command Line: --add-modules=ALL-SYSTEM --add-opens=java.base/java.util=ALL-UNNAMED --add-opens=java.base/java.lang=ALL-UNNAMED --add-opens=java.base/sun.nio.fs=ALL-UNNAMED -Declipse.application=org.eclipse.jdt.ls.core.id1 -Dosgi.bundles.defaultStartLevel=4 -Declipse.product=org.eclipse.jdt.ls.core.product -Djava.import.generatesMetadataFilesAtProjectRoot=false -DDetectVMInstallationsJob.disabled=true -Dfile.encoding=utf8 -XX:+UseParallelGC -XX:GCTimeRatio=4 -XX:AdaptiveSizePolicyWeight=90 -Dsun.zip.disableMemoryMapping=true -Xmx2G -Xms100m -Xlog:disable -javaagent:c:\Users\Sergio\.vscode\extensions\redhat.java-1.31.0-win32-x64\lombok\lombok-1.18.32.jar -XX:+HeapDumpOnOutOfMemoryError -XX:HeapDumpPath=c:\Users\Sergio\AppData\Roaming\Code\User\workspaceStorage\5343854ed622dacb063563fdaa0c68f0\redhat.java -Daether.dependencyCollector.impl=bf c:\Users\Sergio\.vscode\extensions\redhat.java-1.31.0-win32-x64\server\plugins\org.eclipse.equinox.launcher_1.6.800.v20240513-1750.jar -configuration c:\Users\Sergio\AppData\Roaming\Code\User\globalStorage\redhat.java\1.31.0\config_win -data c:\Users\Sergio\AppData\Roaming\Code\User\workspaceStorage\5343854ed622dacb063563fdaa0c68f0\redhat.java\jdt_ws --pipe=\\.\pipe\lsp-a5b2b245cb037698983d6911ed449b0e-sock

Host: Intel(R) Core(TM) i7-10510U CPU @ 1.80GHz, 8 cores, 15G,  Windows 11 , 64 bit Build 22621 (10.0.22621.3672)
Time: Sun Jun  2 10:45:44 2024 Hora de verano romance elapsed time: 393.730114 seconds (0d 0h 6m 33s)

---------------  T H R E A D  ---------------

Current thread (0x00000273fda08d30):  JavaThread "C2 CompilerThread0" daemon [_thread_in_native, id=13724, stack(0x000000b2b7d00000,0x000000b2b7e00000)]


Current CompileTask:
C2: 393730 13992       4       org.eclipse.jdt.core.Signature::appendClassTypeSignature (323 bytes)

Stack: [0x000000b2b7d00000,0x000000b2b7e00000],  sp=0x000000b2b7dfb7f0,  free space=1005k
Native frames: (J=compiled Java code, j=interpreted, Vv=VM code, C=native code)
V  [jvm.dll+0x1bfe77]
V  [jvm.dll+0x36680b]
V  [jvm.dll+0x365785]
V  [jvm.dll+0x1bd0ba]
V  [jvm.dll+0x21a5c9]
V  [jvm.dll+0x2198b1]
V  [jvm.dll+0x1a534d]
V  [jvm.dll+0x2295cd]
V  [jvm.dll+0x22779c]
V  [jvm.dll+0x7e9d07]
V  [jvm.dll+0x7e410a]
V  [jvm.dll+0x67c315]
C  [ucrtbase.dll+0x29333]
C  [KERNEL32.DLL+0x1257d]
C  [ntdll.dll+0x5aa48]


siginfo: EXCEPTION_ACCESS_VIOLATION (0xc0000005), reading address 0x00007ffb60a03dc8


Registers:
RAX=0x00007ffb68a03dc8, RBX=0x000002739075b270, RCX=0x0000000000000018, RDX=0x0000000001000000
RSP=0x000000b2b7dfb7f0, RBP=0x000000b2b7dfbb70, RSI=0x000000000000018c, RDI=0x0000000000000000
R8 =0x00007ffb60a03dc8, R9 =0x0000000080000000, R10=0xffffffffffffffff, R11=0x000000000000000a
R12=0x000000000000018c, R13=0x00000273933ac930, R14=0x000000b2b7dfbf00, R15=0x0000000000000000
RIP=0x00007ffb6803fe77, EFLAGS=0x0000000000010206


Register to memory mapping:

RIP=0x00007ffb6803fe77 jvm.dll
RAX=0x00007ffb68a03dc8 jvm.dll
RBX=0x000002739075b270 points into unknown readable memory: 0x0000000100000001 | 01 00 00 00 01 00 00 00
RCX=0x0000000000000018 is an unknown value
RDX=0x0000000001000000 is an unknown value
RSP=0x000000b2b7dfb7f0 is pointing into the stack for thread: 0x00000273fda08d30
RBP=0x000000b2b7dfbb70 is pointing into the stack for thread: 0x00000273fda08d30
RSI=0x000000000000018c is an unknown value
RDI=0x0 is NULL
R8 =0x00007ffb60a03dc8 is an unknown value
R9 =0x0000000080000000 is an oop: [I 
{0x0000000080000000} - klass: {type array int}
 - length: 202
R10=0xffffffffffffffff is an unknown value
R11=0x000000000000000a is an unknown value
R12=0x000000000000018c is an unknown value
R13=0x00000273933ac930 points into unknown readable memory: 0x00007ffb687b0b18 | 18 0b 7b 68 fb 7f 00 00
R14=0x000000b2b7dfbf00 is pointing into the stack for thread: 0x00000273fda08d30
R15=0x0 is NULL


Top of Stack: (sp=0x000000b2b7dfb7f0)
0x000000b2b7dfb7f0:   000002739075b270 000000b2b7dfbb70
0x000000b2b7dfb800:   00007ffb68a03dc8 ffffffffffffffff
0x000000b2b7dfb810:   0000027393de7860 00007ffb681e680b
0x000000b2b7dfb820:   0000027393dec820 0000027393dec820
0x000000b2b7dfb830:   ffffffffffffffff ffffffffffffffff
0x000000b2b7dfb840:   0000000080000000 0000000100000118
0x000000b2b7dfb850:   0000000300000002 00000273fefd8d20
0x000000b2b7dfb860:   000000b2b7dfb970 000000b2b7dfb960
0x000000b2b7dfb870:   0000000000000005 0000000000000000
0x000000b2b7dfb880:   0000027393dec820 00007ffb681e5785
0x000000b2b7dfb890:   000000000000000a 000000b2b7dfb990
0x000000b2b7dfb8a0:   000000b2b7dfbf00 0000000000000000
0x000000b2b7dfb8b0:   000000b2b7dfb8d0 0000000000000006
0x000000b2b7dfb8c0:   0000000900000017 000000000000000c
0x000000b2b7dfb8d0:   0000001700000000 0000000e00000020
0x000000b2b7dfb8e0:   0000000000000000 0000001900000005
0x000000b2b7dfb8f0:   0000000d0000000c 0000027300000000
0x000000b2b7dfb900:   0000000000000018 000002739168d930
0x000000b2b7dfb910:   0000000000000033 000000000000000a
0x000000b2b7dfb920:   0000000000000000 000000020000014a
0x000000b2b7dfb930:   0000000200000002 00000273fefd8d60
0x000000b2b7dfb940:   000000b2b7dfb970 000000b2b7dfb960
0x000000b2b7dfb950:   000002739168d99c 000002739168d9a4
0x000000b2b7dfb960:   000000030000000c 000000b2b7dfb970
0x000000b2b7dfb970:   00000273fefd8d40 00000273fefd8d20
0x000000b2b7dfb980:   00000273fefd8cc0 0000000000000000
0x000000b2b7dfb990:   00000273914ffb30 00007ffb67f2cd91
0x000000b2b7dfb9a0:   00000273fee2d850 000000000000001d
0x000000b2b7dfb9b0:   00000273ef3c8440 0000000000000083
0x000000b2b7dfb9c0:   00000273914ffb30 00007ffb683e6b4d
0x000000b2b7dfb9d0:   0000000000000002 0000000000000084
0x000000b2b7dfb9e0:   0000000000000000 0000000000000000 

Instructions: (pc=0x00007ffb6803fe77)
0x00007ffb6803fd77:   4b 38 e8 32 cb 50 00 0f b7 8b 9c 00 00 00 3b c1
0x00007ffb6803fd87:   89 83 98 00 00 00 79 11 81 8b a8 00 00 00 80 00
0x00007ffb6803fd97:   00 00 c7 43 30 2f 75 00 00 ff c7 c7 43 34 00 00
0x00007ffb6803fda7:   00 00 3b be e0 00 00 00 0f 82 7b ff ff ff 48 81
0x00007ffb6803fdb7:   c4 80 00 00 00 5f 5e 5b c3 99 f9 1b 00 2b fa 1b
0x00007ffb6803fdc7:   00 99 f9 1b 00 99 f9 1b 00 16 f9 1b 00 99 f9 1b
0x00007ffb6803fdd7:   00 59 f9 1b 00 59 f9 1b 00 dd f9 1b 00 99 f9 1b
0x00007ffb6803fde7:   00 b1 f9 1b 00 c7 f9 1b 00 dd f9 1b 00 f3 f9 1b
0x00007ffb6803fdf7:   00 b1 f9 1b 00 99 f9 1b 00 48 8b 41 58 48 63 48
0x00007ffb6803fe07:   10 48 8d 05 25 f1 96 00 48 c1 e1 05 8b 04 01 c3
0x00007ffb6803fe17:   cc cc cc cc cc cc cc cc cc 40 53 48 83 ec 20 48
0x00007ffb6803fe27:   8b d9 85 d2 75 08 32 c0 48 83 c4 20 5b c3 48 8b
0x00007ffb6803fe37:   43 08 8b ca 48 c1 e9 08 48 89 7c 24 30 8b fa 4c
0x00007ffb6803fe47:   8b 04 c8 48 8d 05 77 3f 9c 00 4c 3b c0 75 0b 48
0x00007ffb6803fe57:   8b cb e8 62 b9 1a 00 4c 8b c0 40 0f b6 cf ba 01
0x00007ffb6803fe67:   00 00 00 48 c1 ef 06 80 e1 3f 83 e7 03 48 d3 e2
0x00007ffb6803fe77:   49 8b 0c f8 48 8b c1 48 0b c2 49 89 04 f8 48 8b
0x00007ffb6803fe87:   7c 24 30 48 23 ca 75 02 ff 03 48 85 c9 0f 94 c0
0x00007ffb6803fe97:   48 83 c4 20 5b c3 cc cc cc 44 8b d2 41 3b d0 7c
0x00007ffb6803fea7:   47 41 8d 80 c0 02 00 00 3b d0 7d 3c 44 8b ca 45
0x00007ffb6803feb7:   2b c8 41 8b c1 83 e0 3f 0f b6 d0 41 8b c1 48 c1
0x00007ffb6803fec7:   e8 06 48 8b 44 c1 38 48 0f a3 d0 73 1b 0f b7 81
0x00007ffb6803fed7:   9c 00 00 00 83 f8 01 74 0c 8d 48 ff 8b c1 41 23
0x00007ffb6803fee7:   c2 3b c1 75 03 b0 01 c3 32 c0 c3 cc cc cc cc cc
0x00007ffb6803fef7:   cc cc cc cc cc cc cc cc cc 40 57 41 57 48 83 ec
0x00007ffb6803ff07:   38 4c 8b 41 48 33 ff 48 89 5c 24 58 4c 8b f9 48
0x00007ffb6803ff17:   89 74 24 68 4c 89 64 24 30 44 8b e7 4c 89 6c 24
0x00007ffb6803ff27:   28 44 8b ef 41 39 78 40 0f 86 ba 00 00 00 48 89
0x00007ffb6803ff37:   6c 24 60 4c 89 74 24 20 90 49 8b 40 30 8b ef 41
0x00007ffb6803ff47:   8b d4 48 8b 34 d0 8b 46 28 89 44 24 50 85 c0 0f
0x00007ffb6803ff57:   84 7c 00 00 00 4c 8b f7 90 3b 6e 18 73 0a 48 8b
0x00007ffb6803ff67:   46 20 49 8b 1c 06 eb 03 48 8b df 48 8b 03 48 8b 


Stack slot to memory mapping:
stack at sp + 0 slots: 0x000002739075b270 points into unknown readable memory: 0x0000000100000001 | 01 00 00 00 01 00 00 00
stack at sp + 1 slots: 0x000000b2b7dfbb70 is pointing into the stack for thread: 0x00000273fda08d30
stack at sp + 2 slots: 0x00007ffb68a03dc8 jvm.dll
stack at sp + 3 slots: 0xffffffffffffffff is an unknown value
stack at sp + 4 slots: 0x0000027393de7860 points into unknown readable memory: 0x0000000000000000 | 00 00 00 00 00 00 00 00
stack at sp + 5 slots: 0x00007ffb681e680b jvm.dll
stack at sp + 6 slots: 0x0000027393dec820 points into unknown readable memory: 0x3e2a54f42a8a6c33 | 33 6c 8a 2a f4 54 2a 3e
stack at sp + 7 slots: 0x0000027393dec820 points into unknown readable memory: 0x3e2a54f42a8a6c33 | 33 6c 8a 2a f4 54 2a 3e


---------------  P R O C E S S  ---------------

Threads class SMR info:
_java_thread_list=0x00000273914f9930, length=48, elements={
0x00000273f16493b0, 0x00000273f15d5020, 0x00000273f15d61c0, 0x00000273fd9f9400,
0x00000273fd9f9f30, 0x00000273fd9ff880, 0x00000273fda04490, 0x00000273fda08d30,
0x00000273fda09de0, 0x00000273fda0b110, 0x00000273fdad2690, 0x00000273fdad2ba0,
0x00000273fdad30b0, 0x00000273fdad1c70, 0x00000273fdad0830, 0x00000273fdad0d40,
0x00000273fdad1250, 0x000002738f1ee400, 0x000002738f1ef840, 0x000002738f1efd50,
0x000002738f1f0260, 0x000002738f1ed4d0, 0x000002738f1ecfc0, 0x000002738f1ecab0,
0x000002738f1ed9e0, 0x0000027391294900, 0x00000273912943f0, 0x0000027391292590,
0x0000027391295d40, 0x00000273912980b0, 0x0000027391293ee0, 0x0000027391296250,
0x00000273912985c0, 0x0000027391298ad0, 0x0000027391297690, 0x0000027391292aa0,
0x00000273912934c0, 0x0000027391297180, 0x0000027391292fb0, 0x00000273912939d0,
0x0000027391295320, 0x0000027391295830, 0x0000027391298fe0, 0x000002738f1ee910,
0x000002738f1eee20, 0x0000027391294e10, 0x00000273912994f0, 0x0000027391296760
}

Java Threads: ( => current thread )
  0x00000273f16493b0 JavaThread "main" [_thread_blocked, id=12076, stack(0x000000b2b7400000,0x000000b2b7500000)]
  0x00000273f15d5020 JavaThread "Reference Handler" daemon [_thread_blocked, id=19504, stack(0x000000b2b7700000,0x000000b2b7800000)]
  0x00000273f15d61c0 JavaThread "Finalizer" daemon [_thread_blocked, id=19328, stack(0x000000b2b7800000,0x000000b2b7900000)]
  0x00000273fd9f9400 JavaThread "Signal Dispatcher" daemon [_thread_blocked, id=15244, stack(0x000000b2b7900000,0x000000b2b7a00000)]
  0x00000273fd9f9f30 JavaThread "Attach Listener" daemon [_thread_blocked, id=17288, stack(0x000000b2b7a00000,0x000000b2b7b00000)]
  0x00000273fd9ff880 JavaThread "Service Thread" daemon [_thread_blocked, id=11280, stack(0x000000b2b7b00000,0x000000b2b7c00000)]
  0x00000273fda04490 JavaThread "Monitor Deflation Thread" daemon [_thread_blocked, id=1804, stack(0x000000b2b7c00000,0x000000b2b7d00000)]
=>0x00000273fda08d30 JavaThread "C2 CompilerThread0" daemon [_thread_in_native, id=13724, stack(0x000000b2b7d00000,0x000000b2b7e00000)]
  0x00000273fda09de0 JavaThread "C1 CompilerThread0" daemon [_thread_blocked, id=20160, stack(0x000000b2b7e00000,0x000000b2b7f00000)]
  0x00000273fda0b110 JavaThread "Sweeper thread" daemon [_thread_blocked, id=948, stack(0x000000b2b7f00000,0x000000b2b8000000)]
  0x00000273fdad2690 JavaThread "Common-Cleaner" daemon [_thread_blocked, id=12468, stack(0x000000b2b8000000,0x000000b2b8100000)]
  0x00000273fdad2ba0 JavaThread "Notification Thread" daemon [_thread_blocked, id=21788, stack(0x000000b2b8200000,0x000000b2b8300000)]
  0x00000273fdad30b0 JavaThread "Active Thread: Equinox Container: 0976ee84-0e28-47c7-bb99-cea5ca810a03" [_thread_blocked, id=12840, stack(0x000000b2b8b00000,0x000000b2b8c00000)]
  0x00000273fdad1c70 JavaThread "Framework Event Dispatcher: Equinox Container: 0976ee84-0e28-47c7-bb99-cea5ca810a03" daemon [_thread_blocked, id=10460, stack(0x000000b2b8c00000,0x000000b2b8d00000)]
  0x00000273fdad0830 JavaThread "Start Level: Equinox Container: 0976ee84-0e28-47c7-bb99-cea5ca810a03" daemon [_thread_blocked, id=9980, stack(0x000000b2b8d00000,0x000000b2b8e00000)]
  0x00000273fdad0d40 JavaThread "Bundle File Closer" daemon [_thread_blocked, id=2320, stack(0x000000b2b8f00000,0x000000b2b9000000)]
  0x00000273fdad1250 JavaThread "SCR Component Actor" daemon [_thread_blocked, id=17904, stack(0x000000b2b9000000,0x000000b2b9100000)]
  0x000002738f1ee400 JavaThread "Worker-JM" [_thread_blocked, id=9192, stack(0x000000b2b8400000,0x000000b2b8500000)]
  0x000002738f1ef840 JavaThread "Java indexing" daemon [_thread_blocked, id=18180, stack(0x000000b2b9500000,0x000000b2b9600000)]
  0x000002738f1efd50 JavaThread "JNA Cleaner" daemon [_thread_blocked, id=10320, stack(0x000000b2b9600000,0x000000b2b9700000)]
  0x000002738f1f0260 JavaThread "Thread-2" daemon [_thread_in_native, id=10268, stack(0x000000b2b9900000,0x000000b2b9a00000)]
  0x000002738f1ed4d0 JavaThread "Thread-3" daemon [_thread_in_native, id=8512, stack(0x000000b2b9a00000,0x000000b2b9b00000)]
  0x000002738f1ecfc0 JavaThread "Thread-4" daemon [_thread_in_native, id=4572, stack(0x000000b2b9b00000,0x000000b2b9c00000)]
  0x000002738f1ecab0 JavaThread "Thread-5" daemon [_thread_in_native, id=19624, stack(0x000000b2b9c00000,0x000000b2b9d00000)]
  0x000002738f1ed9e0 JavaThread "Thread-6" daemon [_thread_in_native, id=18068, stack(0x000000b2b9d00000,0x000000b2b9e00000)]
  0x0000027391294900 JavaThread "Thread-7" daemon [_thread_in_native, id=11856, stack(0x000000b2b9e00000,0x000000b2b9f00000)]
  0x00000273912943f0 JavaThread "Thread-8" daemon [_thread_in_native, id=19544, stack(0x000000b2b9f00000,0x000000b2ba000000)]
  0x0000027391292590 JavaThread "Thread-9" daemon [_thread_in_native, id=16400, stack(0x000000b2ba000000,0x000000b2ba100000)]
  0x0000027391295d40 JavaThread "Thread-10" daemon [_thread_in_native, id=5056, stack(0x000000b2ba100000,0x000000b2ba200000)]
  0x00000273912980b0 JavaThread "pool-2-thread-1" [_thread_blocked, id=22508, stack(0x000000b2ba200000,0x000000b2ba300000)]
  0x0000027391293ee0 JavaThread "WorkspaceEventsHandler" [_thread_blocked, id=20872, stack(0x000000b2ba300000,0x000000b2ba400000)]
  0x0000027391296250 JavaThread "pool-1-thread-1" [_thread_blocked, id=16504, stack(0x000000b2ba400000,0x000000b2ba500000)]
  0x00000273912985c0 JavaThread "Worker-2" [_thread_blocked, id=13816, stack(0x000000b2ba500000,0x000000b2ba600000)]
  0x0000027391298ad0 JavaThread "ForkJoinPool.commonPool-worker-2" daemon [_thread_blocked, id=13152, stack(0x000000b2ba800000,0x000000b2ba900000)]
  0x0000027391297690 JavaThread "ForkJoinPool.commonPool-worker-6" daemon [_thread_blocked, id=13072, stack(0x000000b2bac00000,0x000000b2bad00000)]
  0x0000027391292aa0 JavaThread "Cleaner-0" daemon [_thread_blocked, id=2892, stack(0x000000b2baf00000,0x000000b2bb000000)]
  0x00000273912934c0 JavaThread "Java Debug Server" daemon [_thread_in_native, id=2900, stack(0x000000b2bb000000,0x000000b2bb100000)]
  0x0000027391297180 JavaThread "pool-4-thread-1" [_thread_in_native, id=1820, stack(0x000000b2bb100000,0x000000b2bb200000)]
  0x0000027391292fb0 JavaThread "RxSchedulerPurge-1" daemon [_thread_blocked, id=2596, stack(0x000000b2bb200000,0x000000b2bb300000)]
  0x00000273912939d0 JavaThread "RxCachedWorkerPoolEvictor-1" daemon [_thread_blocked, id=12084, stack(0x000000b2bb300000,0x000000b2bb400000)]
  0x0000027391295320 JavaThread "RxNewThreadScheduler-1" daemon [_thread_blocked, id=16672, stack(0x000000b2bb400000,0x000000b2bb500000)]
  0x0000027391295830 JavaThread "process reaper (pid 9424)" daemon [_thread_in_native, id=2236, stack(0x000000b2b6d10000,0x000000b2b6d30000)]
  0x0000027391298fe0 JavaThread "Worker-5" [_thread_blocked, id=6852, stack(0x000000b2b7200000,0x000000b2b7300000)]
  0x000002738f1ee910 JavaThread "ForkJoinPool.commonPool-worker-8" daemon [_thread_blocked, id=19864, stack(0x000000b2b7300000,0x000000b2b7400000)]
  0x000002738f1eee20 JavaThread "ForkJoinPool.commonPool-worker-9" daemon [_thread_blocked, id=21448, stack(0x000000b2b9100000,0x000000b2b9200000)]
  0x0000027391294e10 JavaThread "ForkJoinPool.commonPool-worker-10" daemon [_thread_blocked, id=2140, stack(0x000000b2b9200000,0x000000b2b9300000)]
  0x00000273912994f0 JavaThread "ForkJoinPool.commonPool-worker-11" daemon [_thread_blocked, id=20576, stack(0x000000b2b9300000,0x000000b2b9400000)]
  0x0000027391296760 JavaThread "ForkJoinPool.commonPool-worker-12" daemon [_thread_blocked, id=20944, stack(0x000000b2b9400000,0x000000b2b9500000)]

Other Threads:
  0x00000273fd9d14b0 VMThread "VM Thread" [stack: 0x000000b2b7600000,0x000000b2b7700000] [id=19072]
  0x00000273fdd4c810 WatcherThread [stack: 0x000000b2b8300000,0x000000b2b8400000] [id=8444]
  0x00000273f165c950 GCTaskThread "GC Thread#0" [stack: 0x000000b2b7500000,0x000000b2b7600000] [id=16980]
  0x00000273fefe0680 GCTaskThread "GC Thread#1" [stack: 0x000000b2b8500000,0x000000b2b8600000] [id=5704]
  0x000002738f230c20 GCTaskThread "GC Thread#2" [stack: 0x000000b2b8600000,0x000000b2b8700000] [id=11720]
  0x00000273ff17f030 GCTaskThread "GC Thread#3" [stack: 0x000000b2b8700000,0x000000b2b8800000] [id=21360]
  0x00000273ff17f2f0 GCTaskThread "GC Thread#4" [stack: 0x000000b2b8800000,0x000000b2b8900000] [id=13316]
  0x00000273ff17f9c0 GCTaskThread "GC Thread#5" [stack: 0x000000b2b8900000,0x000000b2b8a00000] [id=10024]
  0x00000273ff17fc80 GCTaskThread "GC Thread#6" [stack: 0x000000b2b8a00000,0x000000b2b8b00000] [id=13196]
  0x00000273ff1e1d70 GCTaskThread "GC Thread#7" [stack: 0x000000b2b8e00000,0x000000b2b8f00000] [id=12092]

Threads with active compile tasks:
C2 CompilerThread0   393785 13992       4       org.eclipse.jdt.core.Signature::appendClassTypeSignature (323 bytes)

VM state: not at safepoint (normal execution)

VM Mutex/Monitor currently owned by a thread: None

Heap address: 0x0000000080000000, size: 2048 MB, Compressed Oops mode: 32-bit

CDS archive(s) not mapped
Compressed class space mapped at: 0x0000000100000000-0x0000000140000000, reserved size: 1073741824
Narrow klass base: 0x0000000000000000, Narrow klass shift: 3, Narrow klass range: 0x140000000

GC Precious Log:
 CPUs: 8 total, 8 available
 Memory: 16193M
 Large Page Support: Disabled
 NUMA Support: Disabled
 Compressed Oops: Enabled (32-bit)
 Alignments: Space 512K, Generation 512K, Heap 2M
 Heap Min Capacity: 100M
 Heap Initial Capacity: 100M
 Heap Max Capacity: 2G
 Pre-touch: Disabled
 Parallel Workers: 8

Heap:
 PSYoungGen      total 8704K, used 7093K [0x00000000d5580000, 0x00000000d5f80000, 0x0000000100000000)
  eden space 7168K, 83% used [0x00000000d5580000,0x00000000d5b5c4a8,0x00000000d5c80000)
  from space 1536K, 71% used [0x00000000d5c80000,0x00000000d5d91210,0x00000000d5e00000)
  to   space 1536K, 0% used [0x00000000d5e00000,0x00000000d5e00000,0x00000000d5f80000)
 ParOldGen       total 107008K, used 96693K [0x0000000080000000, 0x0000000086880000, 0x00000000d5580000)
  object space 107008K, 90% used [0x0000000080000000,0x0000000085e6d448,0x0000000086880000)
 Metaspace       used 82384K, committed 83904K, reserved 1179648K
  class space    used 8700K, committed 9408K, reserved 1048576K

Card table byte_map: [0x00000273f0fd0000,0x00000273f13e0000] _byte_map_base: 0x00000273f0bd0000

Marking Bits: (ParMarkBitMap*) 0x00007ffb68a1d820
 Begin Bits: [0x00000273f4580000, 0x00000273f6580000)
 End Bits:   [0x00000273f6580000, 0x00000273f8580000)

Polling page: 0x00000273ef560000

Metaspace:

Usage:
  Non-class:     71.96 MB used.
      Class:      8.50 MB used.
       Both:     80.45 MB used.

Virtual space:
  Non-class space:      128.00 MB reserved,      72.75 MB ( 57%) committed,  2 nodes.
      Class space:        1.00 GB reserved,       9.19 MB ( <1%) committed,  1 nodes.
             Both:        1.12 GB reserved,      81.94 MB (  7%) committed. 

Chunk freelists:
   Non-Class:  7.09 MB
       Class:  6.84 MB
        Both:  13.93 MB

MaxMetaspaceSize: unlimited
CompressedClassSpaceSize: 1.00 GB
Initial GC threshold: 21.00 MB
Current GC threshold: 136.19 MB
CDS: off
MetaspaceReclaimPolicy: balanced
 - commit_granule_bytes: 65536.
 - commit_granule_words: 8192.
 - virtual_space_node_default_size: 8388608.
 - enlarge_chunks_in_place: 1.
 - new_chunks_are_fully_committed: 0.
 - uncommit_free_chunks: 1.
 - use_allocation_guard: 0.
 - handle_deallocations: 1.


Internal statistics:

num_allocs_failed_limit: 9.
num_arena_births: 1066.
num_arena_deaths: 34.
num_vsnodes_births: 3.
num_vsnodes_deaths: 0.
num_space_committed: 1311.
num_space_uncommitted: 0.
num_chunks_returned_to_freelist: 50.
num_chunks_taken_from_freelist: 4598.
num_chunk_merges: 15.
num_chunk_splits: 2864.
num_chunks_enlarged: 1683.
num_inconsistent_stats: 0.

CodeHeap 'non-profiled nmethods': size=120000Kb used=9142Kb max_used=9142Kb free=110857Kb
 bounds [0x0000027387ad0000, 0x00000273883c0000, 0x000002738f000000]
CodeHeap 'profiled nmethods': size=120000Kb used=24381Kb max_used=24381Kb free=95618Kb
 bounds [0x0000027380000000, 0x00000273817e0000, 0x0000027387530000]
CodeHeap 'non-nmethods': size=5760Kb used=1415Kb max_used=1537Kb free=4344Kb
 bounds [0x0000027387530000, 0x00000273877a0000, 0x0000027387ad0000]
 total_blobs=12156 nmethods=11383 adapters=684
 compilation: enabled
              stopped_count=0, restarted_count=0
 full_count=0

Compilation events (20 events):
Event: 393.716 Thread 0x00000273fda09de0 nmethod 13986 0x00000273883bd510 code [0x00000273883bd6a0, 0x00000273883bd778]
Event: 393.717 Thread 0x00000273fda09de0 13987       3       org.eclipse.core.internal.resources.Resource::isHidden (51 bytes)
Event: 393.717 Thread 0x00000273fda09de0 nmethod 13987 0x00000273817cb490 code [0x00000273817cb680, 0x00000273817cbe68]
Event: 393.717 Thread 0x00000273fda09de0 13988       3       org.eclipse.jdt.core.dom.SingleMemberAnnotation::accept0 (34 bytes)
Event: 393.717 Thread 0x00000273fda09de0 nmethod 13988 0x00000273817cc090 code [0x00000273817cc2a0, 0x00000273817cc7f8]
Event: 393.717 Thread 0x00000273fda09de0 13990       3       org.eclipse.jface.text.ListLineTracker::findLine (164 bytes)
Event: 393.718 Thread 0x00000273fda09de0 nmethod 13990 0x00000273817cca10 code [0x00000273817ccc20, 0x00000273817cd5b8]
Event: 393.718 Thread 0x00000273fda09de0 13989       1       org.eclipse.jdt.core.dom.ASTVisitor::visit (2 bytes)
Event: 393.718 Thread 0x00000273fda09de0 nmethod 13989 0x00000273883bd810 code [0x00000273883bd9a0, 0x00000273883bda78]
Event: 393.718 Thread 0x00000273fda09de0 13991       3       org.eclipse.jdt.core.Signature::getSignatureQualifier (23 bytes)
Event: 393.718 Thread 0x00000273fda08d30 13992       4       org.eclipse.jdt.core.Signature::appendClassTypeSignature (323 bytes)
Event: 393.718 Thread 0x00000273fda09de0 nmethod 13991 0x00000273817cd810 code [0x00000273817cda00, 0x00000273817cddd8]
Event: 393.718 Thread 0x00000273fda09de0 13993       3       org.eclipse.jdt.internal.core.Member::areSimilarMethods (158 bytes)
Event: 393.719 Thread 0x00000273fda09de0 nmethod 13993 0x00000273817cdf90 code [0x00000273817ce440, 0x00000273817d0048]
Event: 393.719 Thread 0x00000273fda09de0 13995       3       org.eclipse.jdt.core.Signature::getTypeErasure (206 bytes)
Event: 393.720 Thread 0x00000273fda09de0 nmethod 13995 0x00000273817d0c90 code [0x00000273817d0f00, 0x00000273817d1af8]
Event: 393.720 Thread 0x00000273fda09de0 13994       3       org.eclipse.jdt.core.dom.ExpressionStatement::accept0 (25 bytes)
Event: 393.720 Thread 0x00000273fda09de0 nmethod 13994 0x00000273817d1f10 code [0x00000273817d20e0, 0x00000273817d24d8]
Event: 393.720 Thread 0x00000273fda09de0 13996   !   3       org.eclipse.jdt.core.dom.ExpressionStatement::getExpression (61 bytes)
Event: 393.721 Thread 0x00000273fda09de0 nmethod 13996 0x00000273817d2690 code [0x00000273817d28a0, 0x00000273817d30b8]

GC Heap History (20 events):
Event: 391.731 GC heap before
{Heap before GC invocations=167 (full 8):
 PSYoungGen      total 4096K, used 1014K [0x00000000d5580000, 0x00000000d6080000, 0x0000000100000000)
  eden space 3072K, 0% used [0x00000000d5580000,0x00000000d5580000,0x00000000d5880000)
  from space 1024K, 99% used [0x00000000d5900000,0x00000000d59fd880,0x00000000d5a00000)
  to   space 4096K, 0% used [0x00000000d5c80000,0x00000000d5c80000,0x00000000d6080000)
 ParOldGen       total 122368K, used 122291K [0x0000000080000000, 0x0000000087780000, 0x00000000d5580000)
  object space 122368K, 99% used [0x0000000080000000,0x000000008776ccc0,0x0000000087780000)
 Metaspace       used 82151K, committed 83648K, reserved 1179648K
  class space    used 8692K, committed 9408K, reserved 1048576K
}
Event: 391.808 GC heap after
{Heap after GC invocations=167 (full 8):
 PSYoungGen      total 7168K, used 0K [0x00000000d5580000, 0x00000000d6080000, 0x0000000100000000)
  eden space 3072K, 0% used [0x00000000d5580000,0x00000000d5580000,0x00000000d5880000)
  from space 4096K, 0% used [0x00000000d5c80000,0x00000000d5c80000,0x00000000d6080000)
  to   space 4096K, 0% used [0x00000000d5880000,0x00000000d5880000,0x00000000d5c80000)
 ParOldGen       total 107008K, used 81670K [0x0000000080000000, 0x0000000086880000, 0x00000000d5580000)
  object space 107008K, 76% used [0x0000000080000000,0x0000000084fc1b38,0x0000000086880000)
 Metaspace       used 82151K, committed 83648K, reserved 1179648K
  class space    used 8692K, committed 9408K, reserved 1048576K
}
Event: 391.817 GC heap before
{Heap before GC invocations=168 (full 8):
 PSYoungGen      total 7168K, used 3072K [0x00000000d5580000, 0x00000000d6080000, 0x0000000100000000)
  eden space 3072K, 100% used [0x00000000d5580000,0x00000000d5880000,0x00000000d5880000)
  from space 4096K, 0% used [0x00000000d5c80000,0x00000000d5c80000,0x00000000d6080000)
  to   space 4096K, 0% used [0x00000000d5880000,0x00000000d5880000,0x00000000d5c80000)
 ParOldGen       total 107008K, used 81670K [0x0000000080000000, 0x0000000086880000, 0x00000000d5580000)
  object space 107008K, 76% used [0x0000000080000000,0x0000000084fc1b38,0x0000000086880000)
 Metaspace       used 82151K, committed 83648K, reserved 1179648K
  class space    used 8692K, committed 9408K, reserved 1048576K
}
Event: 391.820 GC heap after
{Heap after GC invocations=168 (full 8):
 PSYoungGen      total 6656K, used 3168K [0x00000000d5580000, 0x00000000d5f80000, 0x0000000100000000)
  eden space 3072K, 0% used [0x00000000d5580000,0x00000000d5580000,0x00000000d5880000)
  from space 3584K, 88% used [0x00000000d5880000,0x00000000d5b98000,0x00000000d5c00000)
  to   space 3584K, 0% used [0x00000000d5c00000,0x00000000d5c00000,0x00000000d5f80000)
 ParOldGen       total 107008K, used 81670K [0x0000000080000000, 0x0000000086880000, 0x00000000d5580000)
  object space 107008K, 76% used [0x0000000080000000,0x0000000084fc1b38,0x0000000086880000)
 Metaspace       used 82151K, committed 83648K, reserved 1179648K
  class space    used 8692K, committed 9408K, reserved 1048576K
}
Event: 391.827 GC heap before
{Heap before GC invocations=169 (full 8):
 PSYoungGen      total 6656K, used 6138K [0x00000000d5580000, 0x00000000d5f80000, 0x0000000100000000)
  eden space 3072K, 96% used [0x00000000d5580000,0x00000000d5866890,0x00000000d5880000)
  from space 3584K, 88% used [0x00000000d5880000,0x00000000d5b98000,0x00000000d5c00000)
  to   space 3584K, 0% used [0x00000000d5c00000,0x00000000d5c00000,0x00000000d5f80000)
 ParOldGen       total 107008K, used 81670K [0x0000000080000000, 0x0000000086880000, 0x00000000d5580000)
  object space 107008K, 76% used [0x0000000080000000,0x0000000084fc1b38,0x0000000086880000)
 Metaspace       used 82153K, committed 83648K, reserved 1179648K
  class space    used 8692K, committed 9408K, reserved 1048576K
}
Event: 391.830 GC heap after
{Heap after GC invocations=169 (full 8):
 PSYoungGen      total 7168K, used 2861K [0x00000000d5580000, 0x00000000d5f80000, 0x0000000100000000)
  eden space 3584K, 0% used [0x00000000d5580000,0x00000000d5580000,0x00000000d5900000)
  from space 3584K, 79% used [0x00000000d5c00000,0x00000000d5ecb4c0,0x00000000d5f80000)
  to   space 3072K, 0% used [0x00000000d5900000,0x00000000d5900000,0x00000000d5c00000)
 ParOldGen       total 107008K, used 84726K [0x0000000080000000, 0x0000000086880000, 0x00000000d5580000)
  object space 107008K, 79% used [0x0000000080000000,0x00000000852bdb38,0x0000000086880000)
 Metaspace       used 82153K, committed 83648K, reserved 1179648K
  class space    used 8692K, committed 9408K, reserved 1048576K
}
Event: 391.839 GC heap before
{Heap before GC invocations=170 (full 8):
 PSYoungGen      total 7168K, used 6445K [0x00000000d5580000, 0x00000000d5f80000, 0x0000000100000000)
  eden space 3584K, 100% used [0x00000000d5580000,0x00000000d5900000,0x00000000d5900000)
  from space 3584K, 79% used [0x00000000d5c00000,0x00000000d5ecb4c0,0x00000000d5f80000)
  to   space 3072K, 0% used [0x00000000d5900000,0x00000000d5900000,0x00000000d5c00000)
 ParOldGen       total 107008K, used 84726K [0x0000000080000000, 0x0000000086880000, 0x00000000d5580000)
  object space 107008K, 79% used [0x0000000080000000,0x00000000852bdb38,0x0000000086880000)
 Metaspace       used 82154K, committed 83648K, reserved 1179648K
  class space    used 8692K, committed 9408K, reserved 1048576K
}
Event: 391.841 GC heap after
{Heap after GC invocations=170 (full 8):
 PSYoungGen      total 6656K, used 3053K [0x00000000d5580000, 0x00000000d6700000, 0x0000000100000000)
  eden space 3584K, 0% used [0x00000000d5580000,0x00000000d5580000,0x00000000d5900000)
  from space 3072K, 99% used [0x00000000d5900000,0x00000000d5bfb4c0,0x00000000d5c00000)
  to   space 6656K, 0% used [0x00000000d6080000,0x00000000d6080000,0x00000000d6700000)
 ParOldGen       total 107008K, used 87691K [0x0000000080000000, 0x0000000086880000, 0x00000000d5580000)
  object space 107008K, 81% used [0x0000000080000000,0x00000000855a2ff8,0x0000000086880000)
 Metaspace       used 82154K, committed 83648K, reserved 1179648K
  class space    used 8692K, committed 9408K, reserved 1048576K
}
Event: 391.850 GC heap before
{Heap before GC invocations=171 (full 8):
 PSYoungGen      total 6656K, used 6637K [0x00000000d5580000, 0x00000000d6700000, 0x0000000100000000)
  eden space 3584K, 100% used [0x00000000d5580000,0x00000000d5900000,0x00000000d5900000)
  from space 3072K, 99% used [0x00000000d5900000,0x00000000d5bfb4c0,0x00000000d5c00000)
  to   space 6656K, 0% used [0x00000000d6080000,0x00000000d6080000,0x00000000d6700000)
 ParOldGen       total 107008K, used 87691K [0x0000000080000000, 0x0000000086880000, 0x00000000d5580000)
  object space 107008K, 81% used [0x0000000080000000,0x00000000855a2ff8,0x0000000086880000)
 Metaspace       used 82154K, committed 83648K, reserved 1179648K
  class space    used 8692K, committed 9408K, reserved 1048576K
}
Event: 391.854 GC heap after
{Heap after GC invocations=171 (full 8):
 PSYoungGen      total 7680K, used 2906K [0x00000000d5580000, 0x00000000d6380000, 0x0000000100000000)
  eden space 4608K, 0% used [0x00000000d5580000,0x00000000d5580000,0x00000000d5a00000)
  from space 3072K, 94% used [0x00000000d6080000,0x00000000d6356900,0x00000000d6380000)
  to   space 4096K, 0% used [0x00000000d5b80000,0x00000000d5b80000,0x00000000d5f80000)
 ParOldGen       total 107008K, used 90785K [0x0000000080000000, 0x0000000086880000, 0x00000000d5580000)
  object space 107008K, 84% used [0x0000000080000000,0x00000000858a84b8,0x0000000086880000)
 Metaspace       used 82154K, committed 83648K, reserved 1179648K
  class space    used 8692K, committed 9408K, reserved 1048576K
}
Event: 391.864 GC heap before
{Heap before GC invocations=172 (full 8):
 PSYoungGen      total 7680K, used 7514K [0x00000000d5580000, 0x00000000d6380000, 0x0000000100000000)
  eden space 4608K, 100% used [0x00000000d5580000,0x00000000d5a00000,0x00000000d5a00000)
  from space 3072K, 94% used [0x00000000d6080000,0x00000000d6356900,0x00000000d6380000)
  to   space 4096K, 0% used [0x00000000d5b80000,0x00000000d5b80000,0x00000000d5f80000)
 ParOldGen       total 107008K, used 90785K [0x0000000080000000, 0x0000000086880000, 0x00000000d5580000)
  object space 107008K, 84% used [0x0000000080000000,0x00000000858a84b8,0x0000000086880000)
 Metaspace       used 82154K, committed 83648K, reserved 1179648K
  class space    used 8692K, committed 9408K, reserved 1048576K
}
Event: 391.866 GC heap after
{Heap after GC invocations=172 (full 8):
 PSYoungGen      total 6656K, used 672K [0x00000000d5580000, 0x00000000d6100000, 0x0000000100000000)
  eden space 5632K, 0% used [0x00000000d5580000,0x00000000d5580000,0x00000000d5b00000)
  from space 1024K, 65% used [0x00000000d5b80000,0x00000000d5c28000,0x00000000d5c80000)
  to   space 2048K, 0% used [0x00000000d5f00000,0x00000000d5f00000,0x00000000d6100000)
 ParOldGen       total 107008K, used 93629K [0x0000000080000000, 0x0000000086880000, 0x00000000d5580000)
  object space 107008K, 87% used [0x0000000080000000,0x0000000085b6f6d8,0x0000000086880000)
 Metaspace       used 82154K, committed 83648K, reserved 1179648K
  class space    used 8692K, committed 9408K, reserved 1048576K
}
Event: 391.891 GC heap before
{Heap before GC invocations=173 (full 8):
 PSYoungGen      total 6656K, used 6304K [0x00000000d5580000, 0x00000000d6100000, 0x0000000100000000)
  eden space 5632K, 100% used [0x00000000d5580000,0x00000000d5b00000,0x00000000d5b00000)
  from space 1024K, 65% used [0x00000000d5b80000,0x00000000d5c28000,0x00000000d5c80000)
  to   space 2048K, 0% used [0x00000000d5f00000,0x00000000d5f00000,0x00000000d6100000)
 ParOldGen       total 107008K, used 93629K [0x0000000080000000, 0x0000000086880000, 0x00000000d5580000)
  object space 107008K, 87% used [0x0000000080000000,0x0000000085b6f6d8,0x0000000086880000)
 Metaspace       used 82207K, committed 83712K, reserved 1179648K
  class space    used 8692K, committed 9408K, reserved 1048576K
}
Event: 391.893 GC heap after
{Heap after GC invocations=173 (full 8):
 PSYoungGen      total 8192K, used 692K [0x00000000d5580000, 0x00000000d6000000, 0x0000000100000000)
  eden space 7168K, 0% used [0x00000000d5580000,0x00000000d5580000,0x00000000d5c80000)
  from space 1024K, 67% used [0x00000000d5f00000,0x00000000d5fad200,0x00000000d6000000)
  to   space 1024K, 0% used [0x00000000d5e00000,0x00000000d5e00000,0x00000000d5f00000)
 ParOldGen       total 107008K, used 94205K [0x0000000080000000, 0x0000000086880000, 0x00000000d5580000)
  object space 107008K, 88% used [0x0000000080000000,0x0000000085bff6d8,0x0000000086880000)
 Metaspace       used 82207K, committed 83712K, reserved 1179648K
  class space    used 8692K, committed 9408K, reserved 1048576K
}
Event: 391.919 GC heap before
{Heap before GC invocations=174 (full 8):
 PSYoungGen      total 8192K, used 7860K [0x00000000d5580000, 0x00000000d6000000, 0x0000000100000000)
  eden space 7168K, 100% used [0x00000000d5580000,0x00000000d5c80000,0x00000000d5c80000)
  from space 1024K, 67% used [0x00000000d5f00000,0x00000000d5fad200,0x00000000d6000000)
  to   space 1024K, 0% used [0x00000000d5e00000,0x00000000d5e00000,0x00000000d5f00000)
 ParOldGen       total 107008K, used 94205K [0x0000000080000000, 0x0000000086880000, 0x00000000d5580000)
  object space 107008K, 88% used [0x0000000080000000,0x0000000085bff6d8,0x0000000086880000)
 Metaspace       used 82237K, committed 83776K, reserved 1179648K
  class space    used 8692K, committed 9408K, reserved 1048576K
}
Event: 391.924 GC heap after
{Heap after GC invocations=174 (full 8):
 PSYoungGen      total 9728K, used 912K [0x00000000d5580000, 0x00000000d6000000, 0x0000000100000000)
  eden space 8704K, 0% used [0x00000000d5580000,0x00000000d5580000,0x00000000d5e00000)
  from space 1024K, 89% used [0x00000000d5e00000,0x00000000d5ee4010,0x00000000d5f00000)
  to   space 1024K, 0% used [0x00000000d5f00000,0x00000000d5f00000,0x00000000d6000000)
 ParOldGen       total 107008K, used 94780K [0x0000000080000000, 0x0000000086880000, 0x00000000d5580000)
  object space 107008K, 88% used [0x0000000080000000,0x0000000085c8f198,0x0000000086880000)
 Metaspace       used 82237K, committed 83776K, reserved 1179648K
  class space    used 8692K, committed 9408K, reserved 1048576K
}
Event: 392.196 GC heap before
{Heap before GC invocations=175 (full 8):
 PSYoungGen      total 9728K, used 9616K [0x00000000d5580000, 0x00000000d6000000, 0x0000000100000000)
  eden space 8704K, 100% used [0x00000000d5580000,0x00000000d5e00000,0x00000000d5e00000)
  from space 1024K, 89% used [0x00000000d5e00000,0x00000000d5ee4010,0x00000000d5f00000)
  to   space 1024K, 0% used [0x00000000d5f00000,0x00000000d5f00000,0x00000000d6000000)
 ParOldGen       total 107008K, used 94780K [0x0000000080000000, 0x0000000086880000, 0x00000000d5580000)
  object space 107008K, 88% used [0x0000000080000000,0x0000000085c8f198,0x0000000086880000)
 Metaspace       used 82331K, committed 83840K, reserved 1179648K
  class space    used 8699K, committed 9408K, reserved 1048576K
}
Event: 392.197 GC heap after
{Heap after GC invocations=175 (full 8):
 PSYoungGen      total 8192K, used 996K [0x00000000d5580000, 0x00000000d6300000, 0x0000000100000000)
  eden space 7168K, 0% used [0x00000000d5580000,0x00000000d5580000,0x00000000d5c80000)
  from space 1024K, 97% used [0x00000000d5f00000,0x00000000d5ff9210,0x00000000d6000000)
  to   space 2560K, 0% used [0x00000000d5c80000,0x00000000d5c80000,0x00000000d5f00000)
 ParOldGen       total 107008K, used 95712K [0x0000000080000000, 0x0000000086880000, 0x00000000d5580000)
  object space 107008K, 89% used [0x0000000080000000,0x0000000085d781e8,0x0000000086880000)
 Metaspace       used 82331K, committed 83840K, reserved 1179648K
  class space    used 8699K, committed 9408K, reserved 1048576K
}
Event: 392.224 GC heap before
{Heap before GC invocations=176 (full 8):
 PSYoungGen      total 8192K, used 8164K [0x00000000d5580000, 0x00000000d6300000, 0x0000000100000000)
  eden space 7168K, 100% used [0x00000000d5580000,0x00000000d5c80000,0x00000000d5c80000)
  from space 1024K, 97% used [0x00000000d5f00000,0x00000000d5ff9210,0x00000000d6000000)
  to   space 2560K, 0% used [0x00000000d5c80000,0x00000000d5c80000,0x00000000d5f00000)
 ParOldGen       total 107008K, used 95712K [0x0000000080000000, 0x0000000086880000, 0x00000000d5580000)
  object space 107008K, 89% used [0x0000000080000000,0x0000000085d781e8,0x0000000086880000)
 Metaspace       used 82359K, committed 83904K, reserved 1179648K
  class space    used 8699K, committed 9408K, reserved 1048576K
}
Event: 392.225 GC heap after
{Heap after GC invocations=176 (full 8):
 PSYoungGen      total 8704K, used 1092K [0x00000000d5580000, 0x00000000d5f80000, 0x0000000100000000)
  eden space 7168K, 0% used [0x00000000d5580000,0x00000000d5580000,0x00000000d5c80000)
  from space 1536K, 71% used [0x00000000d5c80000,0x00000000d5d91210,0x00000000d5e00000)
  to   space 1536K, 0% used [0x00000000d5e00000,0x00000000d5e00000,0x00000000d5f80000)
 ParOldGen       total 107008K, used 96693K [0x0000000080000000, 0x0000000086880000, 0x00000000d5580000)
  object space 107008K, 90% used [0x0000000080000000,0x0000000085e6d448,0x0000000086880000)
 Metaspace       used 82359K, committed 83904K, reserved 1179648K
  class space    used 8699K, committed 9408K, reserved 1048576K
}

Dll operation events (11 events):
Event: 0.008 Loaded shared library c:\Users\Sergio\.vscode\extensions\redhat.java-1.31.0-win32-x64\jre\17.0.11-win32-x86_64\bin\java.dll
Event: 0.103 Loaded shared library c:\Users\Sergio\.vscode\extensions\redhat.java-1.31.0-win32-x64\jre\17.0.11-win32-x86_64\bin\zip.dll
Event: 0.105 Loaded shared library C:\Users\Sergio\.vscode\extensions\redhat.java-1.31.0-win32-x64\jre\17.0.11-win32-x86_64\bin\instrument.dll
Event: 0.113 Loaded shared library C:\Users\Sergio\.vscode\extensions\redhat.java-1.31.0-win32-x64\jre\17.0.11-win32-x86_64\bin\net.dll
Event: 0.114 Loaded shared library C:\Users\Sergio\.vscode\extensions\redhat.java-1.31.0-win32-x64\jre\17.0.11-win32-x86_64\bin\nio.dll
Event: 0.118 Loaded shared library C:\Users\Sergio\.vscode\extensions\redhat.java-1.31.0-win32-x64\jre\17.0.11-win32-x86_64\bin\zip.dll
Event: 0.128 Loaded shared library C:\Users\Sergio\.vscode\extensions\redhat.java-1.31.0-win32-x64\jre\17.0.11-win32-x86_64\bin\jimage.dll
Event: 0.171 Loaded shared library c:\Users\Sergio\.vscode\extensions\redhat.java-1.31.0-win32-x64\jre\17.0.11-win32-x86_64\bin\verify.dll
Event: 0.795 Loaded shared library C:\Users\Sergio\AppData\Roaming\Code\User\globalStorage\redhat.java\1.31.0\config_win\org.eclipse.equinox.launcher\org.eclipse.equinox.launcher.win32.win32.x86_64_1.2.1000.v20240507-1834\eclipse_11902.dll
Event: 2.618 Loaded shared library C:\Users\Sergio\AppData\Local\Temp\jna--1821973619\jna2430820507763218106.dll
Event: 7.817 Loaded shared library C:\Users\Sergio\.vscode\extensions\redhat.java-1.31.0-win32-x64\jre\17.0.11-win32-x86_64\bin\extnet.dll

Deoptimization events (20 events):
Event: 391.492 Thread 0x0000027391297690 DEOPT PACKING pc=0x0000027388335454 sp=0x000000b2bacfd630
Event: 391.492 Thread 0x0000027391297690 DEOPT UNPACKING pc=0x00000273875866a3 sp=0x000000b2bacfd598 mode 2
Event: 391.697 Thread 0x0000027391297690 DEOPT PACKING pc=0x00000273809e1fc2 sp=0x000000b2bacfd7b0
Event: 391.697 Thread 0x0000027391297690 DEOPT UNPACKING pc=0x0000027387586e43 sp=0x000000b2bacfcc50 mode 0
Event: 391.700 Thread 0x0000027391297690 DEOPT PACKING pc=0x0000027381680be3 sp=0x000000b2bacfbe40
Event: 391.700 Thread 0x0000027391297690 DEOPT UNPACKING pc=0x0000027387586e43 sp=0x000000b2bacfb378 mode 0
Event: 391.860 Thread 0x000002738f1eee20 Uncommon trap: trap_request=0xffffffd6 fr.pc=0x00000273883580e0 relative=0x0000000000000440
Event: 391.860 Thread 0x000002738f1eee20 Uncommon trap: reason=array_check action=maybe_recompile pc=0x00000273883580e0 method=java.util.TimSort.binarySort([Ljava/lang/Object;IIILjava/util/Comparator;)V @ 215 c2
Event: 391.860 Thread 0x000002738f1eee20 DEOPT PACKING pc=0x00000273883580e0 sp=0x000000b2b91fbde0
Event: 391.860 Thread 0x000002738f1eee20 DEOPT UNPACKING pc=0x00000273875866a3 sp=0x000000b2b91fbd78 mode 2
Event: 391.860 Thread 0x000002738f1eee20 Uncommon trap: trap_request=0xffffffd6 fr.pc=0x00000273883580e0 relative=0x0000000000000440
Event: 391.860 Thread 0x000002738f1eee20 Uncommon trap: reason=array_check action=maybe_recompile pc=0x00000273883580e0 method=java.util.TimSort.binarySort([Ljava/lang/Object;IIILjava/util/Comparator;)V @ 215 c2
Event: 391.860 Thread 0x000002738f1eee20 DEOPT PACKING pc=0x00000273883580e0 sp=0x000000b2b91fbe00
Event: 391.860 Thread 0x000002738f1eee20 DEOPT UNPACKING pc=0x00000273875866a3 sp=0x000000b2b91fbd98 mode 2
Event: 391.873 Thread 0x000002738f1eee20 Uncommon trap: trap_request=0xffffffd6 fr.pc=0x0000027387ff7520 relative=0x0000000000000960
Event: 391.873 Thread 0x000002738f1eee20 Uncommon trap: reason=array_check action=maybe_recompile pc=0x0000027387ff7520 method=java.util.TimSort.binarySort([Ljava/lang/Object;IIILjava/util/Comparator;)V @ 215 c2
Event: 391.873 Thread 0x000002738f1eee20 DEOPT PACKING pc=0x0000027387ff7520 sp=0x000000b2b91fd4d0
Event: 391.873 Thread 0x000002738f1eee20 DEOPT UNPACKING pc=0x00000273875866a3 sp=0x000000b2b91fd488 mode 2
Event: 392.192 Thread 0x00000273912985c0 DEOPT PACKING pc=0x0000027380b89529 sp=0x000000b2ba5fe9f0
Event: 392.192 Thread 0x00000273912985c0 DEOPT UNPACKING pc=0x0000027387586e43 sp=0x000000b2ba5fdf08 mode 0

Classes unloaded (17 events):
Event: 2.479 Thread 0x00000273fd9d14b0 Unloading class 0x000000010024a400 'java/lang/invoke/LambdaForm$MH+0x000000010024a400'
Event: 2.479 Thread 0x00000273fd9d14b0 Unloading class 0x000000010024a000 'java/lang/invoke/LambdaForm$MH+0x000000010024a000'
Event: 2.479 Thread 0x00000273fd9d14b0 Unloading class 0x0000000100249c00 'java/lang/invoke/LambdaForm$MH+0x0000000100249c00'
Event: 2.479 Thread 0x00000273fd9d14b0 Unloading class 0x0000000100249800 'java/lang/invoke/LambdaForm$MH+0x0000000100249800'
Event: 2.479 Thread 0x00000273fd9d14b0 Unloading class 0x0000000100249400 'java/lang/invoke/LambdaForm$BMH+0x0000000100249400'
Event: 2.479 Thread 0x00000273fd9d14b0 Unloading class 0x0000000100249000 'java/lang/invoke/LambdaForm$DMH+0x0000000100249000'
Event: 2.479 Thread 0x00000273fd9d14b0 Unloading class 0x0000000100244400 'java/lang/invoke/LambdaForm$DMH+0x0000000100244400'
Event: 6.185 Thread 0x00000273fd9d14b0 Unloading class 0x000000010072dc00 'java/lang/invoke/LambdaForm$MH+0x000000010072dc00'
Event: 6.185 Thread 0x00000273fd9d14b0 Unloading class 0x000000010072d800 'java/lang/invoke/LambdaForm$MH+0x000000010072d800'
Event: 6.185 Thread 0x00000273fd9d14b0 Unloading class 0x000000010072d000 'java/lang/invoke/LambdaForm$DMH+0x000000010072d000'
Event: 6.185 Thread 0x00000273fd9d14b0 Unloading class 0x000000010072c800 'java/lang/invoke/LambdaForm$DMH+0x000000010072c800'
Event: 6.185 Thread 0x00000273fd9d14b0 Unloading class 0x000000010072c400 'java/lang/invoke/LambdaForm$DMH+0x000000010072c400'
Event: 59.476 Thread 0x00000273fd9d14b0 Unloading class 0x0000000100794c00 'java/lang/invoke/LambdaForm$DMH+0x0000000100794c00'
Event: 59.476 Thread 0x00000273fd9d14b0 Unloading class 0x0000000100794400 'java/lang/invoke/LambdaForm$DMH+0x0000000100794400'
Event: 59.476 Thread 0x00000273fd9d14b0 Unloading class 0x0000000100778800 'java/lang/invoke/LambdaForm$DMH+0x0000000100778800'
Event: 59.476 Thread 0x00000273fd9d14b0 Unloading class 0x000000010075c000 'java/lang/invoke/LambdaForm$DMH+0x000000010075c000'
Event: 59.476 Thread 0x00000273fd9d14b0 Unloading class 0x0000000100754000 'java/lang/invoke/LambdaForm$DMH+0x0000000100754000'

Classes redefined (0 events):
No events

Internal exceptions (20 events):
Event: 59.588 Thread 0x0000027391297690 Exception <a 'java/lang/ArrayIndexOutOfBoundsException'{0x00000000d57d8e70}: Index 5176 out of bounds for length 5175> (0x00000000d57d8e70) 
thrown [s\src\hotspot\share\interpreter\interpreterRuntime.cpp, line 428]
Event: 65.650 Thread 0x0000027391292080 Exception <a 'java/lang/ClassNotFoundException'{0x00000000d5de59a0}: sun/net/www/protocol/jdt/Handler> (0x00000000d5de59a0) 
thrown [s\src\hotspot\share\classfile\systemDictionary.cpp, line 256]
Event: 65.651 Thread 0x0000027391292080 Exception <a 'java/lang/ClassNotFoundException'{0x00000000d5def7f8}: sun/net/www/protocol/jdt/Handler> (0x00000000d5def7f8) 
thrown [s\src\hotspot\share\classfile\systemDictionary.cpp, line 256]
Event: 65.651 Thread 0x0000027391292080 Exception <a 'java/lang/ClassNotFoundException'{0x00000000d5df24f0}: sun/net/www/protocol/jdt/Handler> (0x00000000d5df24f0) 
thrown [s\src\hotspot\share\classfile\systemDictionary.cpp, line 256]
Event: 65.651 Thread 0x0000027391292080 Exception <a 'java/lang/ClassNotFoundException'{0x00000000d5df4e18}: sun/net/www/protocol/jdt/Handler> (0x00000000d5df4e18) 
thrown [s\src\hotspot\share\classfile\systemDictionary.cpp, line 256]
Event: 65.652 Thread 0x0000027391292080 Exception <a 'java/lang/ClassNotFoundException'{0x00000000d5df7b88}: sun/net/www/protocol/jdt/Handler> (0x00000000d5df7b88) 
thrown [s\src\hotspot\share\classfile\systemDictionary.cpp, line 256]
Event: 65.652 Thread 0x0000027391292080 Exception <a 'java/lang/ClassNotFoundException'{0x00000000d5dfd620}: sun/net/www/protocol/jdt/Handler> (0x00000000d5dfd620) 
thrown [s\src\hotspot\share\classfile\systemDictionary.cpp, line 256]
Event: 122.947 Thread 0x0000027391293ee0 Exception <a 'sun/nio/fs/WindowsException'{0x00000000d635da18}> (0x00000000d635da18) 
thrown [s\src\hotspot\share\prims\jni.cpp, line 516]
Event: 122.948 Thread 0x0000027391293ee0 Exception <a 'sun/nio/fs/WindowsException'{0x00000000d635e2f8}> (0x00000000d635e2f8) 
thrown [s\src\hotspot\share\prims\jni.cpp, line 516]
Event: 123.094 Thread 0x000002738f1ee910 Exception <a 'java/lang/NoSuchMethodError'{0x00000000d55f75a8}: 'java.lang.Object java.lang.invoke.DirectMethodHandle$Holder.newInvokeSpecial(java.lang.Object, java.lang.Object, int, java.lang.Object, java.lang.Object)'> (0x00000000d55f75a8) 
thrown [s\src\hotspot\share\interpreter\linkResolver.cpp, line 759]
Event: 123.094 Thread 0x000002738f1ee910 Exception <a 'java/lang/NoSuchMethodError'{0x00000000d55fb730}: 'java.lang.Object java.lang.invoke.Invokers$Holder.linkToTargetMethod(java.lang.Object, int, java.lang.Object, java.lang.Object, java.lang.Object)'> (0x00000000d55fb730) 
thrown [s\src\hotspot\share\interpreter\linkResolver.cpp, line 759]
Event: 123.096 Thread 0x000002738f1ee910 Exception <a 'java/lang/NoSuchMethodError'{0x00000000d5611b10}: 'java.lang.Object java.lang.invoke.DirectMethodHandle$Holder.invokeSpecial(java.lang.Object, java.lang.Object, java.lang.Object, int, java.lang.Object, java.lang.Object, java.lang.Object)'> (0x00000000d5611b10) 
thrown [s\src\hotspot\share\interpreter\linkResolver.cpp, line 759]
Event: 123.097 Thread 0x000002738f1ee910 Exception <a 'java/lang/NoSuchMethodError'{0x00000000d561aed8}: 'java.lang.Object java.lang.invoke.DirectMethodHandle$Holder.invokeStatic(java.lang.Object, java.lang.Object, int, java.lang.Object, java.lang.Object)'> (0x00000000d561aed8) 
thrown [s\src\hotspot\share\interpreter\linkResolver.cpp, line 759]
Event: 123.105 Thread 0x000002738f1ee910 Exception <a 'java/lang/NoSuchMethodError'{0x00000000d56912b0}: 'void java.lang.invoke.DirectMethodHandle$Holder.invokeStatic(java.lang.Object, int)'> (0x00000000d56912b0) 
thrown [s\src\hotspot\share\interpreter\linkResolver.cpp, line 759]
Event: 123.156 Thread 0x000002738f1ee910 Exception <a 'java/io/FileNotFoundException'{0x00000000d5cb3978}> (0x00000000d5cb3978) 
thrown [s\src\hotspot\share\prims\jni.cpp, line 516]
Event: 123.156 Thread 0x000002738f1ee910 Exception <a 'java/io/FileNotFoundException'{0x00000000d5cb4f10}> (0x00000000d5cb4f10) 
thrown [s\src\hotspot\share\prims\jni.cpp, line 516]
Event: 123.156 Thread 0x000002738f1ee910 Exception <a 'java/io/FileNotFoundException'{0x00000000d5cb5f30}> (0x00000000d5cb5f30) 
thrown [s\src\hotspot\share\prims\jni.cpp, line 516]
Event: 123.401 Thread 0x000002738f1ee910 Implicit null exception at 0x0000027387f5afa0 to 0x0000027387f5b04c
Event: 123.509 Thread 0x000002738f1ee910 Exception <a 'java/lang/NoSuchMethodError'{0x00000000d61364d8}: 'void java.lang.invoke.DirectMethodHandle$Holder.invokeSpecial(java.lang.Object, java.lang.Object, java.lang.Object, java.lang.Object, java.lang.Object, java.lang.Object, java.lang.Object)'> (0x00000000d61364d8) 
thrown [s\src\hotspot\share\interpreter\linkResolver.cpp, line 759]
Event: 391.105 Thread 0x0000027391298ad0 Exception <a 'java/lang/ArrayIndexOutOfBoundsException'{0x00000000d63ce028}> (0x00000000d63ce028) 
thrown [s\src\hotspot\share\runtime\sharedRuntime.cpp, line 631]

VM Operations (20 events):
Event: 391.817 Executing VM operation: ParallelGCFailedAllocation
Event: 391.820 Executing VM operation: ParallelGCFailedAllocation done
Event: 391.827 Executing VM operation: ParallelGCFailedAllocation
Event: 391.831 Executing VM operation: ParallelGCFailedAllocation done
Event: 391.839 Executing VM operation: ParallelGCFailedAllocation
Event: 391.841 Executing VM operation: ParallelGCFailedAllocation done
Event: 391.850 Executing VM operation: ParallelGCFailedAllocation
Event: 391.854 Executing VM operation: ParallelGCFailedAllocation done
Event: 391.864 Executing VM operation: ParallelGCFailedAllocation
Event: 391.866 Executing VM operation: ParallelGCFailedAllocation done
Event: 391.891 Executing VM operation: ParallelGCFailedAllocation
Event: 391.893 Executing VM operation: ParallelGCFailedAllocation done
Event: 391.919 Executing VM operation: ParallelGCFailedAllocation
Event: 391.924 Executing VM operation: ParallelGCFailedAllocation done
Event: 392.196 Executing VM operation: ParallelGCFailedAllocation
Event: 392.197 Executing VM operation: ParallelGCFailedAllocation done
Event: 392.224 Executing VM operation: ParallelGCFailedAllocation
Event: 392.225 Executing VM operation: ParallelGCFailedAllocation done
Event: 393.226 Executing VM operation: Cleanup
Event: 393.226 Executing VM operation: Cleanup done

Events (20 events):
Event: 123.302 loading class java/nio/file/attribute/PosixFileAttributes done
Event: 123.513 Thread 0x000002738f1eee20 Thread added: 0x000002738f1eee20
Event: 124.930 Thread 0x00000273931f11b0 Thread exited: 0x00000273931f11b0
Event: 124.930 Thread 0x00000273917eb850 Thread exited: 0x00000273917eb850
Event: 136.255 Thread 0x0000027391292080 Thread exited: 0x0000027391292080
Event: 183.518 Thread 0x000002738f1eee20 Thread exited: 0x000002738f1eee20
Event: 183.518 Thread 0x000002738f1ee910 Thread exited: 0x000002738f1ee910
Event: 196.258 Thread 0x00000273912994f0 Thread exited: 0x00000273912994f0
Event: 256.258 Thread 0x0000027391294e10 Thread exited: 0x0000027391294e10
Event: 316.259 Thread 0x0000027391296760 Thread exited: 0x0000027391296760
Event: 376.264 Thread 0x0000027391299a00 Thread exited: 0x0000027391299a00
Event: 390.787 Thread 0x000002738f1ee910 Thread added: 0x000002738f1ee910
Event: 391.108 Thread 0x00000273917eb850 Thread added: 0x00000273917eb850
Event: 391.114 Thread 0x000002738f1eee20 Thread added: 0x000002738f1eee20
Event: 391.226 Thread 0x0000027391294e10 Thread added: 0x0000027391294e10
Event: 391.229 Thread 0x00000273912994f0 Thread added: 0x00000273912994f0
Event: 391.230 Thread 0x0000027391296760 Thread added: 0x0000027391296760
Event: 391.418 Thread 0x00000273931f11b0 Thread added: 0x00000273931f11b0
Event: 393.716 Thread 0x00000273931f11b0 Thread exited: 0x00000273931f11b0
Event: 393.717 Thread 0x00000273917eb850 Thread exited: 0x00000273917eb850


Dynamic libraries:
0x00007ff71d2f0000 - 0x00007ff71d2fe000 	c:\Users\Sergio\.vscode\extensions\redhat.java-1.31.0-win32-x64\jre\17.0.11-win32-x86_64\bin\java.exe
0x00007ffbbce90000 - 0x00007ffbbd0a7000 	C:\WINDOWS\SYSTEM32\ntdll.dll
0x00007ffbbcce0000 - 0x00007ffbbcda4000 	C:\WINDOWS\System32\KERNEL32.DLL
0x00007ffbba7b0000 - 0x00007ffbbab5c000 	C:\WINDOWS\System32\KERNELBASE.dll
0x00007ffbba260000 - 0x00007ffbba371000 	C:\WINDOWS\System32\ucrtbase.dll
0x00007ffbb39a0000 - 0x00007ffbb39b7000 	c:\Users\Sergio\.vscode\extensions\redhat.java-1.31.0-win32-x64\jre\17.0.11-win32-x86_64\bin\jli.dll
0x00007ffbb07a0000 - 0x00007ffbb07bb000 	c:\Users\Sergio\.vscode\extensions\redhat.java-1.31.0-win32-x64\jre\17.0.11-win32-x86_64\bin\VCRUNTIME140.dll
0x00007ffbbaf10000 - 0x00007ffbbb0be000 	C:\WINDOWS\System32\USER32.dll
0x00007ffbba400000 - 0x00007ffbba426000 	C:\WINDOWS\System32\win32u.dll
0x00007ffba2bc0000 - 0x00007ffba2e53000 	C:\WINDOWS\WinSxS\amd64_microsoft.windows.common-controls_6595b64144ccf1df_6.0.22621.3672_none_2713b9d173822955\COMCTL32.dll
0x00007ffbbb340000 - 0x00007ffbbb369000 	C:\WINDOWS\System32\GDI32.dll
0x00007ffbbcc30000 - 0x00007ffbbccd7000 	C:\WINDOWS\System32\msvcrt.dll
0x00007ffbba430000 - 0x00007ffbba549000 	C:\WINDOWS\System32\gdi32full.dll
0x00007ffbba1c0000 - 0x00007ffbba25a000 	C:\WINDOWS\System32\msvcp_win.dll
0x00007ffbbb630000 - 0x00007ffbbb661000 	C:\WINDOWS\System32\IMM32.DLL
0x00007ffbb3a30000 - 0x00007ffbb3a3c000 	c:\Users\Sergio\.vscode\extensions\redhat.java-1.31.0-win32-x64\jre\17.0.11-win32-x86_64\bin\vcruntime140_1.dll
0x00007ffb8de90000 - 0x00007ffb8df1d000 	c:\Users\Sergio\.vscode\extensions\redhat.java-1.31.0-win32-x64\jre\17.0.11-win32-x86_64\bin\msvcp140.dll
0x00007ffb67e80000 - 0x00007ffb68ae2000 	c:\Users\Sergio\.vscode\extensions\redhat.java-1.31.0-win32-x64\jre\17.0.11-win32-x86_64\bin\server\jvm.dll
0x00007ffbbabd0000 - 0x00007ffbbac82000 	C:\WINDOWS\System32\ADVAPI32.dll
0x00007ffbbae60000 - 0x00007ffbbaf08000 	C:\WINDOWS\System32\sechost.dll
0x00007ffbba550000 - 0x00007ffbba578000 	C:\WINDOWS\System32\bcrypt.dll
0x00007ffbbb220000 - 0x00007ffbbb335000 	C:\WINDOWS\System32\RPCRT4.dll
0x00007ffbb9050000 - 0x00007ffbb909d000 	C:\WINDOWS\SYSTEM32\POWRPROF.dll
0x00007ffbb3980000 - 0x00007ffbb3989000 	C:\WINDOWS\SYSTEM32\WSOCK32.dll
0x00007ffbadc80000 - 0x00007ffbadcb4000 	C:\WINDOWS\SYSTEM32\WINMM.dll
0x00007ffbbb680000 - 0x00007ffbbb6f1000 	C:\WINDOWS\System32\WS2_32.dll
0x00007ffbace50000 - 0x00007ffbace5a000 	C:\WINDOWS\SYSTEM32\VERSION.dll
0x00007ffbb9030000 - 0x00007ffbb9043000 	C:\WINDOWS\SYSTEM32\UMPDC.dll
0x00007ffbb92e0000 - 0x00007ffbb92f8000 	C:\WINDOWS\SYSTEM32\kernel.appcore.dll
0x00007ffbb1e50000 - 0x00007ffbb1e5a000 	c:\Users\Sergio\.vscode\extensions\redhat.java-1.31.0-win32-x64\jre\17.0.11-win32-x86_64\bin\jimage.dll
0x00007ffbb7680000 - 0x00007ffbb78b2000 	C:\WINDOWS\SYSTEM32\DBGHELP.DLL
0x00007ffbbc8a0000 - 0x00007ffbbcc28000 	C:\WINDOWS\System32\combase.dll
0x00007ffbbbfd0000 - 0x00007ffbbc0a7000 	C:\WINDOWS\System32\OLEAUT32.dll
0x00007ffb8e010000 - 0x00007ffb8e042000 	C:\WINDOWS\SYSTEM32\dbgcore.DLL
0x00007ffbba380000 - 0x00007ffbba3fb000 	C:\WINDOWS\System32\bcryptPrimitives.dll
0x00007ffbafa60000 - 0x00007ffbafa6e000 	c:\Users\Sergio\.vscode\extensions\redhat.java-1.31.0-win32-x64\jre\17.0.11-win32-x86_64\bin\instrument.dll
0x00007ffb953e0000 - 0x00007ffb95405000 	c:\Users\Sergio\.vscode\extensions\redhat.java-1.31.0-win32-x64\jre\17.0.11-win32-x86_64\bin\java.dll
0x00007ffba6960000 - 0x00007ffba6978000 	c:\Users\Sergio\.vscode\extensions\redhat.java-1.31.0-win32-x64\jre\17.0.11-win32-x86_64\bin\zip.dll
0x00007ffbbb720000 - 0x00007ffbbbf7c000 	C:\WINDOWS\System32\SHELL32.dll
0x00007ffbb8120000 - 0x00007ffbb8a17000 	C:\WINDOWS\SYSTEM32\windows.storage.dll
0x00007ffbb7fe0000 - 0x00007ffbb811f000 	C:\WINDOWS\SYSTEM32\wintypes.dll
0x00007ffbbb120000 - 0x00007ffbbb214000 	C:\WINDOWS\System32\SHCORE.dll
0x00007ffbbc120000 - 0x00007ffbbc17e000 	C:\WINDOWS\System32\shlwapi.dll
0x00007ffbba0f0000 - 0x00007ffbba111000 	C:\WINDOWS\SYSTEM32\profapi.dll
0x00007ffb94cc0000 - 0x00007ffb94cd9000 	C:\Users\Sergio\.vscode\extensions\redhat.java-1.31.0-win32-x64\jre\17.0.11-win32-x86_64\bin\net.dll
0x00007ffbb0f90000 - 0x00007ffbb10c6000 	C:\WINDOWS\SYSTEM32\WINHTTP.dll
0x00007ffbb9750000 - 0x00007ffbb97b9000 	C:\WINDOWS\system32\mswsock.dll
0x00007ffb93c30000 - 0x00007ffb93c46000 	C:\Users\Sergio\.vscode\extensions\redhat.java-1.31.0-win32-x64\jre\17.0.11-win32-x86_64\bin\nio.dll
0x00007ffb95ee0000 - 0x00007ffb95ef0000 	c:\Users\Sergio\.vscode\extensions\redhat.java-1.31.0-win32-x64\jre\17.0.11-win32-x86_64\bin\verify.dll
0x00007ffb8dfc0000 - 0x00007ffb8e004000 	C:\Users\Sergio\AppData\Roaming\Code\User\globalStorage\redhat.java\1.31.0\config_win\org.eclipse.equinox.launcher\org.eclipse.equinox.launcher.win32.win32.x86_64_1.2.1000.v20240507-1834\eclipse_11902.dll
0x00007ffbbac90000 - 0x00007ffbbae35000 	C:\WINDOWS\System32\ole32.dll
0x00007ffbb99b0000 - 0x00007ffbb99cb000 	C:\WINDOWS\SYSTEM32\CRYPTSP.dll
0x00007ffbb9240000 - 0x00007ffbb9275000 	C:\WINDOWS\system32\rsaenh.dll
0x00007ffbb9850000 - 0x00007ffbb9878000 	C:\WINDOWS\SYSTEM32\USERENV.dll
0x00007ffbb99d0000 - 0x00007ffbb99dc000 	C:\WINDOWS\SYSTEM32\CRYPTBASE.dll
0x00007ffbb8cf0000 - 0x00007ffbb8d1d000 	C:\WINDOWS\SYSTEM32\IPHLPAPI.DLL
0x00007ffbbb670000 - 0x00007ffbbb679000 	C:\WINDOWS\System32\NSI.dll
0x00007ffbb0c50000 - 0x00007ffbb0c69000 	C:\WINDOWS\SYSTEM32\dhcpcsvc6.DLL
0x00007ffbb0c30000 - 0x00007ffbb0c4f000 	C:\WINDOWS\SYSTEM32\dhcpcsvc.DLL
0x00007ffbb8d20000 - 0x00007ffbb8e18000 	C:\WINDOWS\SYSTEM32\DNSAPI.dll
0x00007ffb8de40000 - 0x00007ffb8de85000 	C:\Users\Sergio\AppData\Local\Temp\jna--1821973619\jna2430820507763218106.dll
0x00007ffbbc0b0000 - 0x00007ffbbc0b8000 	C:\WINDOWS\System32\PSAPI.DLL
0x00007ffba5ee0000 - 0x00007ffba5ee9000 	C:\Users\Sergio\.vscode\extensions\redhat.java-1.31.0-win32-x64\jre\17.0.11-win32-x86_64\bin\extnet.dll
0x00007ffbb9300000 - 0x00007ffbb9334000 	C:\WINDOWS\SYSTEM32\ntmarta.dll

dbghelp: loaded successfully - version: 4.0.5 - missing functions: none
symbol engine: initialized successfully - sym options: 0x614 - pdb path: .;c:\Users\Sergio\.vscode\extensions\redhat.java-1.31.0-win32-x64\jre\17.0.11-win32-x86_64\bin;C:\WINDOWS\SYSTEM32;C:\WINDOWS\WinSxS\amd64_microsoft.windows.common-controls_6595b64144ccf1df_6.0.22621.3672_none_2713b9d173822955;c:\Users\Sergio\.vscode\extensions\redhat.java-1.31.0-win32-x64\jre\17.0.11-win32-x86_64\bin\server;C:\Users\Sergio\AppData\Roaming\Code\User\globalStorage\redhat.java\1.31.0\config_win\org.eclipse.equinox.launcher\org.eclipse.equinox.launcher.win32.win32.x86_64_1.2.1000.v20240507-1834;C:\Users\Sergio\AppData\Local\Temp\jna--1821973619

VM Arguments:
jvm_args: --add-modules=ALL-SYSTEM --add-opens=java.base/java.util=ALL-UNNAMED --add-opens=java.base/java.lang=ALL-UNNAMED --add-opens=java.base/sun.nio.fs=ALL-UNNAMED -Declipse.application=org.eclipse.jdt.ls.core.id1 -Dosgi.bundles.defaultStartLevel=4 -Declipse.product=org.eclipse.jdt.ls.core.product -Djava.import.generatesMetadataFilesAtProjectRoot=false -DDetectVMInstallationsJob.disabled=true -Dfile.encoding=utf8 -XX:+UseParallelGC -XX:GCTimeRatio=4 -XX:AdaptiveSizePolicyWeight=90 -Dsun.zip.disableMemoryMapping=true -Xmx2G -Xms100m -Xlog:disable -javaagent:c:\Users\Sergio\.vscode\extensions\redhat.java-1.31.0-win32-x64\lombok\lombok-1.18.32.jar -XX:+HeapDumpOnOutOfMemoryError -XX:HeapDumpPath=c:\Users\Sergio\AppData\Roaming\Code\User\workspaceStorage\5343854ed622dacb063563fdaa0c68f0\redhat.java -Daether.dependencyCollector.impl=bf 
java_command: c:\Users\Sergio\.vscode\extensions\redhat.java-1.31.0-win32-x64\server\plugins\org.eclipse.equinox.launcher_1.6.800.v20240513-1750.jar -configuration c:\Users\Sergio\AppData\Roaming\Code\User\globalStorage\redhat.java\1.31.0\config_win -data c:\Users\Sergio\AppData\Roaming\Code\User\workspaceStorage\5343854ed622dacb063563fdaa0c68f0\redhat.java\jdt_ws --pipe=\\.\pipe\lsp-a5b2b245cb037698983d6911ed449b0e-sock
java_class_path (initial): c:\Users\Sergio\.vscode\extensions\redhat.java-1.31.0-win32-x64\server\plugins\org.eclipse.equinox.launcher_1.6.800.v20240513-1750.jar
Launcher Type: SUN_STANDARD

[Global flags]
    uintx AdaptiveSizePolicyWeight                 = 90                                        {product} {command line}
     intx CICompilerCount                          = 4                                         {product} {ergonomic}
    uintx GCTimeRatio                              = 4                                         {product} {command line}
     bool HeapDumpOnOutOfMemoryError               = true                                   {manageable} {command line}
    ccstr HeapDumpPath                             = c:\Users\Sergio\AppData\Roaming\Code\User\workspaceStorage\5343854ed622dacb063563fdaa0c68f0\redhat.java         {manageable} {command line}
   size_t InitialHeapSize                          = 104857600                                 {product} {command line}
   size_t MaxHeapSize                              = 2147483648                                {product} {command line}
   size_t MaxNewSize                               = 715653120                                 {product} {ergonomic}
   size_t MinHeapDeltaBytes                        = 524288                                    {product} {ergonomic}
   size_t MinHeapSize                              = 104857600                                 {product} {command line}
   size_t NewSize                                  = 34603008                                  {product} {ergonomic}
    uintx NonNMethodCodeHeapSize                   = 5839372                                {pd product} {ergonomic}
    uintx NonProfiledCodeHeapSize                  = 122909434                              {pd product} {ergonomic}
   size_t OldSize                                  = 70254592                                  {product} {ergonomic}
    uintx ProfiledCodeHeapSize                     = 122909434                              {pd product} {ergonomic}
    uintx ReservedCodeCacheSize                    = 251658240                              {pd product} {ergonomic}
     bool SegmentedCodeCache                       = true                                      {product} {ergonomic}
   size_t SoftMaxHeapSize                          = 2147483648                             {manageable} {ergonomic}
     bool UseCompressedClassPointers               = true                           {product lp64_product} {ergonomic}
     bool UseCompressedOops                        = true                           {product lp64_product} {ergonomic}
     bool UseLargePagesIndividualAllocation        = false                                  {pd product} {ergonomic}
     bool UseParallelGC                            = true                                      {product} {command line}

Logging:
Log output configuration:
 #0: stdout all=off uptime,level,tags
 #1: stderr all=off uptime,level,tags

Environment Variables:
JAVA_HOME=C:\Program Files\Java\jdk-15
PATH=C:\Program Files\Java\jdk-15\bin;C:\Program Files\Maven\apache-maven-3.9.4-bin\apache-maven-3.9.4\bin;C:\Phyton38\Scripts\;C:\Phyton38\;C:\Program Files\Common Files\Oracle\Java\javapath;C:\Program Files (x86)\Common Files\Oracle\Java\java8path;C:\Program Files (x86)\Common Files\Oracle\Java\javapath;C:\WINDOWS\system32;C:\WINDOWS;C:\WINDOWS\System32\Wbem;C:\WINDOWS\System32\WindowsPowerShell\v1.0\;C:\WINDOWS\System32\OpenSSH\;C:\Program Files\Git\cmd;C:\Program Files (x86)\Scm Group\Xilog Plus\BIN;C:\Program Files\Microsoft SQL Server\Client SDK\ODBC\170\Tools\Binn\;C:\Program Files (x86)\Microsoft SQL Server\150\Tools\Binn\;C:\Program Files\Microsoft SQL Server\150\Tools\Binn\;C:\Program Files\Microsoft SQL Server\150\DTS\Binn\;C:\Program Files\AutoFirmaJA\AutoFirmaJA;C:\xampp\php;C:\Program Files (x86)\Bitvise SSH Client;C:\Program Files\PuTTY\;C:\ProgramData\ComposerSetup\bin;C:\xampp\mysql\bin;C:\Program Files\Maven\apache-maven-3.9.4-bin\apache-maven-3.9.4\bin;C:\Users\Sergio\AppData\Roaming\nvm;C:\Program Files\nodejs;C:\Program Files\MySQL\MySQL Shell 8.0\bin\;C:\Users\Sergio\AppData\Local\Microsoft\WindowsApps;C:\Users\Sergio\AppData\Local\Programs\Microsoft VS Code\bin;C:\Users\Sergio\AppData\Roaming\npm;C:\Users\Sergio\AppData\Roaming\Composer\vendor\bin;C:\Users\Sergio\AppData\Local\Microsoft\WindowsApps;C:\Users\Sergio\AppData\Roaming\nvm;C:\Program Files\nodejs
USERNAME=Sergio
OS=Windows_NT
PROCESSOR_IDENTIFIER=Intel64 Family 6 Model 142 Stepping 12, GenuineIntel
TMP=C:\Users\Sergio\AppData\Local\Temp
TEMP=C:\Users\Sergio\AppData\Local\Temp



Periodic native trim disabled


---------------  S Y S T E M  ---------------

OS:
 Windows 11 , 64 bit Build 22621 (10.0.22621.3672)
OS uptime: 2 days 15:33 hours

CPU: total 8 (initial active 8) (4 cores per cpu, 2 threads per core) family 6 model 142 stepping 12 microcode 0xde, cx8, cmov, fxsr, ht, mmx, 3dnowpref, sse, sse2, sse3, ssse3, sse4.1, sse4.2, popcnt, lzcnt, tsc, tscinvbit, avx, avx2, aes, erms, clmul, bmi1, bmi2, adx, fma, vzeroupper, clflush, clflushopt
Processor Information for all 8 processors :
  Max Mhz: 2304, Current Mhz: 1803, Mhz Limit: 1797

Memory: 4k page, system-wide physical 16193M (7414M free)
TotalPageFile size 18254M (AvailPageFile size 9042M)
current process WorkingSet (physical memory assigned to process): 360M, peak: 420M
current process commit charge ("private bytes"): 427M, peak: 495M

vm_info: OpenJDK 64-Bit Server VM (17.0.11+9) for windows-amd64 JRE (17.0.11+9), built on Apr 17 2024 06:07:48 by "admin" with MS VC++ 16.10 / 16.11 (VS2019)

END.
