#
# A fatal error has been detected by the Java Runtime Environment:
#
#  EXCEPTION_ACCESS_VIOLATION (0xc0000005) at pc=0x00007ffb64c72cc5, pid=21348, tid=6852
#
# JRE version: Java(TM) SE Runtime Environment (17.0.9+11) (build 17.0.9+11-LTS-201)
# Java VM: Java HotSpot(TM) 64-Bit Server VM (17.0.9+11-LTS-201, mixed mode, sharing, tiered, compressed oops, compressed class ptrs, g1 gc, windows-amd64)
# Problematic frame:
# V  [jvm.dll+0x562cc5]
#
# No core dump will be written. Minidumps are not enabled by default on client versions of Windows
#
# If you would like to submit a bug report, please visit:
#   https://bugreport.java.com/bugreport/crash.jsp
#

---------------  S U M M A R Y ------------

Command Line: -XX:+ShowCodeDetailsInExceptionMessages com.example.activate.ActivateApplication

Host: Intel(R) Core(TM) i7-10510U CPU @ 1.80GHz, 8 cores, 15G,  Windows 11 , 64 bit Build 22621 (10.0.22621.3672)
Time: Sun Jun  2 19:52:24 2024 Hora de verano romance elapsed time: 1.257392 seconds (0d 0h 0m 1s)

---------------  T H R E A D  ---------------

Current thread (0x00000155508a5e70):  JavaThread "C2 CompilerThread1" daemon [_thread_in_native, id=6852, stack(0x0000000624700000,0x0000000624800000)]


Current CompileTask:
C2:   1257 2286       4       jdk.internal.jimage.ImageLocation::verify (218 bytes)

Stack: [0x0000000624700000,0x0000000624800000],  sp=0x00000006247fb9d0,  free space=1006k
Native frames: (J=compiled Java code, j=interpreted, Vv=VM code, C=native code)
V  [jvm.dll+0x562cc5]
V  [jvm.dll+0x1bb7db]
V  [jvm.dll+0x218287]
V  [jvm.dll+0x217561]
V  [jvm.dll+0x1a3bc0]
V  [jvm.dll+0x2272de]
V  [jvm.dll+0x22548b]
V  [jvm.dll+0x78f58c]
V  [jvm.dll+0x78998a]
V  [jvm.dll+0x677875]
C  [ucrtbase.dll+0x29333]
C  [KERNEL32.DLL+0x1257d]
C  [ntdll.dll+0x5aa48]


siginfo: EXCEPTION_ACCESS_VIOLATION (0xc0000005), reading address 0x0000000100000029


Register to memory mapping:

RIP=0x00007ffb64c72cc5 jvm.dll
RAX=0x00000006247fbe80 is pointing into the stack for thread: 0x00000155508a5e70
RBX=0x000001559632be60 points into unknown readable memory: 0x00007ffb64fd2c30 | 30 2c fd 64 fb 7f 00 00
RCX=0x0000000100000001 is an unknown value
RDX=0x0 is NULL
RSP=0x00000006247fb9d0 is pointing into the stack for thread: 0x00000155508a5e70
RBP=0x0000015597abbd68 points into unknown readable memory: 0x00007ffb64fd2c30 | 30 2c fd 64 fb 7f 00 00
RSI=0x0000000000000028 is an unknown value
RDI=0x00000006247fbbe0 is pointing into the stack for thread: 0x00000155508a5e70
R8 =0x0000015597c12a70 points into unknown readable memory: 0x0000000100000002 | 02 00 00 00 01 00 00 00
R9 =0x00000006247fba30 is pointing into the stack for thread: 0x00000155508a5e70
R10=0x0000015597fa8498 points into unknown readable memory: 0x0000000000000000 | 00 00 00 00 00 00 00 00
R11=0x0000000000000004 is an unknown value
R12=0x0000000000000005 is an unknown value
R13=0x0000015597c12a70 points into unknown readable memory: 0x0000000100000002 | 02 00 00 00 01 00 00 00
R14=0x0000000000000001 is an unknown value
R15=0x0 is NULL


Registers:
RAX=0x00000006247fbe80, RBX=0x000001559632be60, RCX=0x0000000100000001, RDX=0x0000000000000000
RSP=0x00000006247fb9d0, RBP=0x0000015597abbd68, RSI=0x0000000000000028, RDI=0x00000006247fbbe0
R8 =0x0000015597c12a70, R9 =0x00000006247fba30, R10=0x0000015597fa8498, R11=0x0000000000000004
R12=0x0000000000000005, R13=0x0000015597c12a70, R14=0x0000000000000001, R15=0x0000000000000000
RIP=0x00007ffb64c72cc5, EFLAGS=0x0000000000010202

Top of Stack: (sp=0x00000006247fb9d0)
0x00000006247fb9d0:   00000006247fbbe0 0000015597abbd68
0x00000006247fb9e0:   0000015597abbd68 0000000000000020
0x00000006247fb9f0:   00000155507af860 0000015597c12a70
0x00000006247fba00:   0000000000000028 00000155507e3570
0x00000006247fba10:   0000015597a41220 00000000000a3320
0x00000006247fba20:   0000015597a45270 0000015597a49208
0x00000006247fba30:   0000015500000010 0000015597c14d00
0x00000006247fba40:   0000000000000010 00000155507e3570
0x00000006247fba50:   0000000000027a90 0000015550753000
0x00000006247fba60:   00000006247fc000 00000000000003d8
0x00000006247fba70:   0000000000000001 0000000000000000
0x00000006247fba80:   0000015550753010 00000006247fbba0
0x00000006247fba90:   00000006247fbf20 00007ffb648cb7db
0x00000006247fbaa0:   0000000600000013 0000000600000001
0x00000006247fbab0:   000001559632be60 00000155507af890
0x00000006247fbac0:   0000015500000000 0000015500000002 

Instructions: (pc=0x00007ffb64c72cc5)
0x00007ffb64c72bc5:   48 08 8b 34 91 85 f6 74 5c 49 8b 47 08 8b ce 48
0x00007ffb64c72bd5:   c1 e9 08 8b de 4c 8b 04 c8 4d 3b c2 75 14 8b d6
0x00007ffb64c72be5:   49 8b cf e8 93 47 e0 ff 4c 8b c0 4c 8d 15 71 7c
0x00007ffb64c72bf5:   5a 00 0f b6 cb ba 01 00 00 00 48 c1 eb 06 80 e1
0x00007ffb64c72c05:   3f 83 e3 03 48 d3 e2 49 8b 0c d8 48 8b c1 48 0b
0x00007ffb64c72c15:   c2 49 89 04 d8 48 8b 9c 24 e0 00 00 00 48 85 ca
0x00007ffb64c72c25:   75 03 41 ff 07 49 8b 45 08 48 8b ce 48 c1 e9 08
0x00007ffb64c72c35:   4c 8b ce 49 c1 e9 06 41 b8 01 00 00 00 41 83 e1
0x00007ffb64c72c45:   03 48 8b 14 c8 40 0f b6 ce 80 e1 3f 49 d3 e0 49
0x00007ffb64c72c55:   8b c0 4a 8b 0c ca 48 f7 d0 48 23 c1 4a 89 04 ca
0x00007ffb64c72c65:   49 85 c8 74 04 41 ff 4d 00 85 ed 0f 85 2c ff ff
0x00007ffb64c72c75:   ff 48 8b cb 41 bc 01 00 00 00 e8 8c de bb ff 41
0x00007ffb64c72c85:   3b c4 0f 86 04 02 00 00 0f 1f 00 83 7b 18 00 76
0x00007ffb64c72c95:   09 48 8b 43 20 48 8b 08 eb 02 33 c9 41 8b c4 4c
0x00007ffb64c72ca5:   8d 4c 24 60 48 8d 34 c5 00 00 00 00 4d 8b c5 48
0x00007ffb64c72cb5:   8b 41 08 48 89 74 24 30 48 8b 0c 30 48 8b 47 40
0x00007ffb64c72cc5:   8b 51 28 48 8b 48 78 48 8b 2c d1 48 8b cf 48 8b
0x00007ffb64c72cd5:   d5 e8 95 f6 ff ff 45 8b fe 45 85 f6 0f 84 96 01
0x00007ffb64c72ce5:   00 00 4c 8b 6c 24 20 0f 1f 40 00 41 8d 47 ff 44
0x00007ffb64c72cf5:   8b f8 3b 43 18 73 0c 8b c8 48 8b 43 20 48 8b 04
0x00007ffb64c72d05:   c8 eb 02 33 c0 44 3b 60 18 0f 83 53 01 00 00 48
0x00007ffb64c72d15:   8b 40 08 48 8b 0c 30 48 8b 47 48 48 63 51 28 48
0x00007ffb64c72d25:   8b 48 08 8b 45 4c ff c8 44 8b 34 91 41 8b d6 48
0x00007ffb64c72d35:   8d 0c 80 48 c1 e1 05 48 03 4f 10 e8 9b b7 c5 ff
0x00007ffb64c72d45:   84 c0 0f 84 1a 01 00 00 44 8b 5d 4c 45 8b ce 49
0x00007ffb64c72d55:   c1 e9 08 45 8b c6 49 c1 e8 06 41 83 e0 03 41 8d
0x00007ffb64c72d65:   43 ff 48 8d 0c 80 8b d8 48 8b 47 20 48 c1 e1 05
0x00007ffb64c72d75:   48 8b 54 01 08 41 0f b6 c6 24 3f 0f b6 c8 4a 8b
0x00007ffb64c72d85:   14 ca 4a 8b 04 c2 48 0f a3 c8 0f 82 ca 00 00 00
0x00007ffb64c72d95:   48 8b 47 28 48 83 3c d8 00 75 48 41 8b c3 c1 e8
0x00007ffb64c72da5:   05 3b 44 24 60 73 3c 8b c8 41 83 e3 1f 48 8b 44
0x00007ffb64c72db5:   24 68 8b 0c 88 44 0f a3 d9 73 28 48 8b 5f 38 8b 


Stack slot to memory mapping:
stack at sp + 0 slots: 0x00000006247fbbe0 is pointing into the stack for thread: 0x00000155508a5e70
stack at sp + 1 slots: 0x0000015597abbd68 points into unknown readable memory: 0x00007ffb64fd2c30 | 30 2c fd 64 fb 7f 00 00
stack at sp + 2 slots: 0x0000015597abbd68 points into unknown readable memory: 0x00007ffb64fd2c30 | 30 2c fd 64 fb 7f 00 00
stack at sp + 3 slots: 0x0000000000000020 is an unknown value
stack at sp + 4 slots: 0x00000155507af860 points into unknown readable memory: 0x00000155508a5e70 | 70 5e 8a 50 55 01 00 00
stack at sp + 5 slots: 0x0000015597c12a70 points into unknown readable memory: 0x0000000100000002 | 02 00 00 00 01 00 00 00
stack at sp + 6 slots: 0x0000000000000028 is an unknown value
stack at sp + 7 slots: 0x00000155507e3570 points into unknown readable memory: 0x0000000000000006 | 06 00 00 00 00 00 00 00


---------------  P R O C E S S  ---------------

Threads class SMR info:
_java_thread_list=0x00000155971f1f00, length=16, elements={
0x000001552d8b81f0, 0x000001555054df40, 0x000001555054ead0, 0x00000155505650a0,
0x0000015550565970, 0x0000015550566240, 0x0000015550566b10, 0x00000155506a83c0,
0x00000155506b0d90, 0x000001555056e960, 0x00000155507d5ad0, 0x00000155507e0fc0,
0x00000155508a5e70, 0x0000015596954720, 0x0000015596954c00, 0x0000015596f3c6d0
}

Java Threads: ( => current thread )
  0x000001552d8b81f0 JavaThread "main" [_thread_blocked, id=15652, stack(0x0000000623400000,0x0000000623500000)]
  0x000001555054df40 JavaThread "Reference Handler" daemon [_thread_blocked, id=10068, stack(0x0000000623b00000,0x0000000623c00000)]
  0x000001555054ead0 JavaThread "Finalizer" daemon [_thread_blocked, id=11428, stack(0x0000000623c00000,0x0000000623d00000)]
  0x00000155505650a0 JavaThread "Signal Dispatcher" daemon [_thread_blocked, id=18568, stack(0x0000000623d00000,0x0000000623e00000)]
  0x0000015550565970 JavaThread "Attach Listener" daemon [_thread_blocked, id=18780, stack(0x0000000623e00000,0x0000000623f00000)]
  0x0000015550566240 JavaThread "Service Thread" daemon [_thread_blocked, id=20288, stack(0x0000000623f00000,0x0000000624000000)]
  0x0000015550566b10 JavaThread "Monitor Deflation Thread" daemon [_thread_blocked, id=18116, stack(0x0000000624000000,0x0000000624100000)]
  0x00000155506a83c0 JavaThread "C2 CompilerThread0" daemon [_thread_in_native, id=19056, stack(0x0000000624100000,0x0000000624200000)]
  0x00000155506b0d90 JavaThread "C1 CompilerThread0" daemon [_thread_in_vm, id=2744, stack(0x0000000624200000,0x0000000624300000)]
  0x000001555056e960 JavaThread "Sweeper thread" daemon [_thread_blocked, id=21036, stack(0x0000000624300000,0x0000000624400000)]
  0x00000155507d5ad0 JavaThread "Notification Thread" daemon [_thread_blocked, id=1552, stack(0x0000000624400000,0x0000000624500000)]
  0x00000155507e0fc0 JavaThread "Common-Cleaner" daemon [_thread_blocked, id=15168, stack(0x0000000624600000,0x0000000624700000)]
=>0x00000155508a5e70 JavaThread "C2 CompilerThread1" daemon [_thread_in_native, id=6852, stack(0x0000000624700000,0x0000000624800000)]
  0x0000015596954720 JavaThread "Thread-0" [_thread_blocked, id=5164, stack(0x0000000624800000,0x0000000624900000)]
  0x0000015596954c00 JavaThread "restartedMain" [_thread_in_Java, id=2264, stack(0x0000000624900000,0x0000000624a00000)]
  0x0000015596f3c6d0 JavaThread "C2 CompilerThread2" daemon [_thread_in_native, id=22480, stack(0x0000000625200000,0x0000000625300000)]

Other Threads:
  0x0000015550547870 VMThread "VM Thread" [stack: 0x0000000623a00000,0x0000000623b00000] [id=15980]
  0x000001552d9507d0 WatcherThread [stack: 0x0000000624500000,0x0000000624600000] [id=15396]
  0x000001552d92e4d0 GCTaskThread "GC Thread#0" [stack: 0x0000000623500000,0x0000000623600000] [id=16464]
  0x000001559671c4e0 GCTaskThread "GC Thread#1" [stack: 0x0000000624a00000,0x0000000624b00000] [id=264]
  0x000001559671c7a0 GCTaskThread "GC Thread#2" [stack: 0x0000000624b00000,0x0000000624c00000] [id=5268]
  0x00000155969f4930 GCTaskThread "GC Thread#3" [stack: 0x0000000624c00000,0x0000000624d00000] [id=15852]
  0x00000155969f4bf0 GCTaskThread "GC Thread#4" [stack: 0x0000000624d00000,0x0000000624e00000] [id=8072]
  0x00000155969f4eb0 GCTaskThread "GC Thread#5" [stack: 0x0000000624e00000,0x0000000624f00000] [id=20296]
  0x0000015596d81c80 GCTaskThread "GC Thread#6" [stack: 0x0000000625000000,0x0000000625100000] [id=20088]
  0x0000015596d2a480 GCTaskThread "GC Thread#7" [stack: 0x0000000625100000,0x0000000625200000] [id=12284]
  0x000001552d93f040 ConcurrentGCThread "G1 Main Marker" [stack: 0x0000000623600000,0x0000000623700000] [id=6832]
  0x000001552d940100 ConcurrentGCThread "G1 Conc#0" [stack: 0x0000000623700000,0x0000000623800000] [id=21008]
  0x000001552d96ebf0 ConcurrentGCThread "G1 Refine#0" [stack: 0x0000000623800000,0x0000000623900000] [id=12044]
  0x00000155503fda80 ConcurrentGCThread "G1 Service" [stack: 0x0000000623900000,0x0000000623a00000] [id=12316]

Threads with active compile tasks:
C2 CompilerThread0     1302 2331       4       jdk.internal.module.SystemModuleFinders$SystemModuleReader::find (59 bytes)
C1 CompilerThread0     1302 2412  s!   3       sun.net.www.protocol.file.Handler::openConnection (271 bytes)
C2 CompilerThread1     1302 2286       4       jdk.internal.jimage.ImageLocation::verify (218 bytes)
C2 CompilerThread2     1302 2332       4       jdk.internal.module.SystemModuleFinders$SystemModuleReader::containsImageLocation (42 bytes)

VM state: not at safepoint (normal execution)

VM Mutex/Monitor currently owned by a thread: None

Heap address: 0x0000000702e00000, size: 4050 MB, Compressed Oops mode: Zero based, Oop shift amount: 3

CDS archive(s) mapped at: [0x0000015551000000-0x0000015551bd0000-0x0000015551bd0000), size 12386304, SharedBaseAddress: 0x0000015551000000, ArchiveRelocationMode: 1.
Compressed class space mapped at: 0x0000015552000000-0x0000015592000000, reserved size: 1073741824
Narrow klass base: 0x0000015551000000, Narrow klass shift: 0, Narrow klass range: 0x100000000

GC Precious Log:
 CPUs: 8 total, 8 available
 Memory: 16193M
 Large Page Support: Disabled
 NUMA Support: Disabled
 Compressed Oops: Enabled (Zero based)
 Heap Region Size: 2M
 Heap Min Capacity: 8M
 Heap Initial Capacity: 254M
 Heap Max Capacity: 4050M
 Pre-touch: Disabled
 Parallel Workers: 8
 Concurrent Workers: 2
 Concurrent Refinement Workers: 8
 Periodic GC: Disabled

Heap:
 garbage-first heap   total 260096K, used 51557K [0x0000000702e00000, 0x0000000800000000)
  region size 2048K, 23 young (47104K), 1 survivors (2048K)
 Metaspace       used 19292K, committed 19584K, reserved 1114112K
  class space    used 2470K, committed 2624K, reserved 1048576K

Heap Regions: E=young(eden), S=young(survivor), O=old, HS=humongous(starts), HC=humongous(continues), CS=collection set, F=free, OA=open archive, CA=closed archive, TAMS=top-at-mark-start (previous, next)
|   0|0x0000000702e00000, 0x0000000703000000, 0x0000000703000000|100%| O|  |TAMS 0x0000000702e00000, 0x0000000702e00000| Untracked 
|   1|0x0000000703000000, 0x0000000703200000, 0x0000000703200000|100%| O|  |TAMS 0x0000000703000000, 0x0000000703000000| Untracked 
|   2|0x0000000703200000, 0x0000000703400000, 0x0000000703400000|100%| O|  |TAMS 0x0000000703200000, 0x0000000703200000| Untracked 
|   3|0x0000000703400000, 0x0000000703488a00, 0x0000000703600000| 26%| O|  |TAMS 0x0000000703400000, 0x0000000703400000| Untracked 
|   4|0x0000000703600000, 0x0000000703600000, 0x0000000703800000|  0%| F|  |TAMS 0x0000000703600000, 0x0000000703600000| Untracked 
|   5|0x0000000703800000, 0x0000000703800000, 0x0000000703a00000|  0%| F|  |TAMS 0x0000000703800000, 0x0000000703800000| Untracked 
|   6|0x0000000703a00000, 0x0000000703a00000, 0x0000000703c00000|  0%| F|  |TAMS 0x0000000703a00000, 0x0000000703a00000| Untracked 
|   7|0x0000000703c00000, 0x0000000703c00000, 0x0000000703e00000|  0%| F|  |TAMS 0x0000000703c00000, 0x0000000703c00000| Untracked 
|   8|0x0000000703e00000, 0x0000000703e00000, 0x0000000704000000|  0%| F|  |TAMS 0x0000000703e00000, 0x0000000703e00000| Untracked 
|   9|0x0000000704000000, 0x0000000704000000, 0x0000000704200000|  0%| F|  |TAMS 0x0000000704000000, 0x0000000704000000| Untracked 
|  10|0x0000000704200000, 0x0000000704200000, 0x0000000704400000|  0%| F|  |TAMS 0x0000000704200000, 0x0000000704200000| Untracked 
|  11|0x0000000704400000, 0x0000000704400000, 0x0000000704600000|  0%| F|  |TAMS 0x0000000704400000, 0x0000000704400000| Untracked 
|  12|0x0000000704600000, 0x0000000704600000, 0x0000000704800000|  0%| F|  |TAMS 0x0000000704600000, 0x0000000704600000| Untracked 
|  13|0x0000000704800000, 0x0000000704800000, 0x0000000704a00000|  0%| F|  |TAMS 0x0000000704800000, 0x0000000704800000| Untracked 
|  14|0x0000000704a00000, 0x0000000704a00000, 0x0000000704c00000|  0%| F|  |TAMS 0x0000000704a00000, 0x0000000704a00000| Untracked 
|  15|0x0000000704c00000, 0x0000000704c00000, 0x0000000704e00000|  0%| F|  |TAMS 0x0000000704c00000, 0x0000000704c00000| Untracked 
|  16|0x0000000704e00000, 0x0000000704e00000, 0x0000000705000000|  0%| F|  |TAMS 0x0000000704e00000, 0x0000000704e00000| Untracked 
|  17|0x0000000705000000, 0x0000000705000000, 0x0000000705200000|  0%| F|  |TAMS 0x0000000705000000, 0x0000000705000000| Untracked 
|  18|0x0000000705200000, 0x0000000705200000, 0x0000000705400000|  0%| F|  |TAMS 0x0000000705200000, 0x0000000705200000| Untracked 
|  19|0x0000000705400000, 0x0000000705400000, 0x0000000705600000|  0%| F|  |TAMS 0x0000000705400000, 0x0000000705400000| Untracked 
|  20|0x0000000705600000, 0x0000000705600000, 0x0000000705800000|  0%| F|  |TAMS 0x0000000705600000, 0x0000000705600000| Untracked 
|  21|0x0000000705800000, 0x0000000705800000, 0x0000000705a00000|  0%| F|  |TAMS 0x0000000705800000, 0x0000000705800000| Untracked 
|  22|0x0000000705a00000, 0x0000000705a00000, 0x0000000705c00000|  0%| F|  |TAMS 0x0000000705a00000, 0x0000000705a00000| Untracked 
|  23|0x0000000705c00000, 0x0000000705c00000, 0x0000000705e00000|  0%| F|  |TAMS 0x0000000705c00000, 0x0000000705c00000| Untracked 
|  24|0x0000000705e00000, 0x0000000705e00000, 0x0000000706000000|  0%| F|  |TAMS 0x0000000705e00000, 0x0000000705e00000| Untracked 
|  25|0x0000000706000000, 0x0000000706000000, 0x0000000706200000|  0%| F|  |TAMS 0x0000000706000000, 0x0000000706000000| Untracked 
|  26|0x0000000706200000, 0x0000000706200000, 0x0000000706400000|  0%| F|  |TAMS 0x0000000706200000, 0x0000000706200000| Untracked 
|  27|0x0000000706400000, 0x0000000706400000, 0x0000000706600000|  0%| F|  |TAMS 0x0000000706400000, 0x0000000706400000| Untracked 
|  28|0x0000000706600000, 0x0000000706600000, 0x0000000706800000|  0%| F|  |TAMS 0x0000000706600000, 0x0000000706600000| Untracked 
|  29|0x0000000706800000, 0x0000000706800000, 0x0000000706a00000|  0%| F|  |TAMS 0x0000000706800000, 0x0000000706800000| Untracked 
|  30|0x0000000706a00000, 0x0000000706a00000, 0x0000000706c00000|  0%| F|  |TAMS 0x0000000706a00000, 0x0000000706a00000| Untracked 
|  31|0x0000000706c00000, 0x0000000706c00000, 0x0000000706e00000|  0%| F|  |TAMS 0x0000000706c00000, 0x0000000706c00000| Untracked 
|  32|0x0000000706e00000, 0x0000000706e00000, 0x0000000707000000|  0%| F|  |TAMS 0x0000000706e00000, 0x0000000706e00000| Untracked 
|  33|0x0000000707000000, 0x0000000707000000, 0x0000000707200000|  0%| F|  |TAMS 0x0000000707000000, 0x0000000707000000| Untracked 
|  34|0x0000000707200000, 0x0000000707200000, 0x0000000707400000|  0%| F|  |TAMS 0x0000000707200000, 0x0000000707200000| Untracked 
|  35|0x0000000707400000, 0x0000000707400000, 0x0000000707600000|  0%| F|  |TAMS 0x0000000707400000, 0x0000000707400000| Untracked 
|  36|0x0000000707600000, 0x0000000707600000, 0x0000000707800000|  0%| F|  |TAMS 0x0000000707600000, 0x0000000707600000| Untracked 
|  37|0x0000000707800000, 0x0000000707800000, 0x0000000707a00000|  0%| F|  |TAMS 0x0000000707800000, 0x0000000707800000| Untracked 
|  38|0x0000000707a00000, 0x0000000707a00000, 0x0000000707c00000|  0%| F|  |TAMS 0x0000000707a00000, 0x0000000707a00000| Untracked 
|  39|0x0000000707c00000, 0x0000000707c00000, 0x0000000707e00000|  0%| F|  |TAMS 0x0000000707c00000, 0x0000000707c00000| Untracked 
|  40|0x0000000707e00000, 0x0000000707e00000, 0x0000000708000000|  0%| F|  |TAMS 0x0000000707e00000, 0x0000000707e00000| Untracked 
|  41|0x0000000708000000, 0x0000000708000000, 0x0000000708200000|  0%| F|  |TAMS 0x0000000708000000, 0x0000000708000000| Untracked 
|  42|0x0000000708200000, 0x0000000708200000, 0x0000000708400000|  0%| F|  |TAMS 0x0000000708200000, 0x0000000708200000| Untracked 
|  43|0x0000000708400000, 0x0000000708400000, 0x0000000708600000|  0%| F|  |TAMS 0x0000000708400000, 0x0000000708400000| Untracked 
|  44|0x0000000708600000, 0x0000000708600000, 0x0000000708800000|  0%| F|  |TAMS 0x0000000708600000, 0x0000000708600000| Untracked 
|  45|0x0000000708800000, 0x0000000708800000, 0x0000000708a00000|  0%| F|  |TAMS 0x0000000708800000, 0x0000000708800000| Untracked 
|  46|0x0000000708a00000, 0x0000000708a00000, 0x0000000708c00000|  0%| F|  |TAMS 0x0000000708a00000, 0x0000000708a00000| Untracked 
|  47|0x0000000708c00000, 0x0000000708c00000, 0x0000000708e00000|  0%| F|  |TAMS 0x0000000708c00000, 0x0000000708c00000| Untracked 
|  48|0x0000000708e00000, 0x0000000708e00000, 0x0000000709000000|  0%| F|  |TAMS 0x0000000708e00000, 0x0000000708e00000| Untracked 
|  49|0x0000000709000000, 0x0000000709000000, 0x0000000709200000|  0%| F|  |TAMS 0x0000000709000000, 0x0000000709000000| Untracked 
|  50|0x0000000709200000, 0x0000000709200000, 0x0000000709400000|  0%| F|  |TAMS 0x0000000709200000, 0x0000000709200000| Untracked 
|  51|0x0000000709400000, 0x0000000709400000, 0x0000000709600000|  0%| F|  |TAMS 0x0000000709400000, 0x0000000709400000| Untracked 
|  52|0x0000000709600000, 0x0000000709600000, 0x0000000709800000|  0%| F|  |TAMS 0x0000000709600000, 0x0000000709600000| Untracked 
|  53|0x0000000709800000, 0x0000000709800000, 0x0000000709a00000|  0%| F|  |TAMS 0x0000000709800000, 0x0000000709800000| Untracked 
|  54|0x0000000709a00000, 0x0000000709a00000, 0x0000000709c00000|  0%| F|  |TAMS 0x0000000709a00000, 0x0000000709a00000| Untracked 
|  55|0x0000000709c00000, 0x0000000709c00000, 0x0000000709e00000|  0%| F|  |TAMS 0x0000000709c00000, 0x0000000709c00000| Untracked 
|  56|0x0000000709e00000, 0x0000000709e00000, 0x000000070a000000|  0%| F|  |TAMS 0x0000000709e00000, 0x0000000709e00000| Untracked 
|  57|0x000000070a000000, 0x000000070a000000, 0x000000070a200000|  0%| F|  |TAMS 0x000000070a000000, 0x000000070a000000| Untracked 
|  58|0x000000070a200000, 0x000000070a200000, 0x000000070a400000|  0%| F|  |TAMS 0x000000070a200000, 0x000000070a200000| Untracked 
|  59|0x000000070a400000, 0x000000070a400000, 0x000000070a600000|  0%| F|  |TAMS 0x000000070a400000, 0x000000070a400000| Untracked 
|  60|0x000000070a600000, 0x000000070a600000, 0x000000070a800000|  0%| F|  |TAMS 0x000000070a600000, 0x000000070a600000| Untracked 
|  61|0x000000070a800000, 0x000000070a800000, 0x000000070aa00000|  0%| F|  |TAMS 0x000000070a800000, 0x000000070a800000| Untracked 
|  62|0x000000070aa00000, 0x000000070aa00000, 0x000000070ac00000|  0%| F|  |TAMS 0x000000070aa00000, 0x000000070aa00000| Untracked 
|  63|0x000000070ac00000, 0x000000070ac00000, 0x000000070ae00000|  0%| F|  |TAMS 0x000000070ac00000, 0x000000070ac00000| Untracked 
|  64|0x000000070ae00000, 0x000000070ae00000, 0x000000070b000000|  0%| F|  |TAMS 0x000000070ae00000, 0x000000070ae00000| Untracked 
|  65|0x000000070b000000, 0x000000070b000000, 0x000000070b200000|  0%| F|  |TAMS 0x000000070b000000, 0x000000070b000000| Untracked 
|  66|0x000000070b200000, 0x000000070b200000, 0x000000070b400000|  0%| F|  |TAMS 0x000000070b200000, 0x000000070b200000| Untracked 
|  67|0x000000070b400000, 0x000000070b400000, 0x000000070b600000|  0%| F|  |TAMS 0x000000070b400000, 0x000000070b400000| Untracked 
|  68|0x000000070b600000, 0x000000070b600000, 0x000000070b800000|  0%| F|  |TAMS 0x000000070b600000, 0x000000070b600000| Untracked 
|  69|0x000000070b800000, 0x000000070b800000, 0x000000070ba00000|  0%| F|  |TAMS 0x000000070b800000, 0x000000070b800000| Untracked 
|  70|0x000000070ba00000, 0x000000070ba00000, 0x000000070bc00000|  0%| F|  |TAMS 0x000000070ba00000, 0x000000070ba00000| Untracked 
|  71|0x000000070bc00000, 0x000000070bc00000, 0x000000070be00000|  0%| F|  |TAMS 0x000000070bc00000, 0x000000070bc00000| Untracked 
|  72|0x000000070be00000, 0x000000070be00000, 0x000000070c000000|  0%| F|  |TAMS 0x000000070be00000, 0x000000070be00000| Untracked 
|  73|0x000000070c000000, 0x000000070c000000, 0x000000070c200000|  0%| F|  |TAMS 0x000000070c000000, 0x000000070c000000| Untracked 
|  74|0x000000070c200000, 0x000000070c200000, 0x000000070c400000|  0%| F|  |TAMS 0x000000070c200000, 0x000000070c200000| Untracked 
|  75|0x000000070c400000, 0x000000070c400000, 0x000000070c600000|  0%| F|  |TAMS 0x000000070c400000, 0x000000070c400000| Untracked 
|  76|0x000000070c600000, 0x000000070c600000, 0x000000070c800000|  0%| F|  |TAMS 0x000000070c600000, 0x000000070c600000| Untracked 
|  77|0x000000070c800000, 0x000000070c800000, 0x000000070ca00000|  0%| F|  |TAMS 0x000000070c800000, 0x000000070c800000| Untracked 
|  78|0x000000070ca00000, 0x000000070ca00000, 0x000000070cc00000|  0%| F|  |TAMS 0x000000070ca00000, 0x000000070ca00000| Untracked 
|  79|0x000000070cc00000, 0x000000070cc00000, 0x000000070ce00000|  0%| F|  |TAMS 0x000000070cc00000, 0x000000070cc00000| Untracked 
|  80|0x000000070ce00000, 0x000000070ce00000, 0x000000070d000000|  0%| F|  |TAMS 0x000000070ce00000, 0x000000070ce00000| Untracked 
|  81|0x000000070d000000, 0x000000070d000000, 0x000000070d200000|  0%| F|  |TAMS 0x000000070d000000, 0x000000070d000000| Untracked 
|  82|0x000000070d200000, 0x000000070d200000, 0x000000070d400000|  0%| F|  |TAMS 0x000000070d200000, 0x000000070d200000| Untracked 
|  83|0x000000070d400000, 0x000000070d400000, 0x000000070d600000|  0%| F|  |TAMS 0x000000070d400000, 0x000000070d400000| Untracked 
|  84|0x000000070d600000, 0x000000070d600000, 0x000000070d800000|  0%| F|  |TAMS 0x000000070d600000, 0x000000070d600000| Untracked 
|  85|0x000000070d800000, 0x000000070d800000, 0x000000070da00000|  0%| F|  |TAMS 0x000000070d800000, 0x000000070d800000| Untracked 
|  86|0x000000070da00000, 0x000000070da00000, 0x000000070dc00000|  0%| F|  |TAMS 0x000000070da00000, 0x000000070da00000| Untracked 
|  87|0x000000070dc00000, 0x000000070dc00000, 0x000000070de00000|  0%| F|  |TAMS 0x000000070dc00000, 0x000000070dc00000| Untracked 
|  88|0x000000070de00000, 0x000000070de00000, 0x000000070e000000|  0%| F|  |TAMS 0x000000070de00000, 0x000000070de00000| Untracked 
|  89|0x000000070e000000, 0x000000070e000000, 0x000000070e200000|  0%| F|  |TAMS 0x000000070e000000, 0x000000070e000000| Untracked 
|  90|0x000000070e200000, 0x000000070e200000, 0x000000070e400000|  0%| F|  |TAMS 0x000000070e200000, 0x000000070e200000| Untracked 
|  91|0x000000070e400000, 0x000000070e400000, 0x000000070e600000|  0%| F|  |TAMS 0x000000070e400000, 0x000000070e400000| Untracked 
|  92|0x000000070e600000, 0x000000070e600000, 0x000000070e800000|  0%| F|  |TAMS 0x000000070e600000, 0x000000070e600000| Untracked 
|  93|0x000000070e800000, 0x000000070e800000, 0x000000070ea00000|  0%| F|  |TAMS 0x000000070e800000, 0x000000070e800000| Untracked 
|  94|0x000000070ea00000, 0x000000070ea00000, 0x000000070ec00000|  0%| F|  |TAMS 0x000000070ea00000, 0x000000070ea00000| Untracked 
|  95|0x000000070ec00000, 0x000000070ec00000, 0x000000070ee00000|  0%| F|  |TAMS 0x000000070ec00000, 0x000000070ec00000| Untracked 
|  96|0x000000070ee00000, 0x000000070ee00000, 0x000000070f000000|  0%| F|  |TAMS 0x000000070ee00000, 0x000000070ee00000| Untracked 
|  97|0x000000070f000000, 0x000000070f000000, 0x000000070f200000|  0%| F|  |TAMS 0x000000070f000000, 0x000000070f000000| Untracked 
|  98|0x000000070f200000, 0x000000070f200000, 0x000000070f400000|  0%| F|  |TAMS 0x000000070f200000, 0x000000070f200000| Untracked 
|  99|0x000000070f400000, 0x000000070f400000, 0x000000070f600000|  0%| F|  |TAMS 0x000000070f400000, 0x000000070f400000| Untracked 
| 100|0x000000070f600000, 0x000000070f600000, 0x000000070f800000|  0%| F|  |TAMS 0x000000070f600000, 0x000000070f600000| Untracked 
| 101|0x000000070f800000, 0x000000070f800000, 0x000000070fa00000|  0%| F|  |TAMS 0x000000070f800000, 0x000000070f800000| Untracked 
| 102|0x000000070fa00000, 0x000000070fa00000, 0x000000070fc00000|  0%| F|  |TAMS 0x000000070fa00000, 0x000000070fa00000| Untracked 
| 103|0x000000070fc00000, 0x000000070fd00800, 0x000000070fe00000| 50%| E|  |TAMS 0x000000070fc00000, 0x000000070fc00000| Complete 
| 104|0x000000070fe00000, 0x0000000710000000, 0x0000000710000000|100%| E|CS|TAMS 0x000000070fe00000, 0x000000070fe00000| Complete 
| 105|0x0000000710000000, 0x0000000710200000, 0x0000000710200000|100%| E|CS|TAMS 0x0000000710000000, 0x0000000710000000| Complete 
| 106|0x0000000710200000, 0x0000000710400000, 0x0000000710400000|100%| E|CS|TAMS 0x0000000710200000, 0x0000000710200000| Complete 
| 107|0x0000000710400000, 0x0000000710600000, 0x0000000710600000|100%| E|CS|TAMS 0x0000000710400000, 0x0000000710400000| Complete 
| 108|0x0000000710600000, 0x0000000710800000, 0x0000000710800000|100%| E|CS|TAMS 0x0000000710600000, 0x0000000710600000| Complete 
| 109|0x0000000710800000, 0x0000000710a00000, 0x0000000710a00000|100%| E|CS|TAMS 0x0000000710800000, 0x0000000710800000| Complete 
| 110|0x0000000710a00000, 0x0000000710c00000, 0x0000000710c00000|100%| E|CS|TAMS 0x0000000710a00000, 0x0000000710a00000| Complete 
| 111|0x0000000710c00000, 0x0000000710e00000, 0x0000000710e00000|100%| E|CS|TAMS 0x0000000710c00000, 0x0000000710c00000| Complete 
| 112|0x0000000710e00000, 0x0000000710fd0d00, 0x0000000711000000| 90%| S|CS|TAMS 0x0000000710e00000, 0x0000000710e00000| Complete 
| 113|0x0000000711000000, 0x0000000711200000, 0x0000000711200000|100%| E|CS|TAMS 0x0000000711000000, 0x0000000711000000| Complete 
| 114|0x0000000711200000, 0x0000000711400000, 0x0000000711400000|100%| E|CS|TAMS 0x0000000711200000, 0x0000000711200000| Complete 
| 115|0x0000000711400000, 0x0000000711600000, 0x0000000711600000|100%| E|CS|TAMS 0x0000000711400000, 0x0000000711400000| Complete 
| 116|0x0000000711600000, 0x0000000711800000, 0x0000000711800000|100%| E|CS|TAMS 0x0000000711600000, 0x0000000711600000| Complete 
| 117|0x0000000711800000, 0x0000000711a00000, 0x0000000711a00000|100%| E|CS|TAMS 0x0000000711800000, 0x0000000711800000| Complete 
| 118|0x0000000711a00000, 0x0000000711c00000, 0x0000000711c00000|100%| E|CS|TAMS 0x0000000711a00000, 0x0000000711a00000| Complete 
| 119|0x0000000711c00000, 0x0000000711e00000, 0x0000000711e00000|100%| E|CS|TAMS 0x0000000711c00000, 0x0000000711c00000| Complete 
| 120|0x0000000711e00000, 0x0000000712000000, 0x0000000712000000|100%| E|CS|TAMS 0x0000000711e00000, 0x0000000711e00000| Complete 
| 121|0x0000000712000000, 0x0000000712200000, 0x0000000712200000|100%| E|CS|TAMS 0x0000000712000000, 0x0000000712000000| Complete 
| 122|0x0000000712200000, 0x0000000712400000, 0x0000000712400000|100%| E|CS|TAMS 0x0000000712200000, 0x0000000712200000| Complete 
| 123|0x0000000712400000, 0x0000000712600000, 0x0000000712600000|100%| E|CS|TAMS 0x0000000712400000, 0x0000000712400000| Complete 
| 124|0x0000000712600000, 0x0000000712800000, 0x0000000712800000|100%| E|CS|TAMS 0x0000000712600000, 0x0000000712600000| Complete 
| 125|0x0000000712800000, 0x0000000712a00000, 0x0000000712a00000|100%| E|CS|TAMS 0x0000000712800000, 0x0000000712800000| Complete 
| 126|0x0000000712a00000, 0x0000000712c00000, 0x0000000712c00000|100%| E|CS|TAMS 0x0000000712a00000, 0x0000000712a00000| Complete 

Card table byte_map: [0x0000015544c70000,0x0000015545460000] _byte_map_base: 0x0000015541459000

Marking Bits (Prev, Next): (CMBitMap*) 0x000001552d92ea00, (CMBitMap*) 0x000001552d92ea40
 Prev Bits: [0x0000015545c50000, 0x0000015549b98000)
 Next Bits: [0x0000015549ba0000, 0x000001554dae8000)

Polling page: 0x000001552d070000

Metaspace:

Usage:
  Non-class:     16.44 MB used.
      Class:      2.41 MB used.
       Both:     18.85 MB used.

Virtual space:
  Non-class space:       64.00 MB reserved,      16.56 MB ( 26%) committed,  1 nodes.
      Class space:        1.00 GB reserved,       2.56 MB ( <1%) committed,  1 nodes.
             Both:        1.06 GB reserved,      19.12 MB (  2%) committed. 

Chunk freelists:
   Non-Class:  14.78 MB
       Class:  13.48 MB
        Both:  28.26 MB

MaxMetaspaceSize: unlimited
CompressedClassSpaceSize: 1.00 GB
Initial GC threshold: 21.00 MB
Current GC threshold: 21.00 MB
CDS: on
MetaspaceReclaimPolicy: balanced
 - commit_granule_bytes: 65536.
 - commit_granule_words: 8192.
 - virtual_space_node_default_size: 8388608.
 - enlarge_chunks_in_place: 1.
 - new_chunks_are_fully_committed: 0.
 - uncommit_free_chunks: 1.
 - use_allocation_guard: 0.
 - handle_deallocations: 1.


Internal statistics:

num_allocs_failed_limit: 0.
num_arena_births: 210.
num_arena_deaths: 0.
num_vsnodes_births: 2.
num_vsnodes_deaths: 0.
num_space_committed: 306.
num_space_uncommitted: 0.
num_chunks_returned_to_freelist: 0.
num_chunks_taken_from_freelist: 851.
num_chunk_merges: 0.
num_chunk_splits: 594.
num_chunks_enlarged: 481.
num_inconsistent_stats: 0.

CodeHeap 'non-profiled nmethods': size=120000Kb used=1025Kb max_used=1025Kb free=118974Kb
 bounds [0x000001553cc10000, 0x000001553ce80000, 0x0000015544140000]
CodeHeap 'profiled nmethods': size=120000Kb used=4840Kb max_used=4840Kb free=115159Kb
 bounds [0x0000015535140000, 0x0000015535600000, 0x000001553c670000]
CodeHeap 'non-nmethods': size=5760Kb used=1199Kb max_used=1259Kb free=4561Kb
 bounds [0x000001553c670000, 0x000001553c8e0000, 0x000001553cc10000]
 total_blobs=2911 nmethods=2415 adapters=408
 compilation: enabled
              stopped_count=0, restarted_count=0
 full_count=0

Compilation events (20 events):
Event: 1.243 Thread 0x00000155506b0d90 nmethod 2334 0x000001553cd02d90 code [0x000001553cd02f20, 0x000001553cd02ff8]
Event: 1.243 Thread 0x00000155506b0d90 2335       1       java.lang.reflect.Constructor::getModifiers (5 bytes)
Event: 1.244 Thread 0x00000155506b0d90 nmethod 2335 0x000001553cd03090 code [0x000001553cd03220, 0x000001553cd032f8]
Event: 1.245 Thread 0x00000155506b0d90 2339       3       java.util.stream.AbstractPipeline::wrapSink (37 bytes)
Event: 1.245 Thread 0x00000155506b0d90 nmethod 2339 0x00000155355c5c90 code [0x00000155355c5e60, 0x00000155355c6278]
Event: 1.245 Thread 0x00000155506b0d90 2340       3       org.springframework.beans.factory.support.DefaultSingletonBeanRegistry::containsSingleton (11 bytes)
Event: 1.245 Thread 0x00000155506b0d90 nmethod 2340 0x00000155355c6410 code [0x00000155355c65c0, 0x00000155355c67a8]
Event: 1.245 Thread 0x00000155506b0d90 2341       3       java.lang.invoke.LambdaForm$MH/0x0000015552008400::invoke (25 bytes)
Event: 1.246 Thread 0x0000015596f3c6d0 nmethod 2149 0x000001553cd03390 code [0x000001553cd03680, 0x000001553cd07ed0]
Event: 1.246 Thread 0x00000155506b0d90 nmethod 2341 0x00000155355c6890 code [0x00000155355c6a60, 0x00000155355c6fb8]
Event: 1.246 Thread 0x00000155506b0d90 2342       3       java.io.FilterInputStream::read (11 bytes)
Event: 1.246 Thread 0x0000015596f3c6d0 2338       4       jdk.internal.reflect.ByteVectorImpl::add (38 bytes)
Event: 1.246 Thread 0x00000155506b0d90 nmethod 2342 0x00000155355c7110 code [0x00000155355c72c0, 0x00000155355c74a8]
Event: 1.247 Thread 0x0000015596f3c6d0 nmethod 2338 0x000001553cd0a610 code [0x000001553cd0a7a0, 0x000001553cd0a8a8]
Event: 1.247 Thread 0x0000015596f3c6d0 2337       4       jdk.internal.jimage.BasicImageReader::getLocationIndex (52 bytes)
Event: 1.247 Thread 0x00000155506b0d90 2343       3       org.springframework.core.type.classreading.SimpleAnnotationMetadataReadingVisitor$$Lambda$300/0x00000155521f04b8::<init> (10 bytes)
Event: 1.247 Thread 0x00000155506b0d90 nmethod 2343 0x00000155355c7590 code [0x00000155355c7720, 0x00000155355c78d8]
Event: 1.247 Thread 0x00000155506b0d90 2348       3       org.springframework.asm.Type::getReturnTypeOffset (64 bytes)
Event: 1.248 Thread 0x00000155506b0d90 nmethod 2348 0x00000155355c7990 code [0x00000155355c7cc0, 0x00000155355c90b8]
Event: 1.248 Thread 0x00000155506b0d90 2344       3       org.springframework.core.type.classreading.SimpleMethodMetadataReadingVisitor::<init> (52 bytes)

GC Heap History (4 events):
Event: 0.470 GC heap before
{Heap before GC invocations=0 (full 0):
 garbage-first heap   total 260096K, used 20480K [0x0000000702e00000, 0x0000000800000000)
  region size 2048K, 11 young (22528K), 0 survivors (0K)
 Metaspace       used 4538K, committed 4672K, reserved 1114112K
  class space    used 516K, committed 576K, reserved 1048576K
}
Event: 0.473 GC heap after
{Heap after GC invocations=1 (full 0):
 garbage-first heap   total 260096K, used 6667K [0x0000000702e00000, 0x0000000800000000)
  region size 2048K, 2 young (4096K), 2 survivors (4096K)
 Metaspace       used 4538K, committed 4672K, reserved 1114112K
  class space    used 516K, committed 576K, reserved 1048576K
}
Event: 0.803 GC heap before
{Heap before GC invocations=1 (full 0):
 garbage-first heap   total 260096K, used 29195K [0x0000000702e00000, 0x0000000800000000)
  region size 2048K, 14 young (28672K), 2 survivors (4096K)
 Metaspace       used 10489K, committed 10752K, reserved 1114112K
  class space    used 1333K, committed 1472K, reserved 1048576K
}
Event: 0.805 GC heap after
{Heap after GC invocations=2 (full 0):
 garbage-first heap   total 260096K, used 8549K [0x0000000702e00000, 0x0000000800000000)
  region size 2048K, 1 young (2048K), 1 survivors (2048K)
 Metaspace       used 10489K, committed 10752K, reserved 1114112K
  class space    used 1333K, committed 1472K, reserved 1048576K
}

Deoptimization events (20 events):
Event: 1.131 Thread 0x0000015596954c00 DEOPT PACKING pc=0x00000155352f10e6 sp=0x00000006249fdc90
Event: 1.131 Thread 0x0000015596954c00 DEOPT UNPACKING pc=0x000001553c6c2b43 sp=0x00000006249fd158 mode 0
Event: 1.131 Thread 0x0000015596954c00 DEOPT PACKING pc=0x00000155352f47e5 sp=0x00000006249fdc60
Event: 1.131 Thread 0x0000015596954c00 DEOPT UNPACKING pc=0x000001553c6c2b43 sp=0x00000006249fd150 mode 0
Event: 1.131 Thread 0x0000015596954c00 DEOPT PACKING pc=0x00000155352f10e6 sp=0x00000006249fdc90
Event: 1.131 Thread 0x0000015596954c00 DEOPT UNPACKING pc=0x000001553c6c2b43 sp=0x00000006249fd158 mode 0
Event: 1.132 Thread 0x0000015596954c00 DEOPT PACKING pc=0x00000155352f47e5 sp=0x00000006249fdc60
Event: 1.132 Thread 0x0000015596954c00 DEOPT UNPACKING pc=0x000001553c6c2b43 sp=0x00000006249fd150 mode 0
Event: 1.132 Thread 0x0000015596954c00 DEOPT PACKING pc=0x00000155352f10e6 sp=0x00000006249fdc90
Event: 1.132 Thread 0x0000015596954c00 DEOPT UNPACKING pc=0x000001553c6c2b43 sp=0x00000006249fd158 mode 0
Event: 1.132 Thread 0x0000015596954c00 DEOPT PACKING pc=0x00000155352f47e5 sp=0x00000006249fdc60
Event: 1.132 Thread 0x0000015596954c00 DEOPT UNPACKING pc=0x000001553c6c2b43 sp=0x00000006249fd150 mode 0
Event: 1.132 Thread 0x0000015596954c00 DEOPT PACKING pc=0x00000155352f10e6 sp=0x00000006249fdc90
Event: 1.132 Thread 0x0000015596954c00 DEOPT UNPACKING pc=0x000001553c6c2b43 sp=0x00000006249fd158 mode 0
Event: 1.132 Thread 0x0000015596954c00 DEOPT PACKING pc=0x00000155352f47e5 sp=0x00000006249fdc60
Event: 1.132 Thread 0x0000015596954c00 DEOPT UNPACKING pc=0x000001553c6c2b43 sp=0x00000006249fd150 mode 0
Event: 1.133 Thread 0x0000015596954c00 DEOPT PACKING pc=0x00000155352f10e6 sp=0x00000006249fdc90
Event: 1.133 Thread 0x0000015596954c00 DEOPT UNPACKING pc=0x000001553c6c2b43 sp=0x00000006249fd158 mode 0
Event: 1.133 Thread 0x0000015596954c00 DEOPT PACKING pc=0x00000155352f47e5 sp=0x00000006249fdc60
Event: 1.133 Thread 0x0000015596954c00 DEOPT UNPACKING pc=0x000001553c6c2b43 sp=0x00000006249fd150 mode 0

Classes unloaded (0 events):
No events

Classes redefined (0 events):
No events

Internal exceptions (20 events):
Event: 0.686 Thread 0x0000015596954c00 Exception <a 'java/lang/NoSuchMethodError'{0x0000000711e96e80}: 'void java.lang.invoke.DirectMethodHandle$Holder.invokeStaticInit(java.lang.Object, java.lang.Object, java.lang.Object)'> (0x0000000711e96e80) 
thrown [s\open\src\hotspot\share\interpreter\linkResolver.cpp, line 759]
Event: 0.691 Thread 0x0000015596954c00 Exception <a 'java/lang/NoSuchMethodError'{0x0000000711ed42a8}: 'java.lang.Object java.lang.invoke.DirectMethodHandle$Holder.invokeStatic(java.lang.Object, java.lang.Object, long, java.lang.Object)'> (0x0000000711ed42a8) 
thrown [s\open\src\hotspot\share\interpreter\linkResolver.cpp, line 759]
Event: 0.691 Thread 0x0000015596954c00 Exception <a 'java/lang/NoSuchMethodError'{0x0000000711ed7d40}: 'java.lang.Object java.lang.invoke.DirectMethodHandle$Holder.invokeStaticInit(java.lang.Object, java.lang.Object, long, java.lang.Object)'> (0x0000000711ed7d40) 
thrown [s\open\src\hotspot\share\interpreter\linkResolver.cpp, line 759]
Event: 0.691 Thread 0x0000015596954c00 Exception <a 'java/lang/NoSuchMethodError'{0x0000000711ede488}: 'java.lang.Object java.lang.invoke.DirectMethodHandle$Holder.newInvokeSpecial(java.lang.Object, java.lang.Object, long)'> (0x0000000711ede488) 
thrown [s\open\src\hotspot\share\interpreter\linkResolver.cpp, line 759]
Event: 0.692 Thread 0x0000015596954c00 Exception <a 'java/lang/NoSuchMethodError'{0x0000000711ee1ff8}: 'java.lang.Object java.lang.invoke.Invokers$Holder.linkToTargetMethod(java.lang.Object, long, java.lang.Object)'> (0x0000000711ee1ff8) 
thrown [s\open\src\hotspot\share\interpreter\linkResolver.cpp, line 759]
Event: 0.700 Thread 0x0000015596954c00 Exception <a 'java/lang/NoSuchMethodError'{0x0000000711f32648}: 'void java.lang.invoke.DirectMethodHandle$Holder.invokeVirtual(java.lang.Object, java.lang.Object, java.lang.Object, java.lang.Object)'> (0x0000000711f32648) 
thrown [s\open\src\hotspot\share\interpreter\linkResolver.cpp, line 759]
Event: 0.722 Thread 0x0000015596954c00 Exception <a 'java/lang/NoSuchMethodError'{0x0000000711c7fbe8}: 'void java.lang.invoke.DirectMethodHandle$Holder.invokeSpecial(java.lang.Object, java.lang.Object, java.lang.Object)'> (0x0000000711c7fbe8) 
thrown [s\open\src\hotspot\share\interpreter\linkResolver.cpp, line 759]
Event: 0.723 Thread 0x0000015596954c00 Exception <a 'java/lang/NoSuchMethodError'{0x0000000711c861c0}: 'void java.lang.invoke.DirectMethodHandle$Holder.invokeSpecial(java.lang.Object, java.lang.Object, java.lang.Object, java.lang.Object, java.lang.Object)'> (0x0000000711c861c0) 
thrown [s\open\src\hotspot\share\interpreter\linkResolver.cpp, line 759]
Event: 0.729 Thread 0x0000015596954c00 Exception <a 'java/lang/IncompatibleClassChangeError'{0x0000000711cb54a0}: Found class java.lang.Object, but interface was expected> (0x0000000711cb54a0) 
thrown [s\open\src\hotspot\share\interpreter\linkResolver.cpp, line 826]
Event: 0.797 Thread 0x0000015596954c00 Exception <a 'java/lang/NoSuchMethodError'{0x0000000711114b28}: 'java.lang.Object java.lang.invoke.DirectMethodHandle$Holder.invokeStatic(java.lang.Object, int, java.lang.Object)'> (0x0000000711114b28) 
thrown [s\open\src\hotspot\share\interpreter\linkResolver.cpp, line 759]
Event: 0.921 Thread 0x0000015596954c00 Exception <a 'sun/nio/fs/WindowsException'{0x0000000711edf018}> (0x0000000711edf018) 
thrown [s\open\src\hotspot\share\prims\jni.cpp, line 516]
Event: 0.922 Thread 0x0000015596954c00 Exception <a 'java/lang/NoSuchMethodError'{0x0000000711ee0828}: 'int java.lang.invoke.DirectMethodHandle$Holder.invokeSpecial(java.lang.Object, java.lang.Object, java.lang.Object, java.lang.Object, java.lang.Object)'> (0x0000000711ee0828) 
thrown [s\open\src\hotspot\share\interpreter\linkResolver.cpp, line 759]
Event: 0.923 Thread 0x0000015596954c00 Exception <a 'java/lang/NoSuchMethodError'{0x0000000711ee9478}: 'void java.lang.invoke.DirectMethodHandle$Holder.invokeVirtual(java.lang.Object, java.lang.Object)'> (0x0000000711ee9478) 
thrown [s\open\src\hotspot\share\interpreter\linkResolver.cpp, line 759]
Event: 1.118 Thread 0x0000015596d4cfd0 Exception <a 'java/lang/NoSuchMethodError'{0x00000007104dd3d8}: 'long java.lang.invoke.DirectMethodHandle$Holder.invokeSpecial(java.lang.Object, java.lang.Object)'> (0x00000007104dd3d8) 
thrown [s\open\src\hotspot\share\interpreter\linkResolver.cpp, line 759]
Event: 1.120 Thread 0x0000015596d4cfd0 Exception <a 'java/lang/NoSuchMethodError'{0x00000007104e8600}: 'long java.lang.invoke.DirectMethodHandle$Holder.invokeStatic(java.lang.Object, java.lang.Object)'> (0x00000007104e8600) 
thrown [s\open\src\hotspot\share\interpreter\linkResolver.cpp, line 759]
Event: 1.120 Thread 0x0000015596d4cfd0 Exception <a 'java/lang/NoSuchMethodError'{0x00000007104ebc00}: 'long java.lang.invoke.DirectMethodHandle$Holder.invokeStaticInit(java.lang.Object, java.lang.Object)'> (0x00000007104ebc00) 
thrown [s\open\src\hotspot\share\interpreter\linkResolver.cpp, line 759]
Event: 1.122 Thread 0x0000015596d4cfd0 Exception <a 'java/lang/NoSuchMethodError'{0x00000007104f97a8}: 'long java.lang.invoke.DirectMethodHandle$Holder.invokeInterface(java.lang.Object, java.lang.Object)'> (0x00000007104f97a8) 
thrown [s\open\src\hotspot\share\interpreter\linkResolver.cpp, line 759]
Event: 1.122 Thread 0x0000015596d4cfd0 Exception <a 'java/lang/IncompatibleClassChangeError'{0x00000007104fcd38}: Found class java.lang.Object, but interface was expected> (0x00000007104fcd38) 
thrown [s\open\src\hotspot\share\interpreter\linkResolver.cpp, line 826]
Event: 1.125 Thread 0x0000015596954c00 Exception <a 'java/lang/IncompatibleClassChangeError'{0x00000007105e9170}: Found class java.lang.Object, but interface was expected> (0x00000007105e9170) 
thrown [s\open\src\hotspot\share\interpreter\linkResolver.cpp, line 826]
Event: 1.131 Thread 0x0000015596d4cfd0 Exception <a 'java/lang/NoSuchMethodError'{0x0000000710567f28}: 'java.lang.Object java.lang.invoke.DirectMethodHandle$Holder.invokeVirtual(java.lang.Object, java.lang.Object, java.lang.Object, java.lang.Object)'> (0x0000000710567f28) 
thrown [s\open\src\hotspot\share\interpreter\linkResolver.cpp, line 759]

VM Operations (20 events):
Event: 0.721 Executing VM operation: HandshakeAllThreads
Event: 0.721 Executing VM operation: HandshakeAllThreads done
Event: 0.721 Executing VM operation: HandshakeAllThreads
Event: 0.721 Executing VM operation: HandshakeAllThreads done
Event: 0.742 Executing VM operation: ICBufferFull
Event: 0.743 Executing VM operation: ICBufferFull done
Event: 0.787 Executing VM operation: HandshakeAllThreads
Event: 0.787 Executing VM operation: HandshakeAllThreads done
Event: 0.803 Executing VM operation: G1CollectForAllocation
Event: 0.805 Executing VM operation: G1CollectForAllocation done
Event: 0.874 Executing VM operation: HandshakeAllThreads
Event: 0.874 Executing VM operation: HandshakeAllThreads done
Event: 0.910 Executing VM operation: HandshakeAllThreads
Event: 0.910 Executing VM operation: HandshakeAllThreads done
Event: 0.978 Executing VM operation: HandshakeAllThreads
Event: 0.978 Executing VM operation: HandshakeAllThreads done
Event: 1.005 Executing VM operation: HandshakeAllThreads
Event: 1.005 Executing VM operation: HandshakeAllThreads done
Event: 1.148 Executing VM operation: ICBufferFull
Event: 1.148 Executing VM operation: ICBufferFull done

Events (20 events):
Event: 0.970 loading class java/lang/invoke/VarHandleLongs$Array done
Event: 0.970 loading class java/util/concurrent/atomic/AtomicReferenceArray
Event: 0.970 loading class java/util/concurrent/atomic/AtomicReferenceArray done
Event: 0.978 loading class jdk/internal/module/ModulePatcher$PatchedModuleReader
Event: 0.978 loading class jdk/internal/module/ModulePatcher$PatchedModuleReader done
Event: 1.002 loading class sun/text/resources/cldr/FormatData_en
Event: 1.002 loading class sun/text/resources/cldr/FormatData_en done
Event: 1.002 loading class sun/text/resources/cldr/FormatData_en_US
Event: 1.002 loading class sun/text/resources/cldr/FormatData_en_US done
Event: 1.015 loading class java/io/CharArrayReader
Event: 1.015 loading class java/io/CharArrayReader done
Event: 1.062 Thread 0x0000015597f54770 Thread added: 0x0000015597f54770
Event: 1.086 loading class javax/naming/ldap/LdapContext
Event: 1.086 loading class javax/naming/directory/DirContext
Event: 1.086 loading class javax/naming/directory/DirContext done
Event: 1.086 loading class javax/naming/ldap/LdapContext done
Event: 1.110 loading class java/util/regex/Pattern$Pos
Event: 1.110 loading class java/util/regex/Pattern$Pos done
Event: 1.112 Thread 0x0000015597f54770 Thread exited: 0x0000015597f54770
Event: 1.133 Thread 0x0000015596d4cfd0 Thread exited: 0x0000015596d4cfd0


Dynamic libraries:
0x00007ff7e3fe0000 - 0x00007ff7e3ff0000 	C:\Program Files\Java\jdk-17\bin\java.exe
0x00007ffbbce90000 - 0x00007ffbbd0a7000 	C:\WINDOWS\SYSTEM32\ntdll.dll
0x00007ffbbcce0000 - 0x00007ffbbcda4000 	C:\WINDOWS\System32\KERNEL32.DLL
0x00007ffbba7b0000 - 0x00007ffbbab5c000 	C:\WINDOWS\System32\KERNELBASE.dll
0x00007ffbba260000 - 0x00007ffbba371000 	C:\WINDOWS\System32\ucrtbase.dll
0x00007ffb9b9e0000 - 0x00007ffb9b9fb000 	C:\Program Files\Java\jdk-17\bin\VCRUNTIME140.dll
0x00007ffba4690000 - 0x00007ffba46a9000 	C:\Program Files\Java\jdk-17\bin\jli.dll
0x00007ffbbabd0000 - 0x00007ffbbac82000 	C:\WINDOWS\System32\ADVAPI32.dll
0x00007ffbbcc30000 - 0x00007ffbbccd7000 	C:\WINDOWS\System32\msvcrt.dll
0x00007ffbbae60000 - 0x00007ffbbaf08000 	C:\WINDOWS\System32\sechost.dll
0x00007ffbba550000 - 0x00007ffbba578000 	C:\WINDOWS\System32\bcrypt.dll
0x00007ffbbb220000 - 0x00007ffbbb335000 	C:\WINDOWS\System32\RPCRT4.dll
0x00007ffbbaf10000 - 0x00007ffbbb0be000 	C:\WINDOWS\System32\USER32.dll
0x00007ffbba400000 - 0x00007ffbba426000 	C:\WINDOWS\System32\win32u.dll
0x00007ffba2bc0000 - 0x00007ffba2e53000 	C:\WINDOWS\WinSxS\amd64_microsoft.windows.common-controls_6595b64144ccf1df_6.0.22621.3672_none_2713b9d173822955\COMCTL32.dll
0x00007ffbbb340000 - 0x00007ffbbb369000 	C:\WINDOWS\System32\GDI32.dll
0x00007ffbba430000 - 0x00007ffbba549000 	C:\WINDOWS\System32\gdi32full.dll
0x00007ffbba1c0000 - 0x00007ffbba25a000 	C:\WINDOWS\System32\msvcp_win.dll
0x00007ffbace50000 - 0x00007ffbace5a000 	C:\WINDOWS\SYSTEM32\VERSION.dll
0x00007ffbbb630000 - 0x00007ffbbb661000 	C:\WINDOWS\System32\IMM32.DLL
0x00007ffbb3fe0000 - 0x00007ffbb3fec000 	C:\Program Files\Java\jdk-17\bin\vcruntime140_1.dll
0x00007ffb8de00000 - 0x00007ffb8de8e000 	C:\Program Files\Java\jdk-17\bin\msvcp140.dll
0x00007ffb64710000 - 0x00007ffb652f1000 	C:\Program Files\Java\jdk-17\bin\server\jvm.dll
0x00007ffbbc0b0000 - 0x00007ffbbc0b8000 	C:\WINDOWS\System32\PSAPI.DLL
0x00007ffbb3980000 - 0x00007ffbb3989000 	C:\WINDOWS\SYSTEM32\WSOCK32.dll
0x00007ffbadc80000 - 0x00007ffbadcb4000 	C:\WINDOWS\SYSTEM32\WINMM.dll
0x00007ffbbb680000 - 0x00007ffbbb6f1000 	C:\WINDOWS\System32\WS2_32.dll
0x00007ffbb92e0000 - 0x00007ffbb92f8000 	C:\WINDOWS\SYSTEM32\kernel.appcore.dll
0x00007ffbb3fb0000 - 0x00007ffbb3fba000 	C:\Program Files\Java\jdk-17\bin\jimage.dll
0x00007ffbb7680000 - 0x00007ffbb78b2000 	C:\WINDOWS\SYSTEM32\DBGHELP.DLL
0x00007ffbbc8a0000 - 0x00007ffbbcc28000 	C:\WINDOWS\System32\combase.dll
0x00007ffbbbfd0000 - 0x00007ffbbc0a7000 	C:\WINDOWS\System32\OLEAUT32.dll
0x00007ffb8e010000 - 0x00007ffb8e042000 	C:\WINDOWS\SYSTEM32\dbgcore.DLL
0x00007ffbba380000 - 0x00007ffbba3fb000 	C:\WINDOWS\System32\bcryptPrimitives.dll
0x00007ffb9b9b0000 - 0x00007ffb9b9d5000 	C:\Program Files\Java\jdk-17\bin\java.dll
0x00007ffb8dd20000 - 0x00007ffb8ddf7000 	C:\Program Files\Java\jdk-17\bin\jsvml.dll
0x00007ffbbb720000 - 0x00007ffbbbf7c000 	C:\WINDOWS\System32\SHELL32.dll
0x00007ffbb8120000 - 0x00007ffbb8a17000 	C:\WINDOWS\SYSTEM32\windows.storage.dll
0x00007ffbb7fe0000 - 0x00007ffbb811f000 	C:\WINDOWS\SYSTEM32\wintypes.dll
0x00007ffbbb120000 - 0x00007ffbbb214000 	C:\WINDOWS\System32\SHCORE.dll
0x00007ffbbc120000 - 0x00007ffbbc17e000 	C:\WINDOWS\System32\shlwapi.dll
0x00007ffbba0f0000 - 0x00007ffbba111000 	C:\WINDOWS\SYSTEM32\profapi.dll
0x00007ffb9b990000 - 0x00007ffb9b9a9000 	C:\Program Files\Java\jdk-17\bin\net.dll
0x00007ffbb0f90000 - 0x00007ffbb10c6000 	C:\WINDOWS\SYSTEM32\WINHTTP.dll
0x00007ffbb9750000 - 0x00007ffbb97b9000 	C:\WINDOWS\system32\mswsock.dll
0x00007ffb9b970000 - 0x00007ffb9b986000 	C:\Program Files\Java\jdk-17\bin\nio.dll
0x00007ffb9b520000 - 0x00007ffb9b538000 	C:\Program Files\Java\jdk-17\bin\zip.dll
0x00007ffbb3a20000 - 0x00007ffbb3a2a000 	C:\Program Files\Java\jdk-17\bin\management.dll
0x00007ffbb39e0000 - 0x00007ffbb39eb000 	C:\Program Files\Java\jdk-17\bin\management_ext.dll

dbghelp: loaded successfully - version: 4.0.5 - missing functions: none
symbol engine: initialized successfully - sym options: 0x614 - pdb path: .;C:\Program Files\Java\jdk-17\bin;C:\WINDOWS\SYSTEM32;C:\WINDOWS\WinSxS\amd64_microsoft.windows.common-controls_6595b64144ccf1df_6.0.22621.3672_none_2713b9d173822955;C:\Program Files\Java\jdk-17\bin\server

VM Arguments:
jvm_args: -XX:+ShowCodeDetailsInExceptionMessages 
java_command: com.example.activate.ActivateApplication
java_class_path (initial): D:\DAW2\activate - GIT\target\classes;C:\Users\Sergio\.m2\repository\org\springframework\boot\spring-boot-starter-thymeleaf\3.1.5\spring-boot-starter-thymeleaf-3.1.5.jar;C:\Users\Sergio\.m2\repository\org\springframework\boot\spring-boot-starter\3.1.5\spring-boot-starter-3.1.5.jar;C:\Users\Sergio\.m2\repository\org\springframework\boot\spring-boot-starter-logging\3.1.5\spring-boot-starter-logging-3.1.5.jar;C:\Users\Sergio\.m2\repository\ch\qos\logback\logback-classic\1.4.11\logback-classic-1.4.11.jar;C:\Users\Sergio\.m2\repository\ch\qos\logback\logback-core\1.4.11\logback-core-1.4.11.jar;C:\Users\Sergio\.m2\repository\org\apache\logging\log4j\log4j-to-slf4j\2.20.0\log4j-to-slf4j-2.20.0.jar;C:\Users\Sergio\.m2\repository\org\apache\logging\log4j\log4j-api\2.20.0\log4j-api-2.20.0.jar;C:\Users\Sergio\.m2\repository\org\slf4j\jul-to-slf4j\2.0.9\jul-to-slf4j-2.0.9.jar;C:\Users\Sergio\.m2\repository\jakarta\annotation\jakarta.annotation-api\2.1.1\jakarta.annotation-api-2.1.1.jar;C:\Users\Sergio\.m2\repository\org\yaml\snakeyaml\1.33\snakeyaml-1.33.jar;C:\Users\Sergio\.m2\repository\org\thymeleaf\thymeleaf-spring6\3.1.2.RELEASE\thymeleaf-spring6-3.1.2.RELEASE.jar;C:\Users\Sergio\.m2\repository\org\thymeleaf\thymeleaf\3.1.2.RELEASE\thymeleaf-3.1.2.RELEASE.jar;C:\Users\Sergio\.m2\repository\org\attoparser\attoparser\2.0.7.RELEASE\attoparser-2.0.7.RELEASE.jar;C:\Users\Sergio\.m2\repository\org\unbescape\unbescape\1.1.6.RELEASE\unbescape-1.1.6.RELEASE.jar;C:\Users\Sergio\.m2\repository\org\slf4j\slf4j-api\2.0.9\slf4j-api-2.0.9.jar;C:\Users\Sergio\.m2\repository\org\springframework\boot\spring-boot-starter-web\3.1.5\spring-boot-starter-web-3.1.5.jar;C:\Users\Sergio\.m2\repository\org\springframework\boot\spring-boot-starter-json\3.1.5\spring-boot-starter-json-3.1.5.jar;C:\Users\Sergio\.m2\repository\com\fasterxml\jackson\core\jackson-databind\2.15.3\jackson-databind-2.15.3.jar;C:\Users\Sergio\.m2\repository\com\fasterxml\jackson\core\jackson-annota
Launcher Type: SUN_STANDARD

[Global flags]
     intx CICompilerCount                          = 4                                         {product} {ergonomic}
     uint ConcGCThreads                            = 2                                         {product} {ergonomic}
     uint G1ConcRefinementThreads                  = 8                                         {product} {ergonomic}
   size_t G1HeapRegionSize                         = 2097152                                   {product} {ergonomic}
    uintx GCDrainStackTargetSize                   = 64                                        {product} {ergonomic}
   size_t InitialHeapSize                          = 266338304                                 {product} {ergonomic}
   size_t MarkStackSize                            = 4194304                                   {product} {ergonomic}
   size_t MaxHeapSize                              = 4246732800                                {product} {ergonomic}
   size_t MaxNewSize                               = 2548039680                                {product} {ergonomic}
   size_t MinHeapDeltaBytes                        = 2097152                                   {product} {ergonomic}
   size_t MinHeapSize                              = 8388608                                   {product} {ergonomic}
    uintx NonNMethodCodeHeapSize                   = 5839372                                {pd product} {ergonomic}
    uintx NonProfiledCodeHeapSize                  = 122909434                              {pd product} {ergonomic}
    uintx ProfiledCodeHeapSize                     = 122909434                              {pd product} {ergonomic}
    uintx ReservedCodeCacheSize                    = 251658240                              {pd product} {ergonomic}
     bool SegmentedCodeCache                       = true                                      {product} {ergonomic}
     bool ShowCodeDetailsInExceptionMessages       = true                                   {manageable} {command line}
   size_t SoftMaxHeapSize                          = 4246732800                             {manageable} {ergonomic}
     bool UseCompressedClassPointers               = true                           {product lp64_product} {ergonomic}
     bool UseCompressedOops                        = true                           {product lp64_product} {ergonomic}
     bool UseG1GC                                  = true                                      {product} {ergonomic}
     bool UseLargePagesIndividualAllocation        = false                                  {pd product} {ergonomic}

Logging:
Log output configuration:
 #0: stdout all=warning uptime,level,tags
 #1: stderr all=off uptime,level,tags

Environment Variables:
JAVA_HOME=C:\Program Files\Java\jdk-15
PATH=C:\Program Files\Java\jdk-15\bin;C:\Program Files\Maven\apache-maven-3.9.4-bin\apache-maven-3.9.4\bin;C:\Phyton38\Scripts\;C:\Phyton38\;C:\Program Files\Common Files\Oracle\Java\javapath;C:\Program Files (x86)\Common Files\Oracle\Java\java8path;C:\Program Files (x86)\Common Files\Oracle\Java\javapath;C:\WINDOWS\system32;C:\WINDOWS;C:\WINDOWS\System32\Wbem;C:\WINDOWS\System32\WindowsPowerShell\v1.0\;C:\WINDOWS\System32\OpenSSH\;C:\Program Files\Git\cmd;C:\Program Files (x86)\Scm Group\Xilog Plus\BIN;C:\Program Files\Microsoft SQL Server\Client SDK\ODBC\170\Tools\Binn\;C:\Program Files (x86)\Microsoft SQL Server\150\Tools\Binn\;C:\Program Files\Microsoft SQL Server\150\Tools\Binn\;C:\Program Files\Microsoft SQL Server\150\DTS\Binn\;C:\Program Files\AutoFirmaJA\AutoFirmaJA;C:\xampp\php;C:\Program Files (x86)\Bitvise SSH Client;C:\Program Files\PuTTY\;C:\ProgramData\ComposerSetup\bin;C:\xampp\mysql\bin;C:\Program Files\Maven\apache-maven-3.9.4-bin\apache-maven-3.9.4\bin;C:\Users\Sergio\AppData\Roaming\nvm;C:\Program Files\nodejs;C:\Program Files\MySQL\MySQL Shell 8.0\bin\;C:\Users\Sergio\AppData\Local\Microsoft\WindowsApps;C:\Users\Sergio\AppData\Local\Programs\Microsoft VS Code\bin;C:\Users\Sergio\AppData\Roaming\npm;C:\Users\Sergio\AppData\Roaming\Composer\vendor\bin;C:\Users\Sergio\AppData\Local\Microsoft\WindowsApps;C:\Users\Sergio\AppData\Roaming\nvm;C:\Program Files\nodejs
USERNAME=Sergio
LANG=en_US.UTF-8
OS=Windows_NT
PROCESSOR_IDENTIFIER=Intel64 Family 6 Model 142 Stepping 12, GenuineIntel



---------------  S Y S T E M  ---------------

OS:
 Windows 11 , 64 bit Build 22621 (10.0.22621.3672)
OS uptime: 3 days 0:40 hours

CPU: total 8 (initial active 8) (4 cores per cpu, 2 threads per core) family 6 model 142 stepping 12 microcode 0xde, cx8, cmov, fxsr, ht, mmx, 3dnowpref, sse, sse2, sse3, ssse3, sse4.1, sse4.2, popcnt, lzcnt, tsc, tscinvbit, avx, avx2, aes, erms, clmul, bmi1, bmi2, adx, fma, vzeroupper, clflush, clflushopt

Memory: 4k page, system-wide physical 16193M (6784M free)
TotalPageFile size 18254M (AvailPageFile size 6753M)
current process WorkingSet (physical memory assigned to process): 152M, peak: 152M
current process commit charge ("private bytes"): 402M, peak: 402M

vm_info: Java HotSpot(TM) 64-Bit Server VM (17.0.9+11-LTS-201) for windows-amd64 JRE (17.0.9+11-LTS-201), built on Oct 10 2023 23:16:06 by "mach5one" with MS VC++ 17.1 (VS2022)

END.
