#
# A fatal error has been detected by the Java Runtime Environment:
#
#  EXCEPTION_ACCESS_VIOLATION (0xc0000005) at pc=0x00007ffb6852e660, pid=7668, tid=956
#
# JRE version: OpenJDK Runtime Environment Temurin-17.0.11+9 (17.0.11+9) (build 17.0.11+9)
# Java VM: OpenJDK 64-Bit Server VM Temurin-17.0.11+9 (17.0.11+9, mixed mode, tiered, compressed oops, compressed class ptrs, parallel gc, windows-amd64)
# Problematic frame:
# V  [jvm.dll+0x6ae660]
#
# No core dump will be written. Minidumps are not enabled by default on client versions of Windows
#
# If you would like to submit a bug report, please visit:
#   https://github.com/adoptium/adoptium-support/issues
#

---------------  S U M M A R Y ------------

Command Line: --add-modules=ALL-SYSTEM --add-opens=java.base/java.util=ALL-UNNAMED --add-opens=java.base/java.lang=ALL-UNNAMED --add-opens=java.base/sun.nio.fs=ALL-UNNAMED -Declipse.application=org.eclipse.jdt.ls.core.id1 -Dosgi.bundles.defaultStartLevel=4 -Declipse.product=org.eclipse.jdt.ls.core.product -Djava.import.generatesMetadataFilesAtProjectRoot=false -DDetectVMInstallationsJob.disabled=true -Dfile.encoding=utf8 -XX:+UseParallelGC -XX:GCTimeRatio=4 -XX:AdaptiveSizePolicyWeight=90 -Dsun.zip.disableMemoryMapping=true -Xmx2G -Xms100m -Xlog:disable -javaagent:c:\Users\Sergio\.vscode\extensions\redhat.java-1.31.0-win32-x64\lombok\lombok-1.18.32.jar -XX:+HeapDumpOnOutOfMemoryError -XX:HeapDumpPath=c:\Users\Sergio\AppData\Roaming\Code\User\workspaceStorage\5343854ed622dacb063563fdaa0c68f0\redhat.java -Daether.dependencyCollector.impl=bf c:\Users\Sergio\.vscode\extensions\redhat.java-1.31.0-win32-x64\server\plugins\org.eclipse.equinox.launcher_1.6.800.v20240513-1750.jar -configuration c:\Users\Sergio\AppData\Roaming\Code\User\globalStorage\redhat.java\1.31.0\config_win -data c:\Users\Sergio\AppData\Roaming\Code\User\workspaceStorage\5343854ed622dacb063563fdaa0c68f0\redhat.java\jdt_ws --pipe=\\.\pipe\lsp-abb642d7fb43ff9c3adfe668727ce716-sock

Host: Intel(R) Core(TM) i7-10510U CPU @ 1.80GHz, 8 cores, 15G,  Windows 11 , 64 bit Build 22621 (10.0.22621.3672)
Time: Sun Jun  2 10:39:11 2024 Hora de verano romance elapsed time: 11.461753 seconds (0d 0h 0m 11s)

---------------  T H R E A D  ---------------

Current thread (0x000002b18862bbd0):  GCTaskThread "GC Thread#5" [stack: 0x000000c939f00000,0x000000c93a000000] [id=956]

Stack: [0x000000c939f00000,0x000000c93a000000],  sp=0x000000c939fffac0,  free space=1022k
Native frames: (J=compiled Java code, j=interpreted, Vv=VM code, C=native code)
V  [jvm.dll+0x6ae660]
V  [jvm.dll+0x6aeeee]
V  [jvm.dll+0x6b07a4]
V  [jvm.dll+0x6b5318]
V  [jvm.dll+0x7e8338]
V  [jvm.dll+0x6b9d0d]
V  [jvm.dll+0x86241b]
V  [jvm.dll+0x862466]
V  [jvm.dll+0x7e410a]
V  [jvm.dll+0x67c315]
C  [ucrtbase.dll+0x29333]
C  [KERNEL32.DLL+0x1257d]
C  [ntdll.dll+0x5aa48]


siginfo: EXCEPTION_ACCESS_VIOLATION (0xc0000005), reading address 0xffffffffffffffff


Registers:
RAX=0x1ffffffff0200000, RBX=0x0000000001000000, RCX=0x0000000000000000, RDX=0x0000000081fda2c0
RSP=0x000000c939fffac0, RBP=0x000000c939fffb80, RSI=0x0000000081fda2c8, RDI=0x000002b1ff252fb0
R8 =0x000002b180000000, R9 =0x007fffffffc08000, R10=0x0000000000000044, R11=0x0000000000000003
R12=0x00000000000003d8, R13=0x000000c939fffce0, R14=0x00000001005624c0, R15=0x0000000081fda2a8
RIP=0x00007ffb6852e660, EFLAGS=0x0000000000010206


Register to memory mapping:

RIP=0x00007ffb6852e660 jvm.dll
RAX=0x1ffffffff0200000 is an unknown value
RBX=0x0000000001000000 is an unknown value
RCX=0x0 is NULL
RDX=0x0000000081fda2c0 is pointing into object: org.apache.maven.model.InputLocation 
{0x0000000081fda2a8} - klass: 'org/apache/maven/model/InputLocation'
 - ---- fields (total size 4 words):
 - private 'lineNumber' 'I' @12  171 (ab)
 - private 'columnNumber' 'I' @16  23 (17)
 - private 'source' 'Lorg/apache/maven/model/InputSource;' @20  a 'org/apache/maven/model/InputSource'{0x0000000081fbad80} (81fbad80)
 - private 'locations' 'Ljava/util/Map;' @24  
[error occurred during error reporting (printing register info), id 0xc0000005, EXCEPTION_ACCESS_VIOLATION (0xc0000005) at pc=0x00007ffb68213d8e]

Top of Stack: (sp=0x000000c939fffac0)
0x000000c939fffac0:   0000000081fda2a8 000000010030f000
0x000000c939fffad0:   0000000080bb24b8 00007ffb6852f91f
0x000000c939fffae0:   00000001005624b8 00007ffb6852eeee
0x000000c939fffaf0:   0000000081fda2c0 00007ffb6853045e
0x000000c939fffb00:   0000000081fda370 0000000081fda348
0x000000c939fffb10:   0000000000000000 00007ffb689ac7c0
0x000000c939fffb20:   00000000000005e6 00007ffb685307a4
0x000000c939fffb30:   00007ffb688311c8 000002b1ff252fb0
0x000000c939fffb40:   00007ffb6879bb80 00000000000005e6
0x000000c939fffb50:   0000000000000000 0000000000000000
0x000000c939fffb60:   000002b18a2f2720 00007ffb68660001
0x000000c939fffb70:   000000c939fffc01 000000000000004a
0x000000c939fffb80:   00007ffb688311c8 000002b1ecdd8c80
0x000000c939fffb90:   000002b100000003 000002b1ff252fb0
0x000000c939fffba0:   0000000000000000 0000000000000000
0x000000c939fffbb0:   000002b18a2f2720 000002b188477878
0x000000c939fffbc0:   000002b189b1f6c0 000002b1884774a0
0x000000c939fffbd0:   000002b188477490 00007ffb68535318
0x000000c939fffbe0:   000002b1ff252fb0 000002b188477490
0x000000c939fffbf0:   000002b1884774a0 000002b1ff252fb0
0x000000c939fffc00:   00007ffb688319b8 000002b1ff252fb0
0x000000c939fffc10:   00007ffb687d4b10 000000c939fffc00
0x000000c939fffc20:   0000000000000000 00000000000000ce
0x000000c939fffc30:   0000000000000003 0000000000000001
0x000000c939fffc40:   00007ffb688319b8 000000c938efec10
0x000000c939fffc50:   000002b18d1f9858 00007ffb68668338
0x000000c939fffc60:   000000000000003c 000002b18d1f9968
0x000000c939fffc70:   000000c939fffce0 000000000000001a
0x000000c939fffc80:   000000c938efed50 00007ffb68539d0d
0x000000c939fffc90:   0000000000000000 000000c939fffd10
0x000000c939fffca0:   000002b18862bbd0 000000c938efec10
0x000000c939fffcb0:   000000c938efefb0 000002b188477490 

Instructions: (pc=0x00007ffb6852e660)
0x00007ffb6852e560:   e2 47 00 49 3b c2 74 03 48 ff e0 c3 cc cc cc cc
0x00007ffb6852e570:   80 3d ef 4d 4d 00 00 4c 8d 15 42 b9 95 ff 49 8b
0x00007ffb6852e580:   c2 4c 8d 0d 38 b9 95 ff 49 0f 45 c1 48 89 05 4d
0x00007ffb6852e590:   e2 47 00 49 3b c2 74 03 48 ff e0 c3 cc cc cc cc
0x00007ffb6852e5a0:   48 89 5c 24 08 57 48 83 ec 20 48 8b 1a 48 8b f9
0x00007ffb6852e5b0:   48 85 db 74 4b 4c 8b 05 94 f0 4e 00 48 8b c3 8b
0x00007ffb6852e5c0:   0d 73 9c 46 00 49 2b 00 4d 8b 40 10 48 c1 e8 03
0x00007ffb6852e5d0:   48 d3 e8 4c 8b c8 24 3f 49 c1 e9 06 0f b6 c8 4b
0x00007ffb6852e5e0:   8b 04 c8 48 0f a3 c8 72 17 48 8b cb e8 bf 27 00
0x00007ffb6852e5f0:   00 84 c0 74 0b 48 8b d3 48 8b cf e8 a0 28 00 00
0x00007ffb6852e600:   48 8b 5c 24 30 48 83 c4 20 5f c3 cc cc cc cc cc
0x00007ffb6852e610:   40 57 48 83 ec 20 8b 02 48 8b f9 85 c0 74 67 8b
0x00007ffb6852e620:   0d c3 8c 46 00 4c 8b 05 24 f0 4e 00 48 89 5c 24
0x00007ffb6852e630:   30 8b d8 48 d3 e3 48 03 1d a3 8c 46 00 8b 0d f5
0x00007ffb6852e640:   9b 46 00 48 8b c3 49 2b 00 4d 8b 40 10 48 c1 e8
0x00007ffb6852e650:   03 48 d3 e8 4c 8b c8 24 3f 49 c1 e9 06 0f b6 c8
0x00007ffb6852e660:   4b 8b 04 c8 48 0f a3 c8 72 17 48 8b cb e8 3e 27
0x00007ffb6852e670:   00 00 84 c0 74 0b 48 8b d3 48 8b cf e8 1f 28 00
0x00007ffb6852e680:   00 48 8b 5c 24 30 48 83 c4 20 5f c3 cc cc cc cc
0x00007ffb6852e690:   48 89 5c 24 20 56 57 41 55 41 56 41 57 48 83 ec
0x00007ffb6852e6a0:   20 4c 63 91 a0 00 00 00 4d 8b f0 4c 63 89 24 01
0x00007ffb6852e6b0:   00 00 49 83 c2 39 8b 81 20 01 00 00 4d 03 d1 48
0x00007ffb6852e6c0:   89 6c 24 58 49 03 c2 4c 89 64 24 60 4c 8b fa 4c
0x00007ffb6852e6d0:   8b e9 4a 8d 2c d5 00 00 00 00 4c 8d 24 c5 00 00
0x00007ffb6852e6e0:   00 00 48 03 e9 4c 03 e1 49 3b ec 73 4b 0f 1f 00
0x00007ffb6852e6f0:   48 63 5d 00 8b 45 04 49 03 df 48 8d 34 c3 48 3b
0x00007ffb6852e700:   de 73 2c 48 8b 3b 48 85 ff 74 1b 4d 8b 46 10 48
0x00007ffb6852e710:   8d 0d 4a f1 4e 00 48 8b d7 e8 c2 4f 00 00 48 3b
0x00007ffb6852e720:   c7 74 03 48 89 03 48 83 c3 08 48 3b de 72 d4 48
0x00007ffb6852e730:   83 c5 08 49 3b ec 72 b8 49 8b 06 49 8b ce ff 50
0x00007ffb6852e740:   10 4c 8b 64 24 60 48 8b 6c 24 58 85 c0 0f 84 dc
0x00007ffb6852e750:   00 00 00 83 e8 01 0f 84 9b 00 00 00 83 e8 01 74 


Stack slot to memory mapping:
stack at sp + 0 slots: 0x0000000081fda2a8 is an oop: org.apache.maven.model.InputLocation 
{0x0000000081fda2a8} - klass: 'org/apache/maven/model/InputLocation'
 - ---- fields (total size 4 words):
 - private 'lineNumber' 'I' @12  171 (ab)
 - private 'columnNumber' 'I' @16  23 (17)
 - private 'source' 'Lorg/apache/maven/model/InputSource;' @20  a 'org/apache/maven/model/InputSource'{0x0000000081fbad80} (81fbad80)
 - private 'locations' 'Ljava/util/Map;' @24  
[error occurred during error reporting (inspecting top of stack), id 0xc0000005, EXCEPTION_ACCESS_VIOLATION (0xc0000005) at pc=0x00007ffb68213d8e]


---------------  P R O C E S S  ---------------

Threads class SMR info:
_java_thread_list=0x000002b18aedc1f0, length=53, elements={
0x000002b1ecdc2a80, 0x000002b1ff2f0010, 0x000002b1ff2f2190, 0x000002b1882a6020,
0x000002b1882a68f0, 0x000002b1882a71c0, 0x000002b1882a7b90, 0x000002b1882a8990,
0x000002b1882be640, 0x000002b18830e260, 0x000002b1883d8490, 0x000002b188473580,
0x000002b189d881b0, 0x000002b189daba20, 0x000002b189e291e0, 0x000002b189f83520,
0x000002b189f24f60, 0x000002b18a44ef70, 0x000002b18a2f2210, 0x000002b18a2f2720,
0x000002b18a2f03b0, 0x000002b18a2efea0, 0x000002b18a2f08c0, 0x000002b18a2f2c30,
0x000002b18a2f12e0, 0x000002b18a2f17f0, 0x000002b18a2f1d00, 0x000002b18a2f3140,
0x000002b18bc72090, 0x000002b18bc70740, 0x000002b18bc6cf90, 0x000002b18bc70230,
0x000002b18bc71160, 0x000002b18bc70c50, 0x000002b18bc6e8e0, 0x000002b18bc6dec0,
0x000002b18bc6e3d0, 0x000002b18bc71b80, 0x000002b18bc72ab0, 0x000002b18bc6f300,
0x000002b18bc6edf0, 0x000002b18d963030, 0x000002b18952a830, 0x000002b18bc725a0,
0x000002b18bc6fd20, 0x000002b18bc71670, 0x000002b18bc72fc0, 0x000002b18bc734d0,
0x000002b18bc6c060, 0x000002b18bc739e0, 0x000002b18bc6c570, 0x000002b18bc6ca80,
0x000002b18a2f0dd0
}

Java Threads: ( => current thread )
  0x000002b1ecdc2a80 JavaThread "main" [_thread_blocked, id=16596, stack(0x000000c938c00000,0x000000c938d00000)]
  0x000002b1ff2f0010 JavaThread "Reference Handler" daemon [_thread_blocked, id=16808, stack(0x000000c938f00000,0x000000c939000000)]
  0x000002b1ff2f2190 JavaThread "Finalizer" daemon [_thread_blocked, id=18512, stack(0x000000c939000000,0x000000c939100000)]
  0x000002b1882a6020 JavaThread "Signal Dispatcher" daemon [_thread_blocked, id=13964, stack(0x000000c939100000,0x000000c939200000)]
  0x000002b1882a68f0 JavaThread "Attach Listener" daemon [_thread_blocked, id=19184, stack(0x000000c939200000,0x000000c939300000)]
  0x000002b1882a71c0 JavaThread "Service Thread" daemon [_thread_blocked, id=5316, stack(0x000000c939300000,0x000000c939400000)]
  0x000002b1882a7b90 JavaThread "Monitor Deflation Thread" daemon [_thread_blocked, id=13392, stack(0x000000c939400000,0x000000c939500000)]
  0x000002b1882a8990 JavaThread "C2 CompilerThread0" daemon [_thread_blocked, id=15644, stack(0x000000c939500000,0x000000c939600000)]
  0x000002b1882be640 JavaThread "C1 CompilerThread0" daemon [_thread_blocked, id=13908, stack(0x000000c939600000,0x000000c939700000)]
  0x000002b18830e260 JavaThread "Sweeper thread" daemon [_thread_blocked, id=14676, stack(0x000000c939700000,0x000000c939800000)]
  0x000002b1883d8490 JavaThread "Common-Cleaner" daemon [_thread_blocked, id=16076, stack(0x000000c939800000,0x000000c939900000)]
  0x000002b188473580 JavaThread "Notification Thread" daemon [_thread_blocked, id=10384, stack(0x000000c939900000,0x000000c939a00000)]
  0x000002b189d881b0 JavaThread "Active Thread: Equinox Container: 5d11f4e4-9ec1-4080-bdf7-a58206471bb4" [_thread_blocked, id=15688, stack(0x000000c93a300000,0x000000c93a400000)]
  0x000002b189daba20 JavaThread "Framework Event Dispatcher: Equinox Container: 5d11f4e4-9ec1-4080-bdf7-a58206471bb4" daemon [_thread_blocked, id=15132, stack(0x000000c93a400000,0x000000c93a500000)]
  0x000002b189e291e0 JavaThread "Start Level: Equinox Container: 5d11f4e4-9ec1-4080-bdf7-a58206471bb4" daemon [_thread_blocked, id=11664, stack(0x000000c93a500000,0x000000c93a600000)]
  0x000002b189f83520 JavaThread "Bundle File Closer" daemon [_thread_blocked, id=12132, stack(0x000000c93a700000,0x000000c93a800000)]
  0x000002b189f24f60 JavaThread "SCR Component Actor" daemon [_thread_blocked, id=17448, stack(0x000000c93a800000,0x000000c93a900000)]
  0x000002b18a44ef70 JavaThread "SCR Component Registry" daemon [_thread_blocked, id=18788, stack(0x000000c93a900000,0x000000c93aa00000)]
  0x000002b18a2f2210 JavaThread "Worker-JM" [_thread_blocked, id=20852, stack(0x000000c93aa00000,0x000000c93ab00000)]
  0x000002b18a2f2720 JavaThread "Worker-0: Initialize workspace" [_thread_blocked, id=20372, stack(0x000000c93ab00000,0x000000c93ac00000)]
  0x000002b18a2f03b0 JavaThread "Worker-1: Send Classpath Notifications" [_thread_blocked, id=11672, stack(0x000000c93ac00000,0x000000c93ad00000)]
  0x000002b18a2efea0 JavaThread "Java indexing" daemon [_thread_blocked, id=20068, stack(0x000000c93ad00000,0x000000c93ae00000)]
  0x000002b18a2f08c0 JavaThread "JNA Cleaner" daemon [_thread_blocked, id=12884, stack(0x000000c93ae00000,0x000000c93af00000)]
  0x000002b18a2f2c30 JavaThread "Thread-2" daemon [_thread_in_native, id=7536, stack(0x000000c93b100000,0x000000c93b200000)]
  0x000002b18a2f12e0 JavaThread "Thread-3" daemon [_thread_in_native, id=19152, stack(0x000000c93b200000,0x000000c93b300000)]
  0x000002b18a2f17f0 JavaThread "Thread-4" daemon [_thread_in_native, id=10820, stack(0x000000c93b300000,0x000000c93b400000)]
  0x000002b18a2f1d00 JavaThread "Thread-5" daemon [_thread_in_native, id=1020, stack(0x000000c93b400000,0x000000c93b500000)]
  0x000002b18a2f3140 JavaThread "Thread-6" daemon [_thread_in_native, id=21984, stack(0x000000c93b500000,0x000000c93b600000)]
  0x000002b18bc72090 JavaThread "Thread-7" daemon [_thread_blocked, id=13080, stack(0x000000c93b600000,0x000000c93b700000)]
  0x000002b18bc70740 JavaThread "Thread-8" daemon [_thread_in_native, id=16472, stack(0x000000c93b700000,0x000000c93b800000)]
  0x000002b18bc6cf90 JavaThread "Thread-9" daemon [_thread_blocked, id=3640, stack(0x000000c93b800000,0x000000c93b900000)]
  0x000002b18bc70230 JavaThread "Thread-10" daemon [_thread_in_native, id=10844, stack(0x000000c93b900000,0x000000c93ba00000)]
  0x000002b18bc71160 JavaThread "pool-2-thread-1" [_thread_blocked, id=15956, stack(0x000000c93ba00000,0x000000c93bb00000)]
  0x000002b18bc70c50 JavaThread "Worker-2: Publish Diagnostics" [_thread_blocked, id=5808, stack(0x000000c93bb00000,0x000000c93bc00000)]
  0x000002b18bc6e8e0 JavaThread "WorkspaceEventsHandler" [_thread_blocked, id=18004, stack(0x000000c93bc00000,0x000000c93bd00000)]
  0x000002b18bc6dec0 JavaThread "pool-1-thread-1" [_thread_blocked, id=1708, stack(0x000000c93bd00000,0x000000c93be00000)]
  0x000002b18bc6e3d0 JavaThread "Worker-3: Initialize Workspace" [_thread_blocked, id=14056, stack(0x000000c93be00000,0x000000c93bf00000)]
  0x000002b18bc71b80 JavaThread "ForkJoinPool.commonPool-worker-1" daemon [_thread_blocked, id=1712, stack(0x000000c93bf00000,0x000000c93c000000)]
  0x000002b18bc72ab0 JavaThread "ForkJoinPool.commonPool-worker-2" daemon [_thread_blocked, id=9292, stack(0x000000c93c000000,0x000000c93c100000)]
  0x000002b18bc6f300 JavaThread "ForkJoinPool.commonPool-worker-3" daemon [_thread_blocked, id=14976, stack(0x000000c93a100000,0x000000c93a200000)]
  0x000002b18bc6edf0 JavaThread "ForkJoinPool.commonPool-worker-4" daemon [_thread_blocked, id=16304, stack(0x000000c93a200000,0x000000c93a300000)]
  0x000002b18d963030 JavaThread "C2 CompilerThread1" daemon [_thread_blocked, id=11496, stack(0x000000c93c100000,0x000000c93c200000)]
  0x000002b18952a830 JavaThread "C2 CompilerThread2" daemon [_thread_blocked, id=19464, stack(0x000000c93c200000,0x000000c93c300000)]
  0x000002b18bc725a0 JavaThread "ForkJoinPool.commonPool-worker-5" daemon [_thread_blocked, id=2876, stack(0x000000c93c300000,0x000000c93c400000)]
  0x000002b18bc6fd20 JavaThread "ParallelDescriptorResolver-0-0" daemon [_thread_blocked, id=7524, stack(0x000000c93c400000,0x000000c93c500000)]
  0x000002b18bc71670 JavaThread "ParallelDescriptorResolver-0-1" daemon [_thread_blocked, id=3796, stack(0x000000c93c500000,0x000000c93c600000)]
  0x000002b18bc72fc0 JavaThread "ParallelDescriptorResolver-0-2" daemon [_thread_blocked, id=21716, stack(0x000000c93c600000,0x000000c93c700000)]
  0x000002b18bc734d0 JavaThread "ParallelDescriptorResolver-0-3" daemon [_thread_blocked, id=18940, stack(0x000000c93c700000,0x000000c93c800000)]
  0x000002b18bc6c060 JavaThread "ParallelDescriptorResolver-0-4" daemon [_thread_blocked, id=21244, stack(0x000000c93c800000,0x000000c93c900000)]
  0x000002b18bc739e0 JavaThread "Thread-11" daemon [_thread_blocked, id=11228, stack(0x000000c93c900000,0x000000c93ca00000)]
  0x000002b18bc6c570 JavaThread "ForkJoinPool.commonPool-worker-6" daemon [_thread_blocked, id=5784, stack(0x000000c93ca00000,0x000000c93cb00000)]
  0x000002b18bc6ca80 JavaThread "ForkJoinPool.commonPool-worker-7" daemon [_thread_blocked, id=12300, stack(0x000000c93cb00000,0x000000c93cc00000)]
  0x000002b18a2f0dd0 JavaThread "Worker-4" [_thread_blocked, id=4336, stack(0x000000c93cc00000,0x000000c93cd00000)]

Other Threads:
  0x000002b1882714b0 VMThread "VM Thread" [stack: 0x000000c938e00000,0x000000c938f00000] [id=13564]
  0x000002b188473a60 WatcherThread [stack: 0x000000c939a00000,0x000000c939b00000] [id=15028]
  0x000002b1ecdd5d40 GCTaskThread "GC Thread#0" [stack: 0x000000c938d00000,0x000000c938e00000] [id=18336]
  0x000002b189874c20 GCTaskThread "GC Thread#1" [stack: 0x000000c939b00000,0x000000c939c00000] [id=9540]
  0x000002b18971c8f0 GCTaskThread "GC Thread#2" [stack: 0x000000c939c00000,0x000000c939d00000] [id=15400]
  0x000002b18971cbb0 GCTaskThread "GC Thread#3" [stack: 0x000000c939d00000,0x000000c939e00000] [id=12992]
  0x000002b18862b910 GCTaskThread "GC Thread#4" [stack: 0x000000c939e00000,0x000000c939f00000] [id=20952]
=>0x000002b18862bbd0 GCTaskThread "GC Thread#5" [stack: 0x000000c939f00000,0x000000c93a000000] [id=956]
  0x000002b1895d4890 GCTaskThread "GC Thread#6" [stack: 0x000000c93a000000,0x000000c93a100000] [id=20420]
  0x000002b18a096a20 GCTaskThread "GC Thread#7" [stack: 0x000000c93a600000,0x000000c93a700000] [id=16908]

Threads with active compile tasks:
C2 CompilerThread0    11486 8659       4       java.lang.invoke.MethodType::makeImpl (109 bytes)
C2 CompilerThread1    11486 8637       4       com.sun.crypto.provider.AESCrypt::implDecryptBlock (3852 bytes)
C2 CompilerThread2    11486 8409       4       org.eclipse.jdt.internal.core.JarPackageFragmentRoot::initRawPackageInfo (342 bytes)

VM state: at safepoint (normal execution)

VM Mutex/Monitor currently owned by a thread:  ([mutex/lock_event])
[0x000002b1ecdbe570] Threads_lock - owner thread: 0x000002b1882714b0
[0x000002b1ecdc0070] Heap_lock - owner thread: 0x000002b18bc6fd20

Heap address: 0x0000000080000000, size: 2048 MB, Compressed Oops mode: 32-bit

CDS archive(s) not mapped
Compressed class space mapped at: 0x0000000100000000-0x0000000140000000, reserved size: 1073741824
Narrow klass base: 0x0000000000000000, Narrow klass shift: 3, Narrow klass range: 0x140000000

GC Precious Log:
 CPUs: 8 total, 8 available
 Memory: 16193M
 Large Page Support: Disabled
 NUMA Support: Disabled
 Compressed Oops: Enabled (32-bit)
 Alignments: Space 512K, Generation 512K, Heap 2M
 Heap Min Capacity: 100M
 Heap Initial Capacity: 100M
 Heap Max Capacity: 2G
 Pre-touch: Disabled
 Parallel Workers: 8

Heap:
 PSYoungGen      total 15872K, used 833K [0x00000000d5580000, 0x00000000d6700000, 0x0000000100000000)
  eden space 14848K, 0% used [0x00000000d5580000,0x00000000d5580000,0x00000000d6400000)
  from space 1024K, 81% used [0x00000000d6600000,0x00000000d66d0640,0x00000000d6700000)
  to   space 1024K, 0% used [0x00000000d6500000,0x00000000d6500000,0x00000000d6600000)
 ParOldGen       total 70144K, used 69283K [0x0000000080000000, 0x0000000084480000, 0x00000000d5580000)
  object space 70144K, 98% used [0x0000000080000000,0x00000000843a8d90,0x0000000084480000)
 Metaspace       used 63825K, committed 65152K, reserved 1114112K
  class space    used 6842K, committed 7424K, reserved 1048576K

Card table byte_map: [0x000002b1ec780000,0x000002b1ecb90000] _byte_map_base: 0x000002b1ec380000

Marking Bits: (ParMarkBitMap*) 0x00007ffb68a1d820
 Begin Bits: [0x000002b180000000, 0x000002b182000000)
 End Bits:   [0x000002b182000000, 0x000002b184000000)

Polling page: 0x000002b1ec570000

Metaspace:

Usage:
  Non-class:     55.65 MB used.
      Class:      6.68 MB used.
       Both:     62.33 MB used.

Virtual space:
  Non-class space:       64.00 MB reserved,      56.38 MB ( 88%) committed,  1 nodes.
      Class space:        1.00 GB reserved,       7.25 MB ( <1%) committed,  1 nodes.
             Both:        1.06 GB reserved,      63.62 MB (  6%) committed. 

Chunk freelists:
   Non-Class:  7.66 MB
       Class:  8.58 MB
        Both:  16.24 MB

MaxMetaspaceSize: unlimited
CompressedClassSpaceSize: 1.00 GB
Initial GC threshold: 21.00 MB
Current GC threshold: 97.31 MB
CDS: off
MetaspaceReclaimPolicy: balanced
 - commit_granule_bytes: 65536.
 - commit_granule_words: 8192.
 - virtual_space_node_default_size: 8388608.
 - enlarge_chunks_in_place: 1.
 - new_chunks_are_fully_committed: 0.
 - uncommit_free_chunks: 1.
 - use_allocation_guard: 0.
 - handle_deallocations: 1.


Internal statistics:

num_allocs_failed_limit: 9.
num_arena_births: 844.
num_arena_deaths: 14.
num_vsnodes_births: 2.
num_vsnodes_deaths: 0.
num_space_committed: 1018.
num_space_uncommitted: 0.
num_chunks_returned_to_freelist: 23.
num_chunks_taken_from_freelist: 3455.
num_chunk_merges: 14.
num_chunk_splits: 2152.
num_chunks_enlarged: 1225.
num_inconsistent_stats: 0.

CodeHeap 'non-profiled nmethods': size=120000Kb used=4591Kb max_used=4591Kb free=115408Kb
 bounds [0x000002b1f7520000, 0x000002b1f79a0000, 0x000002b1fea50000]
CodeHeap 'profiled nmethods': size=120000Kb used=15762Kb max_used=15762Kb free=104237Kb
 bounds [0x000002b1efa50000, 0x000002b1f09c0000, 0x000002b1f6f80000]
CodeHeap 'non-nmethods': size=5760Kb used=1342Kb max_used=1484Kb free=4417Kb
 bounds [0x000002b1f6f80000, 0x000002b1f71f0000, 0x000002b1f7520000]
 total_blobs=8545 nmethods=7859 adapters=600
 compilation: enabled
              stopped_count=0, restarted_count=0
 full_count=0

Compilation events (20 events):
Event: 8.552 Thread 0x000002b1882be640 8690       1       org.eclipse.aether.util.version.GenericVersion::hashCode (5 bytes)
Event: 8.552 Thread 0x000002b1882be640 nmethod 8690 0x000002b1f799af90 code [0x000002b1f799b120, 0x000002b1f799b1f8]
Event: 8.552 Thread 0x000002b1882be640 8699       2       java.io.StringWriter::append (6 bytes)
Event: 8.552 Thread 0x000002b1882be640 nmethod 8699 0x000002b1f09add10 code [0x000002b1f09adec0, 0x000002b1f09ae108]
Event: 8.552 Thread 0x000002b1882be640 8697       1       org.apache.maven.model.ModelBase::setDependencyManagement (6 bytes)
Event: 8.552 Thread 0x000002b1882be640 nmethod 8697 0x000002b1f799b290 code [0x000002b1f799b420, 0x000002b1f799b4f8]
Event: 8.553 Thread 0x000002b1882be640 8700       2       org.eclipse.core.runtime.Path::append (264 bytes)
Event: 8.554 Thread 0x000002b1882be640 nmethod 8700 0x000002b1f09ae290 code [0x000002b1f09ae540, 0x000002b1f09af048]
Event: 8.554 Thread 0x000002b1882be640 8702   !   2       org.eclipse.jdt.internal.core.JarPackageFragmentRoot::computeChildren (612 bytes)
Event: 8.558 Thread 0x000002b1882be640 nmethod 8702 0x000002b1f09af790 code [0x000002b1f09afcc0, 0x000002b1f09b1a88]
Event: 8.558 Thread 0x000002b1882be640 8704       2       org.apache.maven.repository.internal.ArtifactDescriptorUtils::toRemoteRepository (49 bytes)
Event: 8.559 Thread 0x000002b1882be640 nmethod 8704 0x000002b1f09b3d10 code [0x000002b1f09b3f00, 0x000002b1f09b41d8]
Event: 8.559 Thread 0x000002b1882be640 8707       2       org.eclipse.aether.repository.RemoteRepository::hashCode (127 bytes)
Event: 8.559 Thread 0x000002b1882be640 nmethod 8707 0x000002b1f09b4410 code [0x000002b1f09b4600, 0x000002b1f09b4998]
Event: 8.559 Thread 0x000002b1882be640 8706       1       org.apache.maven.model.Contributor::setOrganization (6 bytes)
Event: 8.559 Thread 0x000002b1882be640 nmethod 8706 0x000002b1f799b590 code [0x000002b1f799b720, 0x000002b1f799b7f8]
Event: 8.559 Thread 0x000002b1882be640 8708       1       org.apache.maven.model.Profile::setBuild (6 bytes)
Event: 8.559 Thread 0x000002b1882be640 nmethod 8708 0x000002b1f799b890 code [0x000002b1f799ba20, 0x000002b1f799baf8]
Event: 8.559 Thread 0x000002b1882be640 8703       1       org.eclipse.jdt.internal.compiler.classfmt.FieldInfo::sizeInBytes (5 bytes)
Event: 8.559 Thread 0x000002b1882be640 nmethod 8703 0x000002b1f799bb90 code [0x000002b1f799bd20, 0x000002b1f799bdf8]

GC Heap History (20 events):
Event: 8.291 GC heap after
{Heap after GC invocations=46 (full 3):
 PSYoungGen      total 18432K, used 1021K [0x00000000d5580000, 0x00000000d6a80000, 0x0000000100000000)
  eden space 17408K, 0% used [0x00000000d5580000,0x00000000d5580000,0x00000000d6680000)
  from space 1024K, 99% used [0x00000000d6780000,0x00000000d687f440,0x00000000d6880000)
  to   space 2048K, 0% used [0x00000000d6880000,0x00000000d6880000,0x00000000d6a80000)
 ParOldGen       total 68608K, used 56867K [0x0000000080000000, 0x0000000084300000, 0x00000000d5580000)
  object space 68608K, 82% used [0x0000000080000000,0x0000000083788ef8,0x0000000084300000)
 Metaspace       used 63047K, committed 64384K, reserved 1114112K
  class space    used 6743K, committed 7296K, reserved 1048576K
}
Event: 8.339 GC heap before
{Heap before GC invocations=47 (full 3):
 PSYoungGen      total 18432K, used 18429K [0x00000000d5580000, 0x00000000d6a80000, 0x0000000100000000)
  eden space 17408K, 100% used [0x00000000d5580000,0x00000000d6680000,0x00000000d6680000)
  from space 1024K, 99% used [0x00000000d6780000,0x00000000d687f440,0x00000000d6880000)
  to   space 2048K, 0% used [0x00000000d6880000,0x00000000d6880000,0x00000000d6a80000)
 ParOldGen       total 68608K, used 56867K [0x0000000080000000, 0x0000000084300000, 0x00000000d5580000)
  object space 68608K, 82% used [0x0000000080000000,0x0000000083788ef8,0x0000000084300000)
 Metaspace       used 63155K, committed 64448K, reserved 1114112K
  class space    used 6760K, committed 7296K, reserved 1048576K
}
Event: 8.341 GC heap after
{Heap after GC invocations=47 (full 3):
 PSYoungGen      total 18944K, used 2025K [0x00000000d5580000, 0x00000000d6b80000, 0x0000000100000000)
  eden space 16896K, 0% used [0x00000000d5580000,0x00000000d5580000,0x00000000d6600000)
  from space 2048K, 98% used [0x00000000d6880000,0x00000000d6a7a780,0x00000000d6a80000)
  to   space 2560K, 0% used [0x00000000d6600000,0x00000000d6600000,0x00000000d6880000)
 ParOldGen       total 68608K, used 60453K [0x0000000080000000, 0x0000000084300000, 0x00000000d5580000)
  object space 68608K, 88% used [0x0000000080000000,0x0000000083b09670,0x0000000084300000)
 Metaspace       used 63155K, committed 64448K, reserved 1114112K
  class space    used 6760K, committed 7296K, reserved 1048576K
}
Event: 8.363 GC heap before
{Heap before GC invocations=48 (full 3):
 PSYoungGen      total 18944K, used 18921K [0x00000000d5580000, 0x00000000d6b80000, 0x0000000100000000)
  eden space 16896K, 100% used [0x00000000d5580000,0x00000000d6600000,0x00000000d6600000)
  from space 2048K, 98% used [0x00000000d6880000,0x00000000d6a7a780,0x00000000d6a80000)
  to   space 2560K, 0% used [0x00000000d6600000,0x00000000d6600000,0x00000000d6880000)
 ParOldGen       total 68608K, used 60453K [0x0000000080000000, 0x0000000084300000, 0x00000000d5580000)
  object space 68608K, 88% used [0x0000000080000000,0x0000000083b09670,0x0000000084300000)
 Metaspace       used 63216K, committed 64512K, reserved 1114112K
  class space    used 6770K, committed 7296K, reserved 1048576K
}
Event: 8.364 GC heap after
{Heap after GC invocations=48 (full 3):
 PSYoungGen      total 17408K, used 508K [0x00000000d5580000, 0x00000000d6900000, 0x0000000100000000)
  eden space 16896K, 0% used [0x00000000d5580000,0x00000000d5580000,0x00000000d6600000)
  from space 512K, 99% used [0x00000000d6600000,0x00000000d667f148,0x00000000d6680000)
  to   space 1536K, 0% used [0x00000000d6780000,0x00000000d6780000,0x00000000d6900000)
 ParOldGen       total 68608K, used 62063K [0x0000000080000000, 0x0000000084300000, 0x00000000d5580000)
  object space 68608K, 90% used [0x0000000080000000,0x0000000083c9be00,0x0000000084300000)
 Metaspace       used 63216K, committed 64512K, reserved 1114112K
  class space    used 6770K, committed 7296K, reserved 1048576K
}
Event: 8.406 GC heap before
{Heap before GC invocations=49 (full 3):
 PSYoungGen      total 17408K, used 17404K [0x00000000d5580000, 0x00000000d6900000, 0x0000000100000000)
  eden space 16896K, 100% used [0x00000000d5580000,0x00000000d6600000,0x00000000d6600000)
  from space 512K, 99% used [0x00000000d6600000,0x00000000d667f148,0x00000000d6680000)
  to   space 1536K, 0% used [0x00000000d6780000,0x00000000d6780000,0x00000000d6900000)
 ParOldGen       total 68608K, used 62063K [0x0000000080000000, 0x0000000084300000, 0x00000000d5580000)
  object space 68608K, 90% used [0x0000000080000000,0x0000000083c9be00,0x0000000084300000)
 Metaspace       used 63422K, committed 64768K, reserved 1114112K
  class space    used 6804K, committed 7424K, reserved 1048576K
}
Event: 8.407 GC heap after
{Heap after GC invocations=49 (full 3):
 PSYoungGen      total 17920K, used 810K [0x00000000d5580000, 0x00000000d6880000, 0x0000000100000000)
  eden space 16896K, 0% used [0x00000000d5580000,0x00000000d5580000,0x00000000d6600000)
  from space 1024K, 79% used [0x00000000d6780000,0x00000000d684a8a8,0x00000000d6880000)
  to   space 1024K, 0% used [0x00000000d6680000,0x00000000d6680000,0x00000000d6780000)
 ParOldGen       total 68608K, used 62355K [0x0000000080000000, 0x0000000084300000, 0x00000000d5580000)
  object space 68608K, 90% used [0x0000000080000000,0x0000000083ce4fd8,0x0000000084300000)
 Metaspace       used 63422K, committed 64768K, reserved 1114112K
  class space    used 6804K, committed 7424K, reserved 1048576K
}
Event: 8.431 GC heap before
{Heap before GC invocations=50 (full 3):
 PSYoungGen      total 17920K, used 17706K [0x00000000d5580000, 0x00000000d6880000, 0x0000000100000000)
  eden space 16896K, 100% used [0x00000000d5580000,0x00000000d6600000,0x00000000d6600000)
  from space 1024K, 79% used [0x00000000d6780000,0x00000000d684a8a8,0x00000000d6880000)
  to   space 1024K, 0% used [0x00000000d6680000,0x00000000d6680000,0x00000000d6780000)
 ParOldGen       total 68608K, used 62355K [0x0000000080000000, 0x0000000084300000, 0x00000000d5580000)
  object space 68608K, 90% used [0x0000000080000000,0x0000000083ce4fd8,0x0000000084300000)
 Metaspace       used 63583K, committed 64960K, reserved 1114112K
  class space    used 6818K, committed 7424K, reserved 1048576K
}
Event: 8.432 GC heap after
{Heap after GC invocations=50 (full 3):
 PSYoungGen      total 17920K, used 736K [0x00000000d5580000, 0x00000000d6800000, 0x0000000100000000)
  eden space 16896K, 0% used [0x00000000d5580000,0x00000000d5580000,0x00000000d6600000)
  from space 1024K, 71% used [0x00000000d6680000,0x00000000d67381a8,0x00000000d6780000)
  to   space 512K, 0% used [0x00000000d6780000,0x00000000d6780000,0x00000000d6800000)
 ParOldGen       total 68608K, used 63025K [0x0000000080000000, 0x0000000084300000, 0x00000000d5580000)
  object space 68608K, 91% used [0x0000000080000000,0x0000000083d8c488,0x0000000084300000)
 Metaspace       used 63583K, committed 64960K, reserved 1114112K
  class space    used 6818K, committed 7424K, reserved 1048576K
}
Event: 8.461 GC heap before
{Heap before GC invocations=51 (full 3):
 PSYoungGen      total 17920K, used 17632K [0x00000000d5580000, 0x00000000d6800000, 0x0000000100000000)
  eden space 16896K, 100% used [0x00000000d5580000,0x00000000d6600000,0x00000000d6600000)
  from space 1024K, 71% used [0x00000000d6680000,0x00000000d67381a8,0x00000000d6780000)
  to   space 512K, 0% used [0x00000000d6780000,0x00000000d6780000,0x00000000d6800000)
 ParOldGen       total 68608K, used 63025K [0x0000000080000000, 0x0000000084300000, 0x00000000d5580000)
  object space 68608K, 91% used [0x0000000080000000,0x0000000083d8c488,0x0000000084300000)
 Metaspace       used 63629K, committed 64960K, reserved 1114112K
  class space    used 6824K, committed 7424K, reserved 1048576K
}
Event: 8.463 GC heap after
{Heap after GC invocations=51 (full 3):
 PSYoungGen      total 15360K, used 492K [0x00000000d5580000, 0x00000000d6d00000, 0x0000000100000000)
  eden space 14848K, 0% used [0x00000000d5580000,0x00000000d5580000,0x00000000d6400000)
  from space 512K, 96% used [0x00000000d6780000,0x00000000d67fb2c8,0x00000000d6800000)
  to   space 3584K, 0% used [0x00000000d6400000,0x00000000d6400000,0x00000000d6780000)
 ParOldGen       total 68608K, used 65446K [0x0000000080000000, 0x0000000084300000, 0x00000000d5580000)
  object space 68608K, 95% used [0x0000000080000000,0x0000000083fe9ac0,0x0000000084300000)
 Metaspace       used 63629K, committed 64960K, reserved 1114112K
  class space    used 6824K, committed 7424K, reserved 1048576K
}
Event: 8.483 GC heap before
{Heap before GC invocations=52 (full 3):
 PSYoungGen      total 15360K, used 15340K [0x00000000d5580000, 0x00000000d6d00000, 0x0000000100000000)
  eden space 14848K, 100% used [0x00000000d5580000,0x00000000d6400000,0x00000000d6400000)
  from space 512K, 96% used [0x00000000d6780000,0x00000000d67fb2c8,0x00000000d6800000)
  to   space 3584K, 0% used [0x00000000d6400000,0x00000000d6400000,0x00000000d6780000)
 ParOldGen       total 68608K, used 65446K [0x0000000080000000, 0x0000000084300000, 0x00000000d5580000)
  object space 68608K, 95% used [0x0000000080000000,0x0000000083fe9ac0,0x0000000084300000)
 Metaspace       used 63702K, committed 65024K, reserved 1114112K
  class space    used 6830K, committed 7424K, reserved 1048576K
}
Event: 8.484 GC heap after
{Heap after GC invocations=52 (full 3):
 PSYoungGen      total 16384K, used 1140K [0x00000000d5580000, 0x00000000d6800000, 0x0000000100000000)
  eden space 14848K, 0% used [0x00000000d5580000,0x00000000d5580000,0x00000000d6400000)
  from space 1536K, 74% used [0x00000000d6400000,0x00000000d651d040,0x00000000d6580000)
  to   space 2048K, 0% used [0x00000000d6600000,0x00000000d6600000,0x00000000d6800000)
 ParOldGen       total 68608K, used 65890K [0x0000000080000000, 0x0000000084300000, 0x00000000d5580000)
  object space 68608K, 96% used [0x0000000080000000,0x0000000084058978,0x0000000084300000)
 Metaspace       used 63702K, committed 65024K, reserved 1114112K
  class space    used 6830K, committed 7424K, reserved 1048576K
}
Event: 8.516 GC heap before
{Heap before GC invocations=53 (full 3):
 PSYoungGen      total 16384K, used 15988K [0x00000000d5580000, 0x00000000d6800000, 0x0000000100000000)
  eden space 14848K, 100% used [0x00000000d5580000,0x00000000d6400000,0x00000000d6400000)
  from space 1536K, 74% used [0x00000000d6400000,0x00000000d651d040,0x00000000d6580000)
  to   space 2048K, 0% used [0x00000000d6600000,0x00000000d6600000,0x00000000d6800000)
 ParOldGen       total 68608K, used 65890K [0x0000000080000000, 0x0000000084300000, 0x00000000d5580000)
  object space 68608K, 96% used [0x0000000080000000,0x0000000084058978,0x0000000084300000)
 Metaspace       used 63737K, committed 65088K, reserved 1114112K
  class space    used 6835K, committed 7424K, reserved 1048576K
}
Event: 8.517 GC heap after
{Heap after GC invocations=53 (full 3):
 PSYoungGen      total 15872K, used 524K [0x00000000d5580000, 0x00000000d6700000, 0x0000000100000000)
  eden space 14848K, 0% used [0x00000000d5580000,0x00000000d5580000,0x00000000d6400000)
  from space 1024K, 51% used [0x00000000d6600000,0x00000000d6683068,0x00000000d6700000)
  to   space 1024K, 0% used [0x00000000d6500000,0x00000000d6500000,0x00000000d6600000)
 ParOldGen       total 68608K, used 66738K [0x0000000080000000, 0x0000000084300000, 0x00000000d5580000)
  object space 68608K, 97% used [0x0000000080000000,0x000000008412cb98,0x0000000084300000)
 Metaspace       used 63737K, committed 65088K, reserved 1114112K
  class space    used 6835K, committed 7424K, reserved 1048576K
}
Event: 8.540 GC heap before
{Heap before GC invocations=54 (full 3):
 PSYoungGen      total 15872K, used 15372K [0x00000000d5580000, 0x00000000d6700000, 0x0000000100000000)
  eden space 14848K, 100% used [0x00000000d5580000,0x00000000d6400000,0x00000000d6400000)
  from space 1024K, 51% used [0x00000000d6600000,0x00000000d6683068,0x00000000d6700000)
  to   space 1024K, 0% used [0x00000000d6500000,0x00000000d6500000,0x00000000d6600000)
 ParOldGen       total 68608K, used 66738K [0x0000000080000000, 0x0000000084300000, 0x00000000d5580000)
  object space 68608K, 97% used [0x0000000080000000,0x000000008412cb98,0x0000000084300000)
 Metaspace       used 63798K, committed 65152K, reserved 1114112K
  class space    used 6842K, committed 7424K, reserved 1048576K
}
Event: 8.541 GC heap after
{Heap after GC invocations=54 (full 3):
 PSYoungGen      total 15872K, used 1011K [0x00000000d5580000, 0x00000000d6700000, 0x0000000100000000)
  eden space 14848K, 0% used [0x00000000d5580000,0x00000000d5580000,0x00000000d6400000)
  from space 1024K, 98% used [0x00000000d6500000,0x00000000d65fccd8,0x00000000d6600000)
  to   space 1024K, 0% used [0x00000000d6600000,0x00000000d6600000,0x00000000d6700000)
 ParOldGen       total 68608K, used 67086K [0x0000000080000000, 0x0000000084300000, 0x00000000d5580000)
  object space 68608K, 97% used [0x0000000080000000,0x00000000841838d8,0x0000000084300000)
 Metaspace       used 63798K, committed 65152K, reserved 1114112K
  class space    used 6842K, committed 7424K, reserved 1048576K
}
Event: 8.562 GC heap before
{Heap before GC invocations=55 (full 3):
 PSYoungGen      total 15872K, used 15859K [0x00000000d5580000, 0x00000000d6700000, 0x0000000100000000)
  eden space 14848K, 100% used [0x00000000d5580000,0x00000000d6400000,0x00000000d6400000)
  from space 1024K, 98% used [0x00000000d6500000,0x00000000d65fccd8,0x00000000d6600000)
  to   space 1024K, 0% used [0x00000000d6600000,0x00000000d6600000,0x00000000d6700000)
 ParOldGen       total 68608K, used 67086K [0x0000000080000000, 0x0000000084300000, 0x00000000d5580000)
  object space 68608K, 97% used [0x0000000080000000,0x00000000841838d8,0x0000000084300000)
 Metaspace       used 63825K, committed 65152K, reserved 1114112K
  class space    used 6842K, committed 7424K, reserved 1048576K
}
Event: 8.564 GC heap after
{Heap after GC invocations=55 (full 3):
 PSYoungGen      total 15872K, used 833K [0x00000000d5580000, 0x00000000d6700000, 0x0000000100000000)
  eden space 14848K, 0% used [0x00000000d5580000,0x00000000d5580000,0x00000000d6400000)
  from space 1024K, 81% used [0x00000000d6600000,0x00000000d66d0640,0x00000000d6700000)
  to   space 1024K, 0% used [0x00000000d6500000,0x00000000d6500000,0x00000000d6600000)
 ParOldGen       total 70144K, used 69283K [0x0000000080000000, 0x0000000084480000, 0x00000000d5580000)
  object space 70144K, 98% used [0x0000000080000000,0x00000000843a8d90,0x0000000084480000)
 Metaspace       used 63825K, committed 65152K, reserved 1114112K
  class space    used 6842K, committed 7424K, reserved 1048576K
}
Event: 8.564 GC heap before
{Heap before GC invocations=56 (full 4):
 PSYoungGen      total 15872K, used 833K [0x00000000d5580000, 0x00000000d6700000, 0x0000000100000000)
  eden space 14848K, 0% used [0x00000000d5580000,0x00000000d5580000,0x00000000d6400000)
  from space 1024K, 81% used [0x00000000d6600000,0x00000000d66d0640,0x00000000d6700000)
  to   space 1024K, 0% used [0x00000000d6500000,0x00000000d6500000,0x00000000d6600000)
 ParOldGen       total 70144K, used 69283K [0x0000000080000000, 0x0000000084480000, 0x00000000d5580000)
  object space 70144K, 98% used [0x0000000080000000,0x00000000843a8d90,0x0000000084480000)
 Metaspace       used 63825K, committed 65152K, reserved 1114112K
  class space    used 6842K, committed 7424K, reserved 1048576K
}

Dll operation events (11 events):
Event: 0.018 Loaded shared library c:\Users\Sergio\.vscode\extensions\redhat.java-1.31.0-win32-x64\jre\17.0.11-win32-x86_64\bin\java.dll
Event: 0.211 Loaded shared library c:\Users\Sergio\.vscode\extensions\redhat.java-1.31.0-win32-x64\jre\17.0.11-win32-x86_64\bin\zip.dll
Event: 0.214 Loaded shared library C:\Users\Sergio\.vscode\extensions\redhat.java-1.31.0-win32-x64\jre\17.0.11-win32-x86_64\bin\instrument.dll
Event: 0.235 Loaded shared library C:\Users\Sergio\.vscode\extensions\redhat.java-1.31.0-win32-x64\jre\17.0.11-win32-x86_64\bin\net.dll
Event: 0.239 Loaded shared library C:\Users\Sergio\.vscode\extensions\redhat.java-1.31.0-win32-x64\jre\17.0.11-win32-x86_64\bin\nio.dll
Event: 0.251 Loaded shared library C:\Users\Sergio\.vscode\extensions\redhat.java-1.31.0-win32-x64\jre\17.0.11-win32-x86_64\bin\zip.dll
Event: 0.269 Loaded shared library C:\Users\Sergio\.vscode\extensions\redhat.java-1.31.0-win32-x64\jre\17.0.11-win32-x86_64\bin\jimage.dll
Event: 0.344 Loaded shared library c:\Users\Sergio\.vscode\extensions\redhat.java-1.31.0-win32-x64\jre\17.0.11-win32-x86_64\bin\verify.dll
Event: 1.751 Loaded shared library C:\Users\Sergio\AppData\Roaming\Code\User\globalStorage\redhat.java\1.31.0\config_win\org.eclipse.equinox.launcher\org.eclipse.equinox.launcher.win32.win32.x86_64_1.2.1000.v20240507-1834\eclipse_11902.dll
Event: 4.282 Loaded shared library C:\Users\Sergio\AppData\Local\Temp\jna--1821973619\jna2915157853838461187.dll
Event: 8.379 Loaded shared library C:\Users\Sergio\.vscode\extensions\redhat.java-1.31.0-win32-x64\jre\17.0.11-win32-x86_64\bin\sunmscapi.dll

Deoptimization events (20 events):
Event: 8.520 Thread 0x000002b18bc71670 DEOPT PACKING pc=0x000002b1f05ebaf5 sp=0x000000c93c5fe140
Event: 8.520 Thread 0x000002b18bc71670 DEOPT UNPACKING pc=0x000002b1f6fd6e43 sp=0x000000c93c5fd620 mode 0
Event: 8.531 Thread 0x000002b18bc734d0 Uncommon trap: trap_request=0xffffff45 fr.pc=0x000002b1f79208d0 relative=0x0000000000000050
Event: 8.531 Thread 0x000002b18bc734d0 Uncommon trap: reason=unstable_if action=reinterpret pc=0x000002b1f79208d0 method=org.codehaus.plexus.util.xml.pull.MXParser.isValidCodePoint(I)Z @ 15 c2
Event: 8.531 Thread 0x000002b18bc734d0 DEOPT PACKING pc=0x000002b1f79208d0 sp=0x000000c93c7fe2a0
Event: 8.531 Thread 0x000002b18bc734d0 DEOPT UNPACKING pc=0x000002b1f6fd66a3 sp=0x000000c93c7fe230 mode 2
Event: 8.546 Thread 0x000002b18bc739e0 DEOPT PACKING pc=0x000002b1f098e523 sp=0x000000c93c9fef10
Event: 8.546 Thread 0x000002b18bc739e0 DEOPT UNPACKING pc=0x000002b1f6fd6e43 sp=0x000000c93c9fe428 mode 0
Event: 8.546 Thread 0x000002b18a2f2720 Uncommon trap: trap_request=0xffffffde fr.pc=0x000002b1f7874d38 relative=0x00000000000008b8
Event: 8.549 Thread 0x000002b18a2f2720 Uncommon trap: reason=class_check action=maybe_recompile pc=0x000002b1f7874d38 method=java.util.WeakHashMap.matchesKey(Ljava/util/WeakHashMap$Entry;Ljava/lang/Object;)Z @ 21 c2
Event: 8.549 Thread 0x000002b18bc739e0 Uncommon trap: trap_request=0xffffff45 fr.pc=0x000002b1f799a508 relative=0x0000000000000568
Event: 8.549 Thread 0x000002b18bc739e0 Uncommon trap: reason=unstable_if action=reinterpret pc=0x000002b1f799a508 method=com.sun.crypto.provider.CipherBlockChaining.implDecrypt([BII[BI)I @ 8 c2
Event: 8.549 Thread 0x000002b18a2f2720 DEOPT PACKING pc=0x000002b1f7874d38 sp=0x000000c93abfd6e0
Event: 8.549 Thread 0x000002b18a2f2720 DEOPT UNPACKING pc=0x000002b1f6fd66a3 sp=0x000000c93abfd628 mode 2
Event: 8.550 Thread 0x000002b18a2f2720 Uncommon trap: trap_request=0xffffffde fr.pc=0x000002b1f7874d38 relative=0x00000000000008b8
Event: 8.550 Thread 0x000002b18bc739e0 DEOPT PACKING pc=0x000002b1f799a508 sp=0x000000c93c9fef50
Event: 8.550 Thread 0x000002b18bc739e0 DEOPT UNPACKING pc=0x000002b1f6fd66a3 sp=0x000000c93c9fef28 mode 2
Event: 8.550 Thread 0x000002b18a2f2720 Uncommon trap: reason=class_check action=maybe_recompile pc=0x000002b1f7874d38 method=java.util.WeakHashMap.matchesKey(Ljava/util/WeakHashMap$Entry;Ljava/lang/Object;)Z @ 21 c2
Event: 8.560 Thread 0x000002b18a2f2720 DEOPT PACKING pc=0x000002b1f7874d38 sp=0x000000c93abfd6f0
Event: 8.560 Thread 0x000002b18a2f2720 DEOPT UNPACKING pc=0x000002b1f6fd66a3 sp=0x000000c93abfd638 mode 2

Classes unloaded (7 events):
Event: 4.050 Thread 0x000002b1882714b0 Unloading class 0x0000000100250400 'java/lang/invoke/LambdaForm$MH+0x0000000100250400'
Event: 4.050 Thread 0x000002b1882714b0 Unloading class 0x0000000100250000 'java/lang/invoke/LambdaForm$MH+0x0000000100250000'
Event: 4.050 Thread 0x000002b1882714b0 Unloading class 0x000000010024fc00 'java/lang/invoke/LambdaForm$MH+0x000000010024fc00'
Event: 4.050 Thread 0x000002b1882714b0 Unloading class 0x000000010024f800 'java/lang/invoke/LambdaForm$MH+0x000000010024f800'
Event: 4.050 Thread 0x000002b1882714b0 Unloading class 0x000000010024f400 'java/lang/invoke/LambdaForm$BMH+0x000000010024f400'
Event: 4.050 Thread 0x000002b1882714b0 Unloading class 0x000000010024f000 'java/lang/invoke/LambdaForm$DMH+0x000000010024f000'
Event: 4.050 Thread 0x000002b1882714b0 Unloading class 0x000000010024c400 'java/lang/invoke/LambdaForm$DMH+0x000000010024c400'

Classes redefined (0 events):
No events

Internal exceptions (20 events):
Event: 7.224 Thread 0x000002b18bc6dec0 Exception <a 'java/lang/NoSuchMethodError'{0x00000000d5873ea0}: 'java.lang.Object java.lang.invoke.DirectMethodHandle$Holder.newInvokeSpecial(java.lang.Object, java.lang.Object, int)'> (0x00000000d5873ea0) 
thrown [s\src\hotspot\share\interpreter\linkResolver.cpp, line 759]
Event: 7.281 Thread 0x000002b18a2f2720 Exception <a 'java/io/FileNotFoundException'{0x00000000d64d6518}> (0x00000000d64d6518) 
thrown [s\src\hotspot\share\prims\jni.cpp, line 516]
Event: 7.281 Thread 0x000002b18a2f2720 Exception <a 'java/io/FileNotFoundException'{0x00000000d64d77f8}> (0x00000000d64d77f8) 
thrown [s\src\hotspot\share\prims\jni.cpp, line 516]
Event: 7.281 Thread 0x000002b18a2f2720 Exception <a 'java/io/FileNotFoundException'{0x00000000d64e0ae8}> (0x00000000d64e0ae8) 
thrown [s\src\hotspot\share\prims\jni.cpp, line 516]
Event: 7.298 Thread 0x000002b18a2f2720 Exception <a 'sun/nio/fs/WindowsException'{0x00000000d6763dd0}> (0x00000000d6763dd0) 
thrown [s\src\hotspot\share\prims\jni.cpp, line 516]
Event: 7.298 Thread 0x000002b18a2f2720 Exception <a 'sun/nio/fs/WindowsException'{0x00000000d676c660}> (0x00000000d676c660) 
thrown [s\src\hotspot\share\prims\jni.cpp, line 516]
Event: 7.298 Thread 0x000002b18a2f2720 Exception <a 'sun/nio/fs/WindowsException'{0x00000000d676d3e0}> (0x00000000d676d3e0) 
thrown [s\src\hotspot\share\prims\jni.cpp, line 516]
Event: 7.299 Thread 0x000002b18a2f2720 Exception <a 'sun/nio/fs/WindowsException'{0x00000000d676da18}> (0x00000000d676da18) 
thrown [s\src\hotspot\share\prims\jni.cpp, line 516]
Event: 7.302 Thread 0x000002b18a2f2720 Exception <a 'java/io/FileNotFoundException'{0x00000000d68a9340}> (0x00000000d68a9340) 
thrown [s\src\hotspot\share\prims\jni.cpp, line 516]
Event: 7.302 Thread 0x000002b18a2f2720 Exception <a 'java/io/FileNotFoundException'{0x00000000d68aa0f0}> (0x00000000d68aa0f0) 
thrown [s\src\hotspot\share\prims\jni.cpp, line 516]
Event: 7.309 Thread 0x000002b18a2f2720 Exception <a 'sun/nio/fs/WindowsException'{0x00000000d694a598}> (0x00000000d694a598) 
thrown [s\src\hotspot\share\prims\jni.cpp, line 516]
Event: 7.309 Thread 0x000002b18a2f2720 Exception <a 'sun/nio/fs/WindowsException'{0x00000000d694abd0}> (0x00000000d694abd0) 
thrown [s\src\hotspot\share\prims\jni.cpp, line 516]
Event: 7.625 Thread 0x000002b18bc70c50 Exception <a 'java/lang/NoSuchMethodError'{0x00000000d6176320}: 'java.lang.Object java.lang.invoke.DirectMethodHandle$Holder.invokeSpecial(java.lang.Object, java.lang.Object, int, long)'> (0x00000000d6176320) 
thrown [s\src\hotspot\share\interpreter\linkResolver.cpp, line 759]
Event: 8.248 Thread 0x000002b18a2f2720 Exception <a 'java/lang/NoSuchMethodError'{0x00000000d5f48290}: 'void java.lang.invoke.DirectMethodHandle$Holder.invokeInterface(java.lang.Object, java.lang.Object)'> (0x00000000d5f48290) 
thrown [s\src\hotspot\share\interpreter\linkResolver.cpp, line 759]
Event: 8.295 Thread 0x000002b18a2f2720 Exception <a 'java/lang/NoSuchMethodError'{0x00000000d569a298}: 'java.lang.Object java.lang.invoke.DirectMethodHandle$Holder.newInvokeSpecial(java.lang.Object, java.lang.Object, java.lang.Object, java.lang.Object, java.lang.Object, java.lang.Object)'> (0x00000000d569a298) 
thrown [s\src\hotspot\share\interpreter\linkResolver.cpp, line 759]
Event: 8.315 Thread 0x000002b18bc71670 Exception <a 'java/lang/NoSuchMethodError'{0x00000000d609aa18}: 'java.lang.Object java.lang.invoke.Invokers$Holder.linkToTargetMethod(java.lang.Object, java.lang.Object, java.lang.Object, java.lang.Object, java.lang.Object, java.lang.Object, java.lang.Object)'> (0x00000000d609aa18) 
thrown [s\src\hotspot\share\interpreter\linkResolver.cpp, line 759]
Event: 8.315 Thread 0x000002b18bc72fc0 Exception <a 'java/lang/NoSuchMethodError'{0x00000000d609ee18}: 'java.lang.Object java.lang.invoke.Invokers$Holder.linkToTargetMethod(java.lang.Object, java.lang.Object, java.lang.Object, java.lang.Object, java.lang.Object, java.lang.Object, java.lang.Object)'> (0x00000000d609ee18) 
thrown [s\src\hotspot\share\interpreter\linkResolver.cpp, line 759]
Event: 8.407 Thread 0x000002b18bc739e0 Exception <a 'sun/nio/fs/WindowsException'{0x00000000d5580050}> (0x00000000d5580050) 
thrown [s\src\hotspot\share\prims\jni.cpp, line 516]
Event: 8.428 Thread 0x000002b18a2f03b0 Exception <a 'sun/nio/fs/WindowsException'{0x00000000d64941c0}> (0x00000000d64941c0) 
thrown [s\src\hotspot\share\prims\jni.cpp, line 516]
Event: 8.428 Thread 0x000002b18a2f03b0 Exception <a 'sun/nio/fs/WindowsException'{0x00000000d64947f8}> (0x00000000d64947f8) 
thrown [s\src\hotspot\share\prims\jni.cpp, line 516]

VM Operations (20 events):
Event: 8.343 Executing VM operation: ParallelGCFailedAllocation done
Event: 8.360 Executing VM operation: ParallelGCFailedAllocation
Event: 8.366 Executing VM operation: ParallelGCFailedAllocation done
Event: 8.386 Executing VM operation: HandshakeAllThreads
Event: 8.386 Executing VM operation: HandshakeAllThreads done
Event: 8.403 Executing VM operation: ParallelGCFailedAllocation
Event: 8.409 Executing VM operation: ParallelGCFailedAllocation done
Event: 8.409 Executing VM operation: HandshakeAllThreads
Event: 8.409 Executing VM operation: HandshakeAllThreads done
Event: 8.429 Executing VM operation: ParallelGCFailedAllocation
Event: 8.442 Executing VM operation: ParallelGCFailedAllocation done
Event: 8.459 Executing VM operation: ParallelGCFailedAllocation
Event: 8.474 Executing VM operation: ParallelGCFailedAllocation done
Event: 8.481 Executing VM operation: ParallelGCFailedAllocation
Event: 8.508 Executing VM operation: ParallelGCFailedAllocation done
Event: 8.516 Executing VM operation: ParallelGCFailedAllocation
Event: 8.518 Executing VM operation: ParallelGCFailedAllocation done
Event: 8.540 Executing VM operation: ParallelGCFailedAllocation
Event: 8.546 Executing VM operation: ParallelGCFailedAllocation done
Event: 8.560 Executing VM operation: ParallelGCFailedAllocation

Events (20 events):
Event: 8.427 loading class com/sun/crypto/provider/ElectronicCodeBook
Event: 8.427 loading class com/sun/crypto/provider/FeedbackCipher
Event: 8.427 loading class com/sun/crypto/provider/FeedbackCipher done
Event: 8.427 loading class com/sun/crypto/provider/ElectronicCodeBook done
Event: 8.441 loading class com/sun/crypto/provider/PKCS5Padding
Event: 8.441 loading class com/sun/crypto/provider/Padding
Event: 8.441 loading class com/sun/crypto/provider/Padding done
Event: 8.441 loading class com/sun/crypto/provider/PKCS5Padding done
Event: 8.442 loading class com/sun/crypto/provider/CipherBlockChaining
Event: 8.442 loading class com/sun/crypto/provider/CipherBlockChaining done
Event: 8.444 loading class javax/crypto/NullCipher
Event: 8.445 loading class javax/crypto/NullCipher done
Event: 8.452 loading class sun/security/util/ArrayUtil
Event: 8.452 loading class sun/security/util/ArrayUtil done
Event: 8.529 loading class java/lang/invoke/BoundMethodHandle$Species_LLLLLLLLLL
Event: 8.530 loading class java/lang/invoke/BoundMethodHandle$Species_LLLLLLLLLL done
Event: 8.531 loading class java/lang/invoke/BoundMethodHandle$Species_LLLLLLLLLLL
Event: 8.531 loading class java/lang/invoke/BoundMethodHandle$Species_LLLLLLLLLLL done
Event: 8.551 loading class java/lang/Class$EnclosingMethodInfo
Event: 8.551 loading class java/lang/Class$EnclosingMethodInfo done


Dynamic libraries:
0x00007ff71d2f0000 - 0x00007ff71d2fe000 	c:\Users\Sergio\.vscode\extensions\redhat.java-1.31.0-win32-x64\jre\17.0.11-win32-x86_64\bin\java.exe
0x00007ffbbce90000 - 0x00007ffbbd0a7000 	C:\WINDOWS\SYSTEM32\ntdll.dll
0x00007ffbbcce0000 - 0x00007ffbbcda4000 	C:\WINDOWS\System32\KERNEL32.DLL
0x00007ffbba7b0000 - 0x00007ffbbab5c000 	C:\WINDOWS\System32\KERNELBASE.dll
0x00007ffbba260000 - 0x00007ffbba371000 	C:\WINDOWS\System32\ucrtbase.dll
0x00007ffbb39a0000 - 0x00007ffbb39b7000 	c:\Users\Sergio\.vscode\extensions\redhat.java-1.31.0-win32-x64\jre\17.0.11-win32-x86_64\bin\jli.dll
0x00007ffbbaf10000 - 0x00007ffbbb0be000 	C:\WINDOWS\System32\USER32.dll
0x00007ffbba400000 - 0x00007ffbba426000 	C:\WINDOWS\System32\win32u.dll
0x00007ffbbb340000 - 0x00007ffbbb369000 	C:\WINDOWS\System32\GDI32.dll
0x00007ffbba430000 - 0x00007ffbba549000 	C:\WINDOWS\System32\gdi32full.dll
0x00007ffbba1c0000 - 0x00007ffbba25a000 	C:\WINDOWS\System32\msvcp_win.dll
0x00007ffbb07a0000 - 0x00007ffbb07bb000 	c:\Users\Sergio\.vscode\extensions\redhat.java-1.31.0-win32-x64\jre\17.0.11-win32-x86_64\bin\VCRUNTIME140.dll
0x00007ffba2bc0000 - 0x00007ffba2e53000 	C:\WINDOWS\WinSxS\amd64_microsoft.windows.common-controls_6595b64144ccf1df_6.0.22621.3672_none_2713b9d173822955\COMCTL32.dll
0x00007ffbbcc30000 - 0x00007ffbbccd7000 	C:\WINDOWS\System32\msvcrt.dll
0x00007ffbbb630000 - 0x00007ffbbb661000 	C:\WINDOWS\System32\IMM32.DLL
0x00007ffbb3a30000 - 0x00007ffbb3a3c000 	c:\Users\Sergio\.vscode\extensions\redhat.java-1.31.0-win32-x64\jre\17.0.11-win32-x86_64\bin\vcruntime140_1.dll
0x00007ffb8de90000 - 0x00007ffb8df1d000 	c:\Users\Sergio\.vscode\extensions\redhat.java-1.31.0-win32-x64\jre\17.0.11-win32-x86_64\bin\msvcp140.dll
0x00007ffb67e80000 - 0x00007ffb68ae2000 	c:\Users\Sergio\.vscode\extensions\redhat.java-1.31.0-win32-x64\jre\17.0.11-win32-x86_64\bin\server\jvm.dll
0x00007ffbbabd0000 - 0x00007ffbbac82000 	C:\WINDOWS\System32\ADVAPI32.dll
0x00007ffbbae60000 - 0x00007ffbbaf08000 	C:\WINDOWS\System32\sechost.dll
0x00007ffbba550000 - 0x00007ffbba578000 	C:\WINDOWS\System32\bcrypt.dll
0x00007ffbbb220000 - 0x00007ffbbb335000 	C:\WINDOWS\System32\RPCRT4.dll
0x00007ffbb9050000 - 0x00007ffbb909d000 	C:\WINDOWS\SYSTEM32\POWRPROF.dll
0x00007ffbb3980000 - 0x00007ffbb3989000 	C:\WINDOWS\SYSTEM32\WSOCK32.dll
0x00007ffbbb680000 - 0x00007ffbbb6f1000 	C:\WINDOWS\System32\WS2_32.dll
0x00007ffbadc80000 - 0x00007ffbadcb4000 	C:\WINDOWS\SYSTEM32\WINMM.dll
0x00007ffbace50000 - 0x00007ffbace5a000 	C:\WINDOWS\SYSTEM32\VERSION.dll
0x00007ffbb9030000 - 0x00007ffbb9043000 	C:\WINDOWS\SYSTEM32\UMPDC.dll
0x00007ffbb92e0000 - 0x00007ffbb92f8000 	C:\WINDOWS\SYSTEM32\kernel.appcore.dll
0x00007ffbb1e50000 - 0x00007ffbb1e5a000 	c:\Users\Sergio\.vscode\extensions\redhat.java-1.31.0-win32-x64\jre\17.0.11-win32-x86_64\bin\jimage.dll
0x00007ffbb7680000 - 0x00007ffbb78b2000 	C:\WINDOWS\SYSTEM32\DBGHELP.DLL
0x00007ffbbc8a0000 - 0x00007ffbbcc28000 	C:\WINDOWS\System32\combase.dll
0x00007ffbbbfd0000 - 0x00007ffbbc0a7000 	C:\WINDOWS\System32\OLEAUT32.dll
0x00007ffb8e010000 - 0x00007ffb8e042000 	C:\WINDOWS\SYSTEM32\dbgcore.DLL
0x00007ffbba380000 - 0x00007ffbba3fb000 	C:\WINDOWS\System32\bcryptPrimitives.dll
0x00007ffbafa60000 - 0x00007ffbafa6e000 	c:\Users\Sergio\.vscode\extensions\redhat.java-1.31.0-win32-x64\jre\17.0.11-win32-x86_64\bin\instrument.dll
0x00007ffb953e0000 - 0x00007ffb95405000 	c:\Users\Sergio\.vscode\extensions\redhat.java-1.31.0-win32-x64\jre\17.0.11-win32-x86_64\bin\java.dll
0x00007ffba6960000 - 0x00007ffba6978000 	c:\Users\Sergio\.vscode\extensions\redhat.java-1.31.0-win32-x64\jre\17.0.11-win32-x86_64\bin\zip.dll
0x00007ffbbb720000 - 0x00007ffbbbf7c000 	C:\WINDOWS\System32\SHELL32.dll
0x00007ffbb8120000 - 0x00007ffbb8a17000 	C:\WINDOWS\SYSTEM32\windows.storage.dll
0x00007ffbb7fe0000 - 0x00007ffbb811f000 	C:\WINDOWS\SYSTEM32\wintypes.dll
0x00007ffbbb120000 - 0x00007ffbbb214000 	C:\WINDOWS\System32\SHCORE.dll
0x00007ffbbc120000 - 0x00007ffbbc17e000 	C:\WINDOWS\System32\shlwapi.dll
0x00007ffbba0f0000 - 0x00007ffbba111000 	C:\WINDOWS\SYSTEM32\profapi.dll
0x00007ffb94cc0000 - 0x00007ffb94cd9000 	C:\Users\Sergio\.vscode\extensions\redhat.java-1.31.0-win32-x64\jre\17.0.11-win32-x86_64\bin\net.dll
0x00007ffbb0f90000 - 0x00007ffbb10c6000 	C:\WINDOWS\SYSTEM32\WINHTTP.dll
0x00007ffbb9750000 - 0x00007ffbb97b9000 	C:\WINDOWS\system32\mswsock.dll
0x00007ffb93c30000 - 0x00007ffb93c46000 	C:\Users\Sergio\.vscode\extensions\redhat.java-1.31.0-win32-x64\jre\17.0.11-win32-x86_64\bin\nio.dll
0x00007ffb95ee0000 - 0x00007ffb95ef0000 	c:\Users\Sergio\.vscode\extensions\redhat.java-1.31.0-win32-x64\jre\17.0.11-win32-x86_64\bin\verify.dll
0x00007ffb8de40000 - 0x00007ffb8de84000 	C:\Users\Sergio\AppData\Roaming\Code\User\globalStorage\redhat.java\1.31.0\config_win\org.eclipse.equinox.launcher\org.eclipse.equinox.launcher.win32.win32.x86_64_1.2.1000.v20240507-1834\eclipse_11902.dll
0x00007ffbbac90000 - 0x00007ffbbae35000 	C:\WINDOWS\System32\ole32.dll
0x00007ffbb99b0000 - 0x00007ffbb99cb000 	C:\WINDOWS\SYSTEM32\CRYPTSP.dll
0x00007ffbb9240000 - 0x00007ffbb9275000 	C:\WINDOWS\system32\rsaenh.dll
0x00007ffbb9850000 - 0x00007ffbb9878000 	C:\WINDOWS\SYSTEM32\USERENV.dll
0x00007ffbb99d0000 - 0x00007ffbb99dc000 	C:\WINDOWS\SYSTEM32\CRYPTBASE.dll
0x00007ffbb8cf0000 - 0x00007ffbb8d1d000 	C:\WINDOWS\SYSTEM32\IPHLPAPI.DLL
0x00007ffbbb670000 - 0x00007ffbbb679000 	C:\WINDOWS\System32\NSI.dll
0x00007ffbb0c50000 - 0x00007ffbb0c69000 	C:\WINDOWS\SYSTEM32\dhcpcsvc6.DLL
0x00007ffbb0c30000 - 0x00007ffbb0c4f000 	C:\WINDOWS\SYSTEM32\dhcpcsvc.DLL
0x00007ffbb8d20000 - 0x00007ffbb8e18000 	C:\WINDOWS\SYSTEM32\DNSAPI.dll
0x00007ffb8da30000 - 0x00007ffb8da75000 	C:\Users\Sergio\AppData\Local\Temp\jna--1821973619\jna2915157853838461187.dll
0x00007ffbbc0b0000 - 0x00007ffbbc0b8000 	C:\WINDOWS\System32\PSAPI.DLL
0x00007ffba5f10000 - 0x00007ffba5f1e000 	C:\Users\Sergio\.vscode\extensions\redhat.java-1.31.0-win32-x64\jre\17.0.11-win32-x86_64\bin\sunmscapi.dll
0x00007ffbba640000 - 0x00007ffbba7a7000 	C:\WINDOWS\System32\CRYPT32.dll
0x00007ffbb9b70000 - 0x00007ffbb9b9e000 	C:\WINDOWS\SYSTEM32\ncrypt.dll
0x00007ffbb9b30000 - 0x00007ffbb9b67000 	C:\WINDOWS\SYSTEM32\NTASN1.dll

dbghelp: loaded successfully - version: 4.0.5 - missing functions: none
symbol engine: initialized successfully - sym options: 0x614 - pdb path: .;c:\Users\Sergio\.vscode\extensions\redhat.java-1.31.0-win32-x64\jre\17.0.11-win32-x86_64\bin;C:\WINDOWS\SYSTEM32;C:\WINDOWS\WinSxS\amd64_microsoft.windows.common-controls_6595b64144ccf1df_6.0.22621.3672_none_2713b9d173822955;c:\Users\Sergio\.vscode\extensions\redhat.java-1.31.0-win32-x64\jre\17.0.11-win32-x86_64\bin\server;C:\Users\Sergio\AppData\Roaming\Code\User\globalStorage\redhat.java\1.31.0\config_win\org.eclipse.equinox.launcher\org.eclipse.equinox.launcher.win32.win32.x86_64_1.2.1000.v20240507-1834;C:\Users\Sergio\AppData\Local\Temp\jna--1821973619

VM Arguments:
jvm_args: --add-modules=ALL-SYSTEM --add-opens=java.base/java.util=ALL-UNNAMED --add-opens=java.base/java.lang=ALL-UNNAMED --add-opens=java.base/sun.nio.fs=ALL-UNNAMED -Declipse.application=org.eclipse.jdt.ls.core.id1 -Dosgi.bundles.defaultStartLevel=4 -Declipse.product=org.eclipse.jdt.ls.core.product -Djava.import.generatesMetadataFilesAtProjectRoot=false -DDetectVMInstallationsJob.disabled=true -Dfile.encoding=utf8 -XX:+UseParallelGC -XX:GCTimeRatio=4 -XX:AdaptiveSizePolicyWeight=90 -Dsun.zip.disableMemoryMapping=true -Xmx2G -Xms100m -Xlog:disable -javaagent:c:\Users\Sergio\.vscode\extensions\redhat.java-1.31.0-win32-x64\lombok\lombok-1.18.32.jar -XX:+HeapDumpOnOutOfMemoryError -XX:HeapDumpPath=c:\Users\Sergio\AppData\Roaming\Code\User\workspaceStorage\5343854ed622dacb063563fdaa0c68f0\redhat.java -Daether.dependencyCollector.impl=bf 
java_command: c:\Users\Sergio\.vscode\extensions\redhat.java-1.31.0-win32-x64\server\plugins\org.eclipse.equinox.launcher_1.6.800.v20240513-1750.jar -configuration c:\Users\Sergio\AppData\Roaming\Code\User\globalStorage\redhat.java\1.31.0\config_win -data c:\Users\Sergio\AppData\Roaming\Code\User\workspaceStorage\5343854ed622dacb063563fdaa0c68f0\redhat.java\jdt_ws --pipe=\\.\pipe\lsp-abb642d7fb43ff9c3adfe668727ce716-sock
java_class_path (initial): c:\Users\Sergio\.vscode\extensions\redhat.java-1.31.0-win32-x64\server\plugins\org.eclipse.equinox.launcher_1.6.800.v20240513-1750.jar
Launcher Type: SUN_STANDARD

[Global flags]
    uintx AdaptiveSizePolicyWeight                 = 90                                        {product} {command line}
     intx CICompilerCount                          = 4                                         {product} {ergonomic}
    uintx GCTimeRatio                              = 4                                         {product} {command line}
     bool HeapDumpOnOutOfMemoryError               = true                                   {manageable} {command line}
    ccstr HeapDumpPath                             = c:\Users\Sergio\AppData\Roaming\Code\User\workspaceStorage\5343854ed622dacb063563fdaa0c68f0\redhat.java         {manageable} {command line}
   size_t InitialHeapSize                          = 104857600                                 {product} {command line}
   size_t MaxHeapSize                              = 2147483648                                {product} {command line}
   size_t MaxNewSize                               = 715653120                                 {product} {ergonomic}
   size_t MinHeapDeltaBytes                        = 524288                                    {product} {ergonomic}
   size_t MinHeapSize                              = 104857600                                 {product} {command line}
   size_t NewSize                                  = 34603008                                  {product} {ergonomic}
    uintx NonNMethodCodeHeapSize                   = 5839372                                {pd product} {ergonomic}
    uintx NonProfiledCodeHeapSize                  = 122909434                              {pd product} {ergonomic}
   size_t OldSize                                  = 70254592                                  {product} {ergonomic}
    uintx ProfiledCodeHeapSize                     = 122909434                              {pd product} {ergonomic}
    uintx ReservedCodeCacheSize                    = 251658240                              {pd product} {ergonomic}
     bool SegmentedCodeCache                       = true                                      {product} {ergonomic}
   size_t SoftMaxHeapSize                          = 2147483648                             {manageable} {ergonomic}
     bool UseCompressedClassPointers               = true                           {product lp64_product} {ergonomic}
     bool UseCompressedOops                        = true                           {product lp64_product} {ergonomic}
     bool UseLargePagesIndividualAllocation        = false                                  {pd product} {ergonomic}
     bool UseParallelGC                            = true                                      {product} {command line}

Logging:
Log output configuration:
 #0: stdout all=off uptime,level,tags
 #1: stderr all=off uptime,level,tags

Environment Variables:
JAVA_HOME=C:\Program Files\Java\jdk-15
PATH=C:\Program Files\Java\jdk-15\bin;C:\Program Files\Maven\apache-maven-3.9.4-bin\apache-maven-3.9.4\bin;C:\Phyton38\Scripts\;C:\Phyton38\;C:\Program Files\Common Files\Oracle\Java\javapath;C:\Program Files (x86)\Common Files\Oracle\Java\java8path;C:\Program Files (x86)\Common Files\Oracle\Java\javapath;C:\WINDOWS\system32;C:\WINDOWS;C:\WINDOWS\System32\Wbem;C:\WINDOWS\System32\WindowsPowerShell\v1.0\;C:\WINDOWS\System32\OpenSSH\;C:\Program Files\Git\cmd;C:\Program Files (x86)\Scm Group\Xilog Plus\BIN;C:\Program Files\Microsoft SQL Server\Client SDK\ODBC\170\Tools\Binn\;C:\Program Files (x86)\Microsoft SQL Server\150\Tools\Binn\;C:\Program Files\Microsoft SQL Server\150\Tools\Binn\;C:\Program Files\Microsoft SQL Server\150\DTS\Binn\;C:\Program Files\AutoFirmaJA\AutoFirmaJA;C:\xampp\php;C:\Program Files (x86)\Bitvise SSH Client;C:\Program Files\PuTTY\;C:\ProgramData\ComposerSetup\bin;C:\xampp\mysql\bin;C:\Program Files\Maven\apache-maven-3.9.4-bin\apache-maven-3.9.4\bin;C:\Users\Sergio\AppData\Roaming\nvm;C:\Program Files\nodejs;C:\Program Files\MySQL\MySQL Shell 8.0\bin\;C:\Users\Sergio\AppData\Local\Microsoft\WindowsApps;C:\Users\Sergio\AppData\Local\Programs\Microsoft VS Code\bin;C:\Users\Sergio\AppData\Roaming\npm;C:\Users\Sergio\AppData\Roaming\Composer\vendor\bin;C:\Users\Sergio\AppData\Local\Microsoft\WindowsApps;C:\Users\Sergio\AppData\Roaming\nvm;C:\Program Files\nodejs
USERNAME=Sergio
OS=Windows_NT
PROCESSOR_IDENTIFIER=Intel64 Family 6 Model 142 Stepping 12, GenuineIntel
TMP=C:\Users\Sergio\AppData\Local\Temp
TEMP=C:\Users\Sergio\AppData\Local\Temp



Periodic native trim disabled


---------------  S Y S T E M  ---------------

OS:
 Windows 11 , 64 bit Build 22621 (10.0.22621.3672)
OS uptime: 2 days 15:27 hours

CPU: total 8 (initial active 8) (4 cores per cpu, 2 threads per core) family 6 model 142 stepping 12 microcode 0xde, cx8, cmov, fxsr, ht, mmx, 3dnowpref, sse, sse2, sse3, ssse3, sse4.1, sse4.2, popcnt, lzcnt, tsc, tscinvbit, avx, avx2, aes, erms, clmul, bmi1, bmi2, adx, fma, vzeroupper, clflush, clflushopt
Processor Information for all 8 processors :
  Max Mhz: 2304, Current Mhz: 1803, Mhz Limit: 1797

Memory: 4k page, system-wide physical 16193M (7903M free)
TotalPageFile size 18254M (AvailPageFile size 9666M)
current process WorkingSet (physical memory assigned to process): 288M, peak: 288M
current process commit charge ("private bytes"): 362M, peak: 373M

vm_info: OpenJDK 64-Bit Server VM (17.0.11+9) for windows-amd64 JRE (17.0.11+9), built on Apr 17 2024 06:07:48 by "admin" with MS VC++ 16.10 / 16.11 (VS2019)

END.
