#
# A fatal error has been detected by the Java Runtime Environment:
#
#  EXCEPTION_ACCESS_VIOLATION (0xc0000005) at pc=0x00007ffbf632ba60, pid=15084, tid=15612
#
# JRE version: Java(TM) SE Runtime Environment (17.0.9+11) (build 17.0.9+11-LTS-201)
# Java VM: Java HotSpot(TM) 64-Bit Server VM (17.0.9+11-LTS-201, mixed mode, sharing, tiered, compressed oops, compressed class ptrs, g1 gc, windows-amd64)
# Problematic frame:
# V  [jvm.dll+0x2aba60]
#
# No core dump will be written. Minidumps are not enabled by default on client versions of Windows
#
# If you would like to submit a bug report, please visit:
#   https://bugreport.java.com/bugreport/crash.jsp
#

---------------  S U M M A R Y ------------

Command Line: -XX:+ShowCodeDetailsInExceptionMessages com.example.activate.ActivateApplication

Host: Intel(R) Core(TM) i7-10510U CPU @ 1.80GHz, 8 cores, 15G,  Windows 11 , 64 bit Build 22621 (10.0.22621.3672)
Time: Wed Jun 12 19:27:21 2024 Hora de verano romance elapsed time: 5.796114 seconds (0d 0h 0m 5s)

---------------  T H R E A D  ---------------

Current thread (0x0000016caf5c51c0):  JavaThread "C2 CompilerThread0" daemon [_thread_in_native, id=15612, stack(0x000000411ab00000,0x000000411ac00000)]


Current CompileTask:
C2:   5796 6142       4       org.springframework.core.annotation.AnnotationsScanner::processClass (93 bytes)

Stack: [0x000000411ab00000,0x000000411ac00000],  sp=0x000000411abfa9a0,  free space=1002k
Native frames: (J=compiled Java code, j=interpreted, Vv=VM code, C=native code)
V  [jvm.dll+0x2aba60]
V  [jvm.dll+0x5812e5]
V  [jvm.dll+0x220c52]
V  [jvm.dll+0x219b15]
V  [jvm.dll+0x217459]
V  [jvm.dll+0x1a3bc0]
V  [jvm.dll+0x2272de]
V  [jvm.dll+0x22548b]
V  [jvm.dll+0x78f58c]
V  [jvm.dll+0x78998a]
V  [jvm.dll+0x677875]
C  [ucrtbase.dll+0x29333]
C  [KERNEL32.DLL+0x1257d]
C  [ntdll.dll+0x5af28]


siginfo: EXCEPTION_ACCESS_VIOLATION (0xc0000005), reading address 0xffffffffffffffff


Register to memory mapping:

RIP=0x00007ffbf632ba60 jvm.dll
RAX=0x0000016cf30edd40 is pointing into metadata
RBX=0x640a0a0808080a08 is an unknown value
RCX=0x0000016cfb0def20 points into unknown readable memory: 0x0000000000000000 | 00 00 00 00 00 00 00 00
RDX=0x0000016cfb0f8970 points into unknown readable memory: 0x0000016cf84a8498 | 98 84 4a f8 6c 01 00 00
RSP=0x000000411abfa9a0 is pointing into the stack for thread: 0x0000016caf5c51c0
RBP=0x0000016cfb0def20 points into unknown readable memory: 0x0000000000000000 | 00 00 00 00 00 00 00 00
RSI=0x0000000000000001 is an unknown value
RDI=0x0000016cfac75730 points into unknown readable memory: 0xffffffff00000001 | 01 00 00 00 ff ff ff ff
R8 =0x0000016cfb0def20 points into unknown readable memory: 0x0000000000000000 | 00 00 00 00 00 00 00 00
R9 =0x0000016cfb0f8a10 points into unknown readable memory: 0x0000016cf84a8998 | 98 89 4a f8 6c 01 00 00
R10=0x0000000000000004 is an unknown value
R11=0x0000016cf30edd40 is pointing into metadata
R12=0x0 is NULL
R13=0x0000016cfb0f8970 points into unknown readable memory: 0x0000016cf84a8498 | 98 84 4a f8 6c 01 00 00
R14=0x000000411abfadf0 is pointing into the stack for thread: 0x0000016caf5c51c0
R15=0x0000016cf84a8498 points into unknown readable memory: 0x00007ffbf693e4f0 | f0 e4 93 f6 fb 7f 00 00


Registers:
RAX=0x0000016cf30edd40, RBX=0x640a0a0808080a08, RCX=0x0000016cfb0def20, RDX=0x0000016cfb0f8970
RSP=0x000000411abfa9a0, RBP=0x0000016cfb0def20, RSI=0x0000000000000001, RDI=0x0000016cfac75730
R8 =0x0000016cfb0def20, R9 =0x0000016cfb0f8a10, R10=0x0000000000000004, R11=0x0000016cf30edd40
R12=0x0000000000000000, R13=0x0000016cfb0f8970, R14=0x000000411abfadf0, R15=0x0000016cf84a8498
RIP=0x00007ffbf632ba60, EFLAGS=0x0000000000010202

Top of Stack: (sp=0x000000411abfa9a0)
0x000000411abfa9a0:   0000016cfb0def20 000000411abfa9f0
0x000000411abfa9b0:   000000411abfadf0 0000016cfac75730
0x000000411abfa9c0:   0000000000000520 0000016caf5bf3a0
0x000000411abfa9d0:   0000016cf69aa170 0000016cf69b6810
0x000000411abfa9e0:   000000000011a3f0 0000016cf69b6810
0x000000411abfa9f0:   0000000000000200 0000016cf50ecf80
0x000000411abfaa00:   0000000000000200 0000016caf5bf3a0
0x000000411abfaa10:   0000000003717ebf 0000000000000000
0x000000411abfaa20:   0000000000000000 0000016c8c8ee300
0x000000411abfaa30:   0000016cf5160628 000000411abfadf0
0x000000411abfaa40:   0000000000000000 000000411abfab60
0x000000411abfaa50:   0000016cf809cd00 00007ffbf66012e5
0x000000411abfaa60:   000000411abfadf0 0000004100000ecc
0x000000411abfaa70:   0000016cfac75730 0000016cfb0def20
0x000000411abfaa80:   0000000000000011 00007ffcb72f471a
0x000000411abfaa90:   0000016c8a7c02e8 000000411abfadc9 

Instructions: (pc=0x00007ffbf632ba60)
0x00007ffbf632b960:   41 08 39 42 08 48 0f 43 d1 8b 42 08 48 8b bc 24
0x00007ffbf632b970:   d0 00 00 00 41 3b 45 08 73 04 41 89 45 08 ff c6
0x00007ffbf632b980:   41 3b 77 18 0f 82 48 ff ff ff 41 8b 45 08 4d 8b
0x00007ffbf632b990:   c5 48 8d 0c 80 48 03 c9 48 8b 44 cd 38 49 89 45
0x00007ffbf632b9a0:   38 4c 89 6c cd 38 49 8b 45 28 49 8b 55 18 4d 8b
0x00007ffbf632b9b0:   5d 10 48 8b 48 18 8b 41 08 39 42 08 73 53 66 90
0x00007ffbf632b9c0:   4d 8b 48 28 45 8b 50 0c 49 8b 41 28 8b 50 0c 41
0x00007ffbf632b9d0:   8b 41 0c 41 03 d2 03 c0 3b d0 72 12 4d 89 41 20
0x00007ffbf632b9e0:   49 8b 40 28 48 8b 48 28 49 89 48 28 eb 0f 45 89
0x00007ffbf632b9f0:   51 0c 49 8b 40 28 49 89 40 20 4c 8b c0 49 8b 40
0x00007ffbf632ba00:   28 49 8b 55 18 48 8b 48 18 8b 41 08 39 42 08 72
0x00007ffbf632ba10:   af 49 89 50 18 41 8b 45 0c 41 01 43 0c 41 8b 45
0x00007ffbf632ba20:   0c 03 c0 41 39 43 0c 73 0b 49 8b c0 4d 8b 43 28
0x00007ffbf632ba30:   49 89 43 28 4c 3b c5 74 14 0f 1f 80 00 00 00 00
0x00007ffbf632ba40:   4d 89 58 20 4d 8b 40 28 4c 3b c5 75 f3 49 8b 45
0x00007ffbf632ba50:   10 48 8b 58 38 48 85 db 74 6f 66 0f 1f 44 00 00
0x00007ffbf632ba60:   48 8b 53 20 48 85 d2 75 06 48 8b 53 18 eb 41 48
0x00007ffbf632ba70:   83 7a 20 00 74 28 48 8b ca e8 e2 f9 ff ff 4c 8b
0x00007ffbf632ba80:   43 20 48 8b 43 18 49 8b 50 18 8b 48 08 39 4a 08
0x00007ffbf632ba90:   73 04 48 89 53 18 49 8b 50 20 48 89 53 20 48 8b
0x00007ffbf632baa0:   4b 18 48 8b 52 18 8b 41 08 39 42 08 48 0f 43 d1
0x00007ffbf632bab0:   8b 43 08 39 42 08 72 04 49 8b 55 10 48 89 53 30
0x00007ffbf632bac0:   48 8b 5b 38 48 85 db 75 97 41 80 be b0 09 00 00
0x00007ffbf632bad0:   00 0f 85 20 01 00 00 41 8b 47 2c 24 3f 3c 20 0f
0x00007ffbf632bae0:   85 12 01 00 00 bd 01 00 00 00 41 39 6f 18 0f 86
0x00007ffbf632baf0:   fb 00 00 00 4c 8b a4 24 c0 00 00 00 0f 1f 40 00
0x00007ffbf632bb00:   49 8b 47 08 8b cd 48 8b 1c c8 48 85 db 75 24 4c
0x00007ffbf632bb10:   8d 0d 0a 8d 64 00 ba ab 03 00 00 4c 8d 05 0e 8d
0x00007ffbf632bb20:   64 00 48 8d 0d 87 99 63 00 e8 c2 a1 f9 ff e8 2d
0x00007ffbf632bb30:   ca 3c 00 8b 43 28 41 3b 44 24 28 73 12 8b c8 49
0x00007ffbf632bb40:   8b 44 24 30 48 83 3c c8 00 0f 85 89 00 00 00 49
0x00007ffbf632bb50:   8b 9c 24 88 09 00 00 49 8b d7 48 8d 8b 88 09 00 


Stack slot to memory mapping:
stack at sp + 0 slots: 0x0000016cfb0def20 points into unknown readable memory: 0x0000000000000000 | 00 00 00 00 00 00 00 00
stack at sp + 1 slots: 0x000000411abfa9f0 is pointing into the stack for thread: 0x0000016caf5c51c0
stack at sp + 2 slots: 0x000000411abfadf0 is pointing into the stack for thread: 0x0000016caf5c51c0
stack at sp + 3 slots: 0x0000016cfac75730 points into unknown readable memory: 0xffffffff00000001 | 01 00 00 00 ff ff ff ff
stack at sp + 4 slots: 0x0000000000000520 is an unknown value
stack at sp + 5 slots: 0x0000016caf5bf3a0 points into unknown readable memory: 0x0000000000000006 | 06 00 00 00 00 00 00 00
stack at sp + 6 slots: 0x0000016cf69aa170 points into unknown readable memory: 0x0000016cfb0def10 | 10 ef 0d fb 6c 01 00 00
stack at sp + 7 slots: 0x0000016cf69b6810 points into unknown readable memory: 0x0000000000000000 | 00 00 00 00 00 00 00 00


---------------  P R O C E S S  ---------------

Threads class SMR info:
_java_thread_list=0x0000016cf8b09c60, length=22, elements={
0x0000016c8c8e9230, 0x0000016caf5aad20, 0x0000016caf5abab0, 0x0000016caf5c0890,
0x0000016caf5c1360, 0x0000016caf5c3c40, 0x0000016caf5c4510, 0x0000016caf5c51c0,
0x0000016caf5c5b80, 0x0000016caf5cc4c0, 0x0000016caf7048e0, 0x0000016caf711630,
0x0000016caf7e4740, 0x0000016cf57d4c70, 0x0000016cf5dafb40, 0x0000016cf57d5190,
0x0000016cfa66c1a0, 0x0000016cf6becb90, 0x0000016cf8caeac0, 0x0000016cf7e64e00,
0x0000016cf7e65310, 0x0000016cf7e66240
}

Java Threads: ( => current thread )
  0x0000016c8c8e9230 JavaThread "main" [_thread_blocked, id=9488, stack(0x0000004119e00000,0x0000004119f00000)]
  0x0000016caf5aad20 JavaThread "Reference Handler" daemon [_thread_blocked, id=17220, stack(0x000000411a500000,0x000000411a600000)]
  0x0000016caf5abab0 JavaThread "Finalizer" daemon [_thread_blocked, id=18764, stack(0x000000411a600000,0x000000411a700000)]
  0x0000016caf5c0890 JavaThread "Signal Dispatcher" daemon [_thread_blocked, id=11904, stack(0x000000411a700000,0x000000411a800000)]
  0x0000016caf5c1360 JavaThread "Attach Listener" daemon [_thread_blocked, id=4264, stack(0x000000411a800000,0x000000411a900000)]
  0x0000016caf5c3c40 JavaThread "Service Thread" daemon [_thread_blocked, id=7788, stack(0x000000411a900000,0x000000411aa00000)]
  0x0000016caf5c4510 JavaThread "Monitor Deflation Thread" daemon [_thread_blocked, id=11092, stack(0x000000411aa00000,0x000000411ab00000)]
=>0x0000016caf5c51c0 JavaThread "C2 CompilerThread0" daemon [_thread_in_native, id=15612, stack(0x000000411ab00000,0x000000411ac00000)]
  0x0000016caf5c5b80 JavaThread "C1 CompilerThread0" daemon [_thread_blocked, id=18288, stack(0x000000411ac00000,0x000000411ad00000)]
  0x0000016caf5cc4c0 JavaThread "Sweeper thread" daemon [_thread_blocked, id=15356, stack(0x000000411ad00000,0x000000411ae00000)]
  0x0000016caf7048e0 JavaThread "Notification Thread" daemon [_thread_blocked, id=732, stack(0x000000411ae00000,0x000000411af00000)]
  0x0000016caf711630 JavaThread "Common-Cleaner" daemon [_thread_blocked, id=19308, stack(0x000000411b000000,0x000000411b100000)]
  0x0000016caf7e4740 JavaThread "C2 CompilerThread1" daemon [_thread_in_native, id=3188, stack(0x000000411b100000,0x000000411b200000)]
  0x0000016cf57d4c70 JavaThread "C2 CompilerThread2" daemon [_thread_in_native, id=6824, stack(0x000000411b200000,0x000000411b300000)]
  0x0000016cf5dafb40 JavaThread "Thread-0" [_thread_blocked, id=10172, stack(0x000000411b300000,0x000000411b400000)]
  0x0000016cf57d5190 JavaThread "restartedMain" [_thread_in_native, id=15920, stack(0x000000411b400000,0x000000411b500000)]
  0x0000016cfa66c1a0 JavaThread "Catalina-utility-1" [_thread_blocked, id=19064, stack(0x000000411bd00000,0x000000411be00000)]
  0x0000016cf6becb90 JavaThread "Catalina-utility-2" [_thread_blocked, id=10276, stack(0x000000411be00000,0x000000411bf00000)]
  0x0000016cf8caeac0 JavaThread "container-0" [_thread_blocked, id=13164, stack(0x000000411bf00000,0x000000411c000000)]
  0x0000016cf7e64e00 JavaThread "mysql-cj-abandoned-connection-cleanup" daemon [_thread_blocked, id=20644, stack(0x000000411c000000,0x000000411c100000)]
  0x0000016cf7e65310 JavaThread "HikariPool-1 housekeeper" daemon [_thread_blocked, id=11896, stack(0x000000411c200000,0x000000411c300000)]
  0x0000016cf7e66240 JavaThread "HikariPool-1 connection adder" daemon [_thread_blocked, id=21076, stack(0x000000411c300000,0x000000411c400000)]

Other Threads:
  0x0000016caf14ecd0 VMThread "VM Thread" [stack: 0x000000411a400000,0x000000411a500000] [id=4628]
  0x0000016caf70d810 WatcherThread [stack: 0x000000411af00000,0x000000411b000000] [id=18348]
  0x0000016c8c95c6c0 GCTaskThread "GC Thread#0" [stack: 0x0000004119f00000,0x000000411a000000] [id=8548]
  0x0000016cf5bfcec0 GCTaskThread "GC Thread#1" [stack: 0x000000411b500000,0x000000411b600000] [id=18468]
  0x0000016cf57d5670 GCTaskThread "GC Thread#2" [stack: 0x000000411b600000,0x000000411b700000] [id=20560]
  0x0000016cf5b8d390 GCTaskThread "GC Thread#3" [stack: 0x000000411b700000,0x000000411b800000] [id=13244]
  0x0000016cf5b8d650 GCTaskThread "GC Thread#4" [stack: 0x000000411b800000,0x000000411b900000] [id=12832]
  0x0000016cf5ccd2e0 GCTaskThread "GC Thread#5" [stack: 0x000000411b900000,0x000000411ba00000] [id=5764]
  0x0000016cf5ada690 GCTaskThread "GC Thread#6" [stack: 0x000000411bb00000,0x000000411bc00000] [id=20492]
  0x0000016cf5b09ca0 GCTaskThread "GC Thread#7" [stack: 0x000000411bc00000,0x000000411bd00000] [id=18676]
  0x0000016c8c96f650 ConcurrentGCThread "G1 Main Marker" [stack: 0x000000411a000000,0x000000411a100000] [id=17076]
  0x0000016c8c970710 ConcurrentGCThread "G1 Conc#0" [stack: 0x000000411a100000,0x000000411a200000] [id=18800]
  0x0000016cf68ea850 ConcurrentGCThread "G1 Conc#1" [stack: 0x000000411ba00000,0x000000411bb00000] [id=20684]
  0x0000016c8c991f80 ConcurrentGCThread "G1 Refine#0" [stack: 0x000000411a200000,0x000000411a300000] [id=19248]
  0x0000016c8c9928c0 ConcurrentGCThread "G1 Service" [stack: 0x000000411a300000,0x000000411a400000] [id=6008]

Threads with active compile tasks:
C2 CompilerThread0     5845 6142       4       org.springframework.core.annotation.AnnotationsScanner::processClass (93 bytes)
C2 CompilerThread1     5845 6741       4       org.antlr.v4.runtime.atn.ParserATNSimulator::closure_ (311 bytes)
C2 CompilerThread2     5845 6186       4       org.springframework.core.annotation.TypeMappedAnnotations$MergedAnnotationFinder::doWithAnnotations (10 bytes)

VM state: not at safepoint (normal execution)

VM Mutex/Monitor currently owned by a thread: None

Heap address: 0x0000000702e00000, size: 4050 MB, Compressed Oops mode: Zero based, Oop shift amount: 3

CDS archive(s) mapped at: [0x0000016cb0000000-0x0000016cb0bd0000-0x0000016cb0bd0000), size 12386304, SharedBaseAddress: 0x0000016cb0000000, ArchiveRelocationMode: 1.
Compressed class space mapped at: 0x0000016cb1000000-0x0000016cf1000000, reserved size: 1073741824
Narrow klass base: 0x0000016cb0000000, Narrow klass shift: 0, Narrow klass range: 0x100000000

GC Precious Log:
 CPUs: 8 total, 8 available
 Memory: 16193M
 Large Page Support: Disabled
 NUMA Support: Disabled
 Compressed Oops: Enabled (Zero based)
 Heap Region Size: 2M
 Heap Min Capacity: 8M
 Heap Initial Capacity: 254M
 Heap Max Capacity: 4050M
 Pre-touch: Disabled
 Parallel Workers: 8
 Concurrent Workers: 2
 Concurrent Refinement Workers: 8
 Periodic GC: Disabled

Heap:
 garbage-first heap   total 161792K, used 63232K [0x0000000702e00000, 0x0000000800000000)
  region size 2048K, 20 young (40960K), 2 survivors (4096K)
 Metaspace       used 67713K, committed 68224K, reserved 1114112K
  class space    used 9445K, committed 9664K, reserved 1048576K

Heap Regions: E=young(eden), S=young(survivor), O=old, HS=humongous(starts), HC=humongous(continues), CS=collection set, F=free, OA=open archive, CA=closed archive, TAMS=top-at-mark-start (previous, next)
|   0|0x0000000702e00000, 0x0000000703000000, 0x0000000703000000|100%| O|  |TAMS 0x0000000703000000, 0x0000000702e00000| Untracked 
|   1|0x0000000703000000, 0x0000000703200000, 0x0000000703200000|100%| O|  |TAMS 0x0000000703200000, 0x0000000703000000| Untracked 
|   2|0x0000000703200000, 0x0000000703400000, 0x0000000703400000|100%| O|  |TAMS 0x0000000703400000, 0x0000000703200000| Untracked 
|   3|0x0000000703400000, 0x00000007034f1800, 0x0000000703600000| 47%| O|  |TAMS 0x00000007034f1800, 0x0000000703400000| Untracked 
|   4|0x0000000703600000, 0x0000000703800000, 0x0000000703800000|100%| O|  |TAMS 0x0000000703800000, 0x0000000703600000| Untracked 
|   5|0x0000000703800000, 0x0000000703a00000, 0x0000000703a00000|100%| O|  |TAMS 0x0000000703a00000, 0x0000000703800000| Untracked 
|   6|0x0000000703a00000, 0x0000000703c00000, 0x0000000703c00000|100%| O|  |TAMS 0x0000000703c00000, 0x0000000703a00000| Untracked 
|   7|0x0000000703c00000, 0x0000000703e00000, 0x0000000703e00000|100%| O|  |TAMS 0x0000000703e00000, 0x0000000703c00000| Untracked 
|   8|0x0000000703e00000, 0x0000000704000000, 0x0000000704000000|100%| O|  |TAMS 0x0000000704000000, 0x0000000703e00000| Untracked 
|   9|0x0000000704000000, 0x0000000704200000, 0x0000000704200000|100%| O|  |TAMS 0x0000000704200000, 0x0000000704000000| Untracked 
|  10|0x0000000704200000, 0x0000000704400000, 0x0000000704400000|100%| O|  |TAMS 0x0000000704400000, 0x0000000704200000| Untracked 
|  11|0x0000000704400000, 0x0000000704600000, 0x0000000704600000|100%| O|  |TAMS 0x0000000704600000, 0x0000000704400000| Untracked 
|  12|0x0000000704600000, 0x00000007047fa000, 0x0000000704800000| 98%| O|  |TAMS 0x0000000704681400, 0x0000000704600000| Untracked 
|  13|0x0000000704800000, 0x0000000704800000, 0x0000000704a00000|  0%| F|  |TAMS 0x0000000704800000, 0x0000000704800000| Untracked 
|  14|0x0000000704a00000, 0x0000000704a00000, 0x0000000704c00000|  0%| F|  |TAMS 0x0000000704a00000, 0x0000000704a00000| Untracked 
|  15|0x0000000704c00000, 0x0000000704c00000, 0x0000000704e00000|  0%| F|  |TAMS 0x0000000704c00000, 0x0000000704c00000| Untracked 
|  16|0x0000000704e00000, 0x0000000704e00000, 0x0000000705000000|  0%| F|  |TAMS 0x0000000704e00000, 0x0000000704e00000| Untracked 
|  17|0x0000000705000000, 0x0000000705000000, 0x0000000705200000|  0%| F|  |TAMS 0x0000000705000000, 0x0000000705000000| Untracked 
|  18|0x0000000705200000, 0x0000000705200000, 0x0000000705400000|  0%| F|  |TAMS 0x0000000705200000, 0x0000000705200000| Untracked 
|  19|0x0000000705400000, 0x00000007054d4a00, 0x0000000705600000| 41%| S|CS|TAMS 0x0000000705400000, 0x0000000705400000| Complete 
|  20|0x0000000705600000, 0x0000000705800000, 0x0000000705800000|100%| S|CS|TAMS 0x0000000705600000, 0x0000000705600000| Complete 
|  21|0x0000000705800000, 0x0000000705800000, 0x0000000705a00000|  0%| F|  |TAMS 0x0000000705800000, 0x0000000705800000| Untracked 
|  22|0x0000000705a00000, 0x0000000705a00000, 0x0000000705c00000|  0%| F|  |TAMS 0x0000000705a00000, 0x0000000705a00000| Untracked 
|  23|0x0000000705c00000, 0x0000000705c00000, 0x0000000705e00000|  0%| F|  |TAMS 0x0000000705c00000, 0x0000000705c00000| Untracked 
|  24|0x0000000705e00000, 0x0000000705e00000, 0x0000000706000000|  0%| F|  |TAMS 0x0000000705e00000, 0x0000000705e00000| Untracked 
|  25|0x0000000706000000, 0x0000000706000000, 0x0000000706200000|  0%| F|  |TAMS 0x0000000706000000, 0x0000000706000000| Untracked 
|  26|0x0000000706200000, 0x0000000706200000, 0x0000000706400000|  0%| F|  |TAMS 0x0000000706200000, 0x0000000706200000| Untracked 
|  27|0x0000000706400000, 0x0000000706400000, 0x0000000706600000|  0%| F|  |TAMS 0x0000000706400000, 0x0000000706400000| Untracked 
|  28|0x0000000706600000, 0x0000000706600000, 0x0000000706800000|  0%| F|  |TAMS 0x0000000706600000, 0x0000000706600000| Untracked 
|  29|0x0000000706800000, 0x0000000706800000, 0x0000000706a00000|  0%| F|  |TAMS 0x0000000706800000, 0x0000000706800000| Untracked 
|  30|0x0000000706a00000, 0x0000000706a00000, 0x0000000706c00000|  0%| F|  |TAMS 0x0000000706a00000, 0x0000000706a00000| Untracked 
|  31|0x0000000706c00000, 0x0000000706c00000, 0x0000000706e00000|  0%| F|  |TAMS 0x0000000706c00000, 0x0000000706c00000| Untracked 
|  32|0x0000000706e00000, 0x0000000706e00000, 0x0000000707000000|  0%| F|  |TAMS 0x0000000706e00000, 0x0000000706e00000| Untracked 
|  33|0x0000000707000000, 0x0000000707000000, 0x0000000707200000|  0%| F|  |TAMS 0x0000000707000000, 0x0000000707000000| Untracked 
|  34|0x0000000707200000, 0x0000000707200000, 0x0000000707400000|  0%| F|  |TAMS 0x0000000707200000, 0x0000000707200000| Untracked 
|  35|0x0000000707400000, 0x0000000707400000, 0x0000000707600000|  0%| F|  |TAMS 0x0000000707400000, 0x0000000707400000| Untracked 
|  36|0x0000000707600000, 0x0000000707600000, 0x0000000707800000|  0%| F|  |TAMS 0x0000000707600000, 0x0000000707600000| Untracked 
|  37|0x0000000707800000, 0x0000000707800000, 0x0000000707a00000|  0%| F|  |TAMS 0x0000000707800000, 0x0000000707800000| Untracked 
|  38|0x0000000707a00000, 0x0000000707a00000, 0x0000000707c00000|  0%| F|  |TAMS 0x0000000707a00000, 0x0000000707a00000| Untracked 
|  39|0x0000000707c00000, 0x0000000707c00000, 0x0000000707e00000|  0%| F|  |TAMS 0x0000000707c00000, 0x0000000707c00000| Untracked 
|  40|0x0000000707e00000, 0x0000000707e00000, 0x0000000708000000|  0%| F|  |TAMS 0x0000000707e00000, 0x0000000707e00000| Untracked 
|  41|0x0000000708000000, 0x0000000708000000, 0x0000000708200000|  0%| F|  |TAMS 0x0000000708000000, 0x0000000708000000| Untracked 
|  42|0x0000000708200000, 0x0000000708200000, 0x0000000708400000|  0%| F|  |TAMS 0x0000000708200000, 0x0000000708200000| Untracked 
|  43|0x0000000708400000, 0x0000000708400000, 0x0000000708600000|  0%| F|  |TAMS 0x0000000708400000, 0x0000000708400000| Untracked 
|  44|0x0000000708600000, 0x0000000708600000, 0x0000000708800000|  0%| F|  |TAMS 0x0000000708600000, 0x0000000708600000| Untracked 
|  45|0x0000000708800000, 0x0000000708800000, 0x0000000708a00000|  0%| F|  |TAMS 0x0000000708800000, 0x0000000708800000| Untracked 
|  46|0x0000000708a00000, 0x0000000708a00000, 0x0000000708c00000|  0%| F|  |TAMS 0x0000000708a00000, 0x0000000708a00000| Untracked 
|  47|0x0000000708c00000, 0x0000000708c00000, 0x0000000708e00000|  0%| F|  |TAMS 0x0000000708c00000, 0x0000000708c00000| Untracked 
|  48|0x0000000708e00000, 0x0000000708e00000, 0x0000000709000000|  0%| F|  |TAMS 0x0000000708e00000, 0x0000000708e00000| Untracked 
|  49|0x0000000709000000, 0x0000000709000000, 0x0000000709200000|  0%| F|  |TAMS 0x0000000709000000, 0x0000000709000000| Untracked 
|  50|0x0000000709200000, 0x0000000709200000, 0x0000000709400000|  0%| F|  |TAMS 0x0000000709200000, 0x0000000709200000| Untracked 
|  51|0x0000000709400000, 0x0000000709400000, 0x0000000709600000|  0%| F|  |TAMS 0x0000000709400000, 0x0000000709400000| Untracked 
|  52|0x0000000709600000, 0x0000000709600000, 0x0000000709800000|  0%| F|  |TAMS 0x0000000709600000, 0x0000000709600000| Untracked 
|  53|0x0000000709800000, 0x0000000709800000, 0x0000000709a00000|  0%| F|  |TAMS 0x0000000709800000, 0x0000000709800000| Untracked 
|  54|0x0000000709a00000, 0x0000000709a00000, 0x0000000709c00000|  0%| F|  |TAMS 0x0000000709a00000, 0x0000000709a00000| Untracked 
|  55|0x0000000709c00000, 0x0000000709c00000, 0x0000000709e00000|  0%| F|  |TAMS 0x0000000709c00000, 0x0000000709c00000| Untracked 
|  56|0x0000000709e00000, 0x0000000709e00000, 0x000000070a000000|  0%| F|  |TAMS 0x0000000709e00000, 0x0000000709e00000| Untracked 
|  57|0x000000070a000000, 0x000000070a000000, 0x000000070a200000|  0%| F|  |TAMS 0x000000070a000000, 0x000000070a000000| Untracked 
|  58|0x000000070a200000, 0x000000070a200000, 0x000000070a400000|  0%| F|  |TAMS 0x000000070a200000, 0x000000070a200000| Untracked 
|  59|0x000000070a400000, 0x000000070a400000, 0x000000070a600000|  0%| F|  |TAMS 0x000000070a400000, 0x000000070a400000| Untracked 
|  60|0x000000070a600000, 0x000000070a600000, 0x000000070a800000|  0%| F|  |TAMS 0x000000070a600000, 0x000000070a600000| Untracked 
|  61|0x000000070a800000, 0x000000070aa00000, 0x000000070aa00000|100%| E|  |TAMS 0x000000070a800000, 0x000000070a800000| Complete 
|  62|0x000000070aa00000, 0x000000070ac00000, 0x000000070ac00000|100%| E|CS|TAMS 0x000000070aa00000, 0x000000070aa00000| Complete 
|  63|0x000000070ac00000, 0x000000070ae00000, 0x000000070ae00000|100%| E|CS|TAMS 0x000000070ac00000, 0x000000070ac00000| Complete 
|  64|0x000000070ae00000, 0x000000070b000000, 0x000000070b000000|100%| E|CS|TAMS 0x000000070ae00000, 0x000000070ae00000| Complete 
|  65|0x000000070b000000, 0x000000070b200000, 0x000000070b200000|100%| E|CS|TAMS 0x000000070b000000, 0x000000070b000000| Complete 
|  66|0x000000070b200000, 0x000000070b400000, 0x000000070b400000|100%| E|CS|TAMS 0x000000070b200000, 0x000000070b200000| Complete 
|  67|0x000000070b400000, 0x000000070b600000, 0x000000070b600000|100%| E|CS|TAMS 0x000000070b400000, 0x000000070b400000| Complete 
|  68|0x000000070b600000, 0x000000070b800000, 0x000000070b800000|100%| E|CS|TAMS 0x000000070b600000, 0x000000070b600000| Complete 
|  69|0x000000070b800000, 0x000000070ba00000, 0x000000070ba00000|100%| E|CS|TAMS 0x000000070b800000, 0x000000070b800000| Complete 
|  70|0x000000070ba00000, 0x000000070bc00000, 0x000000070bc00000|100%| E|CS|TAMS 0x000000070ba00000, 0x000000070ba00000| Complete 
|  71|0x000000070bc00000, 0x000000070be00000, 0x000000070be00000|100%| E|CS|TAMS 0x000000070bc00000, 0x000000070bc00000| Complete 
|  72|0x000000070be00000, 0x000000070c000000, 0x000000070c000000|100%| E|CS|TAMS 0x000000070be00000, 0x000000070be00000| Complete 
|  73|0x000000070c000000, 0x000000070c200000, 0x000000070c200000|100%| E|CS|TAMS 0x000000070c000000, 0x000000070c000000| Complete 
|  90|0x000000070e200000, 0x000000070e400000, 0x000000070e400000|100%| E|CS|TAMS 0x000000070e200000, 0x000000070e200000| Complete 
|  91|0x000000070e400000, 0x000000070e600000, 0x000000070e600000|100%| E|CS|TAMS 0x000000070e400000, 0x000000070e400000| Complete 
|  92|0x000000070e600000, 0x000000070e800000, 0x000000070e800000|100%| E|CS|TAMS 0x000000070e600000, 0x000000070e600000| Complete 
|  93|0x000000070e800000, 0x000000070ea00000, 0x000000070ea00000|100%| E|CS|TAMS 0x000000070e800000, 0x000000070e800000| Complete 
| 126|0x0000000712a00000, 0x0000000712c00000, 0x0000000712c00000|100%| E|CS|TAMS 0x0000000712a00000, 0x0000000712a00000| Complete 

Card table byte_map: [0x0000016ca3c90000,0x0000016ca4480000] _byte_map_base: 0x0000016ca0479000

Marking Bits (Prev, Next): (CMBitMap*) 0x0000016c8c95cc30, (CMBitMap*) 0x0000016c8c95cbf0
 Prev Bits: [0x0000016ca8bc0000, 0x0000016cacb08000)
 Next Bits: [0x0000016ca4c70000, 0x0000016ca8bb8000)

Polling page: 0x0000016c8aa60000

Metaspace:

Usage:
  Non-class:     56.93 MB used.
      Class:      9.23 MB used.
       Both:     66.16 MB used.

Virtual space:
  Non-class space:       64.00 MB reserved,      57.25 MB ( 89%) committed,  1 nodes.
      Class space:        1.00 GB reserved,       9.50 MB ( <1%) committed,  1 nodes.
             Both:        1.06 GB reserved,      66.75 MB (  6%) committed. 

Chunk freelists:
   Non-Class:  6.31 MB
       Class:  6.55 MB
        Both:  12.86 MB

MaxMetaspaceSize: unlimited
CompressedClassSpaceSize: 1.00 GB
Initial GC threshold: 21.00 MB
Current GC threshold: 98.75 MB
CDS: on
MetaspaceReclaimPolicy: balanced
 - commit_granule_bytes: 65536.
 - commit_granule_words: 8192.
 - virtual_space_node_default_size: 8388608.
 - enlarge_chunks_in_place: 1.
 - new_chunks_are_fully_committed: 0.
 - uncommit_free_chunks: 1.
 - use_allocation_guard: 0.
 - handle_deallocations: 1.


Internal statistics:

num_allocs_failed_limit: 9.
num_arena_births: 742.
num_arena_deaths: 0.
num_vsnodes_births: 2.
num_vsnodes_deaths: 0.
num_space_committed: 1068.
num_space_uncommitted: 0.
num_chunks_returned_to_freelist: 9.
num_chunks_taken_from_freelist: 3161.
num_chunk_merges: 9.
num_chunk_splits: 2267.
num_chunks_enlarged: 1763.
num_inconsistent_stats: 0.

CodeHeap 'non-profiled nmethods': size=120000Kb used=3906Kb max_used=3906Kb free=116093Kb
 bounds [0x0000016c9bc40000, 0x0000016c9c020000, 0x0000016ca3170000]
CodeHeap 'profiled nmethods': size=120000Kb used=11448Kb max_used=11448Kb free=108551Kb
 bounds [0x0000016c94170000, 0x0000016c94cb0000, 0x0000016c9b6a0000]
CodeHeap 'non-nmethods': size=5760Kb used=1361Kb max_used=1437Kb free=4398Kb
 bounds [0x0000016c9b6a0000, 0x0000016c9b910000, 0x0000016c9bc40000]
 total_blobs=6696 nmethods=6000 adapters=608
 compilation: enabled
              stopped_count=0, restarted_count=0
 full_count=0

Compilation events (20 events):
Event: 5.772 Thread 0x0000016caf5c5b80 6809       3       java.util.BitSet::ensureCapacity (39 bytes)
Event: 5.772 Thread 0x0000016caf5c5b80 nmethod 6809 0x0000016c94c9be10 code [0x0000016c94c9bfc0, 0x0000016c94c9c268]
Event: 5.773 Thread 0x0000016caf5c5b80 6810       2       org.antlr.v4.runtime.misc.Array2DHashSet::<init> (59 bytes)
Event: 5.773 Thread 0x0000016caf5c5b80 nmethod 6810 0x0000016c94c9c390 code [0x0000016c94c9c560, 0x0000016c94c9c7f8]
Event: 5.773 Thread 0x0000016caf5c5b80 6811       2       org.antlr.v4.runtime.BufferedTokenStream::sync (55 bytes)
Event: 5.773 Thread 0x0000016caf5c5b80 nmethod 6811 0x0000016c94c9c910 code [0x0000016c94c9cac0, 0x0000016c94c9cc78]
Event: 5.773 Thread 0x0000016caf5c5b80 6812       1       org.antlr.v4.runtime.atn.ActionTransition::getSerializationType (3 bytes)
Event: 5.773 Thread 0x0000016caf5c5b80 nmethod 6812 0x0000016c9c010810 code [0x0000016c9c0109a0, 0x0000016c9c010a78]
Event: 5.774 Thread 0x0000016caf5c5b80 6813       2       org.antlr.v4.runtime.atn.ATNConfigSet::optimizeConfigs (71 bytes)
Event: 5.774 Thread 0x0000016caf5c5b80 nmethod 6813 0x0000016c94c9cd90 code [0x0000016c94c9cf80, 0x0000016c94c9d428]
Event: 5.775 Thread 0x0000016caf5c5b80 6814       2       org.antlr.v4.runtime.atn.ParserATNSimulator::closure (44 bytes)
Event: 5.775 Thread 0x0000016caf5c5b80 nmethod 6814 0x0000016c94c9d690 code [0x0000016c94c9d820, 0x0000016c94c9d968]
Event: 5.780 Thread 0x0000016caf5c5b80 6818       2       org.antlr.v4.runtime.atn.ParserATNSimulator::computeReachSet (455 bytes)
Event: 5.781 Thread 0x0000016caf5c5b80 nmethod 6818 0x0000016c94c9da90 code [0x0000016c94c9ddc0, 0x0000016c94c9f008]
Event: 5.781 Thread 0x0000016caf5c5b80 6819       2       org.antlr.v4.runtime.BufferedTokenStream::size (10 bytes)
Event: 5.781 Thread 0x0000016caf5c5b80 nmethod 6819 0x0000016c94c9fb10 code [0x0000016c94c9fca0, 0x0000016c94c9fdc8]
Event: 5.781 Thread 0x0000016caf5c5b80 6821       2       org.antlr.v4.runtime.dfa.DFAState::hashCode (26 bytes)
Event: 5.781 Thread 0x0000016caf5c5b80 nmethod 6821 0x0000016c94c9fe90 code [0x0000016c94ca0040, 0x0000016c94ca01a8]
Event: 5.781 Thread 0x0000016caf5c5b80 6822       2       org.antlr.v4.runtime.atn.ATNConfigSet::hashCode (39 bytes)
Event: 5.782 Thread 0x0000016caf5c5b80 nmethod 6822 0x0000016c94ca0290 code [0x0000016c94ca0440, 0x0000016c94ca05f8]

GC Heap History (20 events):
Event: 2.936 GC heap before
{Heap before GC invocations=5 (full 0):
 garbage-first heap   total 61440K, used 36462K [0x0000000702e00000, 0x0000000800000000)
  region size 2048K, 13 young (26624K), 2 survivors (4096K)
 Metaspace       used 29498K, committed 29952K, reserved 1114112K
  class space    used 3869K, committed 4096K, reserved 1048576K
}
Event: 2.939 GC heap after
{Heap after GC invocations=6 (full 0):
 garbage-first heap   total 61440K, used 17976K [0x0000000702e00000, 0x0000000800000000)
  region size 2048K, 2 young (4096K), 2 survivors (4096K)
 Metaspace       used 29498K, committed 29952K, reserved 1114112K
  class space    used 3869K, committed 4096K, reserved 1048576K
}
Event: 3.263 GC heap before
{Heap before GC invocations=6 (full 0):
 garbage-first heap   total 61440K, used 40504K [0x0000000702e00000, 0x0000000800000000)
  region size 2048K, 13 young (26624K), 2 survivors (4096K)
 Metaspace       used 32176K, committed 32640K, reserved 1114112K
  class space    used 4205K, committed 4416K, reserved 1048576K
}
Event: 3.266 GC heap after
{Heap after GC invocations=7 (full 0):
 garbage-first heap   total 61440K, used 19480K [0x0000000702e00000, 0x0000000800000000)
  region size 2048K, 2 young (4096K), 2 survivors (4096K)
 Metaspace       used 32176K, committed 32640K, reserved 1114112K
  class space    used 4205K, committed 4416K, reserved 1048576K
}
Event: 3.490 GC heap before
{Heap before GC invocations=7 (full 0):
 garbage-first heap   total 61440K, used 31768K [0x0000000702e00000, 0x0000000800000000)
  region size 2048K, 9 young (18432K), 2 survivors (4096K)
 Metaspace       used 35663K, committed 36096K, reserved 1114112K
  class space    used 4718K, committed 4928K, reserved 1048576K
}
Event: 3.494 GC heap after
{Heap after GC invocations=8 (full 0):
 garbage-first heap   total 61440K, used 20315K [0x0000000702e00000, 0x0000000800000000)
  region size 2048K, 2 young (4096K), 2 survivors (4096K)
 Metaspace       used 35663K, committed 36096K, reserved 1114112K
  class space    used 4718K, committed 4928K, reserved 1048576K
}
Event: 4.007 GC heap before
{Heap before GC invocations=9 (full 0):
 garbage-first heap   total 61440K, used 42843K [0x0000000702e00000, 0x0000000800000000)
  region size 2048K, 13 young (26624K), 2 survivors (4096K)
 Metaspace       used 44835K, committed 45312K, reserved 1114112K
  class space    used 5934K, committed 6144K, reserved 1048576K
}
Event: 4.010 GC heap after
{Heap after GC invocations=10 (full 0):
 garbage-first heap   total 61440K, used 22656K [0x0000000702e00000, 0x0000000800000000)
  region size 2048K, 2 young (4096K), 2 survivors (4096K)
 Metaspace       used 44835K, committed 45312K, reserved 1114112K
  class space    used 5934K, committed 6144K, reserved 1048576K
}
Event: 4.325 GC heap before
{Heap before GC invocations=10 (full 0):
 garbage-first heap   total 61440K, used 41088K [0x0000000702e00000, 0x0000000800000000)
  region size 2048K, 12 young (24576K), 2 survivors (4096K)
 Metaspace       used 49149K, committed 49600K, reserved 1114112K
  class space    used 6456K, committed 6656K, reserved 1048576K
}
Event: 4.327 GC heap after
{Heap after GC invocations=11 (full 0):
 garbage-first heap   total 61440K, used 24330K [0x0000000702e00000, 0x0000000800000000)
  region size 2048K, 1 young (2048K), 1 survivors (2048K)
 Metaspace       used 49149K, committed 49600K, reserved 1114112K
  class space    used 6456K, committed 6656K, reserved 1048576K
}
Event: 4.635 GC heap before
{Heap before GC invocations=11 (full 0):
 garbage-first heap   total 61440K, used 44810K [0x0000000702e00000, 0x0000000800000000)
  region size 2048K, 11 young (22528K), 1 survivors (2048K)
 Metaspace       used 54545K, committed 55040K, reserved 1114112K
  class space    used 7367K, committed 7616K, reserved 1048576K
}
Event: 4.637 GC heap after
{Heap after GC invocations=12 (full 0):
 garbage-first heap   total 61440K, used 24988K [0x0000000702e00000, 0x0000000800000000)
  region size 2048K, 2 young (4096K), 2 survivors (4096K)
 Metaspace       used 54545K, committed 55040K, reserved 1114112K
  class space    used 7367K, committed 7616K, reserved 1048576K
}
Event: 4.908 GC heap before
{Heap before GC invocations=12 (full 0):
 garbage-first heap   total 61440K, used 45468K [0x0000000702e00000, 0x0000000800000000)
  region size 2048K, 12 young (24576K), 2 survivors (4096K)
 Metaspace       used 57876K, committed 58368K, reserved 1114112K
  class space    used 7850K, committed 8064K, reserved 1048576K
}
Event: 4.910 GC heap after
{Heap after GC invocations=13 (full 0):
 garbage-first heap   total 61440K, used 25743K [0x0000000702e00000, 0x0000000800000000)
  region size 2048K, 1 young (2048K), 1 survivors (2048K)
 Metaspace       used 57876K, committed 58368K, reserved 1114112K
  class space    used 7850K, committed 8064K, reserved 1048576K
}
Event: 5.088 GC heap before
{Heap before GC invocations=13 (full 0):
 garbage-first heap   total 61440K, used 33935K [0x0000000702e00000, 0x0000000800000000)
  region size 2048K, 6 young (12288K), 1 survivors (2048K)
 Metaspace       used 59934K, committed 60416K, reserved 1114112K
  class space    used 8145K, committed 8384K, reserved 1048576K
}
Event: 5.090 GC heap after
{Heap after GC invocations=14 (full 0):
 garbage-first heap   total 61440K, used 26254K [0x0000000702e00000, 0x0000000800000000)
  region size 2048K, 2 young (4096K), 2 survivors (4096K)
 Metaspace       used 59934K, committed 60416K, reserved 1114112K
  class space    used 8145K, committed 8384K, reserved 1048576K
}
Event: 5.325 GC heap before
{Heap before GC invocations=15 (full 0):
 garbage-first heap   total 61440K, used 44686K [0x0000000702e00000, 0x0000000800000000)
  region size 2048K, 11 young (22528K), 2 survivors (4096K)
 Metaspace       used 61944K, committed 62528K, reserved 1114112K
  class space    used 8436K, committed 8704K, reserved 1048576K
}
Event: 5.329 GC heap after
{Heap after GC invocations=16 (full 0):
 garbage-first heap   total 61440K, used 27565K [0x0000000702e00000, 0x0000000800000000)
  region size 2048K, 2 young (4096K), 2 survivors (4096K)
 Metaspace       used 61944K, committed 62528K, reserved 1114112K
  class space    used 8436K, committed 8704K, reserved 1048576K
}
Event: 5.501 GC heap before
{Heap before GC invocations=16 (full 0):
 garbage-first heap   total 61440K, used 45997K [0x0000000702e00000, 0x0000000800000000)
  region size 2048K, 11 young (22528K), 2 survivors (4096K)
 Metaspace       used 63224K, committed 63808K, reserved 1114112K
  class space    used 8626K, committed 8896K, reserved 1048576K
}
Event: 5.504 GC heap after
{Heap after GC invocations=17 (full 0):
 garbage-first heap   total 161792K, used 28416K [0x0000000702e00000, 0x0000000800000000)
  region size 2048K, 2 young (4096K), 2 survivors (4096K)
 Metaspace       used 63224K, committed 63808K, reserved 1114112K
  class space    used 8626K, committed 8896K, reserved 1048576K
}

Deoptimization events (20 events):
Event: 5.524 Thread 0x0000016cf57d5190 DEOPT PACKING pc=0x0000016c9be7bc04 sp=0x000000411b4fbba0
Event: 5.524 Thread 0x0000016cf57d5190 DEOPT UNPACKING pc=0x0000016c9b6f23a3 sp=0x000000411b4fbbe8 mode 2
Event: 5.524 Thread 0x0000016cf57d5190 Uncommon trap: trap_request=0xffffff45 fr.pc=0x0000016c9be7f3c8 relative=0x0000000000003928
Event: 5.524 Thread 0x0000016cf57d5190 Uncommon trap: reason=unstable_if action=reinterpret pc=0x0000016c9be7f3c8 method=org.springframework.core.annotation.AnnotationsScanner.processMethodHierarchy(Ljava/lang/Object;[ILjava/lang/Class;Lorg/springframework/core/annotation/AnnotationsProcessor;
Event: 5.524 Thread 0x0000016cf57d5190 DEOPT PACKING pc=0x0000016c9be7f3c8 sp=0x000000411b4fbce0
Event: 5.524 Thread 0x0000016cf57d5190 DEOPT UNPACKING pc=0x0000016c9b6f23a3 sp=0x000000411b4fbd28 mode 2
Event: 5.525 Thread 0x0000016cf57d5190 Uncommon trap: trap_request=0xffffff45 fr.pc=0x0000016c9bfc4718 relative=0x00000000000050f8
Event: 5.525 Thread 0x0000016cf57d5190 Uncommon trap: reason=unstable_if action=reinterpret pc=0x0000016c9bfc4718 method=org.springframework.core.annotation.TypeMappedAnnotations$MergedAnnotationFinder.process(Ljava/lang/Object;ILjava/lang/Object;Ljava/lang/annotation/Annotation;)Lorg/springfr
Event: 5.525 Thread 0x0000016cf57d5190 DEOPT PACKING pc=0x0000016c9bfc4718 sp=0x000000411b4fbb10
Event: 5.525 Thread 0x0000016cf57d5190 DEOPT UNPACKING pc=0x0000016c9b6f23a3 sp=0x000000411b4fbad8 mode 2
Event: 5.575 Thread 0x0000016cf57d5190 DEOPT PACKING pc=0x0000016c94c1021a sp=0x000000411b4fb460
Event: 5.575 Thread 0x0000016cf57d5190 DEOPT UNPACKING pc=0x0000016c9b6f2b43 sp=0x000000411b4fa978 mode 0
Event: 5.656 Thread 0x0000016cf57d5190 Uncommon trap: trap_request=0xffffff45 fr.pc=0x0000016c9beb48ac relative=0x000000000000026c
Event: 5.656 Thread 0x0000016cf57d5190 Uncommon trap: reason=unstable_if action=reinterpret pc=0x0000016c9beb48ac method=java.util.HashMap.getNode(Ljava/lang/Object;)Ljava/util/HashMap$Node; @ 66 c2
Event: 5.656 Thread 0x0000016cf57d5190 DEOPT PACKING pc=0x0000016c9beb48ac sp=0x000000411b4f69b0
Event: 5.656 Thread 0x0000016cf57d5190 DEOPT UNPACKING pc=0x0000016c9b6f23a3 sp=0x000000411b4f68e0 mode 2
Event: 5.656 Thread 0x0000016cf57d5190 Uncommon trap: trap_request=0xffffff45 fr.pc=0x0000016c9bcf1a40 relative=0x00000000000001a0
Event: 5.656 Thread 0x0000016cf57d5190 Uncommon trap: reason=unstable_if action=reinterpret pc=0x0000016c9bcf1a40 method=java.util.HashMap.getNode(Ljava/lang/Object;)Ljava/util/HashMap$Node; @ 131 c2
Event: 5.656 Thread 0x0000016cf57d5190 DEOPT PACKING pc=0x0000016c9bcf1a40 sp=0x000000411b4f6610
Event: 5.656 Thread 0x0000016cf57d5190 DEOPT UNPACKING pc=0x0000016c9b6f23a3 sp=0x000000411b4f65a0 mode 2

Classes unloaded (0 events):
No events

Classes redefined (0 events):
No events

Internal exceptions (20 events):
Event: 4.900 Thread 0x0000016cf57d5190 Exception <a 'java/lang/NoSuchMethodError'{0x0000000705780358}: 'java.lang.Object java.lang.invoke.DirectMethodHandle$Holder.newInvokeSpecial(java.lang.Object, java.lang.Object, java.lang.Object, java.lang.Object, java.lang.Object, java.lang.Object, java.lang.Object, java.lang.Object, java.lang.Object, java.lang.Object, java.lang.Object)'> (0x0000000705780358) 
thrown [s\open\src\hotspot\share\interpreter\linkResolver.cpp, line 759]
Event: 4.900 Thread 0x0000016cf57d5190 Exception <a 'java/lang/NoSuchMethodError'{0x0000000705785068}: 'java.lang.Object java.lang.invoke.DirectMethodHandle$Holder.invokeSpecial(java.lang.Object, java.lang.Object, java.lang.Object, java.lang.Object, java.lang.Object, java.lang.Object, java.lang.Object, java.lang.Object, java.lang.Object, java.lang.Object, java.lang.Object, java.lang.Object)'> (0x0000000705785068) 
thrown [s\open\src\hotspot\share\interpreter\linkResolver.cpp, line 759]
Event: 4.900 Thread 0x0000016cf57d5190 Exception <a 'java/lang/NoSuchMethodError'{0x0000000705789860}: 'java.lang.Object java.lang.invoke.Invokers$Holder.linkToTargetMethod(java.lang.Object, java.lang.Object, java.lang.Object, java.lang.Object, java.lang.Object, java.lang.Object, java.lang.Object, java.lang.Object, java.lang.Object, java.lang.Object, java.lang.Object)'> (0x0000000705789860) 
thrown [s\open\src\hotspot\share\interpreter\linkResolver.cpp, line 759]
Event: 4.930 Thread 0x0000016cf57d5190 Exception <a 'java/lang/NoSuchMethodError'{0x0000000712b42e80}: 'java.lang.Object java.lang.invoke.DirectMethodHandle$Holder.newInvokeSpecial(java.lang.Object, java.lang.Object, int, java.lang.Object, int, java.lang.Object, java.lang.Object)'> (0x0000000712b42e80) 
thrown [s\open\src\hotspot\share\interpreter\linkResolver.cpp, line 759]
Event: 4.936 Thread 0x0000016cf57d5190 Exception <a 'java/lang/NoSuchMethodError'{0x0000000712bc1030}: 'java.lang.Object java.lang.invoke.DirectMethodHandle$Holder.newInvokeSpecial(java.lang.Object, java.lang.Object, java.lang.Object, java.lang.Object, java.lang.Object, java.lang.Object, java.lang.Object, int)'> (0x0000000712bc1030) 
thrown [s\open\src\hotspot\share\interpreter\linkResolver.cpp, line 759]
Event: 4.936 Thread 0x0000016cf57d5190 Exception <a 'java/lang/NoSuchMethodError'{0x0000000712bc6028}: 'java.lang.Object java.lang.invoke.DirectMethodHandle$Holder.invokeSpecial(java.lang.Object, java.lang.Object, java.lang.Object, java.lang.Object, java.lang.Object, java.lang.Object, java.lang.Object, java.lang.Object, int)'> (0x0000000712bc6028) 
thrown [s\open\src\hotspot\share\interpreter\linkResolver.cpp, line 759]
Event: 4.937 Thread 0x0000016cf57d5190 Exception <a 'java/lang/NoSuchMethodError'{0x0000000712bcaaf0}: 'java.lang.Object java.lang.invoke.Invokers$Holder.linkToTargetMethod(java.lang.Object, java.lang.Object, java.lang.Object, java.lang.Object, java.lang.Object, java.lang.Object, int, java.lang.Object)'> (0x0000000712bcaaf0) 
thrown [s\open\src\hotspot\share\interpreter\linkResolver.cpp, line 759]
Event: 4.951 Thread 0x0000016cf57d5190 Exception <a 'java/lang/NoSuchMethodError'{0x000000070e8a1870}: 'void java.lang.invoke.DirectMethodHandle$Holder.invokeInterface(java.lang.Object, java.lang.Object)'> (0x000000070e8a1870) 
thrown [s\open\src\hotspot\share\interpreter\linkResolver.cpp, line 759]
Event: 5.034 Thread 0x0000016cf57d5190 Exception <a 'java/lang/NoSuchMethodError'{0x000000070e53ba90}: 'java.lang.Object java.lang.invoke.DirectMethodHandle$Holder.invokeSpecial(java.lang.Object, java.lang.Object, int, java.lang.Object, int)'> (0x000000070e53ba90) 
thrown [s\open\src\hotspot\share\interpreter\linkResolver.cpp, line 759]
Event: 5.150 Thread 0x0000016cf57d5190 Exception <a 'java/lang/IncompatibleClassChangeError'{0x000000070e9d1bb0}: Found class java.lang.Object, but interface was expected> (0x000000070e9d1bb0) 
thrown [s\open\src\hotspot\share\interpreter\linkResolver.cpp, line 826]
Event: 5.153 Thread 0x0000016cf57d5190 Implicit null exception at 0x0000016c9bef26af to 0x0000016c9bef6ee8
Event: 5.158 Thread 0x0000016cf57d5190 Exception <a 'java/lang/IncompatibleClassChangeError'{0x000000070e6690c8}: Found class java.lang.Object, but interface was expected> (0x000000070e6690c8) 
thrown [s\open\src\hotspot\share\interpreter\linkResolver.cpp, line 826]
Event: 5.178 Thread 0x0000016cf57d5190 Exception <a 'java/lang/IncompatibleClassChangeError'{0x000000070e40bf58}: Found class java.lang.Object, but interface was expected> (0x000000070e40bf58) 
thrown [s\open\src\hotspot\share\interpreter\linkResolver.cpp, line 826]
Event: 5.293 Thread 0x0000016cf57d5190 Exception <a 'java/lang/IncompatibleClassChangeError'{0x00000007059a6030}: Found class java.lang.Object, but interface was expected> (0x00000007059a6030) 
thrown [s\open\src\hotspot\share\interpreter\linkResolver.cpp, line 826]
Event: 5.365 Thread 0x0000016cf57d5190 Exception <a 'java/lang/reflect/InvocationTargetException'{0x000000070e8b2228}> (0x000000070e8b2228) 
thrown [s\open\src\hotspot\share\runtime\reflection.cpp, line 1121]
Event: 5.373 Thread 0x0000016cf57d5190 Exception <a 'java/lang/NoSuchMethodError'{0x000000070e9176d8}: 'int java.lang.invoke.DirectMethodHandle$Holder.invokeStatic(java.lang.Object, java.lang.Object, int)'> (0x000000070e9176d8) 
thrown [s\open\src\hotspot\share\interpreter\linkResolver.cpp, line 759]
Event: 5.375 Thread 0x0000016cf57d5190 Exception <a 'java/lang/NoSuchMethodError'{0x000000070e934ea0}: 'java.lang.Object java.lang.invoke.DirectMethodHandle$Holder.newInvokeSpecial(java.lang.Object, java.lang.Object, int)'> (0x000000070e934ea0) 
thrown [s\open\src\hotspot\share\interpreter\linkResolver.cpp, line 759]
Event: 5.379 Thread 0x0000016cf57d5190 Exception <a 'java/lang/NoSuchMethodError'{0x000000070e956c50}: 'java.lang.Object java.lang.invoke.Invokers$Holder.invoke_MT(java.lang.Object, java.lang.Object, java.lang.Object, java.lang.Object, java.lang.Object, java.lang.Object, java.lang.Object, java.lang.Object, java.lang.Object)'> (0x000000070e956c50) 
thrown [s\open\src\hotspot\share\interpreter\linkResolver.cpp, line 759]
Event: 5.382 Thread 0x0000016cf57d5190 Exception <a 'java/lang/IncompatibleClassChangeError'{0x000000070e97fcc0}: Found class java.lang.Object, but interface was expected> (0x000000070e97fcc0) 
thrown [s\open\src\hotspot\share\interpreter\linkResolver.cpp, line 826]
Event: 5.681 Thread 0x0000016cf57d5190 Exception <a 'java/lang/reflect/InvocationTargetException'{0x000000070b9f4b68}> (0x000000070b9f4b68) 
thrown [s\open\src\hotspot\share\runtime\reflection.cpp, line 1121]

VM Operations (20 events):
Event: 5.133 Executing VM operation: G1Concurrent
Event: 5.136 Executing VM operation: G1Concurrent done
Event: 5.238 Executing VM operation: HandshakeAllThreads
Event: 5.238 Executing VM operation: HandshakeAllThreads done
Event: 5.325 Executing VM operation: G1CollectForAllocation
Event: 5.329 Executing VM operation: G1CollectForAllocation done
Event: 5.334 Executing VM operation: HandshakeAllThreads
Event: 5.334 Executing VM operation: HandshakeAllThreads done
Event: 5.334 Executing VM operation: HandshakeAllThreads
Event: 5.334 Executing VM operation: HandshakeAllThreads done
Event: 5.501 Executing VM operation: G1CollectForAllocation
Event: 5.504 Executing VM operation: G1CollectForAllocation done
Event: 5.569 Executing VM operation: HandshakeAllThreads
Event: 5.569 Executing VM operation: HandshakeAllThreads done
Event: 5.572 Executing VM operation: HandshakeAllThreads
Event: 5.572 Executing VM operation: HandshakeAllThreads done
Event: 5.659 Executing VM operation: HandshakeAllThreads
Event: 5.659 Executing VM operation: HandshakeAllThreads done
Event: 5.666 Executing VM operation: ICBufferFull
Event: 5.666 Executing VM operation: ICBufferFull done

Events (20 events):
Event: 5.296 loading class java/lang/Package$1PackageInfoProxy
Event: 5.296 loading class java/lang/Package$1PackageInfoProxy done
Event: 5.347 loading class java/util/stream/ReduceOps$5
Event: 5.347 loading class java/util/stream/ReduceOps$5 done
Event: 5.347 loading class java/util/stream/ReduceOps$CountingSink$OfRef
Event: 5.347 loading class java/util/stream/ReduceOps$CountingSink
Event: 5.347 loading class java/util/stream/ReduceOps$CountingSink done
Event: 5.347 loading class java/util/stream/ReduceOps$CountingSink$OfRef done
Event: 5.381 loading class java/util/regex/Pattern$1
Event: 5.381 loading class java/util/regex/Pattern$1 done
Event: 5.403 loading class java/util/regex/Pattern$Bound
Event: 5.403 loading class java/util/regex/Pattern$Bound done
Event: 5.404 loading class java/util/regex/Pattern$Behind
Event: 5.404 loading class java/util/regex/Pattern$Behind done
Event: 5.554 loading class java/util/EmptyStackException
Event: 5.554 loading class java/util/EmptyStackException done
Event: 5.563 loading class java/io/InvalidClassException
Event: 5.563 loading class java/io/InvalidClassException done
Event: 5.568 loading class java/util/ArrayList$ListItr
Event: 5.568 loading class java/util/ArrayList$ListItr done


Dynamic libraries:
0x00007ff66ecd0000 - 0x00007ff66ece0000 	C:\Program Files\Java\jdk-17\bin\java.exe
0x00007ffcb72b0000 - 0x00007ffcb74c7000 	C:\WINDOWS\SYSTEM32\ntdll.dll
0x00007ffcb5b50000 - 0x00007ffcb5c14000 	C:\WINDOWS\System32\KERNEL32.DLL
0x00007ffcb4720000 - 0x00007ffcb4acc000 	C:\WINDOWS\System32\KERNELBASE.dll
0x00007ffcb4bc0000 - 0x00007ffcb4cd1000 	C:\WINDOWS\System32\ucrtbase.dll
0x00007ffcac440000 - 0x00007ffcac459000 	C:\Program Files\Java\jdk-17\bin\jli.dll
0x00007ffca88a0000 - 0x00007ffca88bb000 	C:\Program Files\Java\jdk-17\bin\VCRUNTIME140.dll
0x00007ffcb6da0000 - 0x00007ffcb6e52000 	C:\WINDOWS\System32\ADVAPI32.dll
0x00007ffcb6e60000 - 0x00007ffcb6f07000 	C:\WINDOWS\System32\msvcrt.dll
0x00007ffcb61b0000 - 0x00007ffcb625a000 	C:\WINDOWS\System32\sechost.dll
0x00007ffcb45e0000 - 0x00007ffcb4608000 	C:\WINDOWS\System32\bcrypt.dll
0x00007ffcb7140000 - 0x00007ffcb7255000 	C:\WINDOWS\System32\RPCRT4.dll
0x00007ffcb5710000 - 0x00007ffcb58be000 	C:\WINDOWS\System32\USER32.dll
0x00007ffcb4ad0000 - 0x00007ffcb4af6000 	C:\WINDOWS\System32\win32u.dll
0x00007ffc9e230000 - 0x00007ffc9e4c3000 	C:\WINDOWS\WinSxS\amd64_microsoft.windows.common-controls_6595b64144ccf1df_6.0.22621.3672_none_2713b9d173822955\COMCTL32.dll
0x00007ffcb5030000 - 0x00007ffcb5059000 	C:\WINDOWS\System32\GDI32.dll
0x00007ffcb4ce0000 - 0x00007ffcb4df9000 	C:\WINDOWS\System32\gdi32full.dll
0x00007ffcb4680000 - 0x00007ffcb471a000 	C:\WINDOWS\System32\msvcp_win.dll
0x00007ffca9900000 - 0x00007ffca990a000 	C:\WINDOWS\SYSTEM32\VERSION.dll
0x00007ffcb4ff0000 - 0x00007ffcb5021000 	C:\WINDOWS\System32\IMM32.DLL
0x00007ffcae310000 - 0x00007ffcae31c000 	C:\Program Files\Java\jdk-17\bin\vcruntime140_1.dll
0x00007ffc96360000 - 0x00007ffc963ee000 	C:\Program Files\Java\jdk-17\bin\msvcp140.dll
0x00007ffbf6080000 - 0x00007ffbf6c61000 	C:\Program Files\Java\jdk-17\bin\server\jvm.dll
0x00007ffcb7260000 - 0x00007ffcb7268000 	C:\WINDOWS\System32\PSAPI.DLL
0x00007ffcabf90000 - 0x00007ffcabfc4000 	C:\WINDOWS\SYSTEM32\WINMM.dll
0x00007ffcacc80000 - 0x00007ffcacc89000 	C:\WINDOWS\SYSTEM32\WSOCK32.dll
0x00007ffcb5300000 - 0x00007ffcb5371000 	C:\WINDOWS\System32\WS2_32.dll
0x00007ffcb3700000 - 0x00007ffcb3718000 	C:\WINDOWS\SYSTEM32\kernel.appcore.dll
0x00007ffcaa170000 - 0x00007ffcaa17a000 	C:\Program Files\Java\jdk-17\bin\jimage.dll
0x00007ffcb1f50000 - 0x00007ffcb2182000 	C:\WINDOWS\SYSTEM32\DBGHELP.DLL
0x00007ffcb5380000 - 0x00007ffcb5708000 	C:\WINDOWS\System32\combase.dll
0x00007ffcb5220000 - 0x00007ffcb52f7000 	C:\WINDOWS\System32\OLEAUT32.dll
0x00007ffca9af0000 - 0x00007ffca9b22000 	C:\WINDOWS\SYSTEM32\dbgcore.DLL
0x00007ffcb4e00000 - 0x00007ffcb4e7b000 	C:\WINDOWS\System32\bcryptPrimitives.dll
0x00007ffc96a00000 - 0x00007ffc96a25000 	C:\Program Files\Java\jdk-17\bin\java.dll
0x00007ffc84b70000 - 0x00007ffc84c47000 	C:\Program Files\Java\jdk-17\bin\jsvml.dll
0x00007ffcb6380000 - 0x00007ffcb6bdc000 	C:\WINDOWS\System32\SHELL32.dll
0x00007ffcb2540000 - 0x00007ffcb2e37000 	C:\WINDOWS\SYSTEM32\windows.storage.dll
0x00007ffcb2400000 - 0x00007ffcb253f000 	C:\WINDOWS\SYSTEM32\wintypes.dll
0x00007ffcb6280000 - 0x00007ffcb6374000 	C:\WINDOWS\System32\SHCORE.dll
0x00007ffcb6150000 - 0x00007ffcb61ae000 	C:\WINDOWS\System32\shlwapi.dll
0x00007ffcb4510000 - 0x00007ffcb4531000 	C:\WINDOWS\SYSTEM32\profapi.dll
0x00007ffc99530000 - 0x00007ffc99549000 	C:\Program Files\Java\jdk-17\bin\net.dll
0x00007ffcad380000 - 0x00007ffcad4b6000 	C:\WINDOWS\SYSTEM32\WINHTTP.dll
0x00007ffcb3b70000 - 0x00007ffcb3bd9000 	C:\WINDOWS\system32\mswsock.dll
0x00007ffc969e0000 - 0x00007ffc969f6000 	C:\Program Files\Java\jdk-17\bin\nio.dll
0x00007ffc96340000 - 0x00007ffc96358000 	C:\Program Files\Java\jdk-17\bin\zip.dll
0x00007ffca92f0000 - 0x00007ffca92fa000 	C:\Program Files\Java\jdk-17\bin\management.dll
0x00007ffca8e80000 - 0x00007ffca8e8b000 	C:\Program Files\Java\jdk-17\bin\management_ext.dll
0x00007ffcb3de0000 - 0x00007ffcb3dfb000 	C:\WINDOWS\SYSTEM32\CRYPTSP.dll
0x00007ffcb3660000 - 0x00007ffcb3695000 	C:\WINDOWS\system32\rsaenh.dll
0x00007ffcb3c70000 - 0x00007ffcb3c98000 	C:\WINDOWS\SYSTEM32\USERENV.dll
0x00007ffcb3dd0000 - 0x00007ffcb3ddc000 	C:\WINDOWS\SYSTEM32\CRYPTBASE.dll
0x00007ffcb3110000 - 0x00007ffcb313d000 	C:\WINDOWS\SYSTEM32\IPHLPAPI.DLL
0x00007ffcb5ae0000 - 0x00007ffcb5ae9000 	C:\WINDOWS\System32\NSI.dll
0x00007ffcad0d0000 - 0x00007ffcad0e9000 	C:\WINDOWS\SYSTEM32\dhcpcsvc6.DLL
0x00007ffcad0b0000 - 0x00007ffcad0cf000 	C:\WINDOWS\SYSTEM32\dhcpcsvc.DLL
0x00007ffcb3140000 - 0x00007ffcb3238000 	C:\WINDOWS\SYSTEM32\DNSAPI.dll
0x00007ffca8e20000 - 0x00007ffca8e2e000 	C:\Program Files\Java\jdk-17\bin\sunmscapi.dll
0x00007ffcb4e80000 - 0x00007ffcb4fe7000 	C:\WINDOWS\System32\CRYPT32.dll
0x00007ffcb3f90000 - 0x00007ffcb3fbe000 	C:\WINDOWS\SYSTEM32\ncrypt.dll
0x00007ffcb3f50000 - 0x00007ffcb3f87000 	C:\WINDOWS\SYSTEM32\NTASN1.dll
0x00007ffc96330000 - 0x00007ffc96340000 	C:\Program Files\Java\jdk-17\bin\verify.dll
0x00007ffcac520000 - 0x00007ffcac52a000 	C:\Windows\System32\rasadhlp.dll
0x00007ffcac310000 - 0x00007ffcac393000 	C:\WINDOWS\System32\fwpuclnt.dll

dbghelp: loaded successfully - version: 4.0.5 - missing functions: none
symbol engine: initialized successfully - sym options: 0x614 - pdb path: .;C:\Program Files\Java\jdk-17\bin;C:\WINDOWS\SYSTEM32;C:\WINDOWS\WinSxS\amd64_microsoft.windows.common-controls_6595b64144ccf1df_6.0.22621.3672_none_2713b9d173822955;C:\Program Files\Java\jdk-17\bin\server

VM Arguments:
jvm_args: -XX:+ShowCodeDetailsInExceptionMessages 
java_command: com.example.activate.ActivateApplication
java_class_path (initial): D:\DAW2\activate - GIT\target\classes;C:\Users\Sergio\.m2\repository\org\springframework\boot\spring-boot-starter-thymeleaf\3.1.5\spring-boot-starter-thymeleaf-3.1.5.jar;C:\Users\Sergio\.m2\repository\org\springframework\boot\spring-boot-starter\3.1.5\spring-boot-starter-3.1.5.jar;C:\Users\Sergio\.m2\repository\org\springframework\boot\spring-boot-starter-logging\3.1.5\spring-boot-starter-logging-3.1.5.jar;C:\Users\Sergio\.m2\repository\ch\qos\logback\logback-classic\1.4.11\logback-classic-1.4.11.jar;C:\Users\Sergio\.m2\repository\ch\qos\logback\logback-core\1.4.11\logback-core-1.4.11.jar;C:\Users\Sergio\.m2\repository\org\apache\logging\log4j\log4j-to-slf4j\2.20.0\log4j-to-slf4j-2.20.0.jar;C:\Users\Sergio\.m2\repository\org\apache\logging\log4j\log4j-api\2.20.0\log4j-api-2.20.0.jar;C:\Users\Sergio\.m2\repository\org\slf4j\jul-to-slf4j\2.0.9\jul-to-slf4j-2.0.9.jar;C:\Users\Sergio\.m2\repository\jakarta\annotation\jakarta.annotation-api\2.1.1\jakarta.annotation-api-2.1.1.jar;C:\Users\Sergio\.m2\repository\org\yaml\snakeyaml\1.33\snakeyaml-1.33.jar;C:\Users\Sergio\.m2\repository\org\thymeleaf\thymeleaf-spring6\3.1.2.RELEASE\thymeleaf-spring6-3.1.2.RELEASE.jar;C:\Users\Sergio\.m2\repository\org\thymeleaf\thymeleaf\3.1.2.RELEASE\thymeleaf-3.1.2.RELEASE.jar;C:\Users\Sergio\.m2\repository\org\attoparser\attoparser\2.0.7.RELEASE\attoparser-2.0.7.RELEASE.jar;C:\Users\Sergio\.m2\repository\org\unbescape\unbescape\1.1.6.RELEASE\unbescape-1.1.6.RELEASE.jar;C:\Users\Sergio\.m2\repository\org\slf4j\slf4j-api\2.0.9\slf4j-api-2.0.9.jar;C:\Users\Sergio\.m2\repository\org\springframework\boot\spring-boot-starter-web\3.1.5\spring-boot-starter-web-3.1.5.jar;C:\Users\Sergio\.m2\repository\org\springframework\boot\spring-boot-starter-json\3.1.5\spring-boot-starter-json-3.1.5.jar;C:\Users\Sergio\.m2\repository\com\fasterxml\jackson\core\jackson-databind\2.15.3\jackson-databind-2.15.3.jar;C:\Users\Sergio\.m2\repository\com\fasterxml\jackson\core\jackson-annota
Launcher Type: SUN_STANDARD

[Global flags]
     intx CICompilerCount                          = 4                                         {product} {ergonomic}
     uint ConcGCThreads                            = 2                                         {product} {ergonomic}
     uint G1ConcRefinementThreads                  = 8                                         {product} {ergonomic}
   size_t G1HeapRegionSize                         = 2097152                                   {product} {ergonomic}
    uintx GCDrainStackTargetSize                   = 64                                        {product} {ergonomic}
   size_t InitialHeapSize                          = 266338304                                 {product} {ergonomic}
   size_t MarkStackSize                            = 4194304                                   {product} {ergonomic}
   size_t MaxHeapSize                              = 4246732800                                {product} {ergonomic}
   size_t MaxNewSize                               = 2548039680                                {product} {ergonomic}
   size_t MinHeapDeltaBytes                        = 2097152                                   {product} {ergonomic}
   size_t MinHeapSize                              = 8388608                                   {product} {ergonomic}
    uintx NonNMethodCodeHeapSize                   = 5839372                                {pd product} {ergonomic}
    uintx NonProfiledCodeHeapSize                  = 122909434                              {pd product} {ergonomic}
    uintx ProfiledCodeHeapSize                     = 122909434                              {pd product} {ergonomic}
    uintx ReservedCodeCacheSize                    = 251658240                              {pd product} {ergonomic}
     bool SegmentedCodeCache                       = true                                      {product} {ergonomic}
     bool ShowCodeDetailsInExceptionMessages       = true                                   {manageable} {command line}
   size_t SoftMaxHeapSize                          = 4246732800                             {manageable} {ergonomic}
     bool UseCompressedClassPointers               = true                           {product lp64_product} {ergonomic}
     bool UseCompressedOops                        = true                           {product lp64_product} {ergonomic}
     bool UseG1GC                                  = true                                      {product} {ergonomic}
     bool UseLargePagesIndividualAllocation        = false                                  {pd product} {ergonomic}

Logging:
Log output configuration:
 #0: stdout all=warning uptime,level,tags
 #1: stderr all=off uptime,level,tags

Environment Variables:
JAVA_HOME=C:\Program Files\Java\jdk-15
PATH=C:\Program Files\Java\jdk-15\bin;C:\Program Files\Maven\apache-maven-3.9.4-bin\apache-maven-3.9.4\bin;C:\Phyton38\Scripts\;C:\Phyton38\;C:\Program Files\Common Files\Oracle\Java\javapath;C:\Program Files (x86)\Common Files\Oracle\Java\java8path;C:\Program Files (x86)\Common Files\Oracle\Java\javapath;C:\WINDOWS\system32;C:\WINDOWS;C:\WINDOWS\System32\Wbem;C:\WINDOWS\System32\WindowsPowerShell\v1.0\;C:\WINDOWS\System32\OpenSSH\;C:\Program Files\Git\cmd;C:\Program Files (x86)\Scm Group\Xilog Plus\BIN;C:\Program Files\Microsoft SQL Server\Client SDK\ODBC\170\Tools\Binn\;C:\Program Files (x86)\Microsoft SQL Server\150\Tools\Binn\;C:\Program Files\Microsoft SQL Server\150\Tools\Binn\;C:\Program Files\Microsoft SQL Server\150\DTS\Binn\;C:\Program Files\AutoFirmaJA\AutoFirmaJA;C:\xampp\php;C:\Program Files (x86)\Bitvise SSH Client;C:\Program Files\PuTTY\;C:\ProgramData\ComposerSetup\bin;C:\xampp\mysql\bin;C:\Program Files\Maven\apache-maven-3.9.4-bin\apache-maven-3.9.4\bin;C:\Users\Sergio\AppData\Roaming\nvm;C:\Program Files\nodejs;C:\Program Files\MySQL\MySQL Shell 8.0\bin\;C:\Users\Sergio\AppData\Local\Microsoft\WindowsApps;C:\Users\Sergio\AppData\Local\Programs\Microsoft VS Code\bin;C:\Users\Sergio\AppData\Roaming\npm;C:\Users\Sergio\AppData\Roaming\Composer\vendor\bin;C:\Users\Sergio\AppData\Local\Microsoft\WindowsApps;C:\Users\Sergio\AppData\Roaming\nvm;C:\Program Files\nodejs
USERNAME=Sergio
LANG=en_US.UTF-8
OS=Windows_NT
PROCESSOR_IDENTIFIER=Intel64 Family 6 Model 142 Stepping 12, GenuineIntel



---------------  S Y S T E M  ---------------

OS:
 Windows 11 , 64 bit Build 22621 (10.0.22621.3672)
OS uptime: 0 days 12:40 hours

CPU: total 8 (initial active 8) (4 cores per cpu, 2 threads per core) family 6 model 142 stepping 12 microcode 0xde, cx8, cmov, fxsr, ht, mmx, 3dnowpref, sse, sse2, sse3, ssse3, sse4.1, sse4.2, popcnt, lzcnt, tsc, tscinvbit, avx, avx2, aes, erms, clmul, bmi1, bmi2, adx, fma, vzeroupper, clflush, clflushopt

Memory: 4k page, system-wide physical 16193M (7400M free)
TotalPageFile size 17217M (AvailPageFile size 4420M)
current process WorkingSet (physical memory assigned to process): 295M, peak: 298M
current process commit charge ("private bytes"): 414M, peak: 416M

vm_info: Java HotSpot(TM) 64-Bit Server VM (17.0.9+11-LTS-201) for windows-amd64 JRE (17.0.9+11-LTS-201), built on Oct 10 2023 23:16:06 by "mach5one" with MS VC++ 17.1 (VS2022)

END.
